2025-05-30 19:05:37.618 INFO  [http-nio-8080-exec-3][BundleSiteInitializer:520] Initializing com.liferay.site.initializer.welcome for group 20117
2025-05-30 19:05:37.625 INFO  [http-nio-8080-exec-3][BundleSiteInitializer:5576] Invoking addOrUpdateListTypeDefinitions took 0 ms
2025-05-30 19:05:37.627 INFO  [http-nio-8080-exec-3][BundleSiteInitializer:5576] Invoking addOrUpdateExpandoColumns took 1 ms
2025-05-30 19:05:37.668 INFO  [http-nio-8080-exec-3][BundleSiteInitializer:5576] Invoking addAccountGroups took 41 ms
2025-05-30 19:05:37.668 INFO  [http-nio-8080-exec-3][BundleSiteInitializer:5576] Invoking addOrUpdateKnowledgeBaseArticles took 0 ms
2025-05-30 19:05:37.669 INFO  [http-nio-8080-exec-3][BundleSiteInitializer:5576] Invoking addOrUpdateDDMStructures took 0 ms
2025-05-30 19:05:37.669 INFO  [http-nio-8080-exec-3][BundleSiteInitializer:5576] Invoking addOrUpdateDepotEntries took 0 ms
2025-05-30 19:05:37.669 INFO  [http-nio-8080-exec-3][BundleSiteInitializer:5576] Invoking addStyleBookEntries took 0 ms
2025-05-30 19:05:37.669 INFO  [http-nio-8080-exec-3][BundleSiteInitializer:5576] Invoking addOrUpdateObjectFolders took 0 ms
2025-05-30 19:05:37.669 INFO  [http-nio-8080-exec-3][BundleSiteInitializer:5576] Invoking addKeywords took 0 ms
2025-05-30 19:05:37.669 INFO  [http-nio-8080-exec-3][BundleSiteInitializer:5576] Invoking setPLOEntries took 0 ms
2025-05-30 19:05:37.669 INFO  [http-nio-8080-exec-3][BundleSiteInitializer:5576] Invoking addAccounts took 0 ms
2025-05-30 19:05:37.670 INFO  [http-nio-8080-exec-3][BundleSiteInitializer:5576] Invoking addOrUpdateTaxonomyVocabularies took 0 ms
2025-05-30 19:05:37.672 INFO  [http-nio-8080-exec-3][BundleSiteInitializer:5576] Invoking addOrUpdateDataDefinitions took 2 ms
2025-05-30 19:05:37.676 INFO  [http-nio-8080-exec-3][BundleSiteInitializer:5576] Invoking addOrUpdateRoles took 4 ms
2025-05-30 19:05:37.676 INFO  [http-nio-8080-exec-3][BundleSiteInitializer:5576] Invoking addPortletSettings took 0 ms
2025-05-30 19:05:37.676 INFO  [http-nio-8080-exec-3][BundleSiteInitializer:5576] Invoking addSiteConfiguration took 0 ms
2025-05-30 19:05:37.677 INFO  [http-nio-8080-exec-3][BundleSiteInitializer:5576] Invoking addOrUpdateUserGroups took 0 ms
2025-05-30 19:05:37.677 INFO  [http-nio-8080-exec-3][BundleSiteInitializer:5576] Invoking addOrUpdateOrganizations took 0 ms
2025-05-30 19:05:37.677 INFO  [http-nio-8080-exec-3][BundleSiteInitializer:5576] Invoking addSiteSettings took 0 ms
2025-05-30 19:05:37.678 INFO  [http-nio-8080-exec-3][BundleSiteInitializer:5576] Invoking addOrUpdateSAPEntries took 0 ms
2025-05-30 19:05:38.055 INFO  [http-nio-8080-exec-3][BundleSiteInitializer:5576] Invoking addOrUpdateLayouts took 376 ms
2025-05-30 19:05:39.478 INFO  [http-nio-8080-exec-3][BundleSiteInitializer:5576] Invoking addOrUpdateDocuments took 1422 ms
2025-05-30 19:05:39.478 INFO  [http-nio-8080-exec-3][BundleSiteInitializer:5576] Invoking addAccountGroupAssignments took 0 ms
2025-05-30 19:05:39.481 INFO  [http-nio-8080-exec-3][BundleSiteInitializer:5576] Invoking addOrUpdateClientExtensionEntries took 3 ms
2025-05-30 19:05:39.481 INFO  [http-nio-8080-exec-3][BundleSiteInitializer:5576] Invoking addOrUpdateSXPBlueprint took 0 ms
2025-05-30 19:05:39.481 INFO  [http-nio-8080-exec-3][BundleSiteInitializer:5576] Invoking addAccountsOrganizations took 0 ms
2025-05-30 19:05:39.506 INFO  [http-nio-8080-exec-3][BundleSiteInitializer:5576] Invoking updateLayoutSets took 25 ms
2025-05-30 19:05:39.507 INFO  [http-nio-8080-exec-3][BundleSiteInitializer:5576] Invoking addWorkflowDefinitions took 0 ms
2025-05-30 19:05:39.507 INFO  [http-nio-8080-exec-3][BundleSiteInitializer:5576] Invoking addOrUpdateBlogPostings took 0 ms
2025-05-30 19:05:39.507 INFO  [http-nio-8080-exec-3][BundleSiteInitializer:5576] Invoking addUserAccounts took 0 ms
2025-05-30 19:05:39.508 INFO  [http-nio-8080-exec-3][BundleSiteInitializer:5576] Invoking addOrUpdateSegmentsEntries took 0 ms
2025-05-30 19:05:39.508 INFO  [http-nio-8080-exec-3][BundleSiteInitializer:5576] Invoking addRolesAssignments took 0 ms
2025-05-30 19:05:39.508 INFO  [http-nio-8080-exec-3][BundleSiteInitializer:5576] Invoking addFragmentEntries took 0 ms
2025-05-30 19:05:39.513 INFO  [http-nio-8080-exec-3][BundleSiteInitializer:5576] Invoking addObjectDefinitions took 5 ms
2025-05-30 19:05:39.513 INFO  [http-nio-8080-exec-3][BundleSiteInitializer:5576] Invoking addOrUpdateAssetLinkEntries took 0 ms
2025-05-30 19:05:39.514 INFO  [http-nio-8080-exec-3][BundleSiteInitializer:5576] Invoking addUserRoles took 0 ms
2025-05-30 19:05:39.514 INFO  [http-nio-8080-exec-3][BundleSiteInitializer:5576] Invoking addOrUpdateObjectRelationships took 0 ms
2025-05-30 19:05:39.515 INFO  [http-nio-8080-exec-3][BundleSiteInitializer:5576] Invoking addOrUpdateObjectFields took 1 ms
2025-05-30 19:05:39.515 INFO  [http-nio-8080-exec-3][BundleSiteInitializer:5576] Invoking publishObjectDefinitions took 0 ms
2025-05-30 19:05:39.516 INFO  [http-nio-8080-exec-3][BundleSiteInitializer:5576] Invoking addAssetListEntries took 1 ms
2025-05-30 19:05:39.516 INFO  [http-nio-8080-exec-3][BundleSiteInitializer:5576] Invoking addOrUpdateNotificationTemplates took 0 ms
2025-05-30 19:05:39.641 INFO  [http-nio-8080-exec-3][BundleSiteInitializer:5576] Invoking addOrUpdateDDMTemplates took 125 ms
2025-05-30 19:05:39.641 INFO  [http-nio-8080-exec-3][BundleSiteInitializer:5576] Invoking addOrUpdateAccountEntryRestrictions took 0 ms
2025-05-30 19:05:39.642 INFO  [http-nio-8080-exec-3][BundleSiteInitializer:5576] Invoking addOrUpdateObjectActions took 0 ms
2025-05-30 19:05:39.642 INFO  [http-nio-8080-exec-3][BundleSiteInitializer:5576] Invoking addOrUpdateJournalArticles took 0 ms
2025-05-30 19:05:39.643 INFO  [http-nio-8080-exec-3][BundleSiteInitializer:5576] Invoking addOrUpdateObjectEntries took 0 ms
2025-05-30 19:05:39.643 INFO  [http-nio-8080-exec-3][BundleSiteInitializer:5576] Invoking addCPDefinitions took 0 ms
2025-05-30 19:05:41.671 INFO  [http-nio-8080-exec-3][BundleSiteInitializer:5576] Invoking addLayoutUtilityPageEntries took 2028 ms
2025-05-30 19:05:41.672 INFO  [http-nio-8080-exec-3][BundleSiteInitializer:5576] Invoking addLayoutPageTemplates took 0 ms
2025-05-30 19:05:42.748 INFO  [http-nio-8080-exec-3][BundleSiteInitializer:5576] Invoking addOrUpdateLayoutsContent took 1076 ms
2025-05-30 19:05:42.748 INFO  [http-nio-8080-exec-3][BundleSiteInitializer:5576] Invoking addSegmentsExperiences took 0 ms
2025-05-30 19:05:42.749 INFO  [http-nio-8080-exec-3][BundleSiteInitializer:5576] Invoking addOrUpdateResourcePermissions took 0 ms
2025-05-30 19:05:42.749 INFO  [http-nio-8080-exec-3][BundleSiteInitializer:5576] Invoking addExpandoValues took 0 ms
2025-05-30 19:05:42.750 INFO  [http-nio-8080-exec-3][BundleSiteInitializer:538] Initialized com.liferay.site.initializer.welcome for group 20117 in 5131 ms
2025-05-30 19:05:43.008 INFO  [http-nio-8080-exec-4][IPGeocoderImpl:137] Use temp file /opt/liferay/tomcat/temp/20250530190542971KAIETKDQ
2025-05-30 19:08:30.684 INFO  [http-nio-8080-exec-8][IPGeocoderImpl:137] Use temp file /opt/liferay/tomcat/temp/20250530190830653MHIUPCUH
