2025-06-04 18:07:29.460 INFO  [main][BatchEngineImportTaskExecutorImpl:96] Started batch engine import task 1
2025-06-04 18:07:32.387 INFO  [main][BatchEngineImportTaskExecutorImpl:177] Finished batch engine import task 1 in 2924ms
2025-06-04 18:07:32.467 INFO  [main][BatchEngineImportTaskExecutorImpl:96] Started batch engine import task 2
2025-06-04 18:07:32.596 INFO  [main][BatchEngineImportTaskExecutorImpl:177] Finished batch engine import task 2 in 129ms
2025-06-04 18:07:32.630 INFO  [main][BatchEngineImportTaskExecutorImpl:96] Started batch engine import task 3
2025-06-04 18:07:34.274 INFO  [main][BatchEngineImportTaskExecutorImpl:177] Finished batch engine import task 3 in 1643ms
2025-06-04 18:08:00.390 INFO  [http-nio-8080-exec-2][BundleSiteInitializer:532] Initializing com.liferay.site.initializer.welcome for group 20121
2025-06-04 18:08:00.407 INFO  [http-nio-8080-exec-2][BundleSiteInitializer:5661] Invoking addStyleBookEntries took 1 ms
2025-06-04 18:08:00.410 INFO  [http-nio-8080-exec-2][BundleSiteInitializer:5661] Invoking addOrUpdateDepotEntries took 2 ms
2025-06-04 18:08:00.412 INFO  [http-nio-8080-exec-2][BundleSiteInitializer:5661] Invoking addOrUpdateDDMStructures took 1 ms
2025-06-04 18:08:00.412 INFO  [http-nio-8080-exec-2][BundleSiteInitializer:5661] Invoking addOrUpdateObjectFolders took 0 ms
2025-06-04 18:08:00.420 INFO  [http-nio-8080-exec-2][BundleSiteInitializer:5661] Invoking addOrUpdateDataDefinitions took 7 ms
2025-06-04 18:08:00.421 INFO  [http-nio-8080-exec-2][BundleSiteInitializer:5661] Invoking addOrUpdateListTypeDefinitions took 1 ms
2025-06-04 18:08:00.422 INFO  [http-nio-8080-exec-2][BundleSiteInitializer:5661] Invoking addOrUpdateSAPEntries took 0 ms
2025-06-04 18:08:00.422 INFO  [http-nio-8080-exec-2][BundleSiteInitializer:5661] Invoking addSiteSettings took 0 ms
2025-06-04 18:08:00.423 INFO  [http-nio-8080-exec-2][BundleSiteInitializer:5661] Invoking addOrUpdateUserGroups took 0 ms
2025-06-04 18:08:00.423 INFO  [http-nio-8080-exec-2][BundleSiteInitializer:5661] Invoking addKeywords took 0 ms
2025-06-04 18:08:00.456 INFO  [http-nio-8080-exec-2][BundleSiteInitializer:5661] Invoking addAccountGroups took 32 ms
2025-06-04 18:08:00.461 INFO  [http-nio-8080-exec-2][BundleSiteInitializer:5661] Invoking addOrUpdateRoles took 4 ms
2025-06-04 18:08:00.462 INFO  [http-nio-8080-exec-2][BundleSiteInitializer:5661] Invoking addOrUpdateTaxonomyVocabularies took 1 ms
2025-06-04 18:08:00.462 INFO  [http-nio-8080-exec-2][BundleSiteInitializer:5661] Invoking addOrUpdateExpandoColumns took 0 ms
2025-06-04 18:08:00.463 INFO  [http-nio-8080-exec-2][BundleSiteInitializer:5661] Invoking addAccounts took 0 ms
2025-06-04 18:08:00.463 INFO  [http-nio-8080-exec-2][BundleSiteInitializer:5661] Invoking setPLOEntries took 0 ms
2025-06-04 18:08:00.463 INFO  [http-nio-8080-exec-2][BundleSiteInitializer:5661] Invoking addWorkflowDefinitions took 0 ms
2025-06-04 18:08:03.610 INFO  [http-nio-8080-exec-2][BundleSiteInitializer:5661] Invoking addOrUpdateDocuments took 3145 ms
2025-06-04 18:08:03.615 INFO  [http-nio-8080-exec-2][BundleSiteInitializer:5661] Invoking addOrUpdateClientExtensionEntries took 4 ms
2025-06-04 18:08:03.616 INFO  [http-nio-8080-exec-2][BundleSiteInitializer:5661] Invoking addOrUpdateKnowledgeBaseArticles took 0 ms
2025-06-04 18:08:03.617 INFO  [http-nio-8080-exec-2][BundleSiteInitializer:5661] Invoking addPortletSettings took 0 ms
2025-06-04 18:08:03.618 INFO  [http-nio-8080-exec-2][BundleSiteInitializer:5661] Invoking addOrUpdateOrganizations took 0 ms
2025-06-04 18:08:03.619 INFO  [http-nio-8080-exec-2][BundleSiteInitializer:5661] Invoking addUserAccounts took 0 ms
2025-06-04 18:08:03.624 INFO  [http-nio-8080-exec-2][BundleSiteInitializer:5661] Invoking addOrUpdateSegmentsEntries took 0 ms
2025-06-04 18:08:03.625 INFO  [http-nio-8080-exec-2][BundleSiteInitializer:5661] Invoking addOrUpdateSXPBlueprint took 0 ms
2025-06-04 18:08:03.625 INFO  [http-nio-8080-exec-2][BundleSiteInitializer:5661] Invoking addSiteConfiguration took 0 ms
2025-06-04 18:08:03.627 INFO  [http-nio-8080-exec-2][BundleSiteInitializer:5661] Invoking addUserRoles took 0 ms
2025-06-04 18:08:04.562 INFO  [http-nio-8080-exec-2][BundleSiteInitializer:5661] Invoking addOrUpdateLayouts took 934 ms
2025-06-04 18:08:04.564 INFO  [http-nio-8080-exec-2][BundleSiteInitializer:5661] Invoking addAccountGroupAssignments took 1 ms
2025-06-04 18:08:04.564 INFO  [http-nio-8080-exec-2][BundleSiteInitializer:5661] Invoking addRolesAssignments took 0 ms
2025-06-04 18:08:04.565 INFO  [http-nio-8080-exec-2][BundleSiteInitializer:5661] Invoking addAccountsOrganizations took 0 ms
2025-06-04 18:08:04.565 INFO  [http-nio-8080-exec-2][BundleSiteInitializer:5661] Invoking addOrUpdateBlogPostings took 0 ms
2025-06-04 18:08:04.590 INFO  [http-nio-8080-exec-2][BundleSiteInitializer:5661] Invoking updateLayoutSets took 25 ms
2025-06-04 18:08:04.596 INFO  [http-nio-8080-exec-2][BundleSiteInitializer:5661] Invoking addObjectDefinitions took 6 ms
2025-06-04 18:08:04.597 INFO  [http-nio-8080-exec-2][BundleSiteInitializer:5661] Invoking addOrUpdateObjectRelationships took 0 ms
2025-06-04 18:08:04.597 INFO  [http-nio-8080-exec-2][BundleSiteInitializer:5661] Invoking addOrUpdateObjectFields took 0 ms
2025-06-04 18:08:04.598 INFO  [http-nio-8080-exec-2][BundleSiteInitializer:5661] Invoking addFragmentEntries took 0 ms
2025-06-04 18:08:04.598 INFO  [http-nio-8080-exec-2][BundleSiteInitializer:5661] Invoking addOrUpdateAssetLinkEntries took 0 ms
2025-06-04 18:08:04.599 INFO  [http-nio-8080-exec-2][BundleSiteInitializer:5661] Invoking publishObjectDefinitions took 1 ms
2025-06-04 18:08:04.599 INFO  [http-nio-8080-exec-2][BundleSiteInitializer:5661] Invoking addAssetListEntries took 0 ms
2025-06-04 18:08:04.658 INFO  [http-nio-8080-exec-2][BundleSiteInitializer:5661] Invoking addOrUpdateDDMTemplates took 59 ms
2025-06-04 18:08:04.659 INFO  [http-nio-8080-exec-2][BundleSiteInitializer:5661] Invoking addOrUpdateNotificationTemplates took 0 ms
2025-06-04 18:08:04.659 INFO  [http-nio-8080-exec-2][BundleSiteInitializer:5661] Invoking addOrUpdateAccountEntryRestrictions took 0 ms
2025-06-04 18:08:04.660 INFO  [http-nio-8080-exec-2][BundleSiteInitializer:5661] Invoking addOrUpdateJournalArticles took 1 ms
2025-06-04 18:08:04.660 INFO  [http-nio-8080-exec-2][BundleSiteInitializer:5661] Invoking addOrUpdateObjectActions took 0 ms
2025-06-04 18:08:04.661 INFO  [http-nio-8080-exec-2][BundleSiteInitializer:5661] Invoking addOrUpdateObjectEntries took 0 ms
2025-06-04 18:08:04.661 INFO  [http-nio-8080-exec-2][BundleSiteInitializer:5661] Invoking addCPDefinitions took 0 ms
2025-06-04 18:08:04.661 INFO  [http-nio-8080-exec-2][BundleSiteInitializer:5661] Invoking addLayoutPageTemplates took 0 ms
2025-06-04 18:08:10.202 INFO  [http-nio-8080-exec-2][BundleSiteInitializer:5661] Invoking addLayoutUtilityPageEntries took 5541 ms
2025-06-04 18:08:11.165 INFO  [http-nio-8080-exec-2][BundleSiteInitializer:5661] Invoking addOrUpdateLayoutsContent took 963 ms
2025-06-04 18:08:11.166 INFO  [http-nio-8080-exec-2][BundleSiteInitializer:5661] Invoking addSegmentsExperiences took 1 ms
2025-06-04 18:08:11.166 INFO  [http-nio-8080-exec-2][BundleSiteInitializer:5661] Invoking addOrUpdateResourcePermissions took 0 ms
2025-06-04 18:08:11.166 INFO  [http-nio-8080-exec-2][BundleSiteInitializer:5661] Invoking addExpandoValues took 0 ms
2025-06-04 18:08:11.167 INFO  [http-nio-8080-exec-2][BundleSiteInitializer:550] Initialized com.liferay.site.initializer.welcome for group 20121 in 10777 ms
2025-06-04 18:08:13.146 INFO  [http-nio-8080-exec-2][BundleSiteInitializer:532] Initializing com.liferay.site.initializer.cms for group 20115
2025-06-04 18:08:13.154 INFO  [http-nio-8080-exec-2][BundleSiteInitializer:5661] Invoking addStyleBookEntries took 1 ms
2025-06-04 18:08:13.158 INFO  [http-nio-8080-exec-2][BundleSiteInitializer:5661] Invoking addOrUpdateUserGroups took 0 ms
2025-06-04 18:08:13.158 INFO  [http-nio-8080-exec-2][BundleSiteInitializer:5661] Invoking addOrUpdateSAPEntries took 0 ms
2025-06-04 18:08:13.160 INFO  [http-nio-8080-exec-2][BundleSiteInitializer:5661] Invoking addOrUpdateDDMStructures took 1 ms
2025-06-04 18:08:13.167 INFO  [http-nio-8080-exec-2][BundleSiteInitializer:5661] Invoking addOrUpdateRoles took 5 ms
2025-06-04 18:08:13.168 INFO  [http-nio-8080-exec-2][BundleSiteInitializer:5661] Invoking addAccountGroups took 1 ms
2025-06-04 18:08:13.168 INFO  [http-nio-8080-exec-2][BundleSiteInitializer:5661] Invoking addOrUpdateListTypeDefinitions took 0 ms
2025-06-04 18:08:13.193 INFO  [http-nio-8080-exec-2][BundleSiteInitializer:5661] Invoking addSiteConfiguration took 24 ms
2025-06-04 18:08:13.194 INFO  [http-nio-8080-exec-2][BundleSiteInitializer:5661] Invoking addSiteSettings took 1 ms
2025-06-04 18:08:13.194 INFO  [http-nio-8080-exec-2][BundleSiteInitializer:5661] Invoking addOrUpdateExpandoColumns took 0 ms
2025-06-04 18:08:13.195 INFO  [http-nio-8080-exec-2][BundleSiteInitializer:5661] Invoking addOrUpdateTaxonomyVocabularies took 1 ms
2025-06-04 18:08:13.756 INFO  [http-nio-8080-exec-2][BundleSiteInitializer:5661] Invoking addOrUpdateDepotEntries took 561 ms
2025-06-04 18:08:13.757 INFO  [http-nio-8080-exec-2][BundleSiteInitializer:5661] Invoking addOrUpdateObjectFolders took 0 ms
2025-06-04 18:08:13.757 INFO  [http-nio-8080-exec-2][BundleSiteInitializer:5661] Invoking setPLOEntries took 0 ms
2025-06-04 18:08:18.460 INFO  [http-nio-8080-exec-2][BundleSiteInitializer:5661] Invoking addOrUpdateLayouts took 4703 ms
2025-06-04 18:08:18.462 INFO  [http-nio-8080-exec-2][BundleSiteInitializer:5661] Invoking addOrUpdateDataDefinitions took 1 ms
2025-06-04 18:08:18.463 INFO  [http-nio-8080-exec-2][BundleSiteInitializer:5661] Invoking addOrUpdateOrganizations took 1 ms
2025-06-04 18:08:18.463 INFO  [http-nio-8080-exec-2][BundleSiteInitializer:5661] Invoking addPortletSettings took 0 ms
2025-06-04 18:08:18.464 INFO  [http-nio-8080-exec-2][BundleSiteInitializer:5661] Invoking addWorkflowDefinitions took 0 ms
2025-06-04 18:08:18.464 INFO  [http-nio-8080-exec-2][BundleSiteInitializer:5661] Invoking addAccounts took 0 ms
2025-06-04 18:08:18.464 INFO  [http-nio-8080-exec-2][BundleSiteInitializer:5661] Invoking addKeywords took 0 ms
2025-06-04 18:08:18.465 INFO  [http-nio-8080-exec-2][BundleSiteInitializer:5661] Invoking addOrUpdateKnowledgeBaseArticles took 0 ms
2025-06-04 18:08:18.465 INFO  [http-nio-8080-exec-2][BundleSiteInitializer:5661] Invoking addOrUpdateSXPBlueprint took 0 ms
2025-06-04 18:08:18.490 INFO  [http-nio-8080-exec-2][BundleSiteInitializer:5661] Invoking updateLayoutSets took 25 ms
2025-06-04 18:08:18.491 INFO  [http-nio-8080-exec-2][BundleSiteInitializer:5661] Invoking addOrUpdateDocuments took 0 ms
2025-06-04 18:08:18.941 INFO  [http-nio-8080-exec-2][BundleSiteInitializer:5661] Invoking addFragmentEntries took 450 ms
2025-06-04 18:08:18.941 INFO  [http-nio-8080-exec-2][BundleSiteInitializer:5661] Invoking addAccountsOrganizations took 0 ms
2025-06-04 18:08:18.941 INFO  [http-nio-8080-exec-2][BundleSiteInitializer:5661] Invoking addAccountGroupAssignments took 0 ms
2025-06-04 18:08:18.941 INFO  [http-nio-8080-exec-2][BundleSiteInitializer:5661] Invoking addOrUpdateBlogPostings took 0 ms
2025-06-04 18:08:18.942 INFO  [http-nio-8080-exec-2][BundleSiteInitializer:5661] Invoking addOrUpdateClientExtensionEntries took 0 ms
2025-06-04 18:08:18.942 INFO  [http-nio-8080-exec-2][BundleSiteInitializer:5661] Invoking addUserAccounts took 0 ms
2025-06-04 18:08:18.942 INFO  [http-nio-8080-exec-2][BundleSiteInitializer:5661] Invoking addOrUpdateAssetLinkEntries took 0 ms
2025-06-04 18:08:18.942 INFO  [http-nio-8080-exec-2][BundleSiteInitializer:5661] Invoking addObjectDefinitions took 0 ms
2025-06-04 18:08:18.942 INFO  [http-nio-8080-exec-2][BundleSiteInitializer:5661] Invoking addOrUpdateSegmentsEntries took 0 ms
2025-06-04 18:08:18.942 INFO  [http-nio-8080-exec-2][BundleSiteInitializer:5661] Invoking addUserRoles took 0 ms
2025-06-04 18:08:18.943 INFO  [http-nio-8080-exec-2][BundleSiteInitializer:5661] Invoking addRolesAssignments took 0 ms
2025-06-04 18:08:18.943 INFO  [http-nio-8080-exec-2][BundleSiteInitializer:5661] Invoking addOrUpdateObjectRelationships took 0 ms
2025-06-04 18:08:18.943 INFO  [http-nio-8080-exec-2][BundleSiteInitializer:5661] Invoking addOrUpdateObjectFields took 0 ms
2025-06-04 18:08:18.943 INFO  [http-nio-8080-exec-2][BundleSiteInitializer:5661] Invoking publishObjectDefinitions took 0 ms
2025-06-04 18:08:18.943 INFO  [http-nio-8080-exec-2][BundleSiteInitializer:5661] Invoking addOrUpdateDDMTemplates took 0 ms
2025-06-04 18:08:18.944 INFO  [http-nio-8080-exec-2][BundleSiteInitializer:5661] Invoking addAssetListEntries took 0 ms
2025-06-04 18:08:18.944 INFO  [http-nio-8080-exec-2][BundleSiteInitializer:5661] Invoking addOrUpdateAccountEntryRestrictions took 0 ms
2025-06-04 18:08:18.945 INFO  [http-nio-8080-exec-2][BundleSiteInitializer:5661] Invoking addOrUpdateNotificationTemplates took 0 ms
2025-06-04 18:08:18.945 INFO  [http-nio-8080-exec-2][BundleSiteInitializer:5661] Invoking addOrUpdateJournalArticles took 0 ms
2025-06-04 18:08:18.946 INFO  [http-nio-8080-exec-2][BundleSiteInitializer:5661] Invoking addOrUpdateObjectActions took 1 ms
2025-06-04 18:08:18.947 INFO  [http-nio-8080-exec-2][BundleSiteInitializer:5661] Invoking addOrUpdateObjectEntries took 1 ms
2025-06-04 18:08:18.947 INFO  [http-nio-8080-exec-2][BundleSiteInitializer:5661] Invoking addCPDefinitions took 0 ms
2025-06-04 18:08:18.947 INFO  [http-nio-8080-exec-2][BundleSiteInitializer:5661] Invoking addLayoutUtilityPageEntries took 0 ms
2025-06-04 18:08:20.653 ERROR [http-nio-8080-exec-2][RuntimeTag:424] com.liferay.portal.kernel.portlet.PortletContainerException: org.apache.jasper.JasperException: An exception occurred processing [/html/portal/render_portlet.jsp] at line [150]__147: _148: String responseContentType = liferayRenderRequest.getResponseContentType();_149: _150: String currentURL = PortalUtil.getCurrentURL(request);_151: _152: String portletResource = ParamUtil.getString(request, "portletResource");_153: ___Stacktrace: [Sanitized]
com.liferay.portal.kernel.log.LogSanitizerException: com.liferay.portal.kernel.portlet.PortletContainerException: org.apache.jasper.JasperException: An exception occurred processing [/html/portal/render_portlet.jsp] at line [150]__147: _148: String responseContentType = liferayRenderRequest.getResponseContentType();_149: _150: String currentURL = PortalUtil.getCurrentURL(request);_151: _152: String portletResource = ParamUtil.getString(request, "portletResource");_153: ___Stacktrace: [Sanitized]
	at com.liferay.portlet.internal.PortletContainerImpl._preserveGroupIds(PortletContainerImpl.java:405) ~[portal-impl.jar:?]
	at com.liferay.portlet.internal.PortletContainerImpl.render(PortletContainerImpl.java:202) ~[portal-impl.jar:?]
	at com.liferay.portlet.SecurityPortletContainerWrapper.render(SecurityPortletContainerWrapper.java:125) ~[portal-impl.jar:?]
	at com.liferay.portlet.RestrictPortletContainerWrapper.lambda$render$0(RestrictPortletContainerWrapper.java:115) ~[portal-impl.jar:?]
	at com.liferay.portlet.RestrictPortletContainerWrapper._render(RestrictPortletContainerWrapper.java:176) ~[portal-impl.jar:?]
	at com.liferay.portlet.RestrictPortletContainerWrapper.render(RestrictPortletContainerWrapper.java:113) ~[portal-impl.jar:?]
	at com.liferay.portal.kernel.portlet.PortletContainerUtil.render(PortletContainerUtil.java:205) ~[portal-kernel.jar:?]
	at com.liferay.taglib.portletext.RuntimeTag.doTag(RuntimeTag.java:369) ~[util-taglib.jar:?]
	at com.liferay.taglib.portletext.RuntimeTag.doEndTag(RuntimeTag.java:414) ~[util-taglib.jar:?]
	at freemarker.ext.jsp.TagTransformModel$TagWriter.endEvaluation(TagTransformModel.java:405) ~[?:?]
	at freemarker.ext.jsp.TagTransformModel$TagWriter.onStart(TagTransformModel.java:351) ~[?:?]
	at freemarker.core.Environment.visitAndTransform(Environment.java:509) ~[?:?]
	at freemarker.core.UnifiedCall.accept(UnifiedCall.java:103) ~[?:?]
	at freemarker.core.Environment.visit(Environment.java:344) ~[?:?]
	at freemarker.core.Environment.visit(Environment.java:350) ~[?:?]
	at freemarker.core.Environment.process(Environment.java:323) ~[?:?]
	at freemarker.template.Template.process(Template.java:383) ~[?:?]
	at com.liferay.portal.template.freemarker.internal.FreeMarkerTemplate.lambda$processTemplate$0(FreeMarkerTemplate.java:149) ~[?:?]
	at com.liferay.portal.template.freemarker.internal.FreeMarkerManager.render(FreeMarkerManager.java:342) ~[?:?]
	at com.liferay.portal.template.freemarker.internal.FreeMarkerTemplate.processTemplate(FreeMarkerTemplate.java:136) ~[?:?]
	at com.liferay.portal.template.engine.BaseTemplate.processTemplate(BaseTemplate.java:117) ~[?:?]
	at com.liferay.fragment.entry.processor.freemarker.FreeMarkerFragmentEntryProcessor.processFragmentEntryLinkHTML(FreeMarkerFragmentEntryProcessor.java:165) ~[?:?]
	at com.liferay.fragment.internal.processor.FragmentEntryProcessorRegistryImpl.processFragmentEntryLinkHTML(FragmentEntryProcessorRegistryImpl.java:187) ~[?:?]
	at com.liferay.fragment.entry.processor.drop.zone.listener.DropZoneFragmentEntryLinkListener.updateLayoutPageTemplateStructure(DropZoneFragmentEntryLinkListener.java:155) ~[?:?]
	at com.liferay.fragment.entry.processor.drop.zone.listener.DropZoneFragmentEntryLinkListener.onAddFragmentEntryLink(DropZoneFragmentEntryLinkListener.java:59) ~[?:?]
	at com.liferay.layout.internal.importer.LayoutsImporterImpl._updateLayoutPageTemplateStructure(LayoutsImporterImpl.java:2152) ~[?:?]
	at com.liferay.layout.internal.importer.LayoutsImporterImpl._processPageDefinition(LayoutsImporterImpl.java:1978) ~[?:?]
	at com.liferay.layout.internal.importer.LayoutsImporterImpl._processLayoutPageTemplateEntry(LayoutsImporterImpl.java:1560) ~[?:?]
	at com.liferay.layout.internal.importer.LayoutsImporterImpl$MasterLayoutTemplatesImporterCallable.call(LayoutsImporterImpl.java:2636) ~[?:?]
	at com.liferay.layout.internal.importer.LayoutsImporterImpl$MasterLayoutTemplatesImporterCallable.call(LayoutsImporterImpl.java:2631) ~[?:?]
	at com.liferay.portal.spring.transaction.DefaultTransactionExecutor.execute(DefaultTransactionExecutor.java:71) ~[portal-impl.jar:?]
	at com.liferay.portal.spring.transaction.TransactionInvokerImpl.invoke(TransactionInvokerImpl.java:30) ~[portal-impl.jar:?]
	at com.liferay.portal.kernel.transaction.TransactionInvokerUtil.invoke(TransactionInvokerUtil.java:19) ~[portal-kernel.jar:?]
	at com.liferay.layout.internal.importer.LayoutsImporterImpl._processMasterLayoutLayoutPageTemplateEntries(LayoutsImporterImpl.java:1895) ~[?:?]
	at com.liferay.layout.internal.importer.LayoutsImporterImpl.importFile(LayoutsImporterImpl.java:190) ~[?:?]
	at com.liferay.layout.internal.importer.LayoutsImporterImpl.importFile(LayoutsImporterImpl.java:171) ~[?:?]
	at com.liferay.site.initializer.extender.internal.BundleSiteInitializer._addLayoutPageTemplates(BundleSiteInitializer.java:1118) ~[?:?]
	at com.liferay.site.initializer.extender.internal.BundleSiteInitializer.lambda$_createRMap$21(BundleSiteInitializer.java:5077) ~[?:?]
	at com.liferay.site.initializer.extender.internal.BundleSiteInitializer._initialize(BundleSiteInitializer.java:5658) ~[?:?]
	at com.liferay.site.initializer.extender.internal.BundleSiteInitializer.initialize(BundleSiteInitializer.java:538) ~[?:?]
	at com.liferay.site.cms.site.initializer.internal.instance.lifecycle.AddDefaultLayoutInitialRequestPortalInstanceLifecycleListener.doPortalInstanceRegistered(AddDefaultLayoutInitialRequestPortalInstanceLifecycleListener.java:94) ~[?:?]
	at com.liferay.portal.instance.lifecycle.InitialRequestPortalInstanceLifecycleListener.lambda$_registerPortalInstanceRegisteredSyncCallable$0(InitialRequestPortalInstanceLifecycleListener.java:96) ~[?:?]
	at com.liferay.portal.kernel.servlet.InitialRequestSyncUtil.lambda$registerSyncCallable$0(InitialRequestSyncUtil.java:26) ~[portal-kernel.jar:?]
	at com.liferay.portal.kernel.servlet.InitialRequestSyncUtil$1.complete(InitialRequestSyncUtil.java:51) ~[portal-kernel.jar:?]
	at com.liferay.portal.kernel.concurrent.DefaultNoticeableFuture$OnceFutureListener.complete(DefaultNoticeableFuture.java:102) ~[portal-kernel.jar:?]
	at com.liferay.portal.kernel.concurrent.DefaultNoticeableFuture.done(DefaultNoticeableFuture.java:76) ~[portal-kernel.jar:?]
	at java.util.concurrent.FutureTask.finishCompletion(FutureTask.java:434) ~[?:?]
	at java.util.concurrent.FutureTask.set(FutureTask.java:285) ~[?:?]
	at com.liferay.portal.kernel.concurrent.DefaultNoticeableFuture.set(DefaultNoticeableFuture.java:65) ~[portal-kernel.jar:?]
	at java.util.concurrent.FutureTask.run(FutureTask.java:325) ~[?:?]
	at com.liferay.portal.kernel.servlet.InitialRequestSyncUtil.sync(InitialRequestSyncUtil.java:39) ~[portal-kernel.jar:?]
	at com.liferay.portal.init.servlet.filter.internal.InitFilter.processFilter(InitFilter.java:42) ~[?:?]
	at com.liferay.portal.kernel.servlet.BaseFilter.doFilter(BaseFilter.java:42) ~[portal-kernel.jar:?]
	at com.liferay.portal.kernel.servlet.filters.invoker.InvokerFilterChain.processDoFilter(InvokerFilterChain.java:204) ~[portal-kernel.jar:?]
	at com.liferay.portal.kernel.servlet.filters.invoker.InvokerFilterChain.doFilter(InvokerFilterChain.java:109) ~[portal-kernel.jar:?]
	at com.liferay.portal.servlet.filters.password.modified.PasswordModifiedFilter.processFilter(PasswordModifiedFilter.java:47) ~[portal-impl.jar:?]
	at com.liferay.portal.kernel.servlet.BaseFilter.doFilter(BaseFilter.java:42) ~[portal-kernel.jar:?]
	at com.liferay.portal.kernel.servlet.filters.invoker.InvokerFilterChain.processDoFilter(InvokerFilterChain.java:204) ~[portal-kernel.jar:?]
	at com.liferay.portal.kernel.servlet.filters.invoker.InvokerFilterChain.doFilter(InvokerFilterChain.java:109) ~[portal-kernel.jar:?]
	at com.liferay.portal.servlet.filters.lockout.LockoutFilter.processFilter(LockoutFilter.java:49) ~[portal-impl.jar:?]
	at com.liferay.portal.kernel.servlet.BaseFilter.doFilter(BaseFilter.java:42) ~[portal-kernel.jar:?]
	at com.liferay.portal.kernel.servlet.filters.invoker.InvokerFilterChain.processDoFilter(InvokerFilterChain.java:204) ~[portal-kernel.jar:?]
	at com.liferay.portal.kernel.servlet.filters.invoker.InvokerFilterChain.doFilter(InvokerFilterChain.java:109) ~[portal-kernel.jar:?]
	at com.liferay.portal.kernel.servlet.BaseFilter.processFilter(BaseFilter.java:152) ~[portal-kernel.jar:?]
	at com.liferay.portal.servlet.filters.secure.BaseAuthFilter.processFilter(BaseAuthFilter.java:341) ~[portal-impl.jar:?]
	at com.liferay.portal.kernel.servlet.BaseFilter.doFilter(BaseFilter.java:42) ~[portal-kernel.jar:?]
	at com.liferay.portal.kernel.servlet.filters.invoker.InvokerFilterChain.processDoFilter(InvokerFilterChain.java:204) ~[portal-kernel.jar:?]
	at com.liferay.portal.kernel.servlet.filters.invoker.InvokerFilterChain.doFilter(InvokerFilterChain.java:109) ~[portal-kernel.jar:?]
	at com.liferay.portal.kernel.servlet.filters.invoker.InvokerFilterChain.processDirectCallFilter(InvokerFilterChain.java:189) ~[portal-kernel.jar:?]
	at com.liferay.portal.kernel.servlet.filters.invoker.InvokerFilterChain.doFilter(InvokerFilterChain.java:92) ~[portal-kernel.jar:?]
	at com.liferay.portal.kernel.servlet.filters.invoker.InvokerFilterChain.processDirectCallFilter(InvokerFilterChain.java:189) ~[portal-kernel.jar:?]
	at com.liferay.portal.kernel.servlet.filters.invoker.InvokerFilterChain.doFilter(InvokerFilterChain.java:92) ~[portal-kernel.jar:?]
	at com.liferay.portal.kernel.servlet.filters.invoker.InvokerFilterChain.processDirectCallFilter(InvokerFilterChain.java:168) ~[portal-kernel.jar:?]
	at com.liferay.portal.kernel.servlet.filters.invoker.InvokerFilterChain.doFilter(InvokerFilterChain.java:92) ~[portal-kernel.jar:?]
	at com.liferay.portal.kernel.servlet.filters.invoker.InvokerFilterChain.processDirectCallFilter(InvokerFilterChain.java:189) ~[portal-kernel.jar:?]
	at com.liferay.portal.kernel.servlet.filters.invoker.InvokerFilterChain.doFilter(InvokerFilterChain.java:92) ~[portal-kernel.jar:?]
	at com.liferay.portal.kernel.servlet.filters.invoker.InvokerFilter.doFilter(InvokerFilter.java:114) ~[portal-kernel.jar:?]
	at com.liferay.shielded.container.internal.proxy.FilterWrapper.doFilter(FilterWrapper.java:69) ~[com.liferay.shielded.container.impl.jar:?]
	at org.apache.catalina.core.ApplicationFilterChain.internalDoFilter(ApplicationFilterChain.java:168) ~[catalina.jar:9.0.104]
	at org.apache.catalina.core.ApplicationFilterChain.doFilter(ApplicationFilterChain.java:144) ~[catalina.jar:9.0.104]
	at org.apache.catalina.core.StandardWrapperValve.invoke(StandardWrapperValve.java:168) ~[catalina.jar:9.0.104]
	at org.apache.catalina.core.StandardContextValve.invoke(StandardContextValve.java:90) ~[catalina.jar:9.0.104]
	at org.apache.catalina.authenticator.AuthenticatorBase.invoke(AuthenticatorBase.java:482) ~[catalina.jar:9.0.104]
	at org.apache.catalina.core.StandardHostValve.invoke(StandardHostValve.java:130) ~[catalina.jar:9.0.104]
	at org.apache.catalina.valves.ErrorReportValve.invoke(ErrorReportValve.java:93) ~[catalina.jar:9.0.104]
	at org.apache.catalina.core.StandardEngineValve.invoke(StandardEngineValve.java:74) ~[catalina.jar:9.0.104]
	at org.apache.catalina.connector.CoyoteAdapter.service(CoyoteAdapter.java:346) ~[catalina.jar:9.0.104]
	at org.apache.coyote.http11.Http11Processor.service(Http11Processor.java:397) ~[tomcat-coyote.jar:9.0.104]
	at org.apache.coyote.AbstractProcessorLight.process(AbstractProcessorLight.java:63) ~[tomcat-coyote.jar:9.0.104]
	at org.apache.coyote.AbstractProtocol$ConnectionHandler.process(AbstractProtocol.java:935) ~[tomcat-coyote.jar:9.0.104]
	at org.apache.tomcat.util.net.NioEndpoint$SocketProcessor.doRun(NioEndpoint.java:1792) ~[tomcat-coyote.jar:9.0.104]
	at org.apache.tomcat.util.net.SocketProcessorBase.run(SocketProcessorBase.java:52) ~[tomcat-coyote.jar:9.0.104]
	at org.apache.tomcat.util.threads.ThreadPoolExecutor.runWorker(ThreadPoolExecutor.java:1189) ~[org.apache.tomcat-util.jar:9.0.104]
	at org.apache.tomcat.util.threads.ThreadPoolExecutor$Worker.run(ThreadPoolExecutor.java:658) ~[org.apache.tomcat-util.jar:9.0.104]
	at org.apache.tomcat.util.threads.TaskThread$WrappingRunnable.run(TaskThread.java:63) ~[org.apache.tomcat-util.jar:9.0.104]
	at java.lang.Thread.run(Thread.java:1583) [?:?]
Caused by: com.liferay.portal.kernel.log.LogSanitizerException: org.apache.jasper.JasperException: An exception occurred processing [/html/portal/render_portlet.jsp] at line [150]__147: _148: String responseContentType = liferayRenderRequest.getResponseContentType();_149: _150: String currentURL = PortalUtil.getCurrentURL(request);_151: _152: String portletResource = ParamUtil.getString(request, "portletResource");_153: ___Stacktrace: [Sanitized]
	at org.apache.jasper.servlet.JspServletWrapper.handleJspException(JspServletWrapper.java:584) ~[jasper.jar:9.0.104]
	at org.apache.jasper.servlet.JspServletWrapper.service(JspServletWrapper.java:475) ~[jasper.jar:9.0.104]
	at org.apache.jasper.servlet.JspServlet.serviceJspFile(JspServlet.java:356) ~[jasper.jar:9.0.104]
	at org.apache.jasper.servlet.JspServlet.service(JspServlet.java:307) ~[jasper.jar:9.0.104]
	at javax.servlet.http.HttpServlet.service(HttpServlet.java:623) ~[servlet-api.jar:4.0.FR]
	at com.liferay.shielded.container.internal.proxy.ServletWrapper.service(ServletWrapper.java:103) ~[com.liferay.shielded.container.impl.jar:?]
	at org.apache.catalina.core.ApplicationFilterChain.internalDoFilter(ApplicationFilterChain.java:199) ~[catalina.jar:9.0.104]
	at org.apache.catalina.core.ApplicationFilterChain.doFilter(ApplicationFilterChain.java:144) ~[catalina.jar:9.0.104]
	at com.liferay.portal.kernel.servlet.filters.invoker.InvokerFilterChain.doFilter(InvokerFilterChain.java:117) ~[portal-kernel.jar:?]
	at com.liferay.portal.kernel.servlet.filters.invoker.InvokerFilter.doFilter(InvokerFilter.java:114) ~[portal-kernel.jar:?]
	at com.liferay.shielded.container.internal.proxy.FilterWrapper.doFilter(FilterWrapper.java:69) ~[com.liferay.shielded.container.impl.jar:?]
	at org.apache.catalina.core.ApplicationFilterChain.internalDoFilter(ApplicationFilterChain.java:168) ~[catalina.jar:9.0.104]
	at org.apache.catalina.core.ApplicationFilterChain.doFilter(ApplicationFilterChain.java:144) ~[catalina.jar:9.0.104]
	at org.apache.catalina.core.ApplicationDispatcher.invoke(ApplicationDispatcher.java:621) ~[catalina.jar:9.0.104]
	at org.apache.catalina.core.ApplicationDispatcher.doInclude(ApplicationDispatcher.java:498) ~[catalina.jar:9.0.104]
	at org.apache.catalina.core.ApplicationDispatcher.include(ApplicationDispatcher.java:446) ~[catalina.jar:9.0.104]
	at com.liferay.portal.kernel.servlet.DirectServletPathRegisterDispatcher.include(DirectServletPathRegisterDispatcher.java:57) ~[portal-kernel.jar:?]
	at com.liferay.portal.kernel.servlet.DirectRequestDispatcherFactoryUtil$IndirectRequestDispatcher.include(DirectRequestDispatcherFactoryUtil.java:169) ~[portal-kernel.jar:?]
	at com.liferay.portal.kernel.servlet.TransferHeadersHelperUtil$TransferHeadersRequestDispatcher.include(TransferHeadersHelperUtil.java:152) ~[portal-kernel.jar:?]
	at com.liferay.portlet.internal.PortletContainerImpl._render(PortletContainerImpl.java:886) ~[portal-impl.jar:?]
	at com.liferay.portlet.internal.PortletContainerImpl.lambda$render$2(PortletContainerImpl.java:214) ~[portal-impl.jar:?]
	at com.liferay.portlet.internal.PortletContainerImpl._preserveGroupIds(PortletContainerImpl.java:402) ~[portal-impl.jar:?]
	... 95 more
Caused by: java.lang.NullPointerException: Cannot invoke "String.equals(Object)" because "scheme" is null
	at org.apache.catalina.util.RequestUtil.getRequestURL(RequestUtil.java:51) ~[catalina.jar:9.0.104]
	at org.apache.catalina.core.ApplicationHttpRequest.getRequestURL(ApplicationHttpRequest.java:491) ~[catalina.jar:9.0.104]
	at javax.servlet.http.HttpServletRequestWrapper.getRequestURL(HttpServletRequestWrapper.java:205) ~[servlet-api.jar:4.0.FR]
	at javax.servlet.http.HttpServletRequestWrapper.getRequestURL(HttpServletRequestWrapper.java:205) ~[servlet-api.jar:4.0.FR]
	at com.liferay.portal.kernel.util.HttpComponentsUtil.getCompleteURL(HttpComponentsUtil.java:210) ~[portal-kernel.jar:?]
	at com.liferay.portal.util.PortalImpl.getCurrentURL(PortalImpl.java:2139) ~[portal-impl.jar:?]
	at com.liferay.portal.kernel.util.PortalUtil.getCurrentURL(PortalUtil.java:650) ~[portal-kernel.jar:?]
	at org.apache.jsp.html.portal.render_005fportlet_jsp._jspService(render_005fportlet_jsp.java:704) ~[?:?]
	at org.apache.jasper.runtime.HttpJspBase.service(HttpJspBase.java:64) ~[jasper.jar:9.0.104]
	at javax.servlet.http.HttpServlet.service(HttpServlet.java:623) ~[servlet-api.jar:4.0.FR]
	at org.apache.jasper.servlet.JspServletWrapper.service(JspServletWrapper.java:446) ~[jasper.jar:9.0.104]
	at org.apache.jasper.servlet.JspServlet.serviceJspFile(JspServlet.java:356) ~[jasper.jar:9.0.104]
	at org.apache.jasper.servlet.JspServlet.service(JspServlet.java:307) ~[jasper.jar:9.0.104]
	at javax.servlet.http.HttpServlet.service(HttpServlet.java:623) ~[servlet-api.jar:4.0.FR]
	at com.liferay.shielded.container.internal.proxy.ServletWrapper.service(ServletWrapper.java:103) ~[com.liferay.shielded.container.impl.jar:?]
	at org.apache.catalina.core.ApplicationFilterChain.internalDoFilter(ApplicationFilterChain.java:199) ~[catalina.jar:9.0.104]
	at org.apache.catalina.core.ApplicationFilterChain.doFilter(ApplicationFilterChain.java:144) ~[catalina.jar:9.0.104]
	at com.liferay.portal.kernel.servlet.filters.invoker.InvokerFilterChain.doFilter(InvokerFilterChain.java:117) ~[portal-kernel.jar:?]
	at com.liferay.portal.kernel.servlet.filters.invoker.InvokerFilter.doFilter(InvokerFilter.java:114) ~[portal-kernel.jar:?]
	at com.liferay.shielded.container.internal.proxy.FilterWrapper.doFilter(FilterWrapper.java:69) ~[com.liferay.shielded.container.impl.jar:?]
	at org.apache.catalina.core.ApplicationFilterChain.internalDoFilter(ApplicationFilterChain.java:168) ~[catalina.jar:9.0.104]
	at org.apache.catalina.core.ApplicationFilterChain.doFilter(ApplicationFilterChain.java:144) ~[catalina.jar:9.0.104]
	at org.apache.catalina.core.ApplicationDispatcher.invoke(ApplicationDispatcher.java:621) ~[catalina.jar:9.0.104]
	at org.apache.catalina.core.ApplicationDispatcher.doInclude(ApplicationDispatcher.java:498) ~[catalina.jar:9.0.104]
	at org.apache.catalina.core.ApplicationDispatcher.include(ApplicationDispatcher.java:446) ~[catalina.jar:9.0.104]
	at com.liferay.portal.kernel.servlet.DirectServletPathRegisterDispatcher.include(DirectServletPathRegisterDispatcher.java:57) ~[portal-kernel.jar:?]
	at com.liferay.portal.kernel.servlet.DirectRequestDispatcherFactoryUtil$IndirectRequestDispatcher.include(DirectRequestDispatcherFactoryUtil.java:169) ~[portal-kernel.jar:?]
	at com.liferay.portal.kernel.servlet.TransferHeadersHelperUtil$TransferHeadersRequestDispatcher.include(TransferHeadersHelperUtil.java:152) ~[portal-kernel.jar:?]
	at com.liferay.portlet.internal.PortletContainerImpl._render(PortletContainerImpl.java:886) ~[portal-impl.jar:?]
	at com.liferay.portlet.internal.PortletContainerImpl.lambda$render$2(PortletContainerImpl.java:214) ~[portal-impl.jar:?]
	at com.liferay.portlet.internal.PortletContainerImpl._preserveGroupIds(PortletContainerImpl.java:402) ~[portal-impl.jar:?]
	... 95 more
2025-06-04 18:08:23.999 INFO  [http-nio-8080-exec-2][BundleSiteInitializer:5661] Invoking addLayoutPageTemplates took 5051 ms
2025-06-04 18:08:31.728 INFO  [http-nio-8080-exec-2][BundleSiteInitializer:5661] Invoking addOrUpdateLayoutsContent took 7729 ms
2025-06-04 18:08:31.729 INFO  [http-nio-8080-exec-2][BundleSiteInitializer:5661] Invoking addSegmentsExperiences took 0 ms
2025-06-04 18:08:31.729 INFO  [http-nio-8080-exec-2][BundleSiteInitializer:5661] Invoking addOrUpdateResourcePermissions took 0 ms
2025-06-04 18:08:31.729 INFO  [http-nio-8080-exec-2][BundleSiteInitializer:5661] Invoking addExpandoValues took 0 ms
2025-06-04 18:08:31.729 INFO  [http-nio-8080-exec-2][BundleSiteInitializer:550] Initialized com.liferay.site.initializer.cms for group 20115 in 18583 ms
