2025-06-11 19:15:03.199 INFO  [main][PortalContextLoaderListener:114] JVM arguments: --add-opens=java.base/java.lang=ALL-UNNAMED --add-opens=java.base/java.lang.invoke=ALL-UNNAMED --add-opens=java.base/java.lang.reflect=ALL-UNNAMED --add-opens=java.base/java.net=ALL-UNNAMED --add-opens=java.base/sun.net.www.protocol.http=ALL-UNNAMED --add-opens=java.base/sun.util.calendar=ALL-UNNAMED --add-opens=jdk.zipfs/jdk.nio.zipfs=ALL-UNNAMED --add-opens=java.base/java.lang=ALL-UNNAMED --add-opens=java.base/java.io=ALL-UNNAMED --add-opens=java.base/java.util=ALL-UNNAMED --add-opens=java.base/java.util.concurrent=ALL-UNNAMED --add-opens=java.rmi/sun.rmi.transport=ALL-UNNAMED -Djava.util.logging.config.file=/opt/liferay/tomcat/conf/logging.properties -Djava.util.logging.manager=org.apache.juli.ClassLoaderLogManager -Djdk.tls.ephemeralDHKeySize=2048 -Djava.protocol.handler.pkgs=org.apache.catalina.webresources -Dorg.apache.catalina.security.SecurityListener.UMASK=0027 -Dfile.encoding=UTF-8 -Djava.locale.providers=JRE,COMPAT,CLDR -Djava.net.preferIPv4Stack=true -Duser.timezone=GMT -Xms2560m -Xmx2560m -XX:MaxNewSize=1536m -XX:MaxMetaspaceSize=768m -XX:MetaspaceSize=768m -XX:NewSize=1536m -XX:SurvivorRatio=7 -javaagent:/opt/liferay/tomcat/../glowroot/glowroot.jar -Dglowroot.enabled=true -Xms6g -Xmx6g -Djdk.util.zip.disableZip64ExtraFieldValidation=true -Dignore.endorsed.dirs= -Dcatalina.base=/opt/liferay/tomcat -Dcatalina.home=/opt/liferay/tomcat -Djava.io.tmpdir=/opt/liferay/tomcat/temp
2025-06-11 19:15:07.898 INFO  [SystemExecutorServiceUtil-1][DataSourceFactoryImpl:393] Successfully acquired JDBC connection
2025-06-11 19:15:08.395 WARN  [SystemExecutorServiceUtil-1][DialectDetector:73] Liferay is configured to use Hypersonic as its database. Do NOT use Hypersonic in production. Hypersonic is an embedded database useful for development and demonstration purposes. The database settings can be changed in portal-ext.properties.
2025-06-11 19:15:08.396 INFO  [SystemExecutorServiceUtil-1][DialectDetector:144] Using dialect com.liferay.portal.dao.orm.hibernate.HSQLDialect for HSQL Database Engine 2.7
2025-06-11 19:15:08.617 INFO  [main][ModuleFrameworkImpl:1355] Starting initial bundles
2025-06-11 19:15:09.846 INFO  [main][InterpolationConfigurationPlugin:109] Configured directory for secrets: /opt/liferay/osgi/configs
2025-06-11 19:15:10.455 INFO  [main][ModuleFrameworkImpl:1645] Started initial bundles
2025-06-11 19:15:10.456 INFO  [main][ModuleFrameworkImpl:1690] Starting dynamic bundles
2025-06-11 19:15:22.917 WARN  [Start Level: Equinox Container: 5d6e3e56-f87f-45e9-aa74-68f5c91a4a94][SidecarManager:72] Liferay automatically starts a child process of Elasticsearch named sidecar for convenient development and demonstration purposes. Do NOT use sidecar in production. Refer to the documentation for details on the limitations of sidecar and instructions on configuring a remote Elasticsearch connection in the Control Panel.
2025-06-11 19:15:26.070 INFO  [main][ModuleFrameworkImpl:1713] Started dynamic bundles
2025-06-11 19:15:26.071 INFO  [main][ModuleFrameworkImpl:1720] Starting web bundles
2025-06-11 19:15:27.535 INFO  [main][ModuleFrameworkImpl:1774] Started web bundles
2025-06-11 19:15:27.536 INFO  [main][ModuleFrameworkImpl:283] Navigate to Control Panel > System > Gogo Shell and enter "lb" to see all bundles
2025-06-11 19:15:29.914 INFO  [main][StartupHelperUtil:100] The following patches are installed: hotfix-48
2025-06-11 19:15:29.985 INFO  [main][LoggingTimer:74] Starting com.liferay.portal.events.StartupHelperUtil#initResourceActions
2025-06-11 19:15:30.030 INFO  [main][LoggingTimer:35] Completed com.liferay.portal.events.StartupHelperUtil#initResourceActions in 44 ms
2025-06-11 19:15:30.091 ERROR [main][LicenseManager:-1] DXP Development license is expired
2025-06-11 19:15:31.062 INFO  [main][AutoDeployDir:152] Auto deploy scanner started for /opt/liferay/deploy
2025-06-11 19:15:34.466 INFO  [SystemExecutorServiceUtil-16][Sidecar:103] Sidecar Elasticsearch liferay started at 127.0.0.1:9201
2025-06-11 19:15:38.276 INFO  [main][LoggingTimer:74] Starting com.liferay.portal.db.index.IndexUpdaterUtil#updateAllIndexes#Updating database indexes
2025-06-11 19:15:40.349 INFO  [main][LoggingTimer:35] Completed com.liferay.portal.db.index.IndexUpdaterUtil#updateAllIndexes#Updating database indexes in 2074 ms
2025-06-11 19:15:42.822 INFO  [fileinstall-directory-watcher][BaseAutoDeployListener:34] Copying themes for /opt/liferay/tomcat/temp/20250611191542674JZRWXVHZ/admin-theme.war
2025-06-11 19:15:43.888 INFO  [fileinstall-directory-watcher][BaseAutoDeployListener:41] Themes for /opt/liferay/tomcat/temp/20250611191542674JZRWXVHZ/admin-theme.war copied successfully
2025-06-11 19:15:45.110 INFO  [fileinstall-directory-watcher][BaseAutoDeployListener:34] Copying themes for /opt/liferay/tomcat/temp/20250611191545098MQRIHSXM/classic-theme.war
2025-06-11 19:15:45.347 INFO  [fileinstall-directory-watcher][BaseAutoDeployListener:41] Themes for /opt/liferay/tomcat/temp/20250611191545098MQRIHSXM/classic-theme.war copied successfully
2025-06-11 19:15:45.996 INFO  [fileinstall-directory-watcher][BaseAutoDeployListener:34] Copying themes for /opt/liferay/tomcat/temp/20250611191545981EZVRHFCQ/dialect-theme.war
2025-06-11 19:15:46.220 INFO  [fileinstall-directory-watcher][BaseAutoDeployListener:41] Themes for /opt/liferay/tomcat/temp/20250611191545981EZVRHFCQ/dialect-theme.war copied successfully
2025-06-11 19:15:46.867 INFO  [fileinstall-directory-watcher][BaseAutoDeployListener:34] Copying themes for /opt/liferay/tomcat/temp/20250611191546850QOJMKWIE/minium-theme.war
2025-06-11 19:15:47.120 INFO  [fileinstall-directory-watcher][BaseAutoDeployListener:41] Themes for /opt/liferay/tomcat/temp/20250611191546850QOJMKWIE/minium-theme.war copied successfully
2025-06-11 19:15:47.860 INFO  [fileinstall-directory-watcher][BaseAutoDeployListener:34] Copying themes for /opt/liferay/tomcat/temp/20250611191547845SZSGJVJO/speedwell-theme.war
2025-06-11 19:15:48.138 INFO  [fileinstall-directory-watcher][BaseAutoDeployListener:41] Themes for /opt/liferay/tomcat/temp/20250611191547845SZSGJVJO/speedwell-theme.war copied successfully
2025-06-11 19:15:48.811 INFO  [fileinstall-directory-watcher][BundleStartStopLogger:68] STARTED classic-theme_5.0.91 [1444]
2025-06-11 19:15:48.814 INFO  [fileinstall-directory-watcher][BundleStartStopLogger:68] STARTED minium-theme_5.0.84 [1446]
2025-06-11 19:15:48.817 INFO  [fileinstall-directory-watcher][BundleStartStopLogger:68] STARTED speedwell-theme_4.0.78 [1447]
2025-06-11 19:15:48.820 INFO  [fileinstall-directory-watcher][BundleStartStopLogger:68] STARTED dialect-theme_5.0.77 [1445]
2025-06-11 19:15:48.823 INFO  [fileinstall-directory-watcher][BundleStartStopLogger:68] STARTED admin-theme_5.0.77 [1443]
2025-06-11 19:18:35.683 INFO  [http-nio-8080-exec-6][IPGeocoderImpl:137] Use temp file /opt/liferay/tomcat/temp/20250611191835651EYIWCLFZ
2025-06-11 19:18:47.083 INFO  [com.liferay.portal.kernel.deploy.auto.AutoDeployScanner][AutoDeployDir:212] Processing activation-key-7.4-developer-2024-07-01-for-1-year.xml
2025-06-11 19:20:20.098 INFO  [com.liferay.portal.kernel.deploy.auto.AutoDeployScanner][AutoDeployDir:212] Processing activation-key-7.4-developer-2024-07-01-for-1-year.xml
2025-06-11 19:20:57.206 INFO  [main][PortalContextLoaderListener:114] JVM arguments: --add-opens=java.base/java.lang=ALL-UNNAMED --add-opens=java.base/java.lang.invoke=ALL-UNNAMED --add-opens=java.base/java.lang.reflect=ALL-UNNAMED --add-opens=java.base/java.net=ALL-UNNAMED --add-opens=java.base/sun.net.www.protocol.http=ALL-UNNAMED --add-opens=java.base/sun.util.calendar=ALL-UNNAMED --add-opens=jdk.zipfs/jdk.nio.zipfs=ALL-UNNAMED --add-opens=java.base/java.lang=ALL-UNNAMED --add-opens=java.base/java.io=ALL-UNNAMED --add-opens=java.base/java.util=ALL-UNNAMED --add-opens=java.base/java.util.concurrent=ALL-UNNAMED --add-opens=java.rmi/sun.rmi.transport=ALL-UNNAMED -Djava.util.logging.config.file=/opt/liferay/tomcat/conf/logging.properties -Djava.util.logging.manager=org.apache.juli.ClassLoaderLogManager -Djdk.tls.ephemeralDHKeySize=2048 -Djava.protocol.handler.pkgs=org.apache.catalina.webresources -Dorg.apache.catalina.security.SecurityListener.UMASK=0027 -Dfile.encoding=UTF-8 -Djava.locale.providers=JRE,COMPAT,CLDR -Djava.net.preferIPv4Stack=true -Duser.timezone=GMT -Xms2560m -Xmx2560m -XX:MaxNewSize=1536m -XX:MaxMetaspaceSize=768m -XX:MetaspaceSize=768m -XX:NewSize=1536m -XX:SurvivorRatio=7 -javaagent:/opt/liferay/tomcat/../glowroot/glowroot.jar -Dglowroot.enabled=true -Xms6g -Xmx6g -Djdk.util.zip.disableZip64ExtraFieldValidation=true -Dignore.endorsed.dirs= -Dcatalina.base=/opt/liferay/tomcat -Dcatalina.home=/opt/liferay/tomcat -Djava.io.tmpdir=/opt/liferay/tomcat/temp
2025-06-11 19:20:58.943 INFO  [SystemExecutorServiceUtil-1][DataSourceFactoryImpl:393] Successfully acquired JDBC connection
2025-06-11 19:20:59.132 WARN  [SystemExecutorServiceUtil-1][DialectDetector:73] Liferay is configured to use Hypersonic as its database. Do NOT use Hypersonic in production. Hypersonic is an embedded database useful for development and demonstration purposes. The database settings can be changed in portal-ext.properties.
2025-06-11 19:20:59.132 INFO  [SystemExecutorServiceUtil-1][DialectDetector:144] Using dialect com.liferay.portal.dao.orm.hibernate.HSQLDialect for HSQL Database Engine 2.7
2025-06-11 19:20:59.248 INFO  [main][ModuleFrameworkImpl:1355] Starting initial bundles
2025-06-11 19:20:59.733 INFO  [main][InterpolationConfigurationPlugin:109] Configured directory for secrets: /opt/liferay/osgi/configs
2025-06-11 19:21:00.080 INFO  [main][ModuleFrameworkImpl:1645] Started initial bundles
2025-06-11 19:21:00.080 INFO  [main][ModuleFrameworkImpl:1690] Starting dynamic bundles
2025-06-11 19:21:06.203 WARN  [Start Level: Equinox Container: be725f60-14bf-49de-8300-63e28df8fa4c][SidecarManager:72] Liferay automatically starts a child process of Elasticsearch named sidecar for convenient development and demonstration purposes. Do NOT use sidecar in production. Refer to the documentation for details on the limitations of sidecar and instructions on configuring a remote Elasticsearch connection in the Control Panel.
2025-06-11 19:21:08.439 INFO  [main][ModuleFrameworkImpl:1713] Started dynamic bundles
2025-06-11 19:21:08.439 INFO  [main][ModuleFrameworkImpl:1720] Starting web bundles
2025-06-11 19:21:09.494 INFO  [main][ModuleFrameworkImpl:1774] Started web bundles
2025-06-11 19:21:09.495 INFO  [main][ModuleFrameworkImpl:283] Navigate to Control Panel > System > Gogo Shell and enter "lb" to see all bundles
2025-06-11 19:21:10.827 INFO  [main][StartupHelperUtil:100] The following patches are installed: hotfix-48
2025-06-11 19:21:10.923 INFO  [main][LoggingTimer:74] Starting com.liferay.portal.events.StartupHelperUtil#initResourceActions
2025-06-11 19:21:10.979 INFO  [main][LoggingTimer:35] Completed com.liferay.portal.events.StartupHelperUtil#initResourceActions in 57 ms
2025-06-11 19:21:11.030 ERROR [main][LicenseManager:-1] DXP Development license is expired
2025-06-11 19:21:11.648 INFO  [main][AutoDeployDir:152] Auto deploy scanner started for /opt/liferay/deploy
2025-06-11 19:21:14.741 INFO  [SystemExecutorServiceUtil-6][Sidecar:103] Sidecar Elasticsearch liferay started at 127.0.0.1:9201
2025-06-11 19:21:18.294 INFO  [main][LoggingTimer:74] Starting com.liferay.portal.db.index.IndexUpdaterUtil#updateAllIndexes#Updating database indexes
2025-06-11 19:21:19.768 INFO  [fileinstall-directory-watcher][BaseAutoDeployListener:34] Copying themes for /opt/liferay/tomcat/temp/20250611192119688HTYXZUVX/admin-theme.war
2025-06-11 19:21:20.156 INFO  [main][LoggingTimer:35] Completed com.liferay.portal.db.index.IndexUpdaterUtil#updateAllIndexes#Updating database indexes in 1862 ms
2025-06-11 19:21:20.689 INFO  [fileinstall-directory-watcher][BaseAutoDeployListener:41] Themes for /opt/liferay/tomcat/temp/20250611192119688HTYXZUVX/admin-theme.war copied successfully
2025-06-11 19:21:22.132 INFO  [fileinstall-directory-watcher][BaseAutoDeployListener:34] Copying themes for /opt/liferay/tomcat/temp/20250611192122124LTZYLSLK/classic-theme.war
2025-06-11 19:21:22.647 INFO  [fileinstall-directory-watcher][BaseAutoDeployListener:41] Themes for /opt/liferay/tomcat/temp/20250611192122124LTZYLSLK/classic-theme.war copied successfully
2025-06-11 19:21:24.308 INFO  [fileinstall-directory-watcher][BaseAutoDeployListener:34] Copying themes for /opt/liferay/tomcat/temp/20250611192124304EDGZUWCC/dialect-theme.war
2025-06-11 19:21:24.541 INFO  [fileinstall-directory-watcher][BaseAutoDeployListener:41] Themes for /opt/liferay/tomcat/temp/20250611192124304EDGZUWCC/dialect-theme.war copied successfully
2025-06-11 19:21:24.649 INFO  [com.liferay.portal.kernel.deploy.auto.AutoDeployScanner][AutoDeployDir:212] Processing activation-key-7.4-developer-2024-07-01-for-1-year.xml
2025-06-11 19:21:25.169 INFO  [fileinstall-directory-watcher][BaseAutoDeployListener:34] Copying themes for /opt/liferay/tomcat/temp/20250611192125164EHNTKEXU/minium-theme.war
2025-06-11 19:21:25.414 INFO  [fileinstall-directory-watcher][BaseAutoDeployListener:41] Themes for /opt/liferay/tomcat/temp/20250611192125164EHNTKEXU/minium-theme.war copied successfully
2025-06-11 19:21:26.107 INFO  [fileinstall-directory-watcher][BaseAutoDeployListener:34] Copying themes for /opt/liferay/tomcat/temp/20250611192126104AQHYOEIJ/speedwell-theme.war
2025-06-11 19:21:26.336 INFO  [fileinstall-directory-watcher][BaseAutoDeployListener:41] Themes for /opt/liferay/tomcat/temp/20250611192126104AQHYOEIJ/speedwell-theme.war copied successfully
2025-06-11 19:21:26.985 INFO  [fileinstall-directory-watcher][BundleStartStopLogger:68] STARTED speedwell-theme_4.0.78 [1447]
2025-06-11 19:21:26.987 INFO  [fileinstall-directory-watcher][BundleStartStopLogger:68] STARTED classic-theme_5.0.91 [1444]
2025-06-11 19:21:26.990 INFO  [fileinstall-directory-watcher][BundleStartStopLogger:68] STARTED dialect-theme_5.0.77 [1445]
2025-06-11 19:21:26.993 INFO  [fileinstall-directory-watcher][BundleStartStopLogger:68] STARTED minium-theme_5.0.84 [1446]
2025-06-11 19:21:26.995 INFO  [fileinstall-directory-watcher][BundleStartStopLogger:68] STARTED admin-theme_5.0.77 [1443]
2025-06-11 19:21:34.446 INFO  [http-nio-8080-exec-3][IPGeocoderImpl:137] Use temp file /opt/liferay/tomcat/temp/20250611192134416QPHNSPXR
2025-06-11 19:26:15.686 INFO  [com.liferay.portal.kernel.deploy.auto.AutoDeployScanner][AutoDeployDir:212] Processing activation-key-7.4-developer-2024-07-01-for-1-year.xml
2025-06-11 19:30:55.899 INFO  [main][PortalContextLoaderListener:114] JVM arguments: --add-opens=java.base/java.lang=ALL-UNNAMED --add-opens=java.base/java.lang.invoke=ALL-UNNAMED --add-opens=java.base/java.lang.reflect=ALL-UNNAMED --add-opens=java.base/java.net=ALL-UNNAMED --add-opens=java.base/sun.net.www.protocol.http=ALL-UNNAMED --add-opens=java.base/sun.net.www.protocol.https=ALL-UNNAMED --add-opens=java.base/sun.util.calendar=ALL-UNNAMED --add-opens=jdk.zipfs/jdk.nio.zipfs=ALL-UNNAMED --add-opens=java.base/java.lang=ALL-UNNAMED --add-opens=java.base/java.io=ALL-UNNAMED --add-opens=java.base/java.util=ALL-UNNAMED --add-opens=java.base/java.util.concurrent=ALL-UNNAMED --add-opens=java.rmi/sun.rmi.transport=ALL-UNNAMED -Djava.util.logging.config.file=/opt/liferay/tomcat/conf/logging.properties -Djava.util.logging.manager=org.apache.juli.ClassLoaderLogManager -Djdk.tls.ephemeralDHKeySize=2048 -Djava.protocol.handler.pkgs=org.apache.catalina.webresources -Dorg.apache.catalina.security.SecurityListener.UMASK=0027 -Dfile.encoding=UTF-8 -Djava.net.preferIPv4Stack=true -Duser.timezone=GMT -Xms2560m -Xmx2560m -XX:MaxNewSize=1536m -XX:MaxMetaspaceSize=768m -XX:MetaspaceSize=768m -XX:NewSize=1536m -XX:SurvivorRatio=7 -javaagent:/opt/liferay/tomcat/../glowroot/glowroot.jar -Dglowroot.enabled=true -Xms6g -Xmx6g -Djdk.util.zip.disableZip64ExtraFieldValidation=true -Dignore.endorsed.dirs= -Dcatalina.base=/opt/liferay/tomcat -Dcatalina.home=/opt/liferay/tomcat -Djava.io.tmpdir=/opt/liferay/tomcat/temp
2025-06-11 19:31:02.678 INFO  [SystemExecutorServiceUtil-1][DataSourceFactoryImpl:472] Successfully acquired JDBC connection
2025-06-11 19:31:02.895 WARN  [SystemExecutorServiceUtil-1][DialectDetector:73] Liferay is configured to use Hypersonic as its database. Do NOT use Hypersonic in production. Hypersonic is an embedded database useful for development and demonstration purposes. The database settings can be changed in portal-ext.properties.
2025-06-11 19:31:02.895 INFO  [SystemExecutorServiceUtil-1][DialectDetector:134] Using dialect com.liferay.portal.dao.orm.hibernate.HSQLDialect for HSQL Database Engine 2.7
2025-06-11 19:31:04.085 INFO  [main][ModuleFrameworkImpl:1355] Starting initial bundles
2025-06-11 19:31:05.037 INFO  [main][InterpolationConfigurationPlugin:109] Configured directory for secrets: /opt/liferay/osgi/configs
2025-06-11 19:31:05.316 INFO  [main][ModuleFrameworkImpl:1645] Started initial bundles
2025-06-11 19:31:05.316 INFO  [main][ModuleFrameworkImpl:1690] Starting dynamic bundles
2025-06-11 19:31:06.732 WARN  [Start Level: Equinox Container: 17c61fcf-69f3-417a-9a6a-47f1e4eaa246][SidecarManager:70] Liferay automatically starts a child process of Elasticsearch named sidecar for convenient development and demonstration purposes. Do NOT use sidecar in production. Refer to the documentation for details on the limitations of sidecar and instructions on configuring a remote Elasticsearch connection in the Control Panel.
2025-06-11 19:31:10.072 INFO  [main][ModuleFrameworkImpl:1713] Started dynamic bundles
2025-06-11 19:31:10.072 INFO  [main][ModuleFrameworkImpl:1720] Starting web bundles
2025-06-11 19:31:11.290 INFO  [main][ModuleFrameworkImpl:1774] Started web bundles
2025-06-11 19:31:11.290 INFO  [main][ModuleFrameworkImpl:283] Navigate to Control Panel > System > Gogo Shell and enter "lb" to see all bundles
2025-06-11 19:31:12.575 INFO  [main][StartupHelperUtil:100] There are no patches installed
2025-06-11 19:31:12.578 ERROR [main][MainServlet:259] You must first upgrade the portal to the required schema version 31.14.0
java.lang.RuntimeException: You must first upgrade the portal to the required schema version 31.14.0
	at com.liferay.portal.events.StartupHelperUtil.verifyRequiredSchemaVersion(StartupHelperUtil.java:211) ~[portal-impl.jar:?]
	at com.liferay.portal.events.StartupAction.doRun(StartupAction.java:112) ~[portal-impl.jar:?]
	at com.liferay.portal.ee.license.StartupAction.doRun(Unknown Source) ~[?:?]
	at com.liferay.portal.events.StartupAction.run(StartupAction.java:42) ~[portal-impl.jar:?]
	at com.liferay.portal.internal.servlet.MainServlet.init(MainServlet.java:256) [portal-impl.jar:?]
	at javax.servlet.GenericServlet.init(GenericServlet.java:143) [servlet-api.jar:4.0.FR]
	at com.liferay.shielded.container.internal.proxy.ServletWrapper.init(ServletWrapper.java:82) [com.liferay.shielded.container.impl.jar:?]
	at org.apache.catalina.core.StandardWrapper.initServlet(StandardWrapper.java:984) [catalina.jar:9.0.98]
	at org.apache.catalina.core.StandardWrapper.load(StandardWrapper.java:841) [catalina.jar:9.0.98]
	at org.apache.catalina.core.StandardContext.loadOnStartup(StandardContext.java:4193) [catalina.jar:9.0.98]
	at org.apache.catalina.core.StandardContext.startInternal(StandardContext.java:4494) [catalina.jar:9.0.98]
	at org.apache.catalina.util.LifecycleBase.start(LifecycleBase.java:164) [catalina.jar:9.0.98]
	at org.apache.catalina.core.ContainerBase.addChildInternal(ContainerBase.java:599) [catalina.jar:9.0.98]
	at org.apache.catalina.core.ContainerBase.addChild(ContainerBase.java:571) [catalina.jar:9.0.98]
	at org.apache.catalina.core.StandardHost.addChild(StandardHost.java:603) [catalina.jar:9.0.98]
	at org.apache.catalina.startup.HostConfig.deployDescriptor(HostConfig.java:680) [catalina.jar:9.0.98]
	at org.apache.catalina.startup.HostConfig$DeployDescriptor.run(HostConfig.java:1844) [catalina.jar:9.0.98]
	at java.util.concurrent.Executors$RunnableAdapter.call(Executors.java:572) [?:?]
	at java.util.concurrent.FutureTask.run(FutureTask.java:317) [?:?]
	at org.apache.tomcat.util.threads.InlineExecutorService.execute(InlineExecutorService.java:75) [tomcat-util.jar:9.0.98]
	at java.util.concurrent.AbstractExecutorService.submit(AbstractExecutorService.java:123) [?:?]
	at org.apache.catalina.startup.HostConfig.deployDescriptors(HostConfig.java:575) [catalina.jar:9.0.98]
	at org.apache.catalina.startup.HostConfig.deployApps(HostConfig.java:466) [catalina.jar:9.0.98]
	at org.apache.catalina.startup.HostConfig.start(HostConfig.java:1584) [catalina.jar:9.0.98]
	at org.apache.catalina.startup.HostConfig.lifecycleEvent(HostConfig.java:312) [catalina.jar:9.0.98]
	at org.apache.catalina.util.LifecycleBase.fireLifecycleEvent(LifecycleBase.java:109) [catalina.jar:9.0.98]
	at org.apache.catalina.util.LifecycleBase.setStateInternal(LifecycleBase.java:389) [catalina.jar:9.0.98]
	at org.apache.catalina.util.LifecycleBase.setState(LifecycleBase.java:336) [catalina.jar:9.0.98]
	at org.apache.catalina.core.ContainerBase.startInternal(ContainerBase.java:776) [catalina.jar:9.0.98]
	at org.apache.catalina.core.StandardHost.startInternal(StandardHost.java:721) [catalina.jar:9.0.98]
	at org.apache.catalina.util.LifecycleBase.start(LifecycleBase.java:164) [catalina.jar:9.0.98]
	at org.apache.catalina.core.ContainerBase$StartChild.call(ContainerBase.java:1203) [catalina.jar:9.0.98]
	at org.apache.catalina.core.ContainerBase$StartChild.call(ContainerBase.java:1193) [catalina.jar:9.0.98]
	at java.util.concurrent.FutureTask.run(FutureTask.java:317) [?:?]
	at org.apache.tomcat.util.threads.InlineExecutorService.execute(InlineExecutorService.java:75) [tomcat-util.jar:9.0.98]
	at java.util.concurrent.AbstractExecutorService.submit(AbstractExecutorService.java:145) [?:?]
	at org.apache.catalina.core.ContainerBase.startInternal(ContainerBase.java:749) [catalina.jar:9.0.98]
	at org.apache.catalina.core.StandardEngine.startInternal(StandardEngine.java:211) [catalina.jar:9.0.98]
	at org.apache.catalina.util.LifecycleBase.start(LifecycleBase.java:164) [catalina.jar:9.0.98]
	at org.apache.catalina.core.StandardService.startInternal(StandardService.java:415) [catalina.jar:9.0.98]
	at org.apache.catalina.util.LifecycleBase.start(LifecycleBase.java:164) [catalina.jar:9.0.98]
	at org.apache.catalina.core.StandardServer.startInternal(StandardServer.java:874) [catalina.jar:9.0.98]
	at org.apache.catalina.util.LifecycleBase.start(LifecycleBase.java:164) [catalina.jar:9.0.98]
	at org.apache.catalina.startup.Catalina.start(Catalina.java:739) [catalina.jar:9.0.98]
	at jdk.internal.reflect.DirectMethodHandleAccessor.invoke(DirectMethodHandleAccessor.java:103) ~[?:?]
	at java.lang.reflect.Method.invoke(Method.java:580) ~[?:?]
	at org.apache.catalina.startup.Bootstrap.start(Bootstrap.java:345) [bootstrap.jar:9.0.98]
	at org.apache.catalina.startup.Bootstrap.main(Bootstrap.java:473) [bootstrap.jar:9.0.98]
2025-06-11 19:31:52.849 INFO  [main][PortalContextLoaderListener:114] JVM arguments: --add-opens=java.base/java.lang=ALL-UNNAMED --add-opens=java.base/java.lang.invoke=ALL-UNNAMED --add-opens=java.base/java.lang.reflect=ALL-UNNAMED --add-opens=java.base/java.net=ALL-UNNAMED --add-opens=java.base/sun.net.www.protocol.http=ALL-UNNAMED --add-opens=java.base/sun.net.www.protocol.https=ALL-UNNAMED --add-opens=java.base/sun.util.calendar=ALL-UNNAMED --add-opens=jdk.zipfs/jdk.nio.zipfs=ALL-UNNAMED --add-opens=java.base/java.lang=ALL-UNNAMED --add-opens=java.base/java.io=ALL-UNNAMED --add-opens=java.base/java.util=ALL-UNNAMED --add-opens=java.base/java.util.concurrent=ALL-UNNAMED --add-opens=java.rmi/sun.rmi.transport=ALL-UNNAMED -Djava.util.logging.config.file=/opt/liferay/tomcat/conf/logging.properties -Djava.util.logging.manager=org.apache.juli.ClassLoaderLogManager -Djdk.tls.ephemeralDHKeySize=2048 -Djava.protocol.handler.pkgs=org.apache.catalina.webresources -Dorg.apache.catalina.security.SecurityListener.UMASK=0027 -Dfile.encoding=UTF-8 -Djava.net.preferIPv4Stack=true -Duser.timezone=GMT -Xms2560m -Xmx2560m -XX:MaxNewSize=1536m -XX:MaxMetaspaceSize=768m -XX:MetaspaceSize=768m -XX:NewSize=1536m -XX:SurvivorRatio=7 -javaagent:/opt/liferay/tomcat/../glowroot/glowroot.jar -Dglowroot.enabled=true -Xms6g -Xmx6g -Djdk.util.zip.disableZip64ExtraFieldValidation=true -Dignore.endorsed.dirs= -Dcatalina.base=/opt/liferay/tomcat -Dcatalina.home=/opt/liferay/tomcat -Djava.io.tmpdir=/opt/liferay/tomcat/temp
2025-06-11 19:31:59.367 INFO  [SystemExecutorServiceUtil-1][DataSourceFactoryImpl:472] Successfully acquired JDBC connection
2025-06-11 19:31:59.544 WARN  [SystemExecutorServiceUtil-1][DialectDetector:73] Liferay is configured to use Hypersonic as its database. Do NOT use Hypersonic in production. Hypersonic is an embedded database useful for development and demonstration purposes. The database settings can be changed in portal-ext.properties.
2025-06-11 19:31:59.544 INFO  [SystemExecutorServiceUtil-1][DialectDetector:134] Using dialect com.liferay.portal.dao.orm.hibernate.HSQLDialect for HSQL Database Engine 2.7
2025-06-11 19:32:00.597 INFO  [main][ModuleFrameworkImpl:1355] Starting initial bundles
2025-06-11 19:32:01.393 INFO  [main][InterpolationConfigurationPlugin:109] Configured directory for secrets: /opt/liferay/osgi/configs
2025-06-11 19:32:01.689 INFO  [main][ModuleFrameworkImpl:1645] Started initial bundles
2025-06-11 19:32:01.689 INFO  [main][ModuleFrameworkImpl:1690] Starting dynamic bundles
2025-06-11 19:32:03.219 WARN  [Start Level: Equinox Container: f84df5ff-dfba-45ea-a476-b41f0d8ce11d][SidecarManager:70] Liferay automatically starts a child process of Elasticsearch named sidecar for convenient development and demonstration purposes. Do NOT use sidecar in production. Refer to the documentation for details on the limitations of sidecar and instructions on configuring a remote Elasticsearch connection in the Control Panel.
2025-06-11 19:32:06.715 INFO  [main][ModuleFrameworkImpl:1713] Started dynamic bundles
2025-06-11 19:32:06.715 INFO  [main][ModuleFrameworkImpl:1720] Starting web bundles
2025-06-11 19:32:08.038 INFO  [main][ModuleFrameworkImpl:1774] Started web bundles
2025-06-11 19:32:08.038 INFO  [main][ModuleFrameworkImpl:283] Navigate to Control Panel > System > Gogo Shell and enter "lb" to see all bundles
2025-06-11 19:32:09.063 INFO  [main][StartupHelperUtil:100] There are no patches installed
2025-06-11 19:32:09.066 ERROR [main][MainServlet:259] You must first upgrade the portal to the required schema version 31.14.0
java.lang.RuntimeException: You must first upgrade the portal to the required schema version 31.14.0
	at com.liferay.portal.events.StartupHelperUtil.verifyRequiredSchemaVersion(StartupHelperUtil.java:211) ~[portal-impl.jar:?]
	at com.liferay.portal.events.StartupAction.doRun(StartupAction.java:112) ~[portal-impl.jar:?]
	at com.liferay.portal.ee.license.StartupAction.doRun(Unknown Source) ~[?:?]
	at com.liferay.portal.events.StartupAction.run(StartupAction.java:42) ~[portal-impl.jar:?]
	at com.liferay.portal.internal.servlet.MainServlet.init(MainServlet.java:256) [portal-impl.jar:?]
	at javax.servlet.GenericServlet.init(GenericServlet.java:143) [servlet-api.jar:4.0.FR]
	at com.liferay.shielded.container.internal.proxy.ServletWrapper.init(ServletWrapper.java:82) [com.liferay.shielded.container.impl.jar:?]
	at org.apache.catalina.core.StandardWrapper.initServlet(StandardWrapper.java:984) [catalina.jar:9.0.98]
	at org.apache.catalina.core.StandardWrapper.load(StandardWrapper.java:841) [catalina.jar:9.0.98]
	at org.apache.catalina.core.StandardContext.loadOnStartup(StandardContext.java:4193) [catalina.jar:9.0.98]
	at org.apache.catalina.core.StandardContext.startInternal(StandardContext.java:4494) [catalina.jar:9.0.98]
	at org.apache.catalina.util.LifecycleBase.start(LifecycleBase.java:164) [catalina.jar:9.0.98]
	at org.apache.catalina.core.ContainerBase.addChildInternal(ContainerBase.java:599) [catalina.jar:9.0.98]
	at org.apache.catalina.core.ContainerBase.addChild(ContainerBase.java:571) [catalina.jar:9.0.98]
	at org.apache.catalina.core.StandardHost.addChild(StandardHost.java:603) [catalina.jar:9.0.98]
	at org.apache.catalina.startup.HostConfig.deployDescriptor(HostConfig.java:680) [catalina.jar:9.0.98]
	at org.apache.catalina.startup.HostConfig$DeployDescriptor.run(HostConfig.java:1844) [catalina.jar:9.0.98]
	at java.util.concurrent.Executors$RunnableAdapter.call(Executors.java:572) [?:?]
	at java.util.concurrent.FutureTask.run(FutureTask.java:317) [?:?]
	at org.apache.tomcat.util.threads.InlineExecutorService.execute(InlineExecutorService.java:75) [tomcat-util.jar:9.0.98]
	at java.util.concurrent.AbstractExecutorService.submit(AbstractExecutorService.java:123) [?:?]
	at org.apache.catalina.startup.HostConfig.deployDescriptors(HostConfig.java:575) [catalina.jar:9.0.98]
	at org.apache.catalina.startup.HostConfig.deployApps(HostConfig.java:466) [catalina.jar:9.0.98]
	at org.apache.catalina.startup.HostConfig.start(HostConfig.java:1584) [catalina.jar:9.0.98]
	at org.apache.catalina.startup.HostConfig.lifecycleEvent(HostConfig.java:312) [catalina.jar:9.0.98]
	at org.apache.catalina.util.LifecycleBase.fireLifecycleEvent(LifecycleBase.java:109) [catalina.jar:9.0.98]
	at org.apache.catalina.util.LifecycleBase.setStateInternal(LifecycleBase.java:389) [catalina.jar:9.0.98]
	at org.apache.catalina.util.LifecycleBase.setState(LifecycleBase.java:336) [catalina.jar:9.0.98]
	at org.apache.catalina.core.ContainerBase.startInternal(ContainerBase.java:776) [catalina.jar:9.0.98]
	at org.apache.catalina.core.StandardHost.startInternal(StandardHost.java:721) [catalina.jar:9.0.98]
	at org.apache.catalina.util.LifecycleBase.start(LifecycleBase.java:164) [catalina.jar:9.0.98]
	at org.apache.catalina.core.ContainerBase$StartChild.call(ContainerBase.java:1203) [catalina.jar:9.0.98]
	at org.apache.catalina.core.ContainerBase$StartChild.call(ContainerBase.java:1193) [catalina.jar:9.0.98]
	at java.util.concurrent.FutureTask.run(FutureTask.java:317) [?:?]
	at org.apache.tomcat.util.threads.InlineExecutorService.execute(InlineExecutorService.java:75) [tomcat-util.jar:9.0.98]
	at java.util.concurrent.AbstractExecutorService.submit(AbstractExecutorService.java:145) [?:?]
	at org.apache.catalina.core.ContainerBase.startInternal(ContainerBase.java:749) [catalina.jar:9.0.98]
	at org.apache.catalina.core.StandardEngine.startInternal(StandardEngine.java:211) [catalina.jar:9.0.98]
	at org.apache.catalina.util.LifecycleBase.start(LifecycleBase.java:164) [catalina.jar:9.0.98]
	at org.apache.catalina.core.StandardService.startInternal(StandardService.java:415) [catalina.jar:9.0.98]
	at org.apache.catalina.util.LifecycleBase.start(LifecycleBase.java:164) [catalina.jar:9.0.98]
	at org.apache.catalina.core.StandardServer.startInternal(StandardServer.java:874) [catalina.jar:9.0.98]
	at org.apache.catalina.util.LifecycleBase.start(LifecycleBase.java:164) [catalina.jar:9.0.98]
	at org.apache.catalina.startup.Catalina.start(Catalina.java:739) [catalina.jar:9.0.98]
	at jdk.internal.reflect.DirectMethodHandleAccessor.invoke(DirectMethodHandleAccessor.java:103) ~[?:?]
	at java.lang.reflect.Method.invoke(Method.java:580) ~[?:?]
	at org.apache.catalina.startup.Bootstrap.start(Bootstrap.java:345) [bootstrap.jar:9.0.98]
	at org.apache.catalina.startup.Bootstrap.main(Bootstrap.java:473) [bootstrap.jar:9.0.98]
2025-06-11 19:33:15.673 INFO  [main][PortalContextLoaderListener:114] JVM arguments: --add-opens=java.base/java.lang=ALL-UNNAMED --add-opens=java.base/java.lang.invoke=ALL-UNNAMED --add-opens=java.base/java.lang.reflect=ALL-UNNAMED --add-opens=java.base/java.net=ALL-UNNAMED --add-opens=java.base/sun.net.www.protocol.http=ALL-UNNAMED --add-opens=java.base/sun.net.www.protocol.https=ALL-UNNAMED --add-opens=java.base/sun.util.calendar=ALL-UNNAMED --add-opens=jdk.zipfs/jdk.nio.zipfs=ALL-UNNAMED --add-opens=java.base/java.lang=ALL-UNNAMED --add-opens=java.base/java.io=ALL-UNNAMED --add-opens=java.base/java.util=ALL-UNNAMED --add-opens=java.base/java.util.concurrent=ALL-UNNAMED --add-opens=java.rmi/sun.rmi.transport=ALL-UNNAMED -Djava.util.logging.config.file=/opt/liferay/tomcat/conf/logging.properties -Djava.util.logging.manager=org.apache.juli.ClassLoaderLogManager -Djdk.tls.ephemeralDHKeySize=2048 -Djava.protocol.handler.pkgs=org.apache.catalina.webresources -Dorg.apache.catalina.security.SecurityListener.UMASK=0027 -Dfile.encoding=UTF-8 -Djava.net.preferIPv4Stack=true -Duser.timezone=GMT -Xms2560m -Xmx2560m -XX:MaxNewSize=1536m -XX:MaxMetaspaceSize=768m -XX:MetaspaceSize=768m -XX:NewSize=1536m -XX:SurvivorRatio=7 -javaagent:/opt/liferay/tomcat/../glowroot/glowroot.jar -Dglowroot.enabled=true -Xms6g -Xmx6g -Djdk.util.zip.disableZip64ExtraFieldValidation=true -Dignore.endorsed.dirs= -Dcatalina.base=/opt/liferay/tomcat -Dcatalina.home=/opt/liferay/tomcat -Djava.io.tmpdir=/opt/liferay/tomcat/temp
2025-06-11 19:33:21.408 INFO  [SystemExecutorServiceUtil-1][DataSourceFactoryImpl:472] Successfully acquired JDBC connection
2025-06-11 19:33:21.601 WARN  [SystemExecutorServiceUtil-1][DialectDetector:73] Liferay is configured to use Hypersonic as its database. Do NOT use Hypersonic in production. Hypersonic is an embedded database useful for development and demonstration purposes. The database settings can be changed in portal-ext.properties.
2025-06-11 19:33:21.601 INFO  [SystemExecutorServiceUtil-1][DialectDetector:134] Using dialect com.liferay.portal.dao.orm.hibernate.HSQLDialect for HSQL Database Engine 2.7
2025-06-11 19:33:21.689 INFO  [SystemExecutorServiceUtil-1][DBInitUtil:109] Create tables and populate with default data
2025-06-11 19:33:23.034 INFO  [main][ModuleFrameworkImpl:1355] Starting initial bundles
2025-06-11 19:33:24.075 INFO  [main][InterpolationConfigurationPlugin:109] Configured directory for secrets: /opt/liferay/osgi/configs
2025-06-11 19:33:24.414 INFO  [main][ModuleFrameworkImpl:1645] Started initial bundles
2025-06-11 19:33:24.415 INFO  [main][ModuleFrameworkImpl:1690] Starting dynamic bundles
2025-06-11 19:33:26.623 WARN  [Start Level: Equinox Container: 052ed322-2abd-46b9-aa3b-be865a4149b8][SidecarManager:70] Liferay automatically starts a child process of Elasticsearch named sidecar for convenient development and demonstration purposes. Do NOT use sidecar in production. Refer to the documentation for details on the limitations of sidecar and instructions on configuring a remote Elasticsearch connection in the Control Panel.
2025-06-11 19:33:30.618 INFO  [main][ModuleFrameworkImpl:1713] Started dynamic bundles
2025-06-11 19:33:30.619 INFO  [main][ModuleFrameworkImpl:1720] Starting web bundles
2025-06-11 19:33:32.140 INFO  [main][ModuleFrameworkImpl:1774] Started web bundles
2025-06-11 19:33:32.141 INFO  [main][ModuleFrameworkImpl:283] Navigate to Control Panel > System > Gogo Shell and enter "lb" to see all bundles
2025-06-11 19:33:34.403 INFO  [main][StartupHelperUtil:100] There are no patches installed
2025-06-11 19:33:34.633 INFO  [main][LicenseManager:-1] Failed to find directory /opt/liferay/data/license
2025-06-11 19:33:34.634 INFO  [main][LicenseManager:-1] No binary licenses found
2025-06-11 19:33:35.243 INFO  [main][AutoDeployDir:152] Auto deploy scanner started for /opt/liferay/deploy
2025-06-11 19:33:36.211 INFO  [SystemExecutorServiceUtil-1][Sidecar:100] Sidecar Elasticsearch 7.17.26 liferay_sidecar started at 127.0.0.1:9201
2025-06-11 19:33:46.818 INFO  [main][VerifyProcess:65] Verifying com.liferay.portal.security.service.access.policy.internal.verify.SAPServiceVerifyProcess
2025-06-11 19:33:46.819 INFO  [main][LoggingTimer:74] Starting com.liferay.portal.security.service.access.policy.internal.verify.SAPServiceVerifyProcess#verifyDefaultSAPEntry
2025-06-11 19:33:46.848 INFO  [main][LoggingTimer:35] Completed com.liferay.portal.security.service.access.policy.internal.verify.SAPServiceVerifyProcess#verifyDefaultSAPEntry in 29 ms
2025-06-11 19:33:46.849 INFO  [main][VerifyProcess:78] Completed verification process com.liferay.portal.security.service.access.policy.internal.verify.SAPServiceVerifyProcess in 31 ms
2025-06-11 19:33:46.852 INFO  [main][VerifyProcess:65] Verifying com.liferay.search.experiences.internal.verify.SXPServiceVerifyProcess
2025-06-11 19:33:48.252 INFO  [com.liferay.portal.kernel.deploy.auto.AutoDeployScanner][AutoDeployDir:212] Processing trial-dxp-license-1742409617000.xml
2025-06-11 19:33:48.254 INFO  [main][VerifyProcess:78] Completed verification process com.liferay.search.experiences.internal.verify.SXPServiceVerifyProcess in 1401 ms
2025-06-11 19:33:48.263 INFO  [main][VerifyProcess:65] Verifying com.liferay.portal.search.tuning.synonyms.web.internal.verify.SynonymSetsDatabaseImporterVerifyProcess
2025-06-11 19:33:48.425 INFO  [SystemExecutorServiceUtil-13-com.liferay.portal.spring.extender.internal.configuration.ServiceConfigurationInitializer-com.liferay.change.tracking.service][VerifyProcess:65] Verifying com.liferay.commerce.product.internal.verify.CommerceProductServiceVerifyProcess
2025-06-11 19:33:48.430 INFO  [SystemExecutorServiceUtil-13-com.liferay.portal.spring.extender.internal.configuration.ServiceConfigurationInitializer-com.liferay.change.tracking.service][LoggingTimer:74] Starting com.liferay.commerce.product.internal.verify.CommerceProductServiceVerifyProcess#verifyCPMeasurementUnits
2025-06-11 19:33:48.708 INFO  [main][VerifyProcess:78] Completed verification process com.liferay.portal.search.tuning.synonyms.web.internal.verify.SynonymSetsDatabaseImporterVerifyProcess in 445 ms
2025-06-11 19:33:48.872 INFO  [SystemExecutorServiceUtil-13-com.liferay.portal.spring.extender.internal.configuration.ServiceConfigurationInitializer-com.liferay.change.tracking.service][LoggingTimer:35] Completed com.liferay.commerce.product.internal.verify.CommerceProductServiceVerifyProcess#verifyCPMeasurementUnits in 443 ms
2025-06-11 19:33:48.873 INFO  [SystemExecutorServiceUtil-13-com.liferay.portal.spring.extender.internal.configuration.ServiceConfigurationInitializer-com.liferay.change.tracking.service][VerifyProcess:78] Completed verification process com.liferay.commerce.product.internal.verify.CommerceProductServiceVerifyProcess in 448 ms
2025-06-11 19:33:52.311 INFO  [fileinstall-directory-watcher][BaseAutoDeployListener:34] Copying themes for /opt/liferay/tomcat/temp/20250611193352284QHIKJOWL/admin-theme.war
2025-06-11 19:33:52.819 INFO  [fileinstall-directory-watcher][BaseAutoDeployListener:41] Themes for /opt/liferay/tomcat/temp/20250611193352284QHIKJOWL/admin-theme.war copied successfully
2025-06-11 19:33:53.204 INFO  [SystemExecutorServiceUtil-13-com.liferay.portal.spring.extender.internal.configuration.ServiceConfigurationInitializer-com.liferay.change.tracking.service][VerifyProcess:65] Verifying com.liferay.portal.search.tuning.rankings.web.internal.verify.RankingsDatabaseImporterVerifyProcess
2025-06-11 19:33:53.321 INFO  [SystemExecutorServiceUtil-13-com.liferay.portal.spring.extender.internal.configuration.ServiceConfigurationInitializer-com.liferay.change.tracking.service][VerifyProcess:78] Completed verification process com.liferay.portal.search.tuning.rankings.web.internal.verify.RankingsDatabaseImporterVerifyProcess in 118 ms
2025-06-11 19:33:53.390 INFO  [SystemExecutorServiceUtil-13-com.liferay.portal.spring.extender.internal.configuration.ServiceConfigurationInitializer-com.liferay.change.tracking.service][VerifyProcess:65] Verifying com.liferay.adaptive.media.document.library.thumbnails.internal.verify.DocumentLibraryThumbnailsConfigurationVerifyProcess
2025-06-11 19:33:53.410 INFO  [SystemExecutorServiceUtil-13-com.liferay.portal.spring.extender.internal.configuration.ServiceConfigurationInitializer-com.liferay.change.tracking.service][VerifyProcess:78] Completed verification process com.liferay.adaptive.media.document.library.thumbnails.internal.verify.DocumentLibraryThumbnailsConfigurationVerifyProcess in 20 ms
2025-06-11 19:33:54.093 INFO  [fileinstall-directory-watcher][BaseAutoDeployListener:34] Copying themes for /opt/liferay/tomcat/temp/20250611193354076IMDPGHOB/classic-theme.war
2025-06-11 19:33:54.734 INFO  [SystemExecutorServiceUtil-13-com.liferay.portal.spring.extender.internal.configuration.ServiceConfigurationInitializer-com.liferay.change.tracking.service][VerifyProcess:65] Verifying com.liferay.commerce.price.list.internal.verify.CommercePriceListServiceVerifyProcess
2025-06-11 19:33:54.734 INFO  [SystemExecutorServiceUtil-13-com.liferay.portal.spring.extender.internal.configuration.ServiceConfigurationInitializer-com.liferay.change.tracking.service][LoggingTimer:74] Starting com.liferay.commerce.price.list.internal.verify.CommercePriceListServiceVerifyProcess#verifyBasePriceLists
2025-06-11 19:33:54.741 INFO  [SystemExecutorServiceUtil-13-com.liferay.portal.spring.extender.internal.configuration.ServiceConfigurationInitializer-com.liferay.change.tracking.service][LoggingTimer:35] Completed com.liferay.commerce.price.list.internal.verify.CommercePriceListServiceVerifyProcess#verifyBasePriceLists in 7 ms
2025-06-11 19:33:54.742 INFO  [SystemExecutorServiceUtil-13-com.liferay.portal.spring.extender.internal.configuration.ServiceConfigurationInitializer-com.liferay.change.tracking.service][VerifyProcess:78] Completed verification process com.liferay.commerce.price.list.internal.verify.CommercePriceListServiceVerifyProcess in 8 ms
2025-06-11 19:33:54.961 INFO  [fileinstall-directory-watcher][BaseAutoDeployListener:41] Themes for /opt/liferay/tomcat/temp/20250611193354076IMDPGHOB/classic-theme.war copied successfully
2025-06-11 19:33:55.827 INFO  [fileinstall-directory-watcher][BaseAutoDeployListener:34] Copying themes for /opt/liferay/tomcat/temp/20250611193355817EEJNNIJZ/dialect-theme.war
2025-06-11 19:33:56.269 INFO  [fileinstall-directory-watcher][BaseAutoDeployListener:41] Themes for /opt/liferay/tomcat/temp/20250611193355817EEJNNIJZ/dialect-theme.war copied successfully
2025-06-11 19:33:56.406 INFO  [SystemExecutorServiceUtil-13-com.liferay.portal.spring.extender.internal.configuration.ServiceConfigurationInitializer-com.liferay.change.tracking.service][VerifyProcess:65] Verifying com.liferay.commerce.internal.verify.CommerceAccountServiceVerifyProcess
2025-06-11 19:33:56.407 INFO  [SystemExecutorServiceUtil-13-com.liferay.portal.spring.extender.internal.configuration.ServiceConfigurationInitializer-com.liferay.change.tracking.service][LoggingTimer:74] Starting com.liferay.commerce.internal.verify.CommerceAccountServiceVerifyProcess#verifyAccountRoles
2025-06-11 19:33:56.413 INFO  [SystemExecutorServiceUtil-13-com.liferay.portal.spring.extender.internal.configuration.ServiceConfigurationInitializer-com.liferay.change.tracking.service][LoggingTimer:35] Completed com.liferay.commerce.internal.verify.CommerceAccountServiceVerifyProcess#verifyAccountRoles in 6 ms
2025-06-11 19:33:56.414 INFO  [SystemExecutorServiceUtil-13-com.liferay.portal.spring.extender.internal.configuration.ServiceConfigurationInitializer-com.liferay.change.tracking.service][LoggingTimer:74] Starting com.liferay.commerce.internal.verify.CommerceAccountServiceVerifyProcess#verifyAccountGroup
2025-06-11 19:33:56.415 INFO  [SystemExecutorServiceUtil-13-com.liferay.portal.spring.extender.internal.configuration.ServiceConfigurationInitializer-com.liferay.change.tracking.service][LoggingTimer:35] Completed com.liferay.commerce.internal.verify.CommerceAccountServiceVerifyProcess#verifyAccountGroup in 2 ms
2025-06-11 19:33:56.416 INFO  [SystemExecutorServiceUtil-13-com.liferay.portal.spring.extender.internal.configuration.ServiceConfigurationInitializer-com.liferay.change.tracking.service][VerifyProcess:78] Completed verification process com.liferay.commerce.internal.verify.CommerceAccountServiceVerifyProcess in 9 ms
2025-06-11 19:33:57.265 INFO  [SystemExecutorServiceUtil-13-com.liferay.portal.spring.extender.internal.configuration.ServiceConfigurationInitializer-com.liferay.change.tracking.service][BatchEngineImportTaskExecutorImpl:95] Started batch engine import task 1
2025-06-11 19:33:57.274 INFO  [fileinstall-directory-watcher][BaseAutoDeployListener:34] Copying themes for /opt/liferay/tomcat/temp/20250611193357267DCBPNDOS/minium-theme.war
2025-06-11 19:33:57.741 INFO  [fileinstall-directory-watcher][BaseAutoDeployListener:41] Themes for /opt/liferay/tomcat/temp/20250611193357267DCBPNDOS/minium-theme.war copied successfully
2025-06-11 19:33:58.157 INFO  [SystemExecutorServiceUtil-13-com.liferay.portal.spring.extender.internal.configuration.ServiceConfigurationInitializer-com.liferay.change.tracking.service][BatchEngineImportTaskExecutorImpl:176] Finished batch engine import task 1 in 892ms
2025-06-11 19:33:58.790 INFO  [fileinstall-directory-watcher][BaseAutoDeployListener:34] Copying themes for /opt/liferay/tomcat/temp/20250611193358785DVWYLWQG/speedwell-theme.war
2025-06-11 19:33:59.464 INFO  [fileinstall-directory-watcher][BaseAutoDeployListener:41] Themes for /opt/liferay/tomcat/temp/20250611193358785DVWYLWQG/speedwell-theme.war copied successfully
2025-06-11 19:34:05.461 INFO  [fileinstall-directory-watcher][LicenseManager:-1] DXP Development license validation passed
2025-06-11 19:34:05.461 INFO  [fileinstall-directory-watcher][LicenseManager:-1] License registered for DXP Development
2025-06-11 19:34:08.827 INFO  [http-nio-8080-exec-1][BundleSiteInitializer:532] Initializing com.liferay.site.initializer.welcome for group 20117
2025-06-11 19:34:08.833 INFO  [http-nio-8080-exec-1][BundleSiteInitializer:5675] Invoking addOrUpdateDepotEntries took 1 ms
2025-06-11 19:34:08.833 INFO  [http-nio-8080-exec-1][BundleSiteInitializer:5675] Invoking addOrUpdateObjectFolders took 0 ms
2025-06-11 19:34:08.834 INFO  [http-nio-8080-exec-1][BundleSiteInitializer:5675] Invoking addOrUpdateDDMStructures took 0 ms
2025-06-11 19:34:08.834 INFO  [http-nio-8080-exec-1][BundleSiteInitializer:5675] Invoking addOrUpdateSAPEntries took 0 ms
2025-06-11 19:34:08.834 INFO  [http-nio-8080-exec-1][BundleSiteInitializer:5675] Invoking addOrUpdateListTypeDefinitions took 0 ms
2025-06-11 19:34:08.834 INFO  [http-nio-8080-exec-1][BundleSiteInitializer:5675] Invoking setPLOEntries took 0 ms
2025-06-11 19:34:08.853 INFO  [http-nio-8080-exec-1][BundleSiteInitializer:5675] Invoking addAccountGroups took 18 ms
2025-06-11 19:34:08.856 INFO  [http-nio-8080-exec-1][BundleSiteInitializer:5675] Invoking addOrUpdateRoles took 3 ms
2025-06-11 19:34:08.856 INFO  [http-nio-8080-exec-1][BundleSiteInitializer:5675] Invoking addOrUpdateUserGroups took 0 ms
2025-06-11 19:34:08.857 INFO  [http-nio-8080-exec-1][BundleSiteInitializer:5675] Invoking addOrUpdateTaxonomyVocabularies took 0 ms
2025-06-11 19:34:08.857 INFO  [http-nio-8080-exec-1][BundleSiteInitializer:5675] Invoking addOrUpdateExpandoColumns took 0 ms
2025-06-11 19:34:08.857 INFO  [http-nio-8080-exec-1][BundleSiteInitializer:5675] Invoking addSiteSettings took 0 ms
2025-06-11 19:34:08.857 INFO  [http-nio-8080-exec-1][BundleSiteInitializer:5675] Invoking addOrUpdateOrganizations took 0 ms
2025-06-11 19:34:08.857 INFO  [http-nio-8080-exec-1][BundleSiteInitializer:5675] Invoking addOrUpdateKnowledgeBaseArticles took 0 ms
2025-06-11 19:34:08.857 INFO  [http-nio-8080-exec-1][BundleSiteInitializer:5675] Invoking addKeywords took 0 ms
2025-06-11 19:34:08.858 INFO  [http-nio-8080-exec-1][BundleSiteInitializer:5675] Invoking addPortletSettings took 0 ms
2025-06-11 19:34:08.862 INFO  [http-nio-8080-exec-1][BundleSiteInitializer:5675] Invoking addOrUpdateDataDefinitions took 3 ms
2025-06-11 19:34:09.074 INFO  [http-nio-8080-exec-1][BundleSiteInitializer:5675] Invoking addOrUpdateLayouts took 212 ms
2025-06-11 19:34:09.074 INFO  [http-nio-8080-exec-1][BundleSiteInitializer:5675] Invoking addAccounts took 0 ms
2025-06-11 19:34:09.074 INFO  [http-nio-8080-exec-1][BundleSiteInitializer:5675] Invoking addStyleBookEntries took 0 ms
2025-06-11 19:34:09.074 INFO  [http-nio-8080-exec-1][BundleSiteInitializer:5675] Invoking addWorkflowDefinitions took 0 ms
2025-06-11 19:34:09.075 INFO  [http-nio-8080-exec-1][BundleSiteInitializer:5675] Invoking addOrUpdateSXPBlueprint took 0 ms
2025-06-11 19:34:09.083 INFO  [http-nio-8080-exec-1][BundleSiteInitializer:5675] Invoking updateLayoutSets took 7 ms
2025-06-11 19:34:09.083 INFO  [http-nio-8080-exec-1][BundleSiteInitializer:5675] Invoking addSiteConfiguration took 0 ms
2025-06-11 19:34:10.669 INFO  [http-nio-8080-exec-1][BundleSiteInitializer:5675] Invoking addOrUpdateDocuments took 1586 ms
2025-06-11 19:34:10.672 INFO  [http-nio-8080-exec-1][BundleSiteInitializer:5675] Invoking addAccountsOrganizations took 0 ms
2025-06-11 19:34:10.673 INFO  [http-nio-8080-exec-1][BundleSiteInitializer:5675] Invoking addOrUpdateClientExtensionEntries took 1 ms
2025-06-11 19:34:10.674 INFO  [http-nio-8080-exec-1][BundleSiteInitializer:5675] Invoking addUserAccounts took 0 ms
2025-06-11 19:34:10.675 INFO  [http-nio-8080-exec-1][BundleSiteInitializer:5675] Invoking addAccountGroupAssignments took 0 ms
2025-06-11 19:34:10.675 INFO  [http-nio-8080-exec-1][BundleSiteInitializer:5675] Invoking addOrUpdateBlogPostings took 0 ms
2025-06-11 19:34:10.675 INFO  [http-nio-8080-exec-1][BundleSiteInitializer:5675] Invoking addOrUpdateSegmentsEntries took 0 ms
2025-06-11 19:34:10.675 INFO  [http-nio-8080-exec-1][BundleSiteInitializer:5675] Invoking addFragmentEntries took 0 ms
2025-06-11 19:34:10.676 INFO  [http-nio-8080-exec-1][BundleSiteInitializer:5675] Invoking addUserRoles took 0 ms
2025-06-11 19:34:10.676 INFO  [http-nio-8080-exec-1][BundleSiteInitializer:5675] Invoking addRolesAssignments took 0 ms
2025-06-11 19:34:10.679 INFO  [http-nio-8080-exec-1][BundleSiteInitializer:5675] Invoking addObjectDefinitions took 3 ms
2025-06-11 19:34:10.680 INFO  [http-nio-8080-exec-1][BundleSiteInitializer:5675] Invoking addOrUpdateAssetLinkEntries took 0 ms
2025-06-11 19:34:10.681 INFO  [http-nio-8080-exec-1][BundleSiteInitializer:5675] Invoking addOrUpdateObjectRelationships took 1 ms
2025-06-11 19:34:10.681 INFO  [http-nio-8080-exec-1][BundleSiteInitializer:5675] Invoking addOrUpdateObjectFields took 0 ms
2025-06-11 19:34:10.681 INFO  [http-nio-8080-exec-1][BundleSiteInitializer:5675] Invoking publishObjectDefinitions took 0 ms
2025-06-11 19:34:10.735 INFO  [http-nio-8080-exec-1][BundleSiteInitializer:5675] Invoking addOrUpdateDDMTemplates took 53 ms
2025-06-11 19:34:10.735 INFO  [http-nio-8080-exec-1][BundleSiteInitializer:5675] Invoking addOrUpdateAccountEntryRestrictions took 0 ms
2025-06-11 19:34:10.736 INFO  [http-nio-8080-exec-1][BundleSiteInitializer:5675] Invoking addOrUpdateJournalArticles took 1 ms
2025-06-11 19:34:10.736 INFO  [http-nio-8080-exec-1][BundleSiteInitializer:5675] Invoking addAssetListEntries took 0 ms
2025-06-11 19:34:10.736 INFO  [http-nio-8080-exec-1][BundleSiteInitializer:5675] Invoking addOrUpdateObjectActions took 0 ms
2025-06-11 19:34:10.736 INFO  [http-nio-8080-exec-1][BundleSiteInitializer:5675] Invoking addOrUpdateNotificationTemplates took 0 ms
2025-06-11 19:34:10.737 INFO  [http-nio-8080-exec-1][BundleSiteInitializer:5675] Invoking addOrUpdateObjectEntries took 0 ms
2025-06-11 19:34:10.737 INFO  [http-nio-8080-exec-1][BundleSiteInitializer:5675] Invoking addCPDefinitions took 0 ms
2025-06-11 19:34:13.769 INFO  [http-nio-8080-exec-1][BundleSiteInitializer:5675] Invoking addLayoutUtilityPageEntries took 3031 ms
2025-06-11 19:34:13.769 INFO  [http-nio-8080-exec-1][BundleSiteInitializer:5675] Invoking addLayoutPageTemplates took 0 ms
2025-06-11 19:34:14.341 INFO  [http-nio-8080-exec-1][BundleSiteInitializer:5675] Invoking addOrUpdateLayoutsContent took 571 ms
2025-06-11 19:34:14.342 INFO  [http-nio-8080-exec-1][BundleSiteInitializer:5675] Invoking addExpandoValues took 0 ms
2025-06-11 19:34:14.342 INFO  [http-nio-8080-exec-1][BundleSiteInitializer:5675] Invoking addSegmentsExperiences took 0 ms
2025-06-11 19:34:14.342 INFO  [http-nio-8080-exec-1][BundleSiteInitializer:5675] Invoking addOrUpdateResourcePermissions took 0 ms
2025-06-11 19:34:14.342 INFO  [http-nio-8080-exec-1][BundleSiteInitializer:550] Initialized com.liferay.site.initializer.welcome for group 20117 in 5515 ms
