2025-06-17 21:52:07.241 INFO  [http-nio-8080-exec-8][BatchEngineImportTaskExecutorImpl:95] Started batch engine import task 102
2025-06-17 21:52:08.939 INFO  [http-nio-8080-exec-8][BatchEngineImportTaskExecutorImpl:176] Finished batch engine import task 102 in 1696ms
2025-06-17 21:52:43.650 ERROR [http-nio-8080-exec-9][SqlExceptionHelper:142] transaction rollback: serialization failure
2025-06-17 21:52:43.657 ERROR [http-nio-8080-exec-9][BasePersistenceImpl:632] Caught unexpected exception
org.hibernate.exception.LockAcquisitionException: could not extract ResultSet
	at org.hibernate.exception.internal.SQLExceptionTypeDelegate.convert(SQLExceptionTypeDelegate.java:75) ~[hibernate-core.jar:5.6.7.Final]
	at org.hibernate.exception.internal.StandardSQLExceptionConverter.convert(StandardSQLExceptionConverter.java:37) ~[hibernate-core.jar:5.6.7.Final]
	at org.hibernate.engine.jdbc.spi.SqlExceptionHelper.convert(SqlExceptionHelper.java:113) ~[hibernate-core.jar:5.6.7.Final]
	at org.hibernate.engine.jdbc.spi.SqlExceptionHelper.convert(SqlExceptionHelper.java:99) ~[hibernate-core.jar:5.6.7.Final]
	at org.hibernate.engine.jdbc.internal.ResultSetReturnImpl.extract(ResultSetReturnImpl.java:67) ~[hibernate-core.jar:5.6.7.Final]
	at org.hibernate.loader.Loader.getResultSet(Loader.java:2322) ~[hibernate-core.jar:5.6.7.Final]
	at org.hibernate.loader.Loader.executeQueryStatement(Loader.java:2075) ~[hibernate-core.jar:5.6.7.Final]
	at org.hibernate.loader.Loader.executeQueryStatement(Loader.java:2037) ~[hibernate-core.jar:5.6.7.Final]
	at org.hibernate.loader.Loader.doQuery(Loader.java:956) ~[hibernate-core.jar:5.6.7.Final]
	at org.hibernate.loader.Loader.doQueryAndInitializeNonLazyCollections(Loader.java:357) ~[hibernate-core.jar:5.6.7.Final]
	at org.hibernate.loader.Loader.doList(Loader.java:2868) ~[hibernate-core.jar:5.6.7.Final]
	at org.hibernate.loader.Loader.doList(Loader.java:2850) ~[hibernate-core.jar:5.6.7.Final]
	at org.hibernate.loader.Loader.listIgnoreQueryCache(Loader.java:2682) ~[hibernate-core.jar:5.6.7.Final]
	at org.hibernate.loader.Loader.list(Loader.java:2677) ~[hibernate-core.jar:5.6.7.Final]
	at org.hibernate.loader.criteria.CriteriaLoader.list(CriteriaLoader.java:109) ~[hibernate-core.jar:5.6.7.Final]
	at org.hibernate.internal.SessionImpl.list(SessionImpl.java:1922) ~[hibernate-core.jar:5.6.7.Final]
	at org.hibernate.internal.CriteriaImpl.list(CriteriaImpl.java:370) ~[hibernate-core.jar:5.6.7.Final]
	at com.liferay.portal.dao.orm.hibernate.DynamicQueryImpl.list(DynamicQueryImpl.java:131) ~[portal-impl.jar:?]
	at com.liferay.portal.dao.orm.hibernate.DynamicQueryImpl.list(DynamicQueryImpl.java:117) ~[portal-impl.jar:?]
	at com.liferay.portal.kernel.service.persistence.impl.BasePersistenceImpl.findWithDynamicQuery(BasePersistenceImpl.java:519) ~[portal-kernel.jar:?]
	at com.liferay.object.service.base.ObjectDefinitionLocalServiceBaseImpl.dynamicQuery(ObjectDefinitionLocalServiceBaseImpl.java:175) ~[?:?]
	at jdk.internal.reflect.DirectMethodHandleAccessor.invoke(DirectMethodHandleAccessor.java:103) ~[?:?]
	at java.lang.reflect.Method.invoke(Method.java:580) ~[?:?]
	at com.liferay.portal.spring.aop.AopMethodInvocationImpl.proceed(AopMethodInvocationImpl.java:41) ~[portal-impl.jar:?]
	at com.liferay.portal.spring.transaction.TransactionInterceptor.invoke(TransactionInterceptor.java:60) ~[portal-impl.jar:?]
	at com.liferay.portal.spring.aop.AopMethodInvocationImpl.proceed(AopMethodInvocationImpl.java:48) ~[portal-impl.jar:?]
	at com.liferay.change.tracking.internal.aop.CTTransactionAdvice.invoke(CTTransactionAdvice.java:70) ~[?:?]
	at com.liferay.portal.spring.aop.AopMethodInvocationImpl.proceed(AopMethodInvocationImpl.java:48) ~[portal-impl.jar:?]
	at com.liferay.portal.spring.aop.AopInvocationHandler.invoke(AopInvocationHandler.java:40) ~[portal-impl.jar:?]
	at jdk.proxy107.$Proxy1305.dynamicQuery(Unknown Source) ~[?:?]
	at jdk.internal.reflect.DirectMethodHandleAccessor.invoke(DirectMethodHandleAccessor.java:103) ~[?:?]
	at java.lang.reflect.Method.invoke(Method.java:580) ~[?:?]
	at com.liferay.portal.kernel.dao.orm.DefaultActionableDynamicQuery.executeDynamicQuery(DefaultActionableDynamicQuery.java:346) ~[portal-kernel.jar:?]
	at com.liferay.portal.kernel.dao.orm.DefaultActionableDynamicQuery.lambda$doPerformActions$1(DefaultActionableDynamicQuery.java:262) ~[portal-kernel.jar:?]
	at com.liferay.portal.kernel.dao.orm.DefaultActionableDynamicQuery.doPerformActions(DefaultActionableDynamicQuery.java:323) ~[portal-kernel.jar:?]
	at com.liferay.portal.kernel.dao.orm.DefaultActionableDynamicQuery.performActions(DefaultActionableDynamicQuery.java:79) ~[portal-kernel.jar:?]
	at com.liferay.object.internal.model.listener.GroupModelListener.onBeforeRemove(GroupModelListener.java:52) ~[?:?]
	at com.liferay.object.internal.model.listener.GroupModelListener.onBeforeRemove(GroupModelListener.java:28) ~[?:?]
	at com.liferay.portal.kernel.service.persistence.impl.BasePersistenceImpl.removeByFunction(BasePersistenceImpl.java:672) ~[portal-kernel.jar:?]
	at com.liferay.portal.kernel.service.persistence.impl.BasePersistenceImpl.remove(BasePersistenceImpl.java:653) ~[portal-kernel.jar:?]
	at com.liferay.portal.service.impl.GroupLocalServiceImpl.deleteGroup(GroupLocalServiceImpl.java:1238) ~[portal-impl.jar:?]
	at jdk.internal.reflect.DirectMethodHandleAccessor.invoke(DirectMethodHandleAccessor.java:103) ~[?:?]
	at java.lang.reflect.Method.invoke(Method.java:580) ~[?:?]
	at com.liferay.portal.spring.aop.AopMethodInvocationImpl.proceed(AopMethodInvocationImpl.java:41) ~[portal-impl.jar:?]
	at com.liferay.portal.spring.transaction.TransactionInterceptor.invoke(TransactionInterceptor.java:60) ~[portal-impl.jar:?]
	at com.liferay.portal.spring.aop.AopMethodInvocationImpl.proceed(AopMethodInvocationImpl.java:48) ~[portal-impl.jar:?]
	at com.liferay.portal.kernel.aop.ChainableMethodAdvice.invoke(ChainableMethodAdvice.java:55) ~[portal-kernel.jar:?]
	at com.liferay.portal.spring.aop.AopMethodInvocationImpl.proceed(AopMethodInvocationImpl.java:48) ~[portal-impl.jar:?]
	at com.liferay.portal.spring.aop.AopInvocationHandler.invoke(AopInvocationHandler.java:40) ~[portal-impl.jar:?]
	at jdk.proxy3.$Proxy110.deleteGroup(Unknown Source) ~[?:?]
	at com.liferay.commerce.product.service.impl.CommerceCatalogLocalServiceImpl.forceDeleteCommerceCatalog(CommerceCatalogLocalServiceImpl.java:276) ~[?:?]
	at jdk.internal.reflect.DirectMethodHandleAccessor.invoke(DirectMethodHandleAccessor.java:103) ~[?:?]
	at java.lang.reflect.Method.invoke(Method.java:580) ~[?:?]
	at com.liferay.portal.spring.aop.AopMethodInvocationImpl.proceed(AopMethodInvocationImpl.java:41) ~[portal-impl.jar:?]
	at com.liferay.portal.spring.transaction.TransactionInterceptor.invoke(TransactionInterceptor.java:60) ~[portal-impl.jar:?]
	at com.liferay.portal.spring.aop.AopMethodInvocationImpl.proceed(AopMethodInvocationImpl.java:48) ~[portal-impl.jar:?]
	at com.liferay.portal.kernel.aop.ChainableMethodAdvice.invoke(ChainableMethodAdvice.java:55) ~[portal-kernel.jar:?]
	at com.liferay.portal.spring.aop.AopMethodInvocationImpl.proceed(AopMethodInvocationImpl.java:48) ~[portal-impl.jar:?]
	at com.liferay.portal.kernel.aop.ChainableMethodAdvice.invoke(ChainableMethodAdvice.java:55) ~[portal-kernel.jar:?]
	at com.liferay.portal.spring.aop.AopMethodInvocationImpl.proceed(AopMethodInvocationImpl.java:48) ~[portal-impl.jar:?]
	at com.liferay.portal.spring.aop.AopInvocationHandler.invoke(AopInvocationHandler.java:40) ~[portal-impl.jar:?]
	at jdk.proxy342.$Proxy1233.forceDeleteCommerceCatalog(Unknown Source) ~[?:?]
	at com.liferay.commerce.product.service.impl.CommerceCatalogLocalServiceImpl.deleteCommerceCatalogs(CommerceCatalogLocalServiceImpl.java:224) ~[?:?]
	at jdk.internal.reflect.DirectMethodHandleAccessor.invoke(DirectMethodHandleAccessor.java:103) ~[?:?]
	at java.lang.reflect.Method.invoke(Method.java:580) ~[?:?]
	at com.liferay.portal.spring.aop.AopMethodInvocationImpl.proceed(AopMethodInvocationImpl.java:41) ~[portal-impl.jar:?]
	at com.liferay.portal.spring.transaction.TransactionInterceptor.invoke(TransactionInterceptor.java:60) ~[portal-impl.jar:?]
	at com.liferay.portal.spring.aop.AopMethodInvocationImpl.proceed(AopMethodInvocationImpl.java:48) ~[portal-impl.jar:?]
	at com.liferay.portal.spring.aop.AopInvocationHandler.invoke(AopInvocationHandler.java:40) ~[portal-impl.jar:?]
	at jdk.proxy342.$Proxy1233.deleteCommerceCatalogs(Unknown Source) ~[?:?]
	at com.liferay.commerce.product.internal.model.listener.CompanyModelListener.onBeforeRemove(CompanyModelListener.java:37) ~[?:?]
	at com.liferay.commerce.product.internal.model.listener.CompanyModelListener.onBeforeRemove(CompanyModelListener.java:26) ~[?:?]
	at com.liferay.portal.kernel.service.persistence.impl.BasePersistenceImpl.removeByFunction(BasePersistenceImpl.java:672) ~[portal-kernel.jar:?]
	at com.liferay.portal.kernel.service.persistence.impl.BasePersistenceImpl.remove(BasePersistenceImpl.java:653) ~[portal-kernel.jar:?]
	at com.liferay.portal.service.impl.CompanyLocalServiceImpl.doDeleteCompany(CompanyLocalServiceImpl.java:1594) ~[portal-impl.jar:?]
	at com.liferay.portal.service.impl.CompanyLocalServiceImpl.deleteCompany(CompanyLocalServiceImpl.java:647) ~[portal-impl.jar:?]
	at jdk.internal.reflect.DirectMethodHandleAccessor.invoke(DirectMethodHandleAccessor.java:103) ~[?:?]
	at java.lang.reflect.Method.invoke(Method.java:580) ~[?:?]
	at com.liferay.portal.spring.aop.AopMethodInvocationImpl.proceed(AopMethodInvocationImpl.java:41) ~[portal-impl.jar:?]
	at com.liferay.portal.spring.transaction.TransactionInterceptor.invoke(TransactionInterceptor.java:60) ~[portal-impl.jar:?]
	at com.liferay.portal.spring.aop.AopMethodInvocationImpl.proceed(AopMethodInvocationImpl.java:48) ~[portal-impl.jar:?]
	at com.liferay.portal.kernel.aop.ChainableMethodAdvice.invoke(ChainableMethodAdvice.java:55) ~[portal-kernel.jar:?]
	at com.liferay.portal.spring.aop.AopMethodInvocationImpl.proceed(AopMethodInvocationImpl.java:48) ~[portal-impl.jar:?]
	at com.liferay.change.tracking.internal.aop.CTTransactionAdvice.invoke(CTTransactionAdvice.java:70) ~[?:?]
	at com.liferay.portal.spring.aop.AopMethodInvocationImpl.proceed(AopMethodInvocationImpl.java:48) ~[portal-impl.jar:?]
	at com.liferay.portal.spring.aop.AopInvocationHandler.invoke(AopInvocationHandler.java:40) ~[portal-impl.jar:?]
	at jdk.proxy3.$Proxy102.deleteCompany(Unknown Source) ~[?:?]
	at com.liferay.portal.service.impl.CompanyServiceImpl.deleteCompany(CompanyServiceImpl.java:119) ~[portal-impl.jar:?]
	at jdk.internal.reflect.DirectMethodHandleAccessor.invoke(DirectMethodHandleAccessor.java:103) ~[?:?]
	at java.lang.reflect.Method.invoke(Method.java:580) ~[?:?]
	at com.liferay.portal.spring.aop.AopMethodInvocationImpl.proceed(AopMethodInvocationImpl.java:41) ~[portal-impl.jar:?]
	at com.liferay.portal.spring.transaction.TransactionInterceptor.invoke(TransactionInterceptor.java:60) ~[portal-impl.jar:?]
	at com.liferay.portal.spring.aop.AopMethodInvocationImpl.proceed(AopMethodInvocationImpl.java:48) ~[portal-impl.jar:?]
	at com.liferay.portal.kernel.aop.ChainableMethodAdvice.invoke(ChainableMethodAdvice.java:55) ~[portal-kernel.jar:?]
	at com.liferay.portal.spring.aop.AopMethodInvocationImpl.proceed(AopMethodInvocationImpl.java:48) ~[portal-impl.jar:?]
	at com.liferay.change.tracking.internal.aop.CTTransactionAdvice.invoke(CTTransactionAdvice.java:70) ~[?:?]
	at com.liferay.portal.spring.aop.AopMethodInvocationImpl.proceed(AopMethodInvocationImpl.java:48) ~[portal-impl.jar:?]
	at com.liferay.portal.spring.aop.AopInvocationHandler.invoke(AopInvocationHandler.java:40) ~[portal-impl.jar:?]
	at jdk.proxy3.$Proxy209.deleteCompany(Unknown Source) ~[?:?]
	at com.liferay.portal.instances.web.internal.portlet.action.DeleteInstanceMVCActionCommand.doProcessAction(DeleteInstanceMVCActionCommand.java:49) ~[bundleFile:?]
	at com.liferay.portal.kernel.portlet.bridges.mvc.BaseMVCActionCommand.processAction(BaseMVCActionCommand.java:48) ~[portal-kernel.jar:?]
	at com.liferay.portal.kernel.portlet.bridges.mvc.MVCPortlet.callActionMethod(MVCPortlet.java:393) ~[portal-kernel.jar:?]
	at com.liferay.portal.kernel.portlet.LiferayPortlet.processAction(LiferayPortlet.java:75) ~[portal-kernel.jar:?]
	at com.liferay.portal.kernel.portlet.bridges.mvc.MVCPortlet.processAction(MVCPortlet.java:247) ~[portal-kernel.jar:?]
	at com.liferay.portlet.internal.FilterChainImpl.doFilter(FilterChainImpl.java:68) ~[portal-impl.jar:?]
	at com.liferay.portal.kernel.portlet.PortletFilterUtil.doFilter(PortletFilterUtil.java:41) ~[portal-kernel.jar:?]
	at com.liferay.portal.kernel.servlet.PortletServlet.service(PortletServlet.java:105) ~[portal-kernel.jar:?]
	at javax.servlet.http.HttpServlet.service(HttpServlet.java:623) ~[servlet-api.jar:4.0.FR]
	at org.eclipse.equinox.http.servlet.internal.registration.EndpointRegistration.service(EndpointRegistration.java:147) ~[?:?]
	at org.eclipse.equinox.http.servlet.internal.servlet.ResponseStateHandler.processRequest(ResponseStateHandler.java:63) ~[?:?]
	at org.eclipse.equinox.http.servlet.internal.context.DispatchTargets.doDispatch(DispatchTargets.java:120) ~[?:?]
	at org.eclipse.equinox.http.servlet.internal.servlet.RequestDispatcherAdaptor.include(RequestDispatcherAdaptor.java:48) ~[?:?]
	at com.liferay.portlet.internal.InvokerPortletImpl.invoke(InvokerPortletImpl.java:562) ~[portal-impl.jar:?]
	at com.liferay.portlet.internal.InvokerPortletImpl.invokeAction(InvokerPortletImpl.java:602) ~[portal-impl.jar:?]
	at com.liferay.portlet.internal.InvokerPortletImpl.processAction(InvokerPortletImpl.java:280) ~[portal-impl.jar:?]
	at com.liferay.portlet.internal.PortletContainerImpl._processAction(PortletContainerImpl.java:495) ~[portal-impl.jar:?]
	at com.liferay.portlet.internal.PortletContainerImpl.lambda$processAction$0(PortletContainerImpl.java:139) ~[portal-impl.jar:?]
	at com.liferay.portlet.internal.PortletContainerImpl._preserveGroupIds(PortletContainerImpl.java:402) ~[portal-impl.jar:?]
	at com.liferay.portlet.internal.PortletContainerImpl.processAction(PortletContainerImpl.java:132) ~[portal-impl.jar:?]
	at com.liferay.portlet.SecurityPortletContainerWrapper.processAction(SecurityPortletContainerWrapper.java:73) ~[portal-impl.jar:?]
	at com.liferay.portlet.RestrictPortletContainerWrapper.processAction(RestrictPortletContainerWrapper.java:63) ~[portal-impl.jar:?]
	at com.liferay.portal.kernel.portlet.PortletContainerUtil.processAction(PortletContainerUtil.java:108) ~[portal-kernel.jar:?]
	at com.liferay.portal.action.LayoutAction.processLayout(LayoutAction.java:361) ~[portal-impl.jar:?]
	at com.liferay.portal.action.LayoutAction.execute(LayoutAction.java:165) ~[portal-impl.jar:?]
	at com.liferay.portal.struts.PortalRequestProcessor._process(PortalRequestProcessor.java:377) ~[portal-impl.jar:?]
	at com.liferay.portal.struts.PortalRequestProcessor.process(PortalRequestProcessor.java:143) ~[portal-impl.jar:?]
	at com.liferay.portal.internal.servlet.MainServlet.doPost(MainServlet.java:203) ~[portal-impl.jar:?]
	at javax.servlet.http.HttpServlet.service(HttpServlet.java:555) ~[servlet-api.jar:4.0.FR]
	at com.liferay.portal.internal.servlet.MainServlet.service(MainServlet.java:581) ~[portal-impl.jar:?]
	at javax.servlet.http.HttpServlet.service(HttpServlet.java:623) ~[servlet-api.jar:4.0.FR]
	at com.liferay.shielded.container.internal.proxy.ServletWrapper.service(ServletWrapper.java:103) ~[com.liferay.shielded.container.impl.jar:?]
	at org.apache.catalina.core.ApplicationFilterChain.internalDoFilter(ApplicationFilterChain.java:199) ~[catalina.jar:9.0.102]
	at org.apache.catalina.core.ApplicationFilterChain.doFilter(ApplicationFilterChain.java:144) ~[catalina.jar:9.0.102]
	at org.apache.tomcat.websocket.server.WsFilter.doFilter(WsFilter.java:51) ~[tomcat-websocket.jar:9.0.102]
	at org.apache.catalina.core.ApplicationFilterChain.internalDoFilter(ApplicationFilterChain.java:168) ~[catalina.jar:9.0.102]
	at org.apache.catalina.core.ApplicationFilterChain.doFilter(ApplicationFilterChain.java:144) ~[catalina.jar:9.0.102]
	at com.liferay.portal.kernel.servlet.filters.invoker.InvokerFilterChain.doFilter(InvokerFilterChain.java:117) ~[portal-kernel.jar:?]
	at com.liferay.portal.kernel.servlet.BaseFilter.processFilter(BaseFilter.java:152) ~[portal-kernel.jar:?]
	at com.liferay.change.tracking.internal.servlet.filter.CTCollectionPreviewFilter.processFilter(CTCollectionPreviewFilter.java:57) ~[?:?]
	at com.liferay.portal.kernel.servlet.BaseFilter.doFilter(BaseFilter.java:42) ~[portal-kernel.jar:?]
	at com.liferay.portal.kernel.servlet.filters.invoker.InvokerFilterChain.processDoFilter(InvokerFilterChain.java:204) ~[portal-kernel.jar:?]
	at com.liferay.portal.kernel.servlet.filters.invoker.InvokerFilterChain.doFilter(InvokerFilterChain.java:109) ~[portal-kernel.jar:?]
	at com.liferay.portal.remote.cors.internal.servlet.filter.PortalCORSServletFilter.processFilter(PortalCORSServletFilter.java:159) ~[?:?]
	at com.liferay.portal.kernel.servlet.BaseFilter.doFilter(BaseFilter.java:42) ~[portal-kernel.jar:?]
	at com.liferay.portal.kernel.servlet.filters.invoker.InvokerFilterChain.processDoFilter(InvokerFilterChain.java:204) ~[portal-kernel.jar:?]
	at com.liferay.portal.kernel.servlet.filters.invoker.InvokerFilterChain.doFilter(InvokerFilterChain.java:109) ~[portal-kernel.jar:?]
	at com.liferay.portal.servlet.filters.password.modified.PasswordModifiedFilter.processFilter(PasswordModifiedFilter.java:47) ~[portal-impl.jar:?]
	at com.liferay.portal.kernel.servlet.BaseFilter.doFilter(BaseFilter.java:42) ~[portal-kernel.jar:?]
	at com.liferay.portal.kernel.servlet.filters.invoker.InvokerFilterChain.processDoFilter(InvokerFilterChain.java:204) ~[portal-kernel.jar:?]
	at com.liferay.portal.kernel.servlet.filters.invoker.InvokerFilterChain.doFilter(InvokerFilterChain.java:109) ~[portal-kernel.jar:?]
	at com.liferay.portal.servlet.filters.lockout.LockoutFilter.processFilter(LockoutFilter.java:49) ~[portal-impl.jar:?]
	at com.liferay.portal.kernel.servlet.BaseFilter.doFilter(BaseFilter.java:42) ~[portal-kernel.jar:?]
	at com.liferay.portal.kernel.servlet.filters.invoker.InvokerFilterChain.processDoFilter(InvokerFilterChain.java:204) ~[portal-kernel.jar:?]
	at com.liferay.portal.kernel.servlet.filters.invoker.InvokerFilterChain.doFilter(InvokerFilterChain.java:109) ~[portal-kernel.jar:?]
	at com.liferay.portal.kernel.servlet.BaseFilter.processFilter(BaseFilter.java:152) ~[portal-kernel.jar:?]
	at com.liferay.portal.servlet.filters.secure.BaseAuthFilter.processFilter(BaseAuthFilter.java:341) ~[portal-impl.jar:?]
	at com.liferay.portal.kernel.servlet.BaseFilter.doFilter(BaseFilter.java:42) ~[portal-kernel.jar:?]
	at com.liferay.portal.kernel.servlet.filters.invoker.InvokerFilterChain.processDoFilter(InvokerFilterChain.java:204) ~[portal-kernel.jar:?]
	at com.liferay.portal.kernel.servlet.filters.invoker.InvokerFilterChain.doFilter(InvokerFilterChain.java:109) ~[portal-kernel.jar:?]
	at com.liferay.portal.kernel.servlet.filters.invoker.InvokerFilter.doFilter(InvokerFilter.java:114) ~[portal-kernel.jar:?]
	at com.liferay.shielded.container.internal.proxy.FilterWrapper.doFilter(FilterWrapper.java:69) ~[com.liferay.shielded.container.impl.jar:?]
	at org.apache.catalina.core.ApplicationFilterChain.internalDoFilter(ApplicationFilterChain.java:168) ~[catalina.jar:9.0.102]
	at org.apache.catalina.core.ApplicationFilterChain.doFilter(ApplicationFilterChain.java:144) ~[catalina.jar:9.0.102]
	at org.apache.catalina.core.ApplicationDispatcher.invoke(ApplicationDispatcher.java:642) ~[catalina.jar:9.0.102]
	at org.apache.catalina.core.ApplicationDispatcher.processRequest(ApplicationDispatcher.java:416) ~[catalina.jar:9.0.102]
	at org.apache.catalina.core.ApplicationDispatcher.doForward(ApplicationDispatcher.java:348) ~[catalina.jar:9.0.102]
	at org.apache.catalina.core.ApplicationDispatcher.forward(ApplicationDispatcher.java:285) ~[catalina.jar:9.0.102]
	at com.liferay.friendly.url.internal.servlet.FriendlyURLServlet.service(FriendlyURLServlet.java:570) ~[?:?]
	at javax.servlet.http.HttpServlet.service(HttpServlet.java:623) ~[servlet-api.jar:4.0.FR]
	at com.liferay.portal.servlet.ServletAdapter.service(ServletAdapter.java:89) ~[portal-impl.jar:?]
	at javax.servlet.http.HttpServlet.service(HttpServlet.java:623) ~[servlet-api.jar:4.0.FR]
	at com.liferay.shielded.container.internal.proxy.ServletWrapper.service(ServletWrapper.java:103) ~[com.liferay.shielded.container.impl.jar:?]
	at org.apache.catalina.core.ApplicationFilterChain.internalDoFilter(ApplicationFilterChain.java:199) ~[catalina.jar:9.0.102]
	at org.apache.catalina.core.ApplicationFilterChain.doFilter(ApplicationFilterChain.java:144) ~[catalina.jar:9.0.102]
	at org.apache.tomcat.websocket.server.WsFilter.doFilter(WsFilter.java:51) ~[tomcat-websocket.jar:9.0.102]
	at org.apache.catalina.core.ApplicationFilterChain.internalDoFilter(ApplicationFilterChain.java:168) ~[catalina.jar:9.0.102]
	at org.apache.catalina.core.ApplicationFilterChain.doFilter(ApplicationFilterChain.java:144) ~[catalina.jar:9.0.102]
	at com.liferay.portal.kernel.servlet.filters.invoker.InvokerFilterChain.doFilter(InvokerFilterChain.java:117) ~[portal-kernel.jar:?]
	at com.liferay.portal.kernel.servlet.BaseFilter.processFilter(BaseFilter.java:152) ~[portal-kernel.jar:?]
	at com.liferay.change.tracking.internal.servlet.filter.CTCollectionPreviewFilter.processFilter(CTCollectionPreviewFilter.java:57) ~[?:?]
	at com.liferay.portal.kernel.servlet.BaseFilter.doFilter(BaseFilter.java:42) ~[portal-kernel.jar:?]
	at com.liferay.portal.kernel.servlet.filters.invoker.InvokerFilterChain.processDoFilter(InvokerFilterChain.java:204) ~[portal-kernel.jar:?]
	at com.liferay.portal.kernel.servlet.filters.invoker.InvokerFilterChain.doFilter(InvokerFilterChain.java:109) ~[portal-kernel.jar:?]
	at com.liferay.portal.remote.cors.internal.servlet.filter.PortalCORSServletFilter.processFilter(PortalCORSServletFilter.java:159) ~[?:?]
	at com.liferay.portal.kernel.servlet.BaseFilter.doFilter(BaseFilter.java:42) ~[portal-kernel.jar:?]
	at com.liferay.portal.kernel.servlet.filters.invoker.InvokerFilterChain.processDoFilter(InvokerFilterChain.java:204) ~[portal-kernel.jar:?]
	at com.liferay.portal.kernel.servlet.filters.invoker.InvokerFilterChain.doFilter(InvokerFilterChain.java:109) ~[portal-kernel.jar:?]
	at com.liferay.portal.kernel.servlet.BaseFilter.processFilter(BaseFilter.java:152) ~[portal-kernel.jar:?]
	at com.liferay.portal.i18n.filter.internal.I18nFilter.processFilter(I18nFilter.java:398) ~[?:?]
	at com.liferay.portal.kernel.servlet.BaseFilter.doFilter(BaseFilter.java:42) ~[portal-kernel.jar:?]
	at com.liferay.portal.kernel.servlet.filters.invoker.InvokerFilterChain.processDoFilter(InvokerFilterChain.java:204) ~[portal-kernel.jar:?]
	at com.liferay.portal.kernel.servlet.filters.invoker.InvokerFilterChain.doFilter(InvokerFilterChain.java:109) ~[portal-kernel.jar:?]
	at com.liferay.portal.servlet.filters.password.modified.PasswordModifiedFilter.processFilter(PasswordModifiedFilter.java:47) ~[portal-impl.jar:?]
	at com.liferay.portal.kernel.servlet.BaseFilter.doFilter(BaseFilter.java:42) ~[portal-kernel.jar:?]
	at com.liferay.portal.kernel.servlet.filters.invoker.InvokerFilterChain.processDoFilter(InvokerFilterChain.java:204) ~[portal-kernel.jar:?]
	at com.liferay.portal.kernel.servlet.filters.invoker.InvokerFilterChain.doFilter(InvokerFilterChain.java:109) ~[portal-kernel.jar:?]
	at com.liferay.portal.servlet.filters.lockout.LockoutFilter.processFilter(LockoutFilter.java:49) ~[portal-impl.jar:?]
	at com.liferay.portal.kernel.servlet.BaseFilter.doFilter(BaseFilter.java:42) ~[portal-kernel.jar:?]
	at com.liferay.portal.kernel.servlet.filters.invoker.InvokerFilterChain.processDoFilter(InvokerFilterChain.java:204) ~[portal-kernel.jar:?]
	at com.liferay.portal.kernel.servlet.filters.invoker.InvokerFilterChain.doFilter(InvokerFilterChain.java:109) ~[portal-kernel.jar:?]
	at com.liferay.portal.kernel.servlet.BaseFilter.processFilter(BaseFilter.java:152) ~[portal-kernel.jar:?]
	at com.liferay.portal.servlet.filters.secure.BaseAuthFilter.processFilter(BaseAuthFilter.java:341) ~[portal-impl.jar:?]
	at com.liferay.portal.kernel.servlet.BaseFilter.doFilter(BaseFilter.java:42) ~[portal-kernel.jar:?]
	at com.liferay.portal.kernel.servlet.filters.invoker.InvokerFilterChain.processDoFilter(InvokerFilterChain.java:204) ~[portal-kernel.jar:?]
	at com.liferay.portal.kernel.servlet.filters.invoker.InvokerFilterChain.doFilter(InvokerFilterChain.java:109) ~[portal-kernel.jar:?]
	at com.liferay.portal.kernel.servlet.BaseFilter.processFilter(BaseFilter.java:152) ~[portal-kernel.jar:?]
	at com.liferay.portal.servlet.filters.autologin.AutoLoginFilter.processFilter(AutoLoginFilter.java:258) ~[portal-impl.jar:?]
	at com.liferay.portal.kernel.servlet.BaseFilter.doFilter(BaseFilter.java:42) ~[portal-kernel.jar:?]
	at com.liferay.portal.kernel.servlet.filters.invoker.InvokerFilterChain.processDoFilter(InvokerFilterChain.java:204) ~[portal-kernel.jar:?]
	at com.liferay.portal.kernel.servlet.filters.invoker.InvokerFilterChain.doFilter(InvokerFilterChain.java:109) ~[portal-kernel.jar:?]
	at com.liferay.portal.kernel.servlet.BaseFilter.processFilter(BaseFilter.java:152) ~[portal-kernel.jar:?]
	at com.liferay.portal.servlet.filters.virtualhost.VirtualHostFilter.processFilter(VirtualHostFilter.java:247) ~[portal-impl.jar:?]
	at com.liferay.portal.kernel.servlet.BaseFilter.doFilter(BaseFilter.java:42) ~[portal-kernel.jar:?]
	at com.liferay.portal.kernel.servlet.filters.invoker.InvokerFilterChain.processDoFilter(InvokerFilterChain.java:204) ~[portal-kernel.jar:?]
	at com.liferay.portal.kernel.servlet.filters.invoker.InvokerFilterChain.doFilter(InvokerFilterChain.java:109) ~[portal-kernel.jar:?]
	at com.liferay.portal.kernel.servlet.filters.invoker.InvokerFilterChain.processDirectCallFilter(InvokerFilterChain.java:189) ~[portal-kernel.jar:?]
	at com.liferay.portal.kernel.servlet.filters.invoker.InvokerFilterChain.doFilter(InvokerFilterChain.java:92) ~[portal-kernel.jar:?]
	at com.liferay.portal.kernel.servlet.filters.invoker.InvokerFilterChain.processDirectCallFilter(InvokerFilterChain.java:189) ~[portal-kernel.jar:?]
	at com.liferay.portal.kernel.servlet.filters.invoker.InvokerFilterChain.doFilter(InvokerFilterChain.java:92) ~[portal-kernel.jar:?]
	at com.liferay.portal.kernel.servlet.filters.invoker.InvokerFilterChain.processDirectCallFilter(InvokerFilterChain.java:168) ~[portal-kernel.jar:?]
	at com.liferay.portal.kernel.servlet.filters.invoker.InvokerFilterChain.doFilter(InvokerFilterChain.java:92) ~[portal-kernel.jar:?]
	at com.liferay.portal.kernel.servlet.filters.invoker.InvokerFilterChain.processDirectCallFilter(InvokerFilterChain.java:189) ~[portal-kernel.jar:?]
	at com.liferay.portal.kernel.servlet.filters.invoker.InvokerFilterChain.doFilter(InvokerFilterChain.java:92) ~[portal-kernel.jar:?]
	at com.liferay.portal.kernel.servlet.filters.invoker.InvokerFilter.doFilter(InvokerFilter.java:114) ~[portal-kernel.jar:?]
	at com.liferay.shielded.container.internal.proxy.FilterWrapper.doFilter(FilterWrapper.java:69) ~[com.liferay.shielded.container.impl.jar:?]
	at org.apache.catalina.core.ApplicationFilterChain.internalDoFilter(ApplicationFilterChain.java:168) ~[catalina.jar:9.0.102]
	at org.apache.catalina.core.ApplicationFilterChain.doFilter(ApplicationFilterChain.java:144) ~[catalina.jar:9.0.102]
	at org.apache.catalina.core.StandardWrapperValve.invoke(StandardWrapperValve.java:168) ~[catalina.jar:9.0.102]
	at org.apache.catalina.core.StandardContextValve.invoke(StandardContextValve.java:90) ~[catalina.jar:9.0.102]
	at org.apache.catalina.authenticator.AuthenticatorBase.invoke(AuthenticatorBase.java:482) ~[catalina.jar:9.0.102]
	at org.apache.catalina.core.StandardHostValve.invoke(StandardHostValve.java:130) ~[catalina.jar:9.0.102]
	at org.apache.catalina.valves.ErrorReportValve.invoke(ErrorReportValve.java:93) ~[catalina.jar:9.0.102]
	at org.apache.catalina.core.StandardEngineValve.invoke(StandardEngineValve.java:74) ~[catalina.jar:9.0.102]
	at org.apache.catalina.connector.CoyoteAdapter.service(CoyoteAdapter.java:346) ~[catalina.jar:9.0.102]
	at org.apache.coyote.http11.Http11Processor.service(Http11Processor.java:396) ~[tomcat-coyote.jar:9.0.102]
	at org.apache.coyote.AbstractProcessorLight.process(AbstractProcessorLight.java:63) ~[tomcat-coyote.jar:9.0.102]
	at org.apache.coyote.AbstractProtocol$ConnectionHandler.process(AbstractProtocol.java:937) ~[tomcat-coyote.jar:9.0.102]
	at org.apache.tomcat.util.net.NioEndpoint$SocketProcessor.doRun(NioEndpoint.java:1793) ~[tomcat-coyote.jar:9.0.102]
	at org.apache.tomcat.util.net.SocketProcessorBase.run(SocketProcessorBase.java:52) ~[tomcat-coyote.jar:9.0.102]
	at org.apache.tomcat.util.threads.ThreadPoolExecutor.runWorker(ThreadPoolExecutor.java:1190) ~[org.apache.tomcat-util.jar:9.0.102]
	at org.apache.tomcat.util.threads.ThreadPoolExecutor$Worker.run(ThreadPoolExecutor.java:659) ~[org.apache.tomcat-util.jar:9.0.102]
	at org.apache.tomcat.util.threads.TaskThread$WrappingRunnable.run(TaskThread.java:63) ~[org.apache.tomcat-util.jar:9.0.102]
	at java.lang.Thread.run(Thread.java:1583) [?:?]
Caused by: java.sql.SQLTransactionRollbackException: transaction rollback: serialization failure
	at org.hsqldb.jdbc.JDBCUtil.sqlException(JDBCUtil.java:298) ~[hsql.jar:2.7.1]
	at org.hsqldb.jdbc.JDBCUtil.sqlException(JDBCUtil.java:157) ~[hsql.jar:2.7.1]
	at org.hsqldb.jdbc.JDBCPreparedStatement.fetchResult(JDBCPreparedStatement.java:4860) ~[hsql.jar:2.7.1]
	at org.hsqldb.jdbc.JDBCPreparedStatement.executeQuery(JDBCPreparedStatement.java:257) ~[hsql.jar:2.7.1]
	at com.zaxxer.hikari.pool.ProxyPreparedStatement.executeQuery(ProxyPreparedStatement.java:52) ~[hikaricp.jar:?]
	at com.zaxxer.hikari.pool.HikariProxyPreparedStatement.executeQuery(HikariProxyPreparedStatement.java) ~[hikaricp.jar:?]
	at org.hibernate.engine.jdbc.internal.ResultSetReturnImpl.extract(ResultSetReturnImpl.java:57) ~[hibernate-core.jar:5.6.7.Final]
	... 238 more
Caused by: org.hsqldb.HsqlException: transaction rollback: serialization failure
	at org.hsqldb.error.Error.error(Error.java:138) ~[hsql.jar:2.7.1]
	at org.hsqldb.error.Error.error(Error.java:107) ~[hsql.jar:2.7.1]
	at org.hsqldb.Session.handleAbortTransaction(Session.java:1491) ~[hsql.jar:2.7.1]
	at org.hsqldb.Session.executeCompiledStatement(Session.java:1360) ~[hsql.jar:2.7.1]
	at org.hsqldb.Session.execute(Session.java:1001) ~[hsql.jar:2.7.1]
	at org.hsqldb.jdbc.JDBCPreparedStatement.fetchResult(JDBCPreparedStatement.java:4852) ~[hsql.jar:2.7.1]
	at org.hsqldb.jdbc.JDBCPreparedStatement.executeQuery(JDBCPreparedStatement.java:257) ~[hsql.jar:2.7.1]
	at com.zaxxer.hikari.pool.ProxyPreparedStatement.executeQuery(ProxyPreparedStatement.java:52) ~[hikaricp.jar:?]
	at com.zaxxer.hikari.pool.HikariProxyPreparedStatement.executeQuery(HikariProxyPreparedStatement.java) ~[hikaricp.jar:?]
	at org.hibernate.engine.jdbc.internal.ResultSetReturnImpl.extract(ResultSetReturnImpl.java:57) ~[hibernate-core.jar:5.6.7.Final]
	... 238 more
