2025-06-10 20:29:26.006 INFO  [main][PortalContextLoaderListener:114] JVM arguments: --add-opens=java.base/java.lang=ALL-UNNAMED --add-opens=java.base/java.lang.invoke=ALL-UNNAMED --add-opens=java.base/java.lang.reflect=ALL-UNNAMED --add-opens=java.base/java.net=ALL-UNNAMED --add-opens=java.base/sun.net.www.protocol.http=ALL-UNNAMED --add-opens=java.base/sun.util.calendar=ALL-UNNAMED --add-opens=jdk.zipfs/jdk.nio.zipfs=ALL-UNNAMED --add-opens=java.base/java.lang=ALL-UNNAMED --add-opens=java.base/java.io=ALL-UNNAMED --add-opens=java.base/java.util=ALL-UNNAMED --add-opens=java.base/java.util.concurrent=ALL-UNNAMED --add-opens=java.rmi/sun.rmi.transport=ALL-UNNAMED -Djava.util.logging.config.file=/opt/liferay/tomcat/conf/logging.properties -Djava.util.logging.manager=org.apache.juli.ClassLoaderLogManager -Djdk.tls.ephemeralDHKeySize=2048 -Djava.protocol.handler.pkgs=org.apache.catalina.webresources -Dorg.apache.catalina.security.SecurityListener.UMASK=0027 -Dfile.encoding=UTF-8 -Djava.locale.providers=JRE,COMPAT,CLDR -Djava.net.preferIPv4Stack=true -Duser.timezone=GMT -Xms2560m -Xmx2560m -XX:MaxNewSize=1536m -XX:MaxMetaspaceSize=768m -XX:MetaspaceSize=768m -XX:NewSize=1536m -XX:SurvivorRatio=7 -javaagent:/opt/liferay/tomcat/../glowroot/glowroot.jar -Dglowroot.enabled=true -Xms6g -Xmx6g -Djdk.util.zip.disableZip64ExtraFieldValidation=true -Dignore.endorsed.dirs= -Dcatalina.base=/opt/liferay/tomcat -Dcatalina.home=/opt/liferay/tomcat -Djava.io.tmpdir=/opt/liferay/tomcat/temp
2025-06-10 20:29:27.104 INFO  [SystemExecutorServiceUtil-1][DataSourceFactoryImpl:393] Successfully acquired JDBC connection
2025-06-10 20:29:27.373 WARN  [SystemExecutorServiceUtil-1][DialectDetector:73] Liferay is configured to use Hypersonic as its database. Do NOT use Hypersonic in production. Hypersonic is an embedded database useful for development and demonstration purposes. The database settings can be changed in portal-ext.properties.
2025-06-10 20:29:27.374 INFO  [SystemExecutorServiceUtil-1][DialectDetector:144] Using dialect com.liferay.portal.dao.orm.hibernate.HSQLDialect for HSQL Database Engine 2.7
2025-06-10 20:29:27.568 INFO  [main][ModuleFrameworkImpl:1355] Starting initial bundles
2025-06-10 20:29:28.249 INFO  [main][InterpolationConfigurationPlugin:109] Configured directory for secrets: /opt/liferay/osgi/configs
2025-06-10 20:29:28.715 INFO  [main][ModuleFrameworkImpl:1645] Started initial bundles
2025-06-10 20:29:28.715 INFO  [main][ModuleFrameworkImpl:1690] Starting dynamic bundles
2025-06-10 20:29:36.385 WARN  [Start Level: Equinox Container: 7da5189f-db38-4add-8c75-f44536d9534b][SidecarManager:72] Liferay automatically starts a child process of Elasticsearch named sidecar for convenient development and demonstration purposes. Do NOT use sidecar in production. Refer to the documentation for details on the limitations of sidecar and instructions on configuring a remote Elasticsearch connection in the Control Panel.
2025-06-10 20:29:38.725 INFO  [main][ModuleFrameworkImpl:1713] Started dynamic bundles
2025-06-10 20:29:38.725 INFO  [main][ModuleFrameworkImpl:1720] Starting web bundles
2025-06-10 20:29:39.775 INFO  [main][ModuleFrameworkImpl:1774] Started web bundles
2025-06-10 20:29:39.775 INFO  [main][ModuleFrameworkImpl:283] Navigate to Control Panel > System > Gogo Shell and enter "lb" to see all bundles
2025-06-10 20:29:41.407 INFO  [main][StartupHelperUtil:100] The following patches are installed: hotfix-48
2025-06-10 20:29:41.477 INFO  [main][LoggingTimer:74] Starting com.liferay.portal.events.StartupHelperUtil#initResourceActions
2025-06-10 20:29:41.512 INFO  [main][LoggingTimer:35] Completed com.liferay.portal.events.StartupHelperUtil#initResourceActions in 34 ms
2025-06-10 20:29:41.539 INFO  [main][LicenseManager:-1] Failed to find directory /opt/liferay/data/license
2025-06-10 20:29:41.540 INFO  [main][LicenseManager:-1] No binary licenses found
2025-06-10 20:29:42.306 INFO  [main][AutoDeployDir:152] Auto deploy scanner started for /opt/liferay/deploy
2025-06-10 20:29:46.190 INFO  [SystemExecutorServiceUtil-1][Sidecar:103] Sidecar Elasticsearch liferay started at 127.0.0.1:9201
2025-06-10 20:29:48.900 INFO  [main][LoggingTimer:74] Starting com.liferay.portal.db.index.IndexUpdaterUtil#updateAllIndexes#Updating database indexes
2025-06-10 20:29:50.146 INFO  [fileinstall-directory-watcher][BaseAutoDeployListener:34] Copying themes for /opt/liferay/tomcat/temp/20250610202949915TOWOIEOP/admin-theme.war
2025-06-10 20:29:51.082 INFO  [main][LoggingTimer:35] Completed com.liferay.portal.db.index.IndexUpdaterUtil#updateAllIndexes#Updating database indexes in 2181 ms
2025-06-10 20:29:51.347 INFO  [fileinstall-directory-watcher][BaseAutoDeployListener:41] Themes for /opt/liferay/tomcat/temp/20250610202949915TOWOIEOP/admin-theme.war copied successfully
2025-06-10 20:29:53.323 INFO  [fileinstall-directory-watcher][BaseAutoDeployListener:34] Copying themes for /opt/liferay/tomcat/temp/20250610202953311FSQNYFJN/classic-theme.war
2025-06-10 20:29:53.725 INFO  [fileinstall-directory-watcher][BaseAutoDeployListener:41] Themes for /opt/liferay/tomcat/temp/20250610202953311FSQNYFJN/classic-theme.war copied successfully
2025-06-10 20:29:55.307 INFO  [com.liferay.portal.kernel.deploy.auto.AutoDeployScanner][AutoDeployDir:212] Processing trial-dxp-license-1724875171000.xml
2025-06-10 20:29:55.353 INFO  [fileinstall-directory-watcher][BaseAutoDeployListener:34] Copying themes for /opt/liferay/tomcat/temp/20250610202955334QXBPSBEJ/dialect-theme.war
2025-06-10 20:29:55.971 INFO  [fileinstall-directory-watcher][BaseAutoDeployListener:41] Themes for /opt/liferay/tomcat/temp/20250610202955334QXBPSBEJ/dialect-theme.war copied successfully
2025-06-10 20:29:56.742 INFO  [fileinstall-directory-watcher][BaseAutoDeployListener:34] Copying themes for /opt/liferay/tomcat/temp/20250610202956726PEHLGWRB/minium-theme.war
2025-06-10 20:29:57.012 INFO  [fileinstall-directory-watcher][BaseAutoDeployListener:41] Themes for /opt/liferay/tomcat/temp/20250610202956726PEHLGWRB/minium-theme.war copied successfully
2025-06-10 20:29:57.750 INFO  [fileinstall-directory-watcher][BaseAutoDeployListener:34] Copying themes for /opt/liferay/tomcat/temp/20250610202957735XWWRGAXC/speedwell-theme.war
2025-06-10 20:29:57.985 INFO  [fileinstall-directory-watcher][BaseAutoDeployListener:41] Themes for /opt/liferay/tomcat/temp/20250610202957735XWWRGAXC/speedwell-theme.war copied successfully
2025-06-10 20:29:58.646 INFO  [fileinstall-directory-watcher][BundleStartStopLogger:68] STARTED dialect-theme_5.0.77 [1445]
2025-06-10 20:29:58.648 INFO  [fileinstall-directory-watcher][BundleStartStopLogger:68] STARTED speedwell-theme_4.0.78 [1447]
2025-06-10 20:29:58.650 INFO  [fileinstall-directory-watcher][BundleStartStopLogger:68] STARTED minium-theme_5.0.84 [1446]
2025-06-10 20:29:58.653 INFO  [fileinstall-directory-watcher][BundleStartStopLogger:68] STARTED admin-theme_5.0.77 [1443]
2025-06-10 20:29:58.656 INFO  [fileinstall-directory-watcher][BundleStartStopLogger:68] STARTED classic-theme_5.0.91 [1444]
2025-06-10 20:30:08.708 ERROR [fileinstall-directory-watcher][LicenseManager:-1] DXP Development license is expired
2025-06-10 20:30:08.709 INFO  [fileinstall-directory-watcher][LicenseManager:-1] License registered for DXP Development
2025-06-10 20:42:08.765 INFO  [main][PortalContextLoaderListener:114] JVM arguments: --add-opens=java.base/java.lang=ALL-UNNAMED --add-opens=java.base/java.lang.invoke=ALL-UNNAMED --add-opens=java.base/java.lang.reflect=ALL-UNNAMED --add-opens=java.base/java.net=ALL-UNNAMED --add-opens=java.base/sun.net.www.protocol.http=ALL-UNNAMED --add-opens=java.base/sun.util.calendar=ALL-UNNAMED --add-opens=jdk.zipfs/jdk.nio.zipfs=ALL-UNNAMED --add-opens=java.base/java.lang=ALL-UNNAMED --add-opens=java.base/java.io=ALL-UNNAMED --add-opens=java.base/java.util=ALL-UNNAMED --add-opens=java.base/java.util.concurrent=ALL-UNNAMED --add-opens=java.rmi/sun.rmi.transport=ALL-UNNAMED -Djava.util.logging.config.file=/opt/liferay/tomcat/conf/logging.properties -Djava.util.logging.manager=org.apache.juli.ClassLoaderLogManager -Djdk.tls.ephemeralDHKeySize=2048 -Djava.protocol.handler.pkgs=org.apache.catalina.webresources -Dorg.apache.catalina.security.SecurityListener.UMASK=0027 -Dfile.encoding=UTF-8 -Djava.locale.providers=JRE,COMPAT,CLDR -Djava.net.preferIPv4Stack=true -Duser.timezone=GMT -Xms2560m -Xmx2560m -XX:MaxNewSize=1536m -XX:MaxMetaspaceSize=768m -XX:MetaspaceSize=768m -XX:NewSize=1536m -XX:SurvivorRatio=7 -javaagent:/opt/liferay/tomcat/../glowroot/glowroot.jar -Dglowroot.enabled=true -Xms6g -Xmx6g -Djdk.util.zip.disableZip64ExtraFieldValidation=true -Dignore.endorsed.dirs= -Dcatalina.base=/opt/liferay/tomcat -Dcatalina.home=/opt/liferay/tomcat -Djava.io.tmpdir=/opt/liferay/tomcat/temp
2025-06-10 20:42:09.700 INFO  [SystemExecutorServiceUtil-1][DataSourceFactoryImpl:393] Successfully acquired JDBC connection
2025-06-10 20:42:09.953 WARN  [SystemExecutorServiceUtil-1][DialectDetector:73] Liferay is configured to use Hypersonic as its database. Do NOT use Hypersonic in production. Hypersonic is an embedded database useful for development and demonstration purposes. The database settings can be changed in portal-ext.properties.
2025-06-10 20:42:09.954 INFO  [SystemExecutorServiceUtil-1][DialectDetector:144] Using dialect com.liferay.portal.dao.orm.hibernate.HSQLDialect for HSQL Database Engine 2.7
2025-06-10 20:42:10.119 INFO  [main][ModuleFrameworkImpl:1355] Starting initial bundles
2025-06-10 20:42:10.719 INFO  [main][InterpolationConfigurationPlugin:109] Configured directory for secrets: /opt/liferay/osgi/configs
2025-06-10 20:42:11.390 INFO  [main][ModuleFrameworkImpl:1645] Started initial bundles
2025-06-10 20:42:11.391 INFO  [main][ModuleFrameworkImpl:1690] Starting dynamic bundles
2025-06-10 20:42:17.713 WARN  [Start Level: Equinox Container: 195ed24d-e82c-42dd-a93b-97b5bfdcaa1f][SidecarManager:72] Liferay automatically starts a child process of Elasticsearch named sidecar for convenient development and demonstration purposes. Do NOT use sidecar in production. Refer to the documentation for details on the limitations of sidecar and instructions on configuring a remote Elasticsearch connection in the Control Panel.
2025-06-10 20:42:20.241 INFO  [main][ModuleFrameworkImpl:1713] Started dynamic bundles
2025-06-10 20:42:20.241 INFO  [main][ModuleFrameworkImpl:1720] Starting web bundles
2025-06-10 20:42:21.663 INFO  [main][ModuleFrameworkImpl:1774] Started web bundles
2025-06-10 20:42:21.664 INFO  [main][ModuleFrameworkImpl:283] Navigate to Control Panel > System > Gogo Shell and enter "lb" to see all bundles
2025-06-10 20:42:23.416 INFO  [main][StartupHelperUtil:100] The following patches are installed: hotfix-48
2025-06-10 20:42:23.516 INFO  [main][LoggingTimer:74] Starting com.liferay.portal.events.StartupHelperUtil#initResourceActions
2025-06-10 20:42:23.563 INFO  [main][LoggingTimer:35] Completed com.liferay.portal.events.StartupHelperUtil#initResourceActions in 48 ms
2025-06-10 20:42:23.585 INFO  [main][LicenseManager:-1] Failed to find directory /opt/liferay/data/license
2025-06-10 20:42:23.586 INFO  [main][LicenseManager:-1] No binary licenses found
2025-06-10 20:42:24.291 INFO  [main][AutoDeployDir:152] Auto deploy scanner started for /opt/liferay/deploy
2025-06-10 20:42:27.300 INFO  [SystemExecutorServiceUtil-11][Sidecar:103] Sidecar Elasticsearch liferay started at 127.0.0.1:9201
2025-06-10 20:42:29.519 INFO  [main][LoggingTimer:74] Starting com.liferay.portal.db.index.IndexUpdaterUtil#updateAllIndexes#Updating database indexes
2025-06-10 20:42:31.539 INFO  [main][LoggingTimer:35] Completed com.liferay.portal.db.index.IndexUpdaterUtil#updateAllIndexes#Updating database indexes in 2019 ms
2025-06-10 20:42:31.893 INFO  [fileinstall-directory-watcher][BaseAutoDeployListener:34] Copying themes for /opt/liferay/tomcat/temp/20250610204231800UZOQGIWW/admin-theme.war
2025-06-10 20:42:32.803 INFO  [fileinstall-directory-watcher][BaseAutoDeployListener:41] Themes for /opt/liferay/tomcat/temp/20250610204231800UZOQGIWW/admin-theme.war copied successfully
2025-06-10 20:42:34.212 INFO  [fileinstall-directory-watcher][BaseAutoDeployListener:34] Copying themes for /opt/liferay/tomcat/temp/20250610204234202WTVRBBPF/classic-theme.war
2025-06-10 20:42:34.937 INFO  [fileinstall-directory-watcher][BaseAutoDeployListener:41] Themes for /opt/liferay/tomcat/temp/20250610204234202WTVRBBPF/classic-theme.war copied successfully
2025-06-10 20:42:36.449 INFO  [fileinstall-directory-watcher][BaseAutoDeployListener:34] Copying themes for /opt/liferay/tomcat/temp/20250610204236445WOSPNYCC/dialect-theme.war
2025-06-10 20:42:36.700 INFO  [fileinstall-directory-watcher][BaseAutoDeployListener:41] Themes for /opt/liferay/tomcat/temp/20250610204236445WOSPNYCC/dialect-theme.war copied successfully
2025-06-10 20:42:37.292 INFO  [com.liferay.portal.kernel.deploy.auto.AutoDeployScanner][AutoDeployDir:212] Processing trial-dxp-license-1724875171000.xml
2025-06-10 20:42:37.419 INFO  [fileinstall-directory-watcher][BaseAutoDeployListener:34] Copying themes for /opt/liferay/tomcat/temp/20250610204237414TMWMHEAV/minium-theme.war
2025-06-10 20:42:37.686 INFO  [fileinstall-directory-watcher][BaseAutoDeployListener:41] Themes for /opt/liferay/tomcat/temp/20250610204237414TMWMHEAV/minium-theme.war copied successfully
2025-06-10 20:42:38.404 INFO  [fileinstall-directory-watcher][BaseAutoDeployListener:34] Copying themes for /opt/liferay/tomcat/temp/20250610204238400QDOKEYPB/speedwell-theme.war
2025-06-10 20:42:38.634 INFO  [fileinstall-directory-watcher][BaseAutoDeployListener:41] Themes for /opt/liferay/tomcat/temp/20250610204238400QDOKEYPB/speedwell-theme.war copied successfully
2025-06-10 20:42:39.270 INFO  [fileinstall-directory-watcher][BundleStartStopLogger:68] STARTED speedwell-theme_4.0.78 [1447]
2025-06-10 20:42:39.272 INFO  [fileinstall-directory-watcher][BundleStartStopLogger:68] STARTED classic-theme_5.0.91 [1444]
2025-06-10 20:42:39.275 INFO  [fileinstall-directory-watcher][BundleStartStopLogger:68] STARTED minium-theme_5.0.84 [1446]
2025-06-10 20:42:39.278 INFO  [fileinstall-directory-watcher][BundleStartStopLogger:68] STARTED dialect-theme_5.0.77 [1445]
2025-06-10 20:42:39.280 INFO  [fileinstall-directory-watcher][BundleStartStopLogger:68] STARTED admin-theme_5.0.77 [1443]
2025-06-10 20:42:49.323 ERROR [fileinstall-directory-watcher][LicenseManager:-1] DXP Development license is expired
2025-06-10 20:42:49.324 INFO  [fileinstall-directory-watcher][LicenseManager:-1] License registered for DXP Development
2025-06-10 20:43:37.310 INFO  [com.liferay.portal.kernel.deploy.auto.AutoDeployScanner][AutoDeployDir:212] Processing activation-key-7.4-developer-2024-07-01-for-1-year.xml
2025-06-10 20:43:44.520 ERROR [fileinstall-directory-watcher][LicenseManager:-1] DXP Development license is expired
2025-06-10 20:43:44.521 INFO  [fileinstall-directory-watcher][LicenseManager:-1] DXP Development license validation passed
2025-06-10 20:43:44.521 INFO  [fileinstall-directory-watcher][LicenseManager:-1] License registered for DXP Development
2025-06-10 20:44:42.197 INFO  [main][PortalContextLoaderListener:114] JVM arguments: --add-opens=java.base/java.lang=ALL-UNNAMED --add-opens=java.base/java.lang.invoke=ALL-UNNAMED --add-opens=java.base/java.lang.reflect=ALL-UNNAMED --add-opens=java.base/java.net=ALL-UNNAMED --add-opens=java.base/sun.net.www.protocol.http=ALL-UNNAMED --add-opens=java.base/sun.util.calendar=ALL-UNNAMED --add-opens=jdk.zipfs/jdk.nio.zipfs=ALL-UNNAMED --add-opens=java.base/java.lang=ALL-UNNAMED --add-opens=java.base/java.io=ALL-UNNAMED --add-opens=java.base/java.util=ALL-UNNAMED --add-opens=java.base/java.util.concurrent=ALL-UNNAMED --add-opens=java.rmi/sun.rmi.transport=ALL-UNNAMED -Djava.util.logging.config.file=/opt/liferay/tomcat/conf/logging.properties -Djava.util.logging.manager=org.apache.juli.ClassLoaderLogManager -Djdk.tls.ephemeralDHKeySize=2048 -Djava.protocol.handler.pkgs=org.apache.catalina.webresources -Dorg.apache.catalina.security.SecurityListener.UMASK=0027 -Dfile.encoding=UTF-8 -Djava.locale.providers=JRE,COMPAT,CLDR -Djava.net.preferIPv4Stack=true -Duser.timezone=GMT -Xms2560m -Xmx2560m -XX:MaxNewSize=1536m -XX:MaxMetaspaceSize=768m -XX:MetaspaceSize=768m -XX:NewSize=1536m -XX:SurvivorRatio=7 -javaagent:/opt/liferay/tomcat/../glowroot/glowroot.jar -Dglowroot.enabled=true -Xms6g -Xmx6g -Djdk.util.zip.disableZip64ExtraFieldValidation=true -Dignore.endorsed.dirs= -Dcatalina.base=/opt/liferay/tomcat -Dcatalina.home=/opt/liferay/tomcat -Djava.io.tmpdir=/opt/liferay/tomcat/temp
2025-06-10 20:44:43.250 INFO  [SystemExecutorServiceUtil-1][DataSourceFactoryImpl:393] Successfully acquired JDBC connection
2025-06-10 20:44:43.508 WARN  [SystemExecutorServiceUtil-1][DialectDetector:73] Liferay is configured to use Hypersonic as its database. Do NOT use Hypersonic in production. Hypersonic is an embedded database useful for development and demonstration purposes. The database settings can be changed in portal-ext.properties.
2025-06-10 20:44:43.509 INFO  [SystemExecutorServiceUtil-1][DialectDetector:144] Using dialect com.liferay.portal.dao.orm.hibernate.HSQLDialect for HSQL Database Engine 2.7
2025-06-10 20:44:43.672 INFO  [main][ModuleFrameworkImpl:1355] Starting initial bundles
2025-06-10 20:44:44.432 INFO  [main][InterpolationConfigurationPlugin:109] Configured directory for secrets: /opt/liferay/osgi/configs
2025-06-10 20:44:45.116 INFO  [main][ModuleFrameworkImpl:1645] Started initial bundles
2025-06-10 20:44:45.117 INFO  [main][ModuleFrameworkImpl:1690] Starting dynamic bundles
2025-06-10 20:44:52.445 WARN  [Start Level: Equinox Container: e6f77bce-826e-4ef5-8aa1-9b9efdea3701][SidecarManager:72] Liferay automatically starts a child process of Elasticsearch named sidecar for convenient development and demonstration purposes. Do NOT use sidecar in production. Refer to the documentation for details on the limitations of sidecar and instructions on configuring a remote Elasticsearch connection in the Control Panel.
2025-06-10 20:44:55.327 INFO  [main][ModuleFrameworkImpl:1713] Started dynamic bundles
2025-06-10 20:44:55.327 INFO  [main][ModuleFrameworkImpl:1720] Starting web bundles
2025-06-10 20:44:56.869 INFO  [main][ModuleFrameworkImpl:1774] Started web bundles
2025-06-10 20:44:56.870 INFO  [main][ModuleFrameworkImpl:283] Navigate to Control Panel > System > Gogo Shell and enter "lb" to see all bundles
2025-06-10 20:44:58.548 INFO  [main][StartupHelperUtil:100] The following patches are installed: hotfix-48
2025-06-10 20:44:58.663 INFO  [main][LoggingTimer:74] Starting com.liferay.portal.events.StartupHelperUtil#initResourceActions
2025-06-10 20:44:58.706 INFO  [main][LoggingTimer:35] Completed com.liferay.portal.events.StartupHelperUtil#initResourceActions in 42 ms
2025-06-10 20:44:58.730 INFO  [main][LicenseManager:-1] Failed to find directory /opt/liferay/data/license
2025-06-10 20:44:58.730 INFO  [main][LicenseManager:-1] No binary licenses found
2025-06-10 20:44:59.467 INFO  [main][AutoDeployDir:152] Auto deploy scanner started for /opt/liferay/deploy
2025-06-10 20:45:02.704 INFO  [SystemExecutorServiceUtil-10][Sidecar:103] Sidecar Elasticsearch liferay started at 127.0.0.1:9201
2025-06-10 20:45:05.183 INFO  [main][LoggingTimer:74] Starting com.liferay.portal.db.index.IndexUpdaterUtil#updateAllIndexes#Updating database indexes
2025-06-10 20:45:07.110 INFO  [fileinstall-directory-watcher][BaseAutoDeployListener:34] Copying themes for /opt/liferay/tomcat/temp/20250610204506994BJNIYIGR/admin-theme.war
2025-06-10 20:45:07.158 INFO  [main][LoggingTimer:35] Completed com.liferay.portal.db.index.IndexUpdaterUtil#updateAllIndexes#Updating database indexes in 1975 ms
2025-06-10 20:45:07.941 INFO  [fileinstall-directory-watcher][BaseAutoDeployListener:41] Themes for /opt/liferay/tomcat/temp/20250610204506994BJNIYIGR/admin-theme.war copied successfully
2025-06-10 20:45:09.645 INFO  [fileinstall-directory-watcher][BaseAutoDeployListener:34] Copying themes for /opt/liferay/tomcat/temp/20250610204509637CYCVMGRP/classic-theme.war
2025-06-10 20:45:10.255 INFO  [fileinstall-directory-watcher][BaseAutoDeployListener:41] Themes for /opt/liferay/tomcat/temp/20250610204509637CYCVMGRP/classic-theme.war copied successfully
2025-06-10 20:45:11.587 INFO  [fileinstall-directory-watcher][BaseAutoDeployListener:34] Copying themes for /opt/liferay/tomcat/temp/20250610204511576XQKPANVS/dialect-theme.war
2025-06-10 20:45:11.840 INFO  [fileinstall-directory-watcher][BaseAutoDeployListener:41] Themes for /opt/liferay/tomcat/temp/20250610204511576XQKPANVS/dialect-theme.war copied successfully
2025-06-10 20:45:12.468 INFO  [com.liferay.portal.kernel.deploy.auto.AutoDeployScanner][AutoDeployDir:212] Processing trial-dxp-license-1724875171000.xml
2025-06-10 20:45:12.477 INFO  [com.liferay.portal.kernel.deploy.auto.AutoDeployScanner][AutoDeployDir:212] Processing activation-key-7.4-developer-2024-07-01-for-1-year.xml
2025-06-10 20:45:12.536 INFO  [fileinstall-directory-watcher][BaseAutoDeployListener:34] Copying themes for /opt/liferay/tomcat/temp/20250610204512530MMHCXYGI/minium-theme.war
2025-06-10 20:45:12.792 INFO  [fileinstall-directory-watcher][BaseAutoDeployListener:41] Themes for /opt/liferay/tomcat/temp/20250610204512530MMHCXYGI/minium-theme.war copied successfully
2025-06-10 20:45:13.492 INFO  [fileinstall-directory-watcher][BaseAutoDeployListener:34] Copying themes for /opt/liferay/tomcat/temp/20250610204513486MNXYSODK/speedwell-theme.war
2025-06-10 20:45:13.867 INFO  [fileinstall-directory-watcher][BaseAutoDeployListener:41] Themes for /opt/liferay/tomcat/temp/20250610204513486MNXYSODK/speedwell-theme.war copied successfully
2025-06-10 20:45:14.527 INFO  [fileinstall-directory-watcher][BundleStartStopLogger:68] STARTED speedwell-theme_4.0.78 [1447]
2025-06-10 20:45:14.529 INFO  [fileinstall-directory-watcher][BundleStartStopLogger:68] STARTED minium-theme_5.0.84 [1446]
2025-06-10 20:45:14.531 INFO  [fileinstall-directory-watcher][BundleStartStopLogger:68] STARTED admin-theme_5.0.77 [1443]
2025-06-10 20:45:14.534 INFO  [fileinstall-directory-watcher][BundleStartStopLogger:68] STARTED classic-theme_5.0.91 [1444]
2025-06-10 20:45:14.537 INFO  [fileinstall-directory-watcher][BundleStartStopLogger:68] STARTED dialect-theme_5.0.77 [1445]
2025-06-10 20:45:24.588 INFO  [fileinstall-directory-watcher][LicenseManager:-1] DXP Development license validation passed
2025-06-10 20:45:24.588 INFO  [fileinstall-directory-watcher][LicenseManager:-1] License registered for DXP Development
2025-06-10 20:45:24.594 ERROR [fileinstall-directory-watcher][LicenseManager:-1] DXP Development license is expired
2025-06-10 20:45:24.595 INFO  [fileinstall-directory-watcher][LicenseManager:-1] DXP Development license validation passed
2025-06-10 20:45:24.595 INFO  [fileinstall-directory-watcher][LicenseManager:-1] License registered for DXP Development
2025-06-10 20:55:46.328 INFO  [main][PortalContextLoaderListener:114] JVM arguments: --add-opens=java.base/java.lang=ALL-UNNAMED --add-opens=java.base/java.lang.invoke=ALL-UNNAMED --add-opens=java.base/java.lang.reflect=ALL-UNNAMED --add-opens=java.base/java.net=ALL-UNNAMED --add-opens=java.base/sun.net.www.protocol.http=ALL-UNNAMED --add-opens=java.base/sun.util.calendar=ALL-UNNAMED --add-opens=jdk.zipfs/jdk.nio.zipfs=ALL-UNNAMED --add-opens=java.base/java.lang=ALL-UNNAMED --add-opens=java.base/java.io=ALL-UNNAMED --add-opens=java.base/java.util=ALL-UNNAMED --add-opens=java.base/java.util.concurrent=ALL-UNNAMED --add-opens=java.rmi/sun.rmi.transport=ALL-UNNAMED -Djava.util.logging.config.file=/opt/liferay/tomcat/conf/logging.properties -Djava.util.logging.manager=org.apache.juli.ClassLoaderLogManager -Djdk.tls.ephemeralDHKeySize=2048 -Djava.protocol.handler.pkgs=org.apache.catalina.webresources -Dorg.apache.catalina.security.SecurityListener.UMASK=0027 -Dfile.encoding=UTF-8 -Djava.locale.providers=JRE,COMPAT,CLDR -Djava.net.preferIPv4Stack=true -Duser.timezone=GMT -Xms2560m -Xmx2560m -XX:MaxNewSize=1536m -XX:MaxMetaspaceSize=768m -XX:MetaspaceSize=768m -XX:NewSize=1536m -XX:SurvivorRatio=7 -javaagent:/opt/liferay/tomcat/../glowroot/glowroot.jar -Dglowroot.enabled=true -Xms6g -Xmx6g -Djdk.util.zip.disableZip64ExtraFieldValidation=true -Dignore.endorsed.dirs= -Dcatalina.base=/opt/liferay/tomcat -Dcatalina.home=/opt/liferay/tomcat -Djava.io.tmpdir=/opt/liferay/tomcat/temp
2025-06-10 20:55:47.399 INFO  [SystemExecutorServiceUtil-1][DataSourceFactoryImpl:393] Successfully acquired JDBC connection
2025-06-10 20:55:47.638 WARN  [SystemExecutorServiceUtil-1][DialectDetector:73] Liferay is configured to use Hypersonic as its database. Do NOT use Hypersonic in production. Hypersonic is an embedded database useful for development and demonstration purposes. The database settings can be changed in portal-ext.properties.
2025-06-10 20:55:47.638 INFO  [SystemExecutorServiceUtil-1][DialectDetector:144] Using dialect com.liferay.portal.dao.orm.hibernate.HSQLDialect for HSQL Database Engine 2.7
2025-06-10 20:55:47.835 INFO  [main][ModuleFrameworkImpl:1355] Starting initial bundles
2025-06-10 20:55:48.424 INFO  [main][InterpolationConfigurationPlugin:109] Configured directory for secrets: /opt/liferay/osgi/configs
2025-06-10 20:55:48.795 INFO  [main][ModuleFrameworkImpl:1645] Started initial bundles
2025-06-10 20:55:48.795 INFO  [main][ModuleFrameworkImpl:1690] Starting dynamic bundles
2025-06-10 20:55:55.428 WARN  [Start Level: Equinox Container: c59149df-e479-40dd-acb9-8ece8940cd3a][SidecarManager:72] Liferay automatically starts a child process of Elasticsearch named sidecar for convenient development and demonstration purposes. Do NOT use sidecar in production. Refer to the documentation for details on the limitations of sidecar and instructions on configuring a remote Elasticsearch connection in the Control Panel.
2025-06-10 20:55:57.815 INFO  [main][ModuleFrameworkImpl:1713] Started dynamic bundles
2025-06-10 20:55:57.815 INFO  [main][ModuleFrameworkImpl:1720] Starting web bundles
2025-06-10 20:55:58.845 INFO  [main][ModuleFrameworkImpl:1774] Started web bundles
2025-06-10 20:55:58.846 INFO  [main][ModuleFrameworkImpl:283] Navigate to Control Panel > System > Gogo Shell and enter "lb" to see all bundles
2025-06-10 20:56:00.670 INFO  [main][StartupHelperUtil:100] The following patches are installed: hotfix-48
2025-06-10 20:56:00.720 INFO  [main][LoggingTimer:74] Starting com.liferay.portal.events.StartupHelperUtil#initResourceActions
2025-06-10 20:56:00.753 INFO  [main][LoggingTimer:35] Completed com.liferay.portal.events.StartupHelperUtil#initResourceActions in 32 ms
2025-06-10 20:56:00.776 INFO  [main][LicenseManager:-1] Failed to find directory /opt/liferay/data/license
2025-06-10 20:56:00.778 INFO  [main][LicenseManager:-1] No binary licenses found
2025-06-10 20:56:01.672 INFO  [main][AutoDeployDir:152] Auto deploy scanner started for /opt/liferay/deploy
2025-06-10 20:56:05.133 INFO  [SystemExecutorServiceUtil-16][Sidecar:103] Sidecar Elasticsearch liferay started at 127.0.0.1:9201
2025-06-10 20:56:07.549 INFO  [main][LoggingTimer:74] Starting com.liferay.portal.db.index.IndexUpdaterUtil#updateAllIndexes#Updating database indexes
2025-06-10 20:56:09.046 INFO  [fileinstall-directory-watcher][BaseAutoDeployListener:34] Copying themes for /opt/liferay/tomcat/temp/20250610205608976JIYVEMRQ/admin-theme.war
2025-06-10 20:56:09.480 INFO  [main][LoggingTimer:35] Completed com.liferay.portal.db.index.IndexUpdaterUtil#updateAllIndexes#Updating database indexes in 1931 ms
2025-06-10 20:56:09.977 INFO  [fileinstall-directory-watcher][BaseAutoDeployListener:41] Themes for /opt/liferay/tomcat/temp/20250610205608976JIYVEMRQ/admin-theme.war copied successfully
2025-06-10 20:56:11.665 INFO  [fileinstall-directory-watcher][BaseAutoDeployListener:34] Copying themes for /opt/liferay/tomcat/temp/20250610205611660ZAWQJKCU/classic-theme.war
2025-06-10 20:56:11.980 INFO  [fileinstall-directory-watcher][BaseAutoDeployListener:41] Themes for /opt/liferay/tomcat/temp/20250610205611660ZAWQJKCU/classic-theme.war copied successfully
2025-06-10 20:56:13.161 INFO  [fileinstall-directory-watcher][BaseAutoDeployListener:34] Copying themes for /opt/liferay/tomcat/temp/20250610205613151IEZEJNHG/dialect-theme.war
2025-06-10 20:56:13.889 INFO  [fileinstall-directory-watcher][BaseAutoDeployListener:41] Themes for /opt/liferay/tomcat/temp/20250610205613151IEZEJNHG/dialect-theme.war copied successfully
2025-06-10 20:56:14.673 INFO  [com.liferay.portal.kernel.deploy.auto.AutoDeployScanner][AutoDeployDir:212] Processing trial-dxp-license-1724875171000.xml
2025-06-10 20:56:14.682 INFO  [com.liferay.portal.kernel.deploy.auto.AutoDeployScanner][AutoDeployDir:212] Processing activation-key-7.4-developer-2024-07-01-for-1-year.xml
2025-06-10 20:56:14.718 INFO  [fileinstall-directory-watcher][BaseAutoDeployListener:34] Copying themes for /opt/liferay/tomcat/temp/20250610205614713NRJCQPGE/minium-theme.war
2025-06-10 20:56:15.077 INFO  [fileinstall-directory-watcher][BaseAutoDeployListener:41] Themes for /opt/liferay/tomcat/temp/20250610205614713NRJCQPGE/minium-theme.war copied successfully
2025-06-10 20:56:15.803 INFO  [fileinstall-directory-watcher][BaseAutoDeployListener:34] Copying themes for /opt/liferay/tomcat/temp/20250610205615799KQIRYADZ/speedwell-theme.war
2025-06-10 20:56:16.035 INFO  [fileinstall-directory-watcher][BaseAutoDeployListener:41] Themes for /opt/liferay/tomcat/temp/20250610205615799KQIRYADZ/speedwell-theme.war copied successfully
2025-06-10 20:56:16.708 INFO  [fileinstall-directory-watcher][BundleStartStopLogger:68] STARTED dialect-theme_5.0.77 [1445]
2025-06-10 20:56:16.711 INFO  [fileinstall-directory-watcher][BundleStartStopLogger:68] STARTED admin-theme_5.0.77 [1443]
2025-06-10 20:56:16.714 INFO  [fileinstall-directory-watcher][BundleStartStopLogger:68] STARTED classic-theme_5.0.91 [1444]
2025-06-10 20:56:16.719 INFO  [fileinstall-directory-watcher][BundleStartStopLogger:68] STARTED speedwell-theme_4.0.78 [1447]
2025-06-10 20:56:16.723 INFO  [fileinstall-directory-watcher][BundleStartStopLogger:68] STARTED minium-theme_5.0.84 [1446]
2025-06-10 20:56:26.769 INFO  [fileinstall-directory-watcher][LicenseManager:-1] DXP Development license validation passed
2025-06-10 20:56:26.770 INFO  [fileinstall-directory-watcher][LicenseManager:-1] License registered for DXP Development
2025-06-10 20:56:26.774 ERROR [fileinstall-directory-watcher][LicenseManager:-1] DXP Development license is expired
2025-06-10 20:56:26.774 INFO  [fileinstall-directory-watcher][LicenseManager:-1] DXP Development license validation passed
2025-06-10 20:56:26.774 INFO  [fileinstall-directory-watcher][LicenseManager:-1] License registered for DXP Development
2025-06-10 20:57:25.547 INFO  [main][PortalContextLoaderListener:114] JVM arguments: --add-opens=java.base/java.lang=ALL-UNNAMED --add-opens=java.base/java.lang.invoke=ALL-UNNAMED --add-opens=java.base/java.lang.reflect=ALL-UNNAMED --add-opens=java.base/java.net=ALL-UNNAMED --add-opens=java.base/sun.net.www.protocol.http=ALL-UNNAMED --add-opens=java.base/sun.util.calendar=ALL-UNNAMED --add-opens=jdk.zipfs/jdk.nio.zipfs=ALL-UNNAMED --add-opens=java.base/java.lang=ALL-UNNAMED --add-opens=java.base/java.io=ALL-UNNAMED --add-opens=java.base/java.util=ALL-UNNAMED --add-opens=java.base/java.util.concurrent=ALL-UNNAMED --add-opens=java.rmi/sun.rmi.transport=ALL-UNNAMED -Djava.util.logging.config.file=/opt/liferay/tomcat/conf/logging.properties -Djava.util.logging.manager=org.apache.juli.ClassLoaderLogManager -Djdk.tls.ephemeralDHKeySize=2048 -Djava.protocol.handler.pkgs=org.apache.catalina.webresources -Dorg.apache.catalina.security.SecurityListener.UMASK=0027 -Dfile.encoding=UTF-8 -Djava.locale.providers=JRE,COMPAT,CLDR -Djava.net.preferIPv4Stack=true -Duser.timezone=GMT -Xms2560m -Xmx2560m -XX:MaxNewSize=1536m -XX:MaxMetaspaceSize=768m -XX:MetaspaceSize=768m -XX:NewSize=1536m -XX:SurvivorRatio=7 -javaagent:/opt/liferay/tomcat/../glowroot/glowroot.jar -Dglowroot.enabled=true -Xms6g -Xmx6g -Djdk.util.zip.disableZip64ExtraFieldValidation=true -Dignore.endorsed.dirs= -Dcatalina.base=/opt/liferay/tomcat -Dcatalina.home=/opt/liferay/tomcat -Djava.io.tmpdir=/opt/liferay/tomcat/temp
2025-06-10 20:57:26.508 INFO  [SystemExecutorServiceUtil-1][DataSourceFactoryImpl:393] Successfully acquired JDBC connection
2025-06-10 20:57:26.773 WARN  [SystemExecutorServiceUtil-1][DialectDetector:73] Liferay is configured to use Hypersonic as its database. Do NOT use Hypersonic in production. Hypersonic is an embedded database useful for development and demonstration purposes. The database settings can be changed in portal-ext.properties.
2025-06-10 20:57:26.773 INFO  [SystemExecutorServiceUtil-1][DialectDetector:144] Using dialect com.liferay.portal.dao.orm.hibernate.HSQLDialect for HSQL Database Engine 2.7
2025-06-10 20:57:26.916 INFO  [main][ModuleFrameworkImpl:1355] Starting initial bundles
2025-06-10 20:57:27.331 INFO  [main][InterpolationConfigurationPlugin:109] Configured directory for secrets: /opt/liferay/osgi/configs
2025-06-10 20:57:27.809 INFO  [main][ModuleFrameworkImpl:1645] Started initial bundles
2025-06-10 20:57:27.810 INFO  [main][ModuleFrameworkImpl:1690] Starting dynamic bundles
2025-06-10 20:57:34.504 WARN  [Start Level: Equinox Container: b0b9b8e5-e3b5-4aa3-96b6-6f31f6f9d002][SidecarManager:72] Liferay automatically starts a child process of Elasticsearch named sidecar for convenient development and demonstration purposes. Do NOT use sidecar in production. Refer to the documentation for details on the limitations of sidecar and instructions on configuring a remote Elasticsearch connection in the Control Panel.
2025-06-10 20:57:37.185 INFO  [main][ModuleFrameworkImpl:1713] Started dynamic bundles
2025-06-10 20:57:37.186 INFO  [main][ModuleFrameworkImpl:1720] Starting web bundles
2025-06-10 20:57:38.866 INFO  [main][ModuleFrameworkImpl:1774] Started web bundles
2025-06-10 20:57:38.867 INFO  [main][ModuleFrameworkImpl:283] Navigate to Control Panel > System > Gogo Shell and enter "lb" to see all bundles
2025-06-10 20:57:40.471 INFO  [main][StartupHelperUtil:100] The following patches are installed: hotfix-48
2025-06-10 20:57:40.566 INFO  [main][LoggingTimer:74] Starting com.liferay.portal.events.StartupHelperUtil#initResourceActions
2025-06-10 20:57:40.609 INFO  [main][LoggingTimer:35] Completed com.liferay.portal.events.StartupHelperUtil#initResourceActions in 44 ms
2025-06-10 20:57:40.633 INFO  [main][LicenseManager:-1] Failed to find directory /opt/liferay/data/license
2025-06-10 20:57:40.634 INFO  [main][LicenseManager:-1] No binary licenses found
2025-06-10 20:57:41.273 INFO  [main][AutoDeployDir:152] Auto deploy scanner started for /opt/liferay/deploy
2025-06-10 20:57:44.239 INFO  [SystemExecutorServiceUtil-16][Sidecar:103] Sidecar Elasticsearch liferay started at 127.0.0.1:9201
2025-06-10 20:57:46.656 INFO  [main][LoggingTimer:74] Starting com.liferay.portal.db.index.IndexUpdaterUtil#updateAllIndexes#Updating database indexes
2025-06-10 20:57:48.548 INFO  [main][LoggingTimer:35] Completed com.liferay.portal.db.index.IndexUpdaterUtil#updateAllIndexes#Updating database indexes in 1892 ms
2025-06-10 20:57:49.059 INFO  [fileinstall-directory-watcher][BaseAutoDeployListener:34] Copying themes for /opt/liferay/tomcat/temp/20250610205748972YIPLEZRW/admin-theme.war
2025-06-10 20:57:49.649 INFO  [fileinstall-directory-watcher][BaseAutoDeployListener:41] Themes for /opt/liferay/tomcat/temp/20250610205748972YIPLEZRW/admin-theme.war copied successfully
2025-06-10 20:57:51.022 INFO  [fileinstall-directory-watcher][BaseAutoDeployListener:34] Copying themes for /opt/liferay/tomcat/temp/20250610205750992TMSQLOST/classic-theme.war
2025-06-10 20:57:51.762 INFO  [fileinstall-directory-watcher][BaseAutoDeployListener:41] Themes for /opt/liferay/tomcat/temp/20250610205750992TMSQLOST/classic-theme.war copied successfully
2025-06-10 20:57:52.928 INFO  [fileinstall-directory-watcher][BaseAutoDeployListener:34] Copying themes for /opt/liferay/tomcat/temp/20250610205752898KTPAXGAI/dialect-theme.war
2025-06-10 20:57:53.163 INFO  [fileinstall-directory-watcher][BaseAutoDeployListener:41] Themes for /opt/liferay/tomcat/temp/20250610205752898KTPAXGAI/dialect-theme.war copied successfully
2025-06-10 20:57:53.806 INFO  [fileinstall-directory-watcher][BaseAutoDeployListener:34] Copying themes for /opt/liferay/tomcat/temp/20250610205753769TOWFXIOS/minium-theme.war
2025-06-10 20:57:54.066 INFO  [fileinstall-directory-watcher][BaseAutoDeployListener:41] Themes for /opt/liferay/tomcat/temp/20250610205753769TOWFXIOS/minium-theme.war copied successfully
2025-06-10 20:57:54.275 INFO  [com.liferay.portal.kernel.deploy.auto.AutoDeployScanner][AutoDeployDir:212] Processing trial-dxp-license-1724875171000.xml
2025-06-10 20:57:54.300 INFO  [com.liferay.portal.kernel.deploy.auto.AutoDeployScanner][AutoDeployDir:212] Processing activation-key-7.4-developer-2024-07-01-for-1-year.xml
2025-06-10 20:57:54.821 INFO  [fileinstall-directory-watcher][BaseAutoDeployListener:34] Copying themes for /opt/liferay/tomcat/temp/20250610205754787LIZWKGYB/speedwell-theme.war
2025-06-10 20:57:55.039 INFO  [fileinstall-directory-watcher][BaseAutoDeployListener:41] Themes for /opt/liferay/tomcat/temp/20250610205754787LIZWKGYB/speedwell-theme.war copied successfully
2025-06-10 20:57:55.668 INFO  [fileinstall-directory-watcher][BundleStartStopLogger:68] STARTED admin-theme_5.0.77 [1443]
2025-06-10 20:57:55.669 INFO  [fileinstall-directory-watcher][BundleStartStopLogger:68] STARTED dialect-theme_5.0.77 [1445]
2025-06-10 20:57:55.672 INFO  [fileinstall-directory-watcher][BundleStartStopLogger:68] STARTED minium-theme_5.0.84 [1446]
2025-06-10 20:57:55.674 INFO  [fileinstall-directory-watcher][BundleStartStopLogger:68] STARTED speedwell-theme_4.0.78 [1447]
2025-06-10 20:57:55.677 INFO  [fileinstall-directory-watcher][BundleStartStopLogger:68] STARTED classic-theme_5.0.91 [1444]
2025-06-10 20:58:05.723 INFO  [fileinstall-directory-watcher][LicenseManager:-1] DXP Development license validation passed
2025-06-10 20:58:05.724 INFO  [fileinstall-directory-watcher][LicenseManager:-1] License registered for DXP Development
2025-06-10 20:58:05.728 ERROR [fileinstall-directory-watcher][LicenseManager:-1] DXP Development license is expired
2025-06-10 20:58:05.728 INFO  [fileinstall-directory-watcher][LicenseManager:-1] DXP Development license validation passed
2025-06-10 20:58:05.728 INFO  [fileinstall-directory-watcher][LicenseManager:-1] License registered for DXP Development
2025-06-10 20:59:27.363 INFO  [main][PortalContextLoaderListener:114] JVM arguments: --add-opens=java.base/java.lang=ALL-UNNAMED --add-opens=java.base/java.lang.invoke=ALL-UNNAMED --add-opens=java.base/java.lang.reflect=ALL-UNNAMED --add-opens=java.base/java.net=ALL-UNNAMED --add-opens=java.base/sun.net.www.protocol.http=ALL-UNNAMED --add-opens=java.base/sun.util.calendar=ALL-UNNAMED --add-opens=jdk.zipfs/jdk.nio.zipfs=ALL-UNNAMED --add-opens=java.base/java.lang=ALL-UNNAMED --add-opens=java.base/java.io=ALL-UNNAMED --add-opens=java.base/java.util=ALL-UNNAMED --add-opens=java.base/java.util.concurrent=ALL-UNNAMED --add-opens=java.rmi/sun.rmi.transport=ALL-UNNAMED -Djava.util.logging.config.file=/opt/liferay/tomcat/conf/logging.properties -Djava.util.logging.manager=org.apache.juli.ClassLoaderLogManager -Djdk.tls.ephemeralDHKeySize=2048 -Djava.protocol.handler.pkgs=org.apache.catalina.webresources -Dorg.apache.catalina.security.SecurityListener.UMASK=0027 -Dfile.encoding=UTF-8 -Djava.locale.providers=JRE,COMPAT,CLDR -Djava.net.preferIPv4Stack=true -Duser.timezone=GMT -Xms2560m -Xmx2560m -XX:MaxNewSize=1536m -XX:MaxMetaspaceSize=768m -XX:MetaspaceSize=768m -XX:NewSize=1536m -XX:SurvivorRatio=7 -javaagent:/opt/liferay/tomcat/../glowroot/glowroot.jar -Dglowroot.enabled=true -Xms6g -Xmx6g -Djdk.util.zip.disableZip64ExtraFieldValidation=true -Dignore.endorsed.dirs= -Dcatalina.base=/opt/liferay/tomcat -Dcatalina.home=/opt/liferay/tomcat -Djava.io.tmpdir=/opt/liferay/tomcat/temp
2025-06-10 20:59:28.416 INFO  [SystemExecutorServiceUtil-1][DataSourceFactoryImpl:393] Successfully acquired JDBC connection
2025-06-10 20:59:28.739 WARN  [SystemExecutorServiceUtil-1][DialectDetector:73] Liferay is configured to use Hypersonic as its database. Do NOT use Hypersonic in production. Hypersonic is an embedded database useful for development and demonstration purposes. The database settings can be changed in portal-ext.properties.
2025-06-10 20:59:28.740 INFO  [SystemExecutorServiceUtil-1][DialectDetector:144] Using dialect com.liferay.portal.dao.orm.hibernate.HSQLDialect for HSQL Database Engine 2.7
2025-06-10 20:59:28.902 INFO  [main][ModuleFrameworkImpl:1355] Starting initial bundles
2025-06-10 20:59:29.398 INFO  [main][InterpolationConfigurationPlugin:109] Configured directory for secrets: /opt/liferay/osgi/configs
2025-06-10 20:59:29.928 INFO  [main][ModuleFrameworkImpl:1645] Started initial bundles
2025-06-10 20:59:29.929 INFO  [main][ModuleFrameworkImpl:1690] Starting dynamic bundles
2025-06-10 20:59:36.868 WARN  [Start Level: Equinox Container: 39132614-c7e3-43ad-999a-cabdc572c6b2][SidecarManager:72] Liferay automatically starts a child process of Elasticsearch named sidecar for convenient development and demonstration purposes. Do NOT use sidecar in production. Refer to the documentation for details on the limitations of sidecar and instructions on configuring a remote Elasticsearch connection in the Control Panel.
2025-06-10 20:59:39.442 INFO  [main][ModuleFrameworkImpl:1713] Started dynamic bundles
2025-06-10 20:59:39.442 INFO  [main][ModuleFrameworkImpl:1720] Starting web bundles
2025-06-10 20:59:40.859 INFO  [main][ModuleFrameworkImpl:1774] Started web bundles
2025-06-10 20:59:40.859 INFO  [main][ModuleFrameworkImpl:283] Navigate to Control Panel > System > Gogo Shell and enter "lb" to see all bundles
2025-06-10 20:59:42.493 INFO  [main][StartupHelperUtil:100] The following patches are installed: hotfix-48
2025-06-10 20:59:42.600 INFO  [main][LoggingTimer:74] Starting com.liferay.portal.events.StartupHelperUtil#initResourceActions
2025-06-10 20:59:42.624 INFO  [main][LoggingTimer:35] Completed com.liferay.portal.events.StartupHelperUtil#initResourceActions in 24 ms
2025-06-10 20:59:42.640 INFO  [main][LicenseManager:-1] Failed to find directory /opt/liferay/data/license
2025-06-10 20:59:42.641 INFO  [main][LicenseManager:-1] No binary licenses found
2025-06-10 20:59:43.280 INFO  [main][AutoDeployDir:152] Auto deploy scanner started for /opt/liferay/deploy
2025-06-10 20:59:46.185 INFO  [SystemExecutorServiceUtil-9][Sidecar:103] Sidecar Elasticsearch liferay started at 127.0.0.1:9201
2025-06-10 20:59:48.631 INFO  [main][LoggingTimer:74] Starting com.liferay.portal.db.index.IndexUpdaterUtil#updateAllIndexes#Updating database indexes
2025-06-10 20:59:50.507 INFO  [main][LoggingTimer:35] Completed com.liferay.portal.db.index.IndexUpdaterUtil#updateAllIndexes#Updating database indexes in 1875 ms
2025-06-10 20:59:51.032 INFO  [fileinstall-directory-watcher][BaseAutoDeployListener:34] Copying themes for /opt/liferay/tomcat/temp/20250610205950970GGWREODD/admin-theme.war
2025-06-10 20:59:51.639 INFO  [fileinstall-directory-watcher][BaseAutoDeployListener:41] Themes for /opt/liferay/tomcat/temp/20250610205950970GGWREODD/admin-theme.war copied successfully
2025-06-10 20:59:53.079 INFO  [fileinstall-directory-watcher][BaseAutoDeployListener:34] Copying themes for /opt/liferay/tomcat/temp/20250610205953068YMWFKYPY/classic-theme.war
2025-06-10 20:59:53.836 INFO  [fileinstall-directory-watcher][BaseAutoDeployListener:41] Themes for /opt/liferay/tomcat/temp/20250610205953068YMWFKYPY/classic-theme.war copied successfully
2025-06-10 20:59:55.208 INFO  [fileinstall-directory-watcher][BaseAutoDeployListener:34] Copying themes for /opt/liferay/tomcat/temp/20250610205955194MQAOEPOK/dialect-theme.war
2025-06-10 20:59:55.514 INFO  [fileinstall-directory-watcher][BaseAutoDeployListener:41] Themes for /opt/liferay/tomcat/temp/20250610205955194MQAOEPOK/dialect-theme.war copied successfully
2025-06-10 20:59:56.277 INFO  [fileinstall-directory-watcher][BaseAutoDeployListener:34] Copying themes for /opt/liferay/tomcat/temp/20250610205956267WEDBIXFJ/minium-theme.war
2025-06-10 20:59:56.280 INFO  [com.liferay.portal.kernel.deploy.auto.AutoDeployScanner][AutoDeployDir:212] Processing trial-dxp-license-1724875171000.xml
2025-06-10 20:59:56.283 INFO  [com.liferay.portal.kernel.deploy.auto.AutoDeployScanner][AutoDeployDir:212] Processing activation-key-7.4-developer-2024-07-01-for-1-year.xml
2025-06-10 20:59:56.555 INFO  [fileinstall-directory-watcher][BaseAutoDeployListener:41] Themes for /opt/liferay/tomcat/temp/20250610205956267WEDBIXFJ/minium-theme.war copied successfully
2025-06-10 20:59:57.287 INFO  [fileinstall-directory-watcher][BaseAutoDeployListener:34] Copying themes for /opt/liferay/tomcat/temp/20250610205957275SCZYOLWB/speedwell-theme.war
2025-06-10 20:59:57.526 INFO  [fileinstall-directory-watcher][BaseAutoDeployListener:41] Themes for /opt/liferay/tomcat/temp/20250610205957275SCZYOLWB/speedwell-theme.war copied successfully
2025-06-10 20:59:58.183 INFO  [fileinstall-directory-watcher][BundleStartStopLogger:68] STARTED minium-theme_5.0.84 [1446]
2025-06-10 20:59:58.185 INFO  [fileinstall-directory-watcher][BundleStartStopLogger:68] STARTED admin-theme_5.0.77 [1443]
2025-06-10 20:59:58.187 INFO  [fileinstall-directory-watcher][BundleStartStopLogger:68] STARTED classic-theme_5.0.91 [1444]
2025-06-10 20:59:58.190 INFO  [fileinstall-directory-watcher][BundleStartStopLogger:68] STARTED dialect-theme_5.0.77 [1445]
2025-06-10 20:59:58.193 INFO  [fileinstall-directory-watcher][BundleStartStopLogger:68] STARTED speedwell-theme_4.0.78 [1447]
2025-06-10 21:00:08.247 INFO  [fileinstall-directory-watcher][LicenseManager:-1] DXP Development license validation passed
2025-06-10 21:00:08.247 INFO  [fileinstall-directory-watcher][LicenseManager:-1] License registered for DXP Development
2025-06-10 21:00:08.252 ERROR [fileinstall-directory-watcher][LicenseManager:-1] DXP Development license is expired
2025-06-10 21:00:08.253 INFO  [fileinstall-directory-watcher][LicenseManager:-1] DXP Development license validation passed
2025-06-10 21:00:08.253 INFO  [fileinstall-directory-watcher][LicenseManager:-1] License registered for DXP Development
2025-06-10 21:01:31.375 INFO  [main][PortalContextLoaderListener:114] JVM arguments: --add-opens=java.base/java.lang=ALL-UNNAMED --add-opens=java.base/java.lang.invoke=ALL-UNNAMED --add-opens=java.base/java.lang.reflect=ALL-UNNAMED --add-opens=java.base/java.net=ALL-UNNAMED --add-opens=java.base/sun.net.www.protocol.http=ALL-UNNAMED --add-opens=java.base/sun.util.calendar=ALL-UNNAMED --add-opens=jdk.zipfs/jdk.nio.zipfs=ALL-UNNAMED --add-opens=java.base/java.lang=ALL-UNNAMED --add-opens=java.base/java.io=ALL-UNNAMED --add-opens=java.base/java.util=ALL-UNNAMED --add-opens=java.base/java.util.concurrent=ALL-UNNAMED --add-opens=java.rmi/sun.rmi.transport=ALL-UNNAMED -Djava.util.logging.config.file=/opt/liferay/tomcat/conf/logging.properties -Djava.util.logging.manager=org.apache.juli.ClassLoaderLogManager -Djdk.tls.ephemeralDHKeySize=2048 -Djava.protocol.handler.pkgs=org.apache.catalina.webresources -Dorg.apache.catalina.security.SecurityListener.UMASK=0027 -Dfile.encoding=UTF-8 -Djava.locale.providers=JRE,COMPAT,CLDR -Djava.net.preferIPv4Stack=true -Duser.timezone=GMT -Xms2560m -Xmx2560m -XX:MaxNewSize=1536m -XX:MaxMetaspaceSize=768m -XX:MetaspaceSize=768m -XX:NewSize=1536m -XX:SurvivorRatio=7 -javaagent:/opt/liferay/tomcat/../glowroot/glowroot.jar -Dglowroot.enabled=true -Xms6g -Xmx6g -Djdk.util.zip.disableZip64ExtraFieldValidation=true -Dignore.endorsed.dirs= -Dcatalina.base=/opt/liferay/tomcat -Dcatalina.home=/opt/liferay/tomcat -Djava.io.tmpdir=/opt/liferay/tomcat/temp
2025-06-10 21:01:31.803 INFO  [SystemExecutorServiceUtil-1][DataSourceFactoryImpl:393] Successfully acquired JDBC connection
2025-06-10 21:01:32.012 WARN  [SystemExecutorServiceUtil-1][DialectDetector:73] Liferay is configured to use Hypersonic as its database. Do NOT use Hypersonic in production. Hypersonic is an embedded database useful for development and demonstration purposes. The database settings can be changed in portal-ext.properties.
2025-06-10 21:01:32.012 INFO  [SystemExecutorServiceUtil-1][DialectDetector:144] Using dialect com.liferay.portal.dao.orm.hibernate.HSQLDialect for HSQL Database Engine 2.7
2025-06-10 21:01:32.093 INFO  [SystemExecutorServiceUtil-1][DBInitUtil:100] Create tables and populate with default data
2025-06-10 21:01:32.359 INFO  [main][ModuleFrameworkImpl:1355] Starting initial bundles
2025-06-10 21:01:32.973 INFO  [main][InterpolationConfigurationPlugin:109] Configured directory for secrets: /opt/liferay/osgi/configs
2025-06-10 21:01:33.293 INFO  [main][ModuleFrameworkImpl:1645] Started initial bundles
2025-06-10 21:01:33.294 INFO  [main][ModuleFrameworkImpl:1690] Starting dynamic bundles
2025-06-10 21:01:39.932 WARN  [Start Level: Equinox Container: 46d73460-909d-4429-b1cf-0c873929ee7d][SidecarManager:72] Liferay automatically starts a child process of Elasticsearch named sidecar for convenient development and demonstration purposes. Do NOT use sidecar in production. Refer to the documentation for details on the limitations of sidecar and instructions on configuring a remote Elasticsearch connection in the Control Panel.
2025-06-10 21:01:42.212 INFO  [main][ModuleFrameworkImpl:1713] Started dynamic bundles
2025-06-10 21:01:42.213 INFO  [main][ModuleFrameworkImpl:1720] Starting web bundles
2025-06-10 21:01:43.751 INFO  [main][ModuleFrameworkImpl:1774] Started web bundles
2025-06-10 21:01:43.751 INFO  [main][ModuleFrameworkImpl:283] Navigate to Control Panel > System > Gogo Shell and enter "lb" to see all bundles
2025-06-10 21:01:45.962 INFO  [main][StartupHelperUtil:100] The following patches are installed: hotfix-48
2025-06-10 21:01:46.030 INFO  [main][LoggingTimer:74] Starting com.liferay.portal.events.StartupHelperUtil#initResourceActions
2025-06-10 21:01:46.144 INFO  [main][LoggingTimer:35] Completed com.liferay.portal.events.StartupHelperUtil#initResourceActions in 114 ms
2025-06-10 21:01:46.273 INFO  [main][LicenseManager:-1] Failed to find directory /opt/liferay/data/license
2025-06-10 21:01:46.274 INFO  [main][LicenseManager:-1] No binary licenses found
2025-06-10 21:01:46.815 INFO  [main][AutoDeployDir:152] Auto deploy scanner started for /opt/liferay/deploy
2025-06-10 21:01:49.170 INFO  [SystemExecutorServiceUtil-14][Sidecar:103] Sidecar Elasticsearch liferay started at 127.0.0.1:9201
2025-06-10 21:01:59.816 INFO  [com.liferay.portal.kernel.deploy.auto.AutoDeployScanner][AutoDeployDir:212] Processing trial-dxp-license-1724875171000.xml
2025-06-10 21:01:59.824 INFO  [com.liferay.portal.kernel.deploy.auto.AutoDeployScanner][AutoDeployDir:212] Processing activation-key-7.4-developer-2024-07-01-for-1-year.xml
2025-06-10 21:02:00.224 INFO  [main][VerifyProcess:65] Verifying com.liferay.search.experiences.internal.verify.SXPServiceVerifyProcess
2025-06-10 21:02:01.274 INFO  [main][VerifyProcess:78] Completed verification process com.liferay.search.experiences.internal.verify.SXPServiceVerifyProcess in 1051 ms
2025-06-10 21:02:01.278 INFO  [main][VerifyProcess:65] Verifying com.liferay.portal.security.service.access.policy.internal.verify.SAPServiceVerifyProcess
2025-06-10 21:02:01.278 INFO  [main][LoggingTimer:74] Starting com.liferay.portal.security.service.access.policy.internal.verify.SAPServiceVerifyProcess#verifyDefaultSAPEntry
2025-06-10 21:02:01.294 INFO  [main][LoggingTimer:35] Completed com.liferay.portal.security.service.access.policy.internal.verify.SAPServiceVerifyProcess#verifyDefaultSAPEntry in 15 ms
2025-06-10 21:02:01.294 INFO  [main][VerifyProcess:78] Completed verification process com.liferay.portal.security.service.access.policy.internal.verify.SAPServiceVerifyProcess in 17 ms
2025-06-10 21:02:01.299 INFO  [main][VerifyProcess:65] Verifying com.liferay.commerce.product.internal.verify.CommerceProductServiceVerifyProcess
2025-06-10 21:02:01.300 INFO  [main][LoggingTimer:74] Starting com.liferay.commerce.product.internal.verify.CommerceProductServiceVerifyProcess#verifyCPMeasurementUnits
2025-06-10 21:02:01.679 INFO  [main][LoggingTimer:35] Completed com.liferay.commerce.product.internal.verify.CommerceProductServiceVerifyProcess#verifyCPMeasurementUnits in 380 ms
2025-06-10 21:02:01.680 INFO  [main][VerifyProcess:78] Completed verification process com.liferay.commerce.product.internal.verify.CommerceProductServiceVerifyProcess in 381 ms
2025-06-10 21:02:02.911 INFO  [SystemExecutorServiceUtil-9-com.liferay.portal.spring.extender.internal.configuration.ServiceConfigurationInitializer-com.liferay.change.tracking.service][VerifyProcess:65] Verifying com.liferay.portal.search.tuning.synonyms.web.internal.verify.SynonymSetsDatabaseImporterVerifyProcess
2025-06-10 21:02:03.202 INFO  [SystemExecutorServiceUtil-9-com.liferay.portal.spring.extender.internal.configuration.ServiceConfigurationInitializer-com.liferay.change.tracking.service][VerifyProcess:78] Completed verification process com.liferay.portal.search.tuning.synonyms.web.internal.verify.SynonymSetsDatabaseImporterVerifyProcess in 291 ms
2025-06-10 21:02:03.952 INFO  [fileinstall-directory-watcher][BaseAutoDeployListener:34] Copying themes for /opt/liferay/tomcat/temp/20250610210203906KJNVTOKN/admin-theme.war
2025-06-10 21:02:04.402 INFO  [fileinstall-directory-watcher][BaseAutoDeployListener:41] Themes for /opt/liferay/tomcat/temp/20250610210203906KJNVTOKN/admin-theme.war copied successfully
2025-06-10 21:02:05.516 INFO  [fileinstall-directory-watcher][BaseAutoDeployListener:34] Copying themes for /opt/liferay/tomcat/temp/20250610210205508RTQQGKIW/classic-theme.war
2025-06-10 21:02:05.869 INFO  [fileinstall-directory-watcher][BaseAutoDeployListener:41] Themes for /opt/liferay/tomcat/temp/20250610210205508RTQQGKIW/classic-theme.war copied successfully
2025-06-10 21:02:06.767 INFO  [fileinstall-directory-watcher][BaseAutoDeployListener:34] Copying themes for /opt/liferay/tomcat/temp/20250610210206748WQUYHVCH/dialect-theme.war
2025-06-10 21:02:06.967 INFO  [SystemExecutorServiceUtil-9-com.liferay.portal.spring.extender.internal.configuration.ServiceConfigurationInitializer-com.liferay.change.tracking.service][VerifyProcess:65] Verifying com.liferay.commerce.price.list.internal.verify.CommercePriceListServiceVerifyProcess
2025-06-10 21:02:06.968 INFO  [SystemExecutorServiceUtil-9-com.liferay.portal.spring.extender.internal.configuration.ServiceConfigurationInitializer-com.liferay.change.tracking.service][LoggingTimer:74] Starting com.liferay.commerce.price.list.internal.verify.CommercePriceListServiceVerifyProcess#verifyBasePriceLists
2025-06-10 21:02:06.977 INFO  [SystemExecutorServiceUtil-9-com.liferay.portal.spring.extender.internal.configuration.ServiceConfigurationInitializer-com.liferay.change.tracking.service][LoggingTimer:35] Completed com.liferay.commerce.price.list.internal.verify.CommercePriceListServiceVerifyProcess#verifyBasePriceLists in 9 ms
2025-06-10 21:02:06.978 INFO  [SystemExecutorServiceUtil-9-com.liferay.portal.spring.extender.internal.configuration.ServiceConfigurationInitializer-com.liferay.change.tracking.service][VerifyProcess:78] Completed verification process com.liferay.commerce.price.list.internal.verify.CommercePriceListServiceVerifyProcess in 10 ms
2025-06-10 21:02:07.163 INFO  [fileinstall-directory-watcher][BaseAutoDeployListener:41] Themes for /opt/liferay/tomcat/temp/20250610210206748WQUYHVCH/dialect-theme.war copied successfully
2025-06-10 21:02:08.007 INFO  [fileinstall-directory-watcher][BaseAutoDeployListener:34] Copying themes for /opt/liferay/tomcat/temp/20250610210207999YCJOMZJU/minium-theme.war
2025-06-10 21:02:08.370 INFO  [fileinstall-directory-watcher][BaseAutoDeployListener:41] Themes for /opt/liferay/tomcat/temp/20250610210207999YCJOMZJU/minium-theme.war copied successfully
2025-06-10 21:02:09.572 INFO  [fileinstall-directory-watcher][BaseAutoDeployListener:34] Copying themes for /opt/liferay/tomcat/temp/20250610210209559QNPESMNG/speedwell-theme.war
2025-06-10 21:02:09.949 INFO  [fileinstall-directory-watcher][BaseAutoDeployListener:41] Themes for /opt/liferay/tomcat/temp/20250610210209559QNPESMNG/speedwell-theme.war copied successfully
2025-06-10 21:02:10.312 INFO  [SystemExecutorServiceUtil-9-com.liferay.portal.spring.extender.internal.configuration.ServiceConfigurationInitializer-com.liferay.change.tracking.service][VerifyProcess:65] Verifying com.liferay.commerce.internal.verify.CommerceAccountServiceVerifyProcess
2025-06-10 21:02:10.313 INFO  [SystemExecutorServiceUtil-9-com.liferay.portal.spring.extender.internal.configuration.ServiceConfigurationInitializer-com.liferay.change.tracking.service][LoggingTimer:74] Starting com.liferay.commerce.internal.verify.CommerceAccountServiceVerifyProcess#verifyAccountRoles
2025-06-10 21:02:10.320 INFO  [SystemExecutorServiceUtil-9-com.liferay.portal.spring.extender.internal.configuration.ServiceConfigurationInitializer-com.liferay.change.tracking.service][LoggingTimer:35] Completed com.liferay.commerce.internal.verify.CommerceAccountServiceVerifyProcess#verifyAccountRoles in 6 ms
2025-06-10 21:02:10.320 INFO  [SystemExecutorServiceUtil-9-com.liferay.portal.spring.extender.internal.configuration.ServiceConfigurationInitializer-com.liferay.change.tracking.service][LoggingTimer:74] Starting com.liferay.commerce.internal.verify.CommerceAccountServiceVerifyProcess#verifyAccountGroup
2025-06-10 21:02:10.322 INFO  [SystemExecutorServiceUtil-9-com.liferay.portal.spring.extender.internal.configuration.ServiceConfigurationInitializer-com.liferay.change.tracking.service][LoggingTimer:35] Completed com.liferay.commerce.internal.verify.CommerceAccountServiceVerifyProcess#verifyAccountGroup in 2 ms
2025-06-10 21:02:10.323 INFO  [SystemExecutorServiceUtil-9-com.liferay.portal.spring.extender.internal.configuration.ServiceConfigurationInitializer-com.liferay.change.tracking.service][VerifyProcess:78] Completed verification process com.liferay.commerce.internal.verify.CommerceAccountServiceVerifyProcess in 12 ms
2025-06-10 21:02:10.992 INFO  [fileinstall-directory-watcher][BundleStartStopLogger:68] STARTED dialect-theme_5.0.77 [1445]
2025-06-10 21:02:11.140 INFO  [fileinstall-directory-watcher][BundleStartStopLogger:68] STARTED admin-theme_5.0.77 [1443]
2025-06-10 21:02:11.191 INFO  [fileinstall-directory-watcher][BundleStartStopLogger:68] STARTED minium-theme_5.0.84 [1446]
2025-06-10 21:02:11.274 INFO  [fileinstall-directory-watcher][BundleStartStopLogger:68] STARTED speedwell-theme_4.0.78 [1447]
2025-06-10 21:02:11.330 INFO  [fileinstall-directory-watcher][BundleStartStopLogger:68] STARTED classic-theme_5.0.91 [1444]
2025-06-10 21:02:14.377 INFO  [SystemExecutorServiceUtil-9-com.liferay.portal.spring.extender.internal.configuration.ServiceConfigurationInitializer-com.liferay.change.tracking.service][VerifyProcess:65] Verifying com.liferay.adaptive.media.document.library.thumbnails.internal.verify.DocumentLibraryThumbnailsConfigurationVerifyProcess
2025-06-10 21:02:14.392 INFO  [SystemExecutorServiceUtil-9-com.liferay.portal.spring.extender.internal.configuration.ServiceConfigurationInitializer-com.liferay.change.tracking.service][VerifyProcess:78] Completed verification process com.liferay.adaptive.media.document.library.thumbnails.internal.verify.DocumentLibraryThumbnailsConfigurationVerifyProcess in 15 ms
2025-06-10 21:02:14.638 INFO  [SystemExecutorServiceUtil-9-com.liferay.portal.spring.extender.internal.configuration.ServiceConfigurationInitializer-com.liferay.change.tracking.service][VerifyProcess:65] Verifying com.liferay.portal.search.tuning.rankings.web.internal.verify.RankingsDatabaseImporterVerifyProcess
2025-06-10 21:02:14.743 INFO  [SystemExecutorServiceUtil-9-com.liferay.portal.spring.extender.internal.configuration.ServiceConfigurationInitializer-com.liferay.change.tracking.service][VerifyProcess:78] Completed verification process com.liferay.portal.search.tuning.rankings.web.internal.verify.RankingsDatabaseImporterVerifyProcess in 105 ms
2025-06-10 21:02:16.411 INFO  [fileinstall-directory-watcher][LicenseManager:-1] DXP Development license validation passed
2025-06-10 21:02:16.411 INFO  [fileinstall-directory-watcher][LicenseManager:-1] License registered for DXP Development
2025-06-10 21:02:16.418 ERROR [fileinstall-directory-watcher][LicenseManager:-1] DXP Development license is expired
2025-06-10 21:02:16.419 INFO  [fileinstall-directory-watcher][LicenseManager:-1] DXP Development license validation passed
2025-06-10 21:02:16.419 INFO  [fileinstall-directory-watcher][LicenseManager:-1] License registered for DXP Development
2025-06-10 21:09:33.152 WARN  [http-nio-8080-exec-7][code_jsp:161] {code="500", msg="", uri=/}
java.lang.RuntimeException: Invalid host name liferay.local.io
	at com.liferay.portal.servlet.filters.validhostname.ValidHostNameFilter.doFilterTry(ValidHostNameFilter.java:31) ~[portal-impl.jar:?]
	at com.liferay.portal.kernel.servlet.filters.invoker.InvokerFilterChain.processDirectCallFilter(InvokerFilterChain.java:187) ~[portal-kernel.jar:?]
	at com.liferay.portal.kernel.servlet.filters.invoker.InvokerFilterChain.doFilter(InvokerFilterChain.java:92) ~[portal-kernel.jar:?]
	at com.liferay.portal.kernel.servlet.filters.invoker.InvokerFilter.doFilter(InvokerFilter.java:109) ~[portal-kernel.jar:?]
	at com.liferay.shielded.container.internal.proxy.FilterWrapper.doFilter(FilterWrapper.java:69) ~[com.liferay.shielded.container.impl.jar:?]
	at org.apache.catalina.core.ApplicationFilterChain.internalDoFilter(ApplicationFilterChain.java:168) ~[catalina.jar:9.0.90]
	at org.apache.catalina.core.ApplicationFilterChain.doFilter(ApplicationFilterChain.java:144) ~[catalina.jar:9.0.90]
	at org.apache.catalina.core.StandardWrapperValve.invoke(StandardWrapperValve.java:168) ~[catalina.jar:9.0.90]
	at org.apache.catalina.core.StandardContextValve.invoke(StandardContextValve.java:90) ~[catalina.jar:9.0.90]
	at org.apache.catalina.authenticator.AuthenticatorBase.invoke(AuthenticatorBase.java:481) ~[catalina.jar:9.0.90]
	at org.apache.catalina.core.StandardHostValve.invoke(StandardHostValve.java:130) [catalina.jar:9.0.90]
	at org.apache.catalina.valves.ErrorReportValve.invoke(ErrorReportValve.java:93) [catalina.jar:9.0.90]
	at org.apache.catalina.core.StandardEngineValve.invoke(StandardEngineValve.java:74) [catalina.jar:9.0.90]
	at org.apache.catalina.connector.CoyoteAdapter.service(CoyoteAdapter.java:346) [catalina.jar:9.0.90]
	at org.apache.coyote.http11.Http11Processor.service(Http11Processor.java:388) [tomcat-coyote.jar:9.0.90]
	at org.apache.coyote.AbstractProcessorLight.process(AbstractProcessorLight.java:63) [tomcat-coyote.jar:9.0.90]
	at org.apache.coyote.AbstractProtocol$ConnectionHandler.process(AbstractProtocol.java:936) [tomcat-coyote.jar:9.0.90]
	at org.apache.tomcat.util.net.NioEndpoint$SocketProcessor.doRun(NioEndpoint.java:1791) [tomcat-coyote.jar:9.0.90]
	at org.apache.tomcat.util.net.SocketProcessorBase.run(SocketProcessorBase.java:52) [tomcat-coyote.jar:9.0.90]
	at org.apache.tomcat.util.threads.ThreadPoolExecutor.runWorker(ThreadPoolExecutor.java:1190) [tomcat-util.jar:9.0.90]
	at org.apache.tomcat.util.threads.ThreadPoolExecutor$Worker.run(ThreadPoolExecutor.java:659) [tomcat-util.jar:9.0.90]
	at org.apache.tomcat.util.threads.TaskThread$WrappingRunnable.run(TaskThread.java:63) [tomcat-util.jar:9.0.90]
	at java.lang.Thread.run(Thread.java:829) [?:?]
2025-06-10 21:09:33.164 WARN  [http-nio-8080-exec-7][PortalImpl:5406] Set the property "virtual.hosts.valid.hosts" in portal.properties to allow "liferay.local.io" as a domain
