2025-06-02 17:13:49.732 INFO  [main][PortalContextLoaderListener:114] JVM arguments: --add-opens=java.base/java.lang=ALL-UNNAMED --add-opens=java.base/java.lang.invoke=ALL-UNNAMED --add-opens=java.base/java.lang.reflect=ALL-UNNAMED --add-opens=java.base/java.net=ALL-UNNAMED --add-opens=java.base/sun.net.www.protocol.http=ALL-UNNAMED --add-opens=java.base/sun.util.calendar=ALL-UNNAMED --add-opens=jdk.zipfs/jdk.nio.zipfs=ALL-UNNAMED --add-opens=java.base/java.lang=ALL-UNNAMED --add-opens=java.base/java.io=ALL-UNNAMED --add-opens=java.base/java.util=ALL-UNNAMED --add-opens=java.base/java.util.concurrent=ALL-UNNAMED --add-opens=java.rmi/sun.rmi.transport=ALL-UNNAMED -Djava.util.logging.config.file=/opt/liferay/tomcat/conf/logging.properties -Djava.util.logging.manager=org.apache.juli.ClassLoaderLogManager -Djdk.tls.ephemeralDHKeySize=2048 -Djava.protocol.handler.pkgs=org.apache.catalina.webresources -Dorg.apache.catalina.security.SecurityListener.UMASK=0027 -Dfile.encoding=UTF-8 -Djava.locale.providers=JRE,COMPAT,CLDR -Djava.net.preferIPv4Stack=true -Duser.timezone=GMT -Xms2560m -Xmx2560m -XX:MaxNewSize=1536m -XX:MaxMetaspaceSize=768m -XX:MetaspaceSize=768m -XX:NewSize=1536m -XX:SurvivorRatio=7 -javaagent:/opt/liferay/tomcat/../glowroot/glowroot.jar -Dglowroot.enabled=true -Xms6g -Xmx6g -Djdk.util.zip.disableZip64ExtraFieldValidation=true -Dignore.endorsed.dirs= -Dcatalina.base=/opt/liferay/tomcat -Dcatalina.home=/opt/liferay/tomcat -Djava.io.tmpdir=/opt/liferay/tomcat/temp
2025-06-02 17:13:50.530 INFO  [SystemExecutorServiceUtil-1][DataSourceFactoryImpl:393] Successfully acquired JDBC connection
2025-06-02 17:13:51.172 INFO  [SystemExecutorServiceUtil-1][DialectDetector:144] Using dialect org.hibernate.dialect.MySQL8Dialect for MySQL 8.0
2025-06-02 17:13:51.431 INFO  [main][ModuleFrameworkImpl:1355] Starting initial bundles
2025-06-02 17:13:52.460 INFO  [main][InterpolationConfigurationPlugin:109] Configured directory for secrets: /opt/liferay/osgi/configs
2025-06-02 17:13:53.079 INFO  [main][ModuleFrameworkImpl:1645] Started initial bundles
2025-06-02 17:13:53.080 INFO  [main][ModuleFrameworkImpl:1690] Starting dynamic bundles
2025-06-02 17:13:58.665 INFO  [main][BundleBlacklist:176] Stopping blacklisted bundle com.liferay.saml.admin.rest.api_1.1.4 [1220]
2025-06-02 17:13:58.677 INFO  [main][BundleBlacklist:176] Stopping blacklisted bundle com.liferay.saml.admin.rest.impl_1.0.18 [1222]
2025-06-02 17:13:58.683 INFO  [main][BundleBlacklist:176] Stopping blacklisted bundle com.liferay.saml.api_8.1.1 [1223]
2025-06-02 17:13:58.688 INFO  [main][BundleBlacklist:176] Stopping blacklisted bundle com.liferay.saml.impl_5.0.47 [1224]
2025-06-02 17:13:58.774 INFO  [main][BundleBlacklist:176] Stopping blacklisted bundle com.liferay.saml.opensaml.integration_6.2.14 [1225]
2025-06-02 17:13:58.790 INFO  [main][BundleBlacklist:176] Stopping blacklisted bundle com.liferay.saml.web_5.0.69 [1228]
2025-06-02 17:14:06.739 INFO  [main][ModuleFrameworkImpl:1713] Started dynamic bundles
2025-06-02 17:14:06.740 INFO  [main][ModuleFrameworkImpl:1720] Starting web bundles
2025-06-02 17:14:07.869 INFO  [main][BundleBlacklist:176] Stopping blacklisted bundle com.liferay.saml.admin.rest.api_1.1.4 [1449]
2025-06-02 17:14:07.874 INFO  [main][BundleBlacklist:176] Stopping blacklisted bundle com.liferay.saml.admin.rest.impl_1.0.18 [1450]
2025-06-02 17:14:07.881 INFO  [main][BundleBlacklist:176] Stopping blacklisted bundle com.liferay.saml.api_8.1.1 [1451]
2025-06-02 17:14:07.886 INFO  [main][BundleBlacklist:176] Stopping blacklisted bundle com.liferay.saml.impl_5.0.47 [1452]
2025-06-02 17:14:07.928 INFO  [main][BundleBlacklist:176] Stopping blacklisted bundle com.liferay.saml.opensaml.integration_6.2.14 [1453]
2025-06-02 17:14:07.934 INFO  [main][BundleBlacklist:176] Stopping blacklisted bundle com.liferay.saml.web_5.0.69 [1454]
2025-06-02 17:14:07.937 INFO  [main][ModuleFrameworkImpl:1774] Started web bundles
2025-06-02 17:14:07.938 INFO  [main][ModuleFrameworkImpl:283] Navigate to Control Panel > System > Gogo Shell and enter "lb" to see all bundles
2025-06-02 17:14:07.961 INFO  [main][LoggingTimer:74] Starting com.liferay.portal.verify.VerifyProperties#verifySystemProperties
2025-06-02 17:14:07.961 INFO  [main][LoggingTimer:35] Completed com.liferay.portal.verify.VerifyProperties#verifySystemProperties in 0 ms
2025-06-02 17:14:07.962 INFO  [main][LoggingTimer:74] Starting com.liferay.portal.verify.VerifyProperties#verifyPortalProperties
2025-06-02 17:14:07.969 INFO  [main][LoggingTimer:35] Completed com.liferay.portal.verify.VerifyProperties#verifyPortalProperties in 7 ms
2025-06-02 17:14:08.235 INFO  [main][LoggingTimer:74] Starting com.liferay.portal.events.StartupHelperUtil#initResourceActions
2025-06-02 17:14:08.297 INFO  [main][LoggingTimer:35] Completed com.liferay.portal.events.StartupHelperUtil#initResourceActions in 62 ms
2025-06-02 17:14:09.114 INFO  [main][StartupHelperUtil:100] The following patches are installed: hotfix-48
2025-06-02 17:14:09.122 INFO  [main][LoggingTimer:74] Starting com.liferay.portal.events.StartupHelperUtil#initResourceActions
2025-06-02 17:14:09.137 INFO  [main][LoggingTimer:35] Completed com.liferay.portal.events.StartupHelperUtil#initResourceActions in 15 ms
2025-06-02 17:14:09.168 ERROR [main][LicenseManager:-1] DXP Development license is expired
2025-06-02 17:14:09.708 INFO  [main][AutoDeployDir:152] Auto deploy scanner started for /opt/liferay/deploy
2025-06-02 17:14:22.517 INFO  [main][LoggingTimer:74] Starting com.liferay.portal.db.index.IndexUpdaterUtil#updateAllIndexes#Updating database indexes
2025-06-02 17:14:29.740 INFO  [main][UpgradeRecorder:151] No pending upgrades to run
2025-06-02 17:14:30.714 INFO  [main][LoggingTimer:35] Completed com.liferay.portal.db.index.IndexUpdaterUtil#updateAllIndexes#Updating database indexes in 8197 ms
2025-06-02 17:14:33.133 INFO  [fileinstall-directory-watcher][BaseAutoDeployListener:34] Copying themes for /opt/liferay/tomcat/temp/20250602171433073BQUNBMYT/admin-theme.war
2025-06-02 17:14:33.480 INFO  [fileinstall-directory-watcher][BaseAutoDeployListener:41] Themes for /opt/liferay/tomcat/temp/20250602171433073BQUNBMYT/admin-theme.war copied successfully
2025-06-02 17:14:34.596 INFO  [fileinstall-directory-watcher][BaseAutoDeployListener:34] Copying themes for /opt/liferay/tomcat/temp/20250602171434581IFIMSULE/classic-theme.war
2025-06-02 17:14:34.896 INFO  [fileinstall-directory-watcher][BaseAutoDeployListener:41] Themes for /opt/liferay/tomcat/temp/20250602171434581IFIMSULE/classic-theme.war copied successfully
2025-06-02 17:14:35.846 INFO  [fileinstall-directory-watcher][BaseAutoDeployListener:34] Copying themes for /opt/liferay/tomcat/temp/20250602171435832RCOPTJOJ/dialect-theme.war
2025-06-02 17:14:36.166 INFO  [fileinstall-directory-watcher][BaseAutoDeployListener:41] Themes for /opt/liferay/tomcat/temp/20250602171435832RCOPTJOJ/dialect-theme.war copied successfully
2025-06-02 17:14:37.005 INFO  [fileinstall-directory-watcher][BaseAutoDeployListener:34] Copying themes for /opt/liferay/tomcat/temp/20250602171436993OIKGBEZJ/minium-theme.war
2025-06-02 17:14:37.341 INFO  [fileinstall-directory-watcher][BaseAutoDeployListener:41] Themes for /opt/liferay/tomcat/temp/20250602171436993OIKGBEZJ/minium-theme.war copied successfully
2025-06-02 17:14:38.193 INFO  [fileinstall-directory-watcher][BaseAutoDeployListener:34] Copying themes for /opt/liferay/tomcat/temp/20250602171438176EIHQVPAT/speedwell-theme.war
2025-06-02 17:14:38.478 INFO  [fileinstall-directory-watcher][BaseAutoDeployListener:41] Themes for /opt/liferay/tomcat/temp/20250602171438176EIHQVPAT/speedwell-theme.war copied successfully
2025-06-02 17:14:39.469 INFO  [fileinstall-directory-watcher][BundleStartStopLogger:68] STARTED minium-theme_5.0.84 [1458]
2025-06-02 17:14:39.498 INFO  [fileinstall-directory-watcher][BundleStartStopLogger:68] STARTED classic-theme_5.0.91 [1456]
2025-06-02 17:14:39.525 INFO  [fileinstall-directory-watcher][BundleStartStopLogger:68] STARTED dialect-theme_5.0.77 [1457]
2025-06-02 17:14:39.568 INFO  [fileinstall-directory-watcher][BundleStartStopLogger:68] STARTED admin-theme_5.0.77 [1455]
2025-06-02 17:14:39.615 INFO  [fileinstall-directory-watcher][BundleStartStopLogger:68] STARTED speedwell-theme_4.0.78 [1459]
2025-06-02 17:43:56.018 INFO  [main][PortalContextLoaderListener:114] JVM arguments: --add-opens=java.base/java.lang=ALL-UNNAMED --add-opens=java.base/java.lang.invoke=ALL-UNNAMED --add-opens=java.base/java.lang.reflect=ALL-UNNAMED --add-opens=java.base/java.net=ALL-UNNAMED --add-opens=java.base/sun.net.www.protocol.http=ALL-UNNAMED --add-opens=java.base/sun.net.www.protocol.https=ALL-UNNAMED --add-opens=java.base/sun.util.calendar=ALL-UNNAMED --add-opens=jdk.zipfs/jdk.nio.zipfs=ALL-UNNAMED --add-opens=java.base/java.lang=ALL-UNNAMED --add-opens=java.base/java.lang.invoke=ALL-UNNAMED --add-opens=java.base/java.lang.reflect=ALL-UNNAMED --add-opens=java.base/java.io=ALL-UNNAMED --add-opens=java.base/java.util=ALL-UNNAMED --add-opens=java.base/java.util.concurrent=ALL-UNNAMED --add-opens=java.rmi/sun.rmi.transport=ALL-UNNAMED -Djava.util.logging.config.file=/opt/liferay/tomcat/conf/logging.properties -Djava.util.logging.manager=org.apache.juli.ClassLoaderLogManager -Djdk.tls.ephemeralDHKeySize=2048 -Djava.protocol.handler.pkgs=org.apache.catalina.webresources -Dsun.io.useCanonCaches=false -Dorg.apache.catalina.security.SecurityListener.UMASK=0027 -Dfile.encoding=UTF-8 -Djava.net.preferIPv4Stack=true -Duser.timezone=GMT -Xms2560m -Xmx2560m -XX:MaxNewSize=1536m -XX:MaxMetaspaceSize=768m -XX:MetaspaceSize=768m -XX:NewSize=1536m -XX:SurvivorRatio=7 -javaagent:/opt/liferay/tomcat/../glowroot/glowroot.jar -Dglowroot.enabled=true -Xms6g -Xmx6g -Djdk.util.zip.disableZip64ExtraFieldValidation=true -Dignore.endorsed.dirs= -Dcatalina.base=/opt/liferay/tomcat -Dcatalina.home=/opt/liferay/tomcat -Djava.io.tmpdir=/opt/liferay/tomcat/temp
2025-06-02 17:43:56.702 INFO  [SystemExecutorServiceUtil-1][DataSourceFactoryImpl:475] Successfully acquired JDBC connection
2025-06-02 17:43:56.741 INFO  [SystemExecutorServiceUtil-1][DataSourceFactoryImpl:442] Rewrite JDBC URL from jdbc:mysql://database/lportal?characterEncoding=UTF-8&dontTrackOpenResources=true&holdResultsOpenOverStatementClose=true&serverTimezone=GMT&useFastDateParsing=false&useUnicode=true to jdbc:mysql://database/lportal?cachePrepStmts=true&characterEncoding=UTF-8&dontTrackOpenResources=true&holdResultsOpenOverStatementClose=true&prepStmtCacheSize=1000&prepStmtCacheSqlLimit=2048&rewriteBatchedStatements=true&serverTimezone=GMT&useFastDateParsing=false&useLocalSessionState=true&useLocalTransactionState=true&useUnicode=true
2025-06-02 17:43:57.164 INFO  [SystemExecutorServiceUtil-1][DialectDetector:134] Using dialect org.hibernate.dialect.MySQL8Dialect for MySQL 8.0
2025-06-02 17:43:57.334 INFO  [SystemExecutorServiceUtil-1][DBInitUtil:109] Create tables and populate with default data
2025-06-02 17:44:07.436 INFO  [main][ModuleFrameworkImpl:1374] Starting initial bundles
2025-06-02 17:44:07.902 INFO  [main][InterpolationConfigurationPlugin:109] Configured directory for secrets: /opt/liferay/osgi/configs
2025-06-02 17:44:08.366 INFO  [main][ModuleFrameworkImpl:1664] Started initial bundles
2025-06-02 17:44:08.366 INFO  [main][ModuleFrameworkImpl:1709] Starting dynamic bundles
2025-06-02 17:44:11.598 INFO  [main][BundleBlacklist:176] Stopping blacklisted bundle com.liferay.saml.admin.rest.api_1.1.8 [1234]
2025-06-02 17:44:11.605 INFO  [main][BundleBlacklist:176] Stopping blacklisted bundle com.liferay.saml.admin.rest.impl_1.0.26 [1236]
2025-06-02 17:44:11.607 INFO  [main][BundleBlacklist:176] Stopping blacklisted bundle com.liferay.saml.api_10.0.2 [1237]
2025-06-02 17:44:11.610 INFO  [main][BundleBlacklist:176] Stopping blacklisted bundle com.liferay.saml.impl_5.0.54 [1238]
2025-06-02 17:44:11.651 INFO  [main][BundleBlacklist:176] Stopping blacklisted bundle com.liferay.saml.opensaml.integration_6.2.24 [1239]
2025-06-02 17:44:11.660 INFO  [main][BundleBlacklist:176] Stopping blacklisted bundle com.liferay.saml.web_5.0.82 [1242]
2025-06-02 17:44:17.569 ERROR [Framework Event Dispatcher: Equinox Container: fd6b55a1-eeb4-40c3-8f30-88add5d0e89a][Framework:47] FrameworkEvent ERROR
com.liferay.portal.kernel.log.LogSanitizerException: org.osgi.framework.BundleException: Could not resolve module: com.liferay.saml.persistence.service [1241]_  Unresolved requirement: Import-Package: com.liferay.saml.runtime.configuration; version="6.0.0"_ [Sanitized]
	at org.eclipse.osgi.container.Module.start(Module.java:444) ~[org.eclipse.osgi.jar:?]
	at org.eclipse.osgi.container.ModuleContainer$ContainerStartLevel.incStartLevel(ModuleContainer.java:1682) ~[org.eclipse.osgi.jar:?]
	at org.eclipse.osgi.container.ModuleContainer$ContainerStartLevel.incStartLevel(ModuleContainer.java:1662) ~[org.eclipse.osgi.jar:?]
	at org.eclipse.osgi.container.ModuleContainer$ContainerStartLevel.doContainerStartLevel(ModuleContainer.java:1624) ~[org.eclipse.osgi.jar:?]
	at org.eclipse.osgi.container.ModuleContainer$ContainerStartLevel.dispatchEvent(ModuleContainer.java:1555) ~[org.eclipse.osgi.jar:?]
	at org.eclipse.osgi.container.ModuleContainer$ContainerStartLevel.dispatchEvent(ModuleContainer.java:1) ~[org.eclipse.osgi.jar:?]
	at org.eclipse.osgi.framework.eventmgr.EventManager.dispatchEvent(EventManager.java:230) [org.eclipse.osgi.jar:?]
	at org.eclipse.osgi.framework.eventmgr.EventManager$EventThread.run(EventManager.java:340) [org.eclipse.osgi.jar:?]
2025-06-02 17:44:19.019 INFO  [main][ModuleFrameworkImpl:1732] Started dynamic bundles
2025-06-02 17:44:19.020 INFO  [main][ModuleFrameworkImpl:1739] Starting web bundles
2025-06-02 17:44:19.875 ERROR [Framework Event Dispatcher: Equinox Container: fd6b55a1-eeb4-40c3-8f30-88add5d0e89a][Framework:47] FrameworkEvent ERROR
com.liferay.portal.kernel.log.LogSanitizerException: org.osgi.framework.BundleException: Could not resolve module: com.liferay.saml.addon.keep.alive.web [1233]_  Unresolved requirement: Import-Package: com.liferay.saml.runtime.configuration; version="6.0.0"_ [Sanitized]
	at org.eclipse.osgi.container.Module.start(Module.java:444) ~[org.eclipse.osgi.jar:?]
	at org.eclipse.osgi.container.ModuleContainer$ContainerStartLevel.incStartLevel(ModuleContainer.java:1682) ~[org.eclipse.osgi.jar:?]
	at org.eclipse.osgi.container.ModuleContainer$ContainerStartLevel.incStartLevel(ModuleContainer.java:1662) ~[org.eclipse.osgi.jar:?]
	at org.eclipse.osgi.container.ModuleContainer$ContainerStartLevel.doContainerStartLevel(ModuleContainer.java:1624) ~[org.eclipse.osgi.jar:?]
	at org.eclipse.osgi.container.ModuleContainer$ContainerStartLevel.dispatchEvent(ModuleContainer.java:1555) ~[org.eclipse.osgi.jar:?]
	at org.eclipse.osgi.container.ModuleContainer$ContainerStartLevel.dispatchEvent(ModuleContainer.java:1) ~[org.eclipse.osgi.jar:?]
	at org.eclipse.osgi.framework.eventmgr.EventManager.dispatchEvent(EventManager.java:230) [org.eclipse.osgi.jar:?]
	at org.eclipse.osgi.framework.eventmgr.EventManager$EventThread.run(EventManager.java:340) [org.eclipse.osgi.jar:?]
2025-06-02 17:44:20.078 INFO  [main][BundleBlacklist:176] Stopping blacklisted bundle com.liferay.saml.admin.rest.api_1.1.8 [1476]
2025-06-02 17:44:20.085 INFO  [main][BundleBlacklist:176] Stopping blacklisted bundle com.liferay.saml.admin.rest.impl_1.0.26 [1477]
2025-06-02 17:44:20.090 INFO  [main][BundleBlacklist:176] Stopping blacklisted bundle com.liferay.saml.api_10.0.2 [1478]
2025-06-02 17:44:20.094 INFO  [main][BundleBlacklist:176] Stopping blacklisted bundle com.liferay.saml.impl_5.0.54 [1479]
2025-06-02 17:44:20.134 INFO  [main][BundleBlacklist:176] Stopping blacklisted bundle com.liferay.saml.opensaml.integration_6.2.24 [1480]
2025-06-02 17:44:20.142 INFO  [main][BundleBlacklist:176] Stopping blacklisted bundle com.liferay.saml.web_5.0.82 [1481]
2025-06-02 17:44:20.150 ERROR [main][DirectoryWatcher:988] Unable to start bundle: file:/opt/liferay/osgi/portal/com.liferay.saml.persistence.service.jar
com.liferay.portal.kernel.log.LogSanitizerException: org.osgi.framework.BundleException: Could not resolve module: com.liferay.saml.persistence.service [1241]_  Unresolved requirement: Import-Package: com.liferay.saml.runtime.configuration; version="6.0.0"_ [Sanitized]
	at org.eclipse.osgi.container.Module.start(Module.java:444) ~[org.eclipse.osgi.jar:?]
	at org.eclipse.osgi.internal.framework.EquinoxBundle.start(EquinoxBundle.java:426) ~[org.eclipse.osgi.jar:?]
	at com.liferay.portal.file.install.internal.DirectoryWatcher._startBundle(DirectoryWatcher.java:971) [bundleFile:?]
	at com.liferay.portal.file.install.internal.DirectoryWatcher._startBundles(DirectoryWatcher.java:1004) [bundleFile:?]
	at com.liferay.portal.file.install.internal.DirectoryWatcher._startAllBundles(DirectoryWatcher.java:945) [bundleFile:?]
	at com.liferay.portal.file.install.internal.DirectoryWatcher._process(DirectoryWatcher.java:838) [bundleFile:?]
	at com.liferay.portal.file.install.internal.DirectoryWatcher.start(DirectoryWatcher.java:341) [bundleFile:?]
	at com.liferay.portal.file.install.internal.activator.FileInstallImplBundleActivator.start(FileInstallImplBundleActivator.java:98) [bundleFile:?]
	at org.eclipse.osgi.internal.framework.BundleContextImpl.startActivator(BundleContextImpl.java:769) [org.eclipse.osgi.jar:?]
	at org.eclipse.osgi.internal.framework.BundleContextImpl.start(BundleContextImpl.java:721) [org.eclipse.osgi.jar:?]
	at org.eclipse.osgi.internal.framework.EquinoxBundle.startWorker0(EquinoxBundle.java:995) [org.eclipse.osgi.jar:?]
	at org.eclipse.osgi.internal.framework.EquinoxBundle$EquinoxModule.startWorker(EquinoxBundle.java:352) [org.eclipse.osgi.jar:?]
	at org.eclipse.osgi.container.Module.doStart(Module.java:581) [org.eclipse.osgi.jar:?]
	at org.eclipse.osgi.container.Module.start(Module.java:449) [org.eclipse.osgi.jar:?]
	at org.eclipse.osgi.internal.framework.EquinoxBundle.start(EquinoxBundle.java:426) [org.eclipse.osgi.jar:?]
	at org.eclipse.osgi.internal.framework.EquinoxBundle.start(EquinoxBundle.java:445) [org.eclipse.osgi.jar:?]
	at com.liferay.portal.bootstrap.ModuleFrameworkImpl._startDynamicBundles(ModuleFrameworkImpl.java:1785) [com.liferay.portal.bootstrap.jar:?]
	at com.liferay.portal.bootstrap.ModuleFrameworkImpl.startFramework(ModuleFrameworkImpl.java:281) [com.liferay.portal.bootstrap.jar:?]
	at com.liferay.portal.module.framework.ModuleFrameworkUtil.startFramework(ModuleFrameworkUtil.java:40) [portal-impl.jar:?]
	at com.liferay.portal.spring.context.PortalContextLoaderListener._contextInitialized(PortalContextLoaderListener.java:431) [portal-impl.jar:?]
	at com.liferay.portal.spring.context.PortalContextLoaderListener.contextInitialized(PortalContextLoaderListener.java:208) [portal-impl.jar:?]
	at jdk.internal.reflect.DirectMethodHandleAccessor.invoke(DirectMethodHandleAccessor.java:103) ~[?:?]
	at java.lang.reflect.Method.invoke(Method.java:580) ~[?:?]
	at com.liferay.shielded.container.internal.proxy.ContextClassLoaderInvocationHandler.invoke(ContextClassLoaderInvocationHandler.java:34) [com.liferay.shielded.container.impl.jar:?]
	at com.liferay.shielded.container.internal.proxy.EventListenerInvocationHandler.invoke(EventListenerInvocationHandler.java:55) [com.liferay.shielded.container.impl.jar:?]
	at jdk.proxy3.$Proxy30.contextInitialized(Unknown Source) [?:?]
	at org.apache.catalina.core.StandardContext.listenerStart(StandardContext.java:4057) [catalina.jar:9.0.104]
	at org.apache.catalina.core.StandardContext.startInternal(StandardContext.java:4501) [catalina.jar:9.0.104]
	at org.apache.catalina.util.LifecycleBase.start(LifecycleBase.java:164) [catalina.jar:9.0.104]
	at org.apache.catalina.core.ContainerBase.addChildInternal(ContainerBase.java:599) [catalina.jar:9.0.104]
	at org.apache.catalina.core.ContainerBase.addChild(ContainerBase.java:571) [catalina.jar:9.0.104]
	at org.apache.catalina.core.StandardHost.addChild(StandardHost.java:603) [catalina.jar:9.0.104]
	at org.apache.catalina.startup.HostConfig.deployDescriptor(HostConfig.java:680) [catalina.jar:9.0.104]
	at org.apache.catalina.startup.HostConfig$DeployDescriptor.run(HostConfig.java:1838) [catalina.jar:9.0.104]
	at java.util.concurrent.Executors$RunnableAdapter.call(Executors.java:572) [?:?]
	at java.util.concurrent.FutureTask.run(FutureTask.java:317) [?:?]
	at org.apache.tomcat.util.threads.InlineExecutorService.execute(InlineExecutorService.java:76) [tomcat-util.jar:9.0.104]
	at java.util.concurrent.AbstractExecutorService.submit(AbstractExecutorService.java:123) [?:?]
	at org.apache.catalina.startup.HostConfig.deployDescriptors(HostConfig.java:575) [catalina.jar:9.0.104]
	at org.apache.catalina.startup.HostConfig.deployApps(HostConfig.java:466) [catalina.jar:9.0.104]
	at org.apache.catalina.startup.HostConfig.start(HostConfig.java:1578) [catalina.jar:9.0.104]
	at org.apache.catalina.startup.HostConfig.lifecycleEvent(HostConfig.java:312) [catalina.jar:9.0.104]
	at org.apache.catalina.util.LifecycleBase.fireLifecycleEvent(LifecycleBase.java:109) [catalina.jar:9.0.104]
	at org.apache.catalina.util.LifecycleBase.setStateInternal(LifecycleBase.java:389) [catalina.jar:9.0.104]
	at org.apache.catalina.util.LifecycleBase.setState(LifecycleBase.java:336) [catalina.jar:9.0.104]
	at org.apache.catalina.core.ContainerBase.startInternal(ContainerBase.java:776) [catalina.jar:9.0.104]
	at org.apache.catalina.core.StandardHost.startInternal(StandardHost.java:721) [catalina.jar:9.0.104]
	at org.apache.catalina.util.LifecycleBase.start(LifecycleBase.java:164) [catalina.jar:9.0.104]
	at org.apache.catalina.core.ContainerBase$StartChild.call(ContainerBase.java:1203) [catalina.jar:9.0.104]
	at org.apache.catalina.core.ContainerBase$StartChild.call(ContainerBase.java:1193) [catalina.jar:9.0.104]
	at java.util.concurrent.FutureTask.run(FutureTask.java:317) [?:?]
	at org.apache.tomcat.util.threads.InlineExecutorService.execute(InlineExecutorService.java:76) [tomcat-util.jar:9.0.104]
	at java.util.concurrent.AbstractExecutorService.submit(AbstractExecutorService.java:145) [?:?]
	at org.apache.catalina.core.ContainerBase.startInternal(ContainerBase.java:749) [catalina.jar:9.0.104]
	at org.apache.catalina.core.StandardEngine.startInternal(StandardEngine.java:211) [catalina.jar:9.0.104]
	at org.apache.catalina.util.LifecycleBase.start(LifecycleBase.java:164) [catalina.jar:9.0.104]
	at org.apache.catalina.core.StandardService.startInternal(StandardService.java:412) [catalina.jar:9.0.104]
	at org.apache.catalina.util.LifecycleBase.start(LifecycleBase.java:164) [catalina.jar:9.0.104]
	at org.apache.catalina.core.StandardServer.startInternal(StandardServer.java:874) [catalina.jar:9.0.104]
	at org.apache.catalina.util.LifecycleBase.start(LifecycleBase.java:164) [catalina.jar:9.0.104]
	at org.apache.catalina.startup.Catalina.start(Catalina.java:739) [catalina.jar:9.0.104]
	at jdk.internal.reflect.DirectMethodHandleAccessor.invoke(DirectMethodHandleAccessor.java:103) ~[?:?]
	at java.lang.reflect.Method.invoke(Method.java:580) ~[?:?]
	at org.apache.catalina.startup.Bootstrap.start(Bootstrap.java:345) [bootstrap.jar:9.0.104]
	at org.apache.catalina.startup.Bootstrap.main(Bootstrap.java:476) [bootstrap.jar:9.0.104]
2025-06-02 17:44:20.155 ERROR [main][DirectoryWatcher:988] Unable to start bundle: file:/opt/liferay/osgi/portal/com.liferay.saml.addon.keep.alive.web.jar
com.liferay.portal.kernel.log.LogSanitizerException: org.osgi.framework.BundleException: Could not resolve module: com.liferay.saml.addon.keep.alive.web [1233]_  Unresolved requirement: Import-Package: com.liferay.saml.runtime.configuration; version="6.0.0"_ [Sanitized]
	at org.eclipse.osgi.container.Module.start(Module.java:444) ~[org.eclipse.osgi.jar:?]
	at org.eclipse.osgi.internal.framework.EquinoxBundle.start(EquinoxBundle.java:426) ~[org.eclipse.osgi.jar:?]
	at com.liferay.portal.file.install.internal.DirectoryWatcher._startBundle(DirectoryWatcher.java:971) [bundleFile:?]
	at com.liferay.portal.file.install.internal.DirectoryWatcher._startBundles(DirectoryWatcher.java:1004) [bundleFile:?]
	at com.liferay.portal.file.install.internal.DirectoryWatcher._startAllBundles(DirectoryWatcher.java:945) [bundleFile:?]
	at com.liferay.portal.file.install.internal.DirectoryWatcher._process(DirectoryWatcher.java:838) [bundleFile:?]
	at com.liferay.portal.file.install.internal.DirectoryWatcher.start(DirectoryWatcher.java:341) [bundleFile:?]
	at com.liferay.portal.file.install.internal.activator.FileInstallImplBundleActivator.start(FileInstallImplBundleActivator.java:98) [bundleFile:?]
	at org.eclipse.osgi.internal.framework.BundleContextImpl.startActivator(BundleContextImpl.java:769) [org.eclipse.osgi.jar:?]
	at org.eclipse.osgi.internal.framework.BundleContextImpl.start(BundleContextImpl.java:721) [org.eclipse.osgi.jar:?]
	at org.eclipse.osgi.internal.framework.EquinoxBundle.startWorker0(EquinoxBundle.java:995) [org.eclipse.osgi.jar:?]
	at org.eclipse.osgi.internal.framework.EquinoxBundle$EquinoxModule.startWorker(EquinoxBundle.java:352) [org.eclipse.osgi.jar:?]
	at org.eclipse.osgi.container.Module.doStart(Module.java:581) [org.eclipse.osgi.jar:?]
	at org.eclipse.osgi.container.Module.start(Module.java:449) [org.eclipse.osgi.jar:?]
	at org.eclipse.osgi.internal.framework.EquinoxBundle.start(EquinoxBundle.java:426) [org.eclipse.osgi.jar:?]
	at org.eclipse.osgi.internal.framework.EquinoxBundle.start(EquinoxBundle.java:445) [org.eclipse.osgi.jar:?]
	at com.liferay.portal.bootstrap.ModuleFrameworkImpl._startDynamicBundles(ModuleFrameworkImpl.java:1785) [com.liferay.portal.bootstrap.jar:?]
	at com.liferay.portal.bootstrap.ModuleFrameworkImpl.startFramework(ModuleFrameworkImpl.java:281) [com.liferay.portal.bootstrap.jar:?]
	at com.liferay.portal.module.framework.ModuleFrameworkUtil.startFramework(ModuleFrameworkUtil.java:40) [portal-impl.jar:?]
	at com.liferay.portal.spring.context.PortalContextLoaderListener._contextInitialized(PortalContextLoaderListener.java:431) [portal-impl.jar:?]
	at com.liferay.portal.spring.context.PortalContextLoaderListener.contextInitialized(PortalContextLoaderListener.java:208) [portal-impl.jar:?]
	at jdk.internal.reflect.DirectMethodHandleAccessor.invoke(DirectMethodHandleAccessor.java:103) ~[?:?]
	at java.lang.reflect.Method.invoke(Method.java:580) ~[?:?]
	at com.liferay.shielded.container.internal.proxy.ContextClassLoaderInvocationHandler.invoke(ContextClassLoaderInvocationHandler.java:34) [com.liferay.shielded.container.impl.jar:?]
	at com.liferay.shielded.container.internal.proxy.EventListenerInvocationHandler.invoke(EventListenerInvocationHandler.java:55) [com.liferay.shielded.container.impl.jar:?]
	at jdk.proxy3.$Proxy30.contextInitialized(Unknown Source) [?:?]
	at org.apache.catalina.core.StandardContext.listenerStart(StandardContext.java:4057) [catalina.jar:9.0.104]
	at org.apache.catalina.core.StandardContext.startInternal(StandardContext.java:4501) [catalina.jar:9.0.104]
	at org.apache.catalina.util.LifecycleBase.start(LifecycleBase.java:164) [catalina.jar:9.0.104]
	at org.apache.catalina.core.ContainerBase.addChildInternal(ContainerBase.java:599) [catalina.jar:9.0.104]
	at org.apache.catalina.core.ContainerBase.addChild(ContainerBase.java:571) [catalina.jar:9.0.104]
	at org.apache.catalina.core.StandardHost.addChild(StandardHost.java:603) [catalina.jar:9.0.104]
	at org.apache.catalina.startup.HostConfig.deployDescriptor(HostConfig.java:680) [catalina.jar:9.0.104]
	at org.apache.catalina.startup.HostConfig$DeployDescriptor.run(HostConfig.java:1838) [catalina.jar:9.0.104]
	at java.util.concurrent.Executors$RunnableAdapter.call(Executors.java:572) [?:?]
	at java.util.concurrent.FutureTask.run(FutureTask.java:317) [?:?]
	at org.apache.tomcat.util.threads.InlineExecutorService.execute(InlineExecutorService.java:76) [tomcat-util.jar:9.0.104]
	at java.util.concurrent.AbstractExecutorService.submit(AbstractExecutorService.java:123) [?:?]
	at org.apache.catalina.startup.HostConfig.deployDescriptors(HostConfig.java:575) [catalina.jar:9.0.104]
	at org.apache.catalina.startup.HostConfig.deployApps(HostConfig.java:466) [catalina.jar:9.0.104]
	at org.apache.catalina.startup.HostConfig.start(HostConfig.java:1578) [catalina.jar:9.0.104]
	at org.apache.catalina.startup.HostConfig.lifecycleEvent(HostConfig.java:312) [catalina.jar:9.0.104]
	at org.apache.catalina.util.LifecycleBase.fireLifecycleEvent(LifecycleBase.java:109) [catalina.jar:9.0.104]
	at org.apache.catalina.util.LifecycleBase.setStateInternal(LifecycleBase.java:389) [catalina.jar:9.0.104]
	at org.apache.catalina.util.LifecycleBase.setState(LifecycleBase.java:336) [catalina.jar:9.0.104]
	at org.apache.catalina.core.ContainerBase.startInternal(ContainerBase.java:776) [catalina.jar:9.0.104]
	at org.apache.catalina.core.StandardHost.startInternal(StandardHost.java:721) [catalina.jar:9.0.104]
	at org.apache.catalina.util.LifecycleBase.start(LifecycleBase.java:164) [catalina.jar:9.0.104]
	at org.apache.catalina.core.ContainerBase$StartChild.call(ContainerBase.java:1203) [catalina.jar:9.0.104]
	at org.apache.catalina.core.ContainerBase$StartChild.call(ContainerBase.java:1193) [catalina.jar:9.0.104]
	at java.util.concurrent.FutureTask.run(FutureTask.java:317) [?:?]
	at org.apache.tomcat.util.threads.InlineExecutorService.execute(InlineExecutorService.java:76) [tomcat-util.jar:9.0.104]
	at java.util.concurrent.AbstractExecutorService.submit(AbstractExecutorService.java:145) [?:?]
	at org.apache.catalina.core.ContainerBase.startInternal(ContainerBase.java:749) [catalina.jar:9.0.104]
	at org.apache.catalina.core.StandardEngine.startInternal(StandardEngine.java:211) [catalina.jar:9.0.104]
	at org.apache.catalina.util.LifecycleBase.start(LifecycleBase.java:164) [catalina.jar:9.0.104]
	at org.apache.catalina.core.StandardService.startInternal(StandardService.java:412) [catalina.jar:9.0.104]
	at org.apache.catalina.util.LifecycleBase.start(LifecycleBase.java:164) [catalina.jar:9.0.104]
	at org.apache.catalina.core.StandardServer.startInternal(StandardServer.java:874) [catalina.jar:9.0.104]
	at org.apache.catalina.util.LifecycleBase.start(LifecycleBase.java:164) [catalina.jar:9.0.104]
	at org.apache.catalina.startup.Catalina.start(Catalina.java:739) [catalina.jar:9.0.104]
	at jdk.internal.reflect.DirectMethodHandleAccessor.invoke(DirectMethodHandleAccessor.java:103) ~[?:?]
	at java.lang.reflect.Method.invoke(Method.java:580) ~[?:?]
	at org.apache.catalina.startup.Bootstrap.start(Bootstrap.java:345) [bootstrap.jar:9.0.104]
	at org.apache.catalina.startup.Bootstrap.main(Bootstrap.java:476) [bootstrap.jar:9.0.104]
2025-06-02 17:44:20.157 INFO  [main][ModuleFrameworkImpl:1793] Started web bundles
2025-06-02 17:44:20.158 INFO  [main][ModuleFrameworkImpl:284] Navigate to Control Panel > System > Gogo Shell and enter "lb" to see all bundles
2025-06-02 17:44:20.172 INFO  [main][LoggingTimer:74] Starting com.liferay.portal.verify.VerifyProperties#verifySystemProperties
2025-06-02 17:44:20.173 INFO  [main][LoggingTimer:35] Completed com.liferay.portal.verify.VerifyProperties#verifySystemProperties in 1 ms
2025-06-02 17:44:20.173 INFO  [main][LoggingTimer:74] Starting com.liferay.portal.verify.VerifyProperties#verifyPortalProperties
2025-06-02 17:44:20.188 ERROR [fileinstall-directory-watcher][DirectoryWatcher:988] Unable to start bundle: file:/opt/liferay/osgi/portal/com.liferay.saml.persistence.service.jar
com.liferay.portal.kernel.log.LogSanitizerException: org.osgi.framework.BundleException: Could not resolve module: com.liferay.saml.persistence.service [1241]_  Unresolved requirement: Import-Package: com.liferay.saml.runtime.configuration; version="6.0.0"_ [Sanitized]
	at org.eclipse.osgi.container.Module.start(Module.java:444) ~[org.eclipse.osgi.jar:?]
	at org.eclipse.osgi.internal.framework.EquinoxBundle.start(EquinoxBundle.java:426) ~[org.eclipse.osgi.jar:?]
	at com.liferay.portal.file.install.internal.DirectoryWatcher._startBundle(DirectoryWatcher.java:971) [bundleFile:?]
	at com.liferay.portal.file.install.internal.DirectoryWatcher._startBundles(DirectoryWatcher.java:1004) [bundleFile:?]
	at com.liferay.portal.file.install.internal.DirectoryWatcher._startAllBundles(DirectoryWatcher.java:945) [bundleFile:?]
	at com.liferay.portal.file.install.internal.DirectoryWatcher._process(DirectoryWatcher.java:838) [bundleFile:?]
	at com.liferay.portal.file.install.internal.DirectoryWatcher.run(DirectoryWatcher.java:298) [bundleFile:?]
2025-06-02 17:44:20.192 INFO  [main][LoggingTimer:35] Completed com.liferay.portal.verify.VerifyProperties#verifyPortalProperties in 19 ms
2025-06-02 17:44:20.194 ERROR [fileinstall-directory-watcher][DirectoryWatcher:988] Unable to start bundle: file:/opt/liferay/osgi/portal/com.liferay.saml.addon.keep.alive.web.jar
com.liferay.portal.kernel.log.LogSanitizerException: org.osgi.framework.BundleException: Could not resolve module: com.liferay.saml.addon.keep.alive.web [1233]_  Unresolved requirement: Import-Package: com.liferay.saml.runtime.configuration; version="6.0.0"_ [Sanitized]
	at org.eclipse.osgi.container.Module.start(Module.java:444) ~[org.eclipse.osgi.jar:?]
	at org.eclipse.osgi.internal.framework.EquinoxBundle.start(EquinoxBundle.java:426) ~[org.eclipse.osgi.jar:?]
	at com.liferay.portal.file.install.internal.DirectoryWatcher._startBundle(DirectoryWatcher.java:971) [bundleFile:?]
	at com.liferay.portal.file.install.internal.DirectoryWatcher._startBundles(DirectoryWatcher.java:1004) [bundleFile:?]
	at com.liferay.portal.file.install.internal.DirectoryWatcher._startAllBundles(DirectoryWatcher.java:945) [bundleFile:?]
	at com.liferay.portal.file.install.internal.DirectoryWatcher._process(DirectoryWatcher.java:838) [bundleFile:?]
	at com.liferay.portal.file.install.internal.DirectoryWatcher.run(DirectoryWatcher.java:298) [bundleFile:?]
2025-06-02 17:44:24.705 INFO  [main][StartupHelperUtil:100] There are no patches installed
2025-06-02 17:44:24.862 INFO  [main][LicenseManager:-1] Failed to find directory /opt/liferay/data/license
2025-06-02 17:44:24.863 INFO  [main][LicenseManager:-1] No binary licenses found
2025-06-02 17:44:25.326 INFO  [main][AutoDeployDir:152] Auto deploy scanner started for /opt/liferay/deploy
2025-06-02 17:44:38.327 INFO  [com.liferay.portal.kernel.deploy.auto.AutoDeployScanner][AutoDeployDir:212] Processing trial-dxp-license-1748377451000.xml
2025-06-02 17:46:28.472 INFO  [main][UpgradeRecorder:159] Major upgrade finished with result success
2025-06-02 17:46:28.473 INFO  [main][UpgradeRecorder:165] Unrelated errors occur during the upgrade
2025-06-02 17:46:32.799 INFO  [main][VerifyProcess:65] Verifying com.liferay.commerce.product.internal.verify.CommerceProductServiceVerifyProcess
2025-06-02 17:46:32.800 INFO  [main][LoggingTimer:74] Starting com.liferay.commerce.product.internal.verify.CommerceProductServiceVerifyProcess#verifyCPMeasurementUnits
2025-06-02 17:46:32.960 INFO  [main][LoggingTimer:35] Completed com.liferay.commerce.product.internal.verify.CommerceProductServiceVerifyProcess#verifyCPMeasurementUnits in 159 ms
2025-06-02 17:46:32.960 INFO  [main][VerifyProcess:80] Completed verification process com.liferay.commerce.product.internal.verify.CommerceProductServiceVerifyProcess in 162 ms
2025-06-02 17:46:32.974 INFO  [main][VerifyProcess:65] Verifying com.liferay.portal.search.tuning.synonyms.web.internal.verify.SynonymSetsDatabaseImporterVerifyProcess
2025-06-02 17:46:33.196 INFO  [main][VerifyProcess:80] Completed verification process com.liferay.portal.search.tuning.synonyms.web.internal.verify.SynonymSetsDatabaseImporterVerifyProcess in 222 ms
2025-06-02 17:46:33.209 INFO  [main][VerifyProcess:65] Verifying com.liferay.portal.security.service.access.policy.internal.verify.SAPServiceVerifyProcess
2025-06-02 17:46:33.209 INFO  [main][LoggingTimer:74] Starting com.liferay.portal.security.service.access.policy.internal.verify.SAPServiceVerifyProcess#verifyDefaultSAPEntry
2025-06-02 17:46:33.231 INFO  [main][LoggingTimer:35] Completed com.liferay.portal.security.service.access.policy.internal.verify.SAPServiceVerifyProcess#verifyDefaultSAPEntry in 22 ms
2025-06-02 17:46:33.232 INFO  [main][VerifyProcess:80] Completed verification process com.liferay.portal.security.service.access.policy.internal.verify.SAPServiceVerifyProcess in 24 ms
2025-06-02 17:46:33.238 INFO  [main][VerifyProcess:65] Verifying com.liferay.search.experiences.internal.verify.SXPServiceVerifyProcess
2025-06-02 17:46:37.746 INFO  [main][VerifyProcess:80] Completed verification process com.liferay.search.experiences.internal.verify.SXPServiceVerifyProcess in 4509 ms
2025-06-02 17:46:37.768 INFO  [main][VerifyProcess:65] Verifying com.liferay.commerce.price.list.internal.verify.CommercePriceListServiceVerifyProcess
2025-06-02 17:46:37.769 INFO  [main][LoggingTimer:74] Starting com.liferay.commerce.price.list.internal.verify.CommercePriceListServiceVerifyProcess#verifyBasePriceLists
2025-06-02 17:46:37.776 INFO  [main][LoggingTimer:35] Completed com.liferay.commerce.price.list.internal.verify.CommercePriceListServiceVerifyProcess#verifyBasePriceLists in 6 ms
2025-06-02 17:46:37.776 INFO  [main][VerifyProcess:80] Completed verification process com.liferay.commerce.price.list.internal.verify.CommercePriceListServiceVerifyProcess in 8 ms
2025-06-02 17:46:37.788 INFO  [main][VerifyProcess:65] Verifying com.liferay.commerce.internal.verify.CommerceAccountServiceVerifyProcess
2025-06-02 17:46:37.788 INFO  [main][LoggingTimer:74] Starting com.liferay.commerce.internal.verify.CommerceAccountServiceVerifyProcess#verifyAccountRoles
2025-06-02 17:46:37.877 INFO  [main][LoggingTimer:35] Completed com.liferay.commerce.internal.verify.CommerceAccountServiceVerifyProcess#verifyAccountRoles in 89 ms
2025-06-02 17:46:37.877 INFO  [main][LoggingTimer:74] Starting com.liferay.commerce.internal.verify.CommerceAccountServiceVerifyProcess#verifyAccountGroup
2025-06-02 17:46:37.881 INFO  [main][LoggingTimer:35] Completed com.liferay.commerce.internal.verify.CommerceAccountServiceVerifyProcess#verifyAccountGroup in 4 ms
2025-06-02 17:46:37.882 INFO  [main][VerifyProcess:80] Completed verification process com.liferay.commerce.internal.verify.CommerceAccountServiceVerifyProcess in 95 ms
2025-06-02 17:46:37.905 INFO  [main][VerifyProcess:65] Verifying com.liferay.portal.search.tuning.rankings.web.internal.verify.RankingsDatabaseImporterVerifyProcess
2025-06-02 17:46:38.066 INFO  [main][VerifyProcess:80] Completed verification process com.liferay.portal.search.tuning.rankings.web.internal.verify.RankingsDatabaseImporterVerifyProcess in 162 ms
2025-06-02 17:46:38.072 INFO  [main][VerifyProcess:65] Verifying com.liferay.adaptive.media.document.library.thumbnails.internal.verify.DocumentLibraryThumbnailsConfigurationVerifyProcess
2025-06-02 17:46:38.100 INFO  [main][VerifyProcess:80] Completed verification process com.liferay.adaptive.media.document.library.thumbnails.internal.verify.DocumentLibraryThumbnailsConfigurationVerifyProcess in 27 ms
2025-06-02 17:46:40.687 INFO  [fileinstall-directory-watcher][LicenseManager:-1] DXP Development license validation passed
2025-06-02 17:46:40.687 INFO  [fileinstall-directory-watcher][LicenseManager:-1] License registered for DXP Development
2025-06-02 17:46:40.720 INFO  [fileinstall-directory-watcher][BaseAutoDeployListener:34] Copying themes for /opt/liferay/tomcat/temp/20250602174640689IQEIGHOG/admin-theme.war
2025-06-02 17:46:41.484 INFO  [fileinstall-directory-watcher][BaseAutoDeployListener:41] Themes for /opt/liferay/tomcat/temp/20250602174640689IQEIGHOG/admin-theme.war copied successfully
2025-06-02 17:46:43.664 INFO  [fileinstall-directory-watcher][BaseAutoDeployListener:34] Copying themes for /opt/liferay/tomcat/temp/20250602174643653AMHHBSHL/classic-theme.war
2025-06-02 17:46:44.461 INFO  [fileinstall-directory-watcher][BaseAutoDeployListener:41] Themes for /opt/liferay/tomcat/temp/20250602174643653AMHHBSHL/classic-theme.war copied successfully
2025-06-02 17:46:45.278 INFO  [fileinstall-directory-watcher][BaseAutoDeployListener:34] Copying themes for /opt/liferay/tomcat/temp/20250602174645274XWUQGNGI/dialect-theme.war
2025-06-02 17:46:45.686 INFO  [fileinstall-directory-watcher][BaseAutoDeployListener:41] Themes for /opt/liferay/tomcat/temp/20250602174645274XWUQGNGI/dialect-theme.war copied successfully
2025-06-02 17:46:46.524 INFO  [fileinstall-directory-watcher][BaseAutoDeployListener:34] Copying themes for /opt/liferay/tomcat/temp/20250602174646519KQFYWTXY/minium-theme.war
2025-06-02 17:46:46.981 INFO  [fileinstall-directory-watcher][BaseAutoDeployListener:41] Themes for /opt/liferay/tomcat/temp/20250602174646519KQFYWTXY/minium-theme.war copied successfully
2025-06-02 17:46:47.950 INFO  [fileinstall-directory-watcher][BaseAutoDeployListener:34] Copying themes for /opt/liferay/tomcat/temp/20250602174647946EJTYQJSV/speedwell-theme.war
2025-06-02 17:46:48.389 INFO  [fileinstall-directory-watcher][BaseAutoDeployListener:41] Themes for /opt/liferay/tomcat/temp/20250602174647946EJTYQJSV/speedwell-theme.war copied successfully
2025-06-02 17:46:49.200 ERROR [fileinstall-directory-watcher][DirectoryWatcher:988] Unable to start bundle: file:/opt/liferay/osgi/portal/com.liferay.saml.persistence.service.jar
com.liferay.portal.kernel.log.LogSanitizerException: org.osgi.framework.BundleException: Could not resolve module: com.liferay.saml.persistence.service [1241]_  Unresolved requirement: Import-Package: com.liferay.saml.runtime.configuration; version="6.0.0"_ [Sanitized]
	at org.eclipse.osgi.container.Module.start(Module.java:444) ~[org.eclipse.osgi.jar:?]
	at org.eclipse.osgi.internal.framework.EquinoxBundle.start(EquinoxBundle.java:426) ~[org.eclipse.osgi.jar:?]
	at com.liferay.portal.file.install.internal.DirectoryWatcher._startBundle(DirectoryWatcher.java:971) [bundleFile:?]
	at com.liferay.portal.file.install.internal.DirectoryWatcher._startBundles(DirectoryWatcher.java:1004) [bundleFile:?]
	at com.liferay.portal.file.install.internal.DirectoryWatcher._startAllBundles(DirectoryWatcher.java:945) [bundleFile:?]
	at com.liferay.portal.file.install.internal.DirectoryWatcher._process(DirectoryWatcher.java:838) [bundleFile:?]
	at com.liferay.portal.file.install.internal.DirectoryWatcher.run(DirectoryWatcher.java:298) [bundleFile:?]
2025-06-02 17:46:49.203 ERROR [fileinstall-directory-watcher][DirectoryWatcher:988] Unable to start bundle: file:/opt/liferay/osgi/portal/com.liferay.saml.addon.keep.alive.web.jar
com.liferay.portal.kernel.log.LogSanitizerException: org.osgi.framework.BundleException: Could not resolve module: com.liferay.saml.addon.keep.alive.web [1233]_  Unresolved requirement: Import-Package: com.liferay.saml.runtime.configuration; version="6.0.0"_ [Sanitized]
	at org.eclipse.osgi.container.Module.start(Module.java:444) ~[org.eclipse.osgi.jar:?]
	at org.eclipse.osgi.internal.framework.EquinoxBundle.start(EquinoxBundle.java:426) ~[org.eclipse.osgi.jar:?]
	at com.liferay.portal.file.install.internal.DirectoryWatcher._startBundle(DirectoryWatcher.java:971) [bundleFile:?]
	at com.liferay.portal.file.install.internal.DirectoryWatcher._startBundles(DirectoryWatcher.java:1004) [bundleFile:?]
	at com.liferay.portal.file.install.internal.DirectoryWatcher._startAllBundles(DirectoryWatcher.java:945) [bundleFile:?]
	at com.liferay.portal.file.install.internal.DirectoryWatcher._process(DirectoryWatcher.java:838) [bundleFile:?]
	at com.liferay.portal.file.install.internal.DirectoryWatcher.run(DirectoryWatcher.java:298) [bundleFile:?]
2025-06-02 17:46:49.309 INFO  [fileinstall-directory-watcher][BundleStartStopLogger:68] STARTED classic-theme_5.0.108 [1483]
2025-06-02 17:46:49.340 INFO  [fileinstall-directory-watcher][BundleStartStopLogger:68] STARTED admin-theme_5.0.94 [1482]
2025-06-02 17:46:49.385 INFO  [fileinstall-directory-watcher][BundleStartStopLogger:68] STARTED minium-theme_5.0.101 [1485]
2025-06-02 17:46:49.422 INFO  [fileinstall-directory-watcher][BundleStartStopLogger:68] STARTED dialect-theme_5.0.94 [1484]
2025-06-02 17:46:49.457 INFO  [fileinstall-directory-watcher][BundleStartStopLogger:68] STARTED speedwell-theme_4.0.95 [1486]
2025-06-03 22:20:29.674 INFO  [com.liferay.portal.kernel.deploy.auto.AutoDeployScanner][AutoDeployDir:212] Processing mu.site.content.setup-1.0.0.jar
2025-06-03 22:20:38.908 ERROR [fileinstall-directory-watcher][DirectoryWatcher:988] Unable to start bundle: file:/opt/liferay/osgi/portal/com.liferay.saml.persistence.service.jar
com.liferay.portal.kernel.log.LogSanitizerException: org.osgi.framework.BundleException: Could not resolve module: com.liferay.saml.persistence.service [1241]_  Unresolved requirement: Import-Package: com.liferay.saml.runtime.configuration; version="6.0.0"_ [Sanitized]
	at org.eclipse.osgi.container.Module.start(Module.java:444) ~[org.eclipse.osgi.jar:?]
	at org.eclipse.osgi.internal.framework.EquinoxBundle.start(EquinoxBundle.java:426) ~[org.eclipse.osgi.jar:?]
	at com.liferay.portal.file.install.internal.DirectoryWatcher._startBundle(DirectoryWatcher.java:971) [bundleFile:?]
	at com.liferay.portal.file.install.internal.DirectoryWatcher._startBundles(DirectoryWatcher.java:1004) [bundleFile:?]
	at com.liferay.portal.file.install.internal.DirectoryWatcher._startAllBundles(DirectoryWatcher.java:945) [bundleFile:?]
	at com.liferay.portal.file.install.internal.DirectoryWatcher._process(DirectoryWatcher.java:838) [bundleFile:?]
	at com.liferay.portal.file.install.internal.DirectoryWatcher.run(DirectoryWatcher.java:298) [bundleFile:?]
2025-06-03 22:20:38.913 ERROR [fileinstall-directory-watcher][DirectoryWatcher:988] Unable to start bundle: file:/opt/liferay/osgi/portal/com.liferay.saml.addon.keep.alive.web.jar
com.liferay.portal.kernel.log.LogSanitizerException: org.osgi.framework.BundleException: Could not resolve module: com.liferay.saml.addon.keep.alive.web [1233]_  Unresolved requirement: Import-Package: com.liferay.saml.runtime.configuration; version="6.0.0"_ [Sanitized]
	at org.eclipse.osgi.container.Module.start(Module.java:444) ~[org.eclipse.osgi.jar:?]
	at org.eclipse.osgi.internal.framework.EquinoxBundle.start(EquinoxBundle.java:426) ~[org.eclipse.osgi.jar:?]
	at com.liferay.portal.file.install.internal.DirectoryWatcher._startBundle(DirectoryWatcher.java:971) [bundleFile:?]
	at com.liferay.portal.file.install.internal.DirectoryWatcher._startBundles(DirectoryWatcher.java:1004) [bundleFile:?]
	at com.liferay.portal.file.install.internal.DirectoryWatcher._startAllBundles(DirectoryWatcher.java:945) [bundleFile:?]
	at com.liferay.portal.file.install.internal.DirectoryWatcher._process(DirectoryWatcher.java:838) [bundleFile:?]
	at com.liferay.portal.file.install.internal.DirectoryWatcher.run(DirectoryWatcher.java:298) [bundleFile:?]
2025-06-03 22:20:38.926 INFO  [fileinstall-directory-watcher][BundleStartStopLogger:68] STARTED mu.site.content.setup_1.0.0 [1487]
2025-06-03 22:22:56.026 WARN  [pipe-tsa:applyPermissions liferay.uat.io][SetRoleResourcePermissionsUpgradeProcess:218] Could not find DDMStructure with key: SALVATION ARMY NEWS
2025-06-03 22:48:46.980 WARN  [http-nio-8080-exec-3][code_jsp:163] {code="404", msg="A class com.liferay.portal.kernel.exception.NoSuchLayoutException error occurred while processing your request", uri=/c/portal/session_click}
2025-06-03 22:48:49.481 WARN  [http-nio-8080-exec-2][code_jsp:163] {code="404", msg="A class com.liferay.portal.kernel.exception.NoSuchLayoutException error occurred while processing your request", uri=/c/portal/session_click}
2025-06-03 22:54:03.042 INFO  [com.liferay.portal.kernel.deploy.auto.AutoDeployScanner][AutoDeployDir:212] Processing mu.site.content.setup-1.0.0.jar
2025-06-03 22:54:10.054 INFO  [fileinstall-directory-watcher][BundleStartStopLogger:71] STOPPED mu.site.content.setup_1.0.0 [1487]
2025-06-03 22:54:10.108 INFO  [Refresh Thread: Equinox Container: fd6b55a1-eeb4-40c3-8f30-88add5d0e89a][BundleStartStopLogger:68] STARTED mu.site.content.setup_1.0.0 [1487]
2025-06-03 22:54:10.115 ERROR [fileinstall-directory-watcher][DirectoryWatcher:988] Unable to start bundle: file:/opt/liferay/osgi/portal/com.liferay.saml.persistence.service.jar
com.liferay.portal.kernel.log.LogSanitizerException: org.osgi.framework.BundleException: Could not resolve module: com.liferay.saml.persistence.service [1241]_  Unresolved requirement: Import-Package: com.liferay.saml.runtime.configuration; version="6.0.0"_ [Sanitized]
	at org.eclipse.osgi.container.Module.start(Module.java:444) ~[org.eclipse.osgi.jar:?]
	at org.eclipse.osgi.internal.framework.EquinoxBundle.start(EquinoxBundle.java:426) ~[org.eclipse.osgi.jar:?]
	at com.liferay.portal.file.install.internal.DirectoryWatcher._startBundle(DirectoryWatcher.java:971) [bundleFile:?]
	at com.liferay.portal.file.install.internal.DirectoryWatcher._startBundles(DirectoryWatcher.java:1004) [bundleFile:?]
	at com.liferay.portal.file.install.internal.DirectoryWatcher._startAllBundles(DirectoryWatcher.java:945) [bundleFile:?]
	at com.liferay.portal.file.install.internal.DirectoryWatcher._process(DirectoryWatcher.java:838) [bundleFile:?]
	at com.liferay.portal.file.install.internal.DirectoryWatcher.run(DirectoryWatcher.java:298) [bundleFile:?]
2025-06-03 22:54:10.119 ERROR [fileinstall-directory-watcher][DirectoryWatcher:988] Unable to start bundle: file:/opt/liferay/osgi/portal/com.liferay.saml.addon.keep.alive.web.jar
com.liferay.portal.kernel.log.LogSanitizerException: org.osgi.framework.BundleException: Could not resolve module: com.liferay.saml.addon.keep.alive.web [1233]_  Unresolved requirement: Import-Package: com.liferay.saml.runtime.configuration; version="6.0.0"_ [Sanitized]
	at org.eclipse.osgi.container.Module.start(Module.java:444) ~[org.eclipse.osgi.jar:?]
	at org.eclipse.osgi.internal.framework.EquinoxBundle.start(EquinoxBundle.java:426) ~[org.eclipse.osgi.jar:?]
	at com.liferay.portal.file.install.internal.DirectoryWatcher._startBundle(DirectoryWatcher.java:971) [bundleFile:?]
	at com.liferay.portal.file.install.internal.DirectoryWatcher._startBundles(DirectoryWatcher.java:1004) [bundleFile:?]
	at com.liferay.portal.file.install.internal.DirectoryWatcher._startAllBundles(DirectoryWatcher.java:945) [bundleFile:?]
	at com.liferay.portal.file.install.internal.DirectoryWatcher._process(DirectoryWatcher.java:838) [bundleFile:?]
	at com.liferay.portal.file.install.internal.DirectoryWatcher.run(DirectoryWatcher.java:298) [bundleFile:?]
2025-06-03 22:55:24.059 INFO  [com.liferay.portal.kernel.deploy.auto.AutoDeployScanner][AutoDeployDir:212] Processing mu.site.content.setup-1.0.0.jar
2025-06-03 22:55:30.356 INFO  [fileinstall-directory-watcher][BundleStartStopLogger:71] STOPPED mu.site.content.setup_1.0.0 [1487]
2025-06-03 22:55:30.417 INFO  [Refresh Thread: Equinox Container: fd6b55a1-eeb4-40c3-8f30-88add5d0e89a][BundleStartStopLogger:68] STARTED mu.site.content.setup_1.0.0 [1487]
2025-06-03 22:55:30.422 ERROR [fileinstall-directory-watcher][DirectoryWatcher:988] Unable to start bundle: file:/opt/liferay/osgi/portal/com.liferay.saml.persistence.service.jar
com.liferay.portal.kernel.log.LogSanitizerException: org.osgi.framework.BundleException: Could not resolve module: com.liferay.saml.persistence.service [1241]_  Unresolved requirement: Import-Package: com.liferay.saml.runtime.configuration; version="6.0.0"_ [Sanitized]
	at org.eclipse.osgi.container.Module.start(Module.java:444) ~[org.eclipse.osgi.jar:?]
	at org.eclipse.osgi.internal.framework.EquinoxBundle.start(EquinoxBundle.java:426) ~[org.eclipse.osgi.jar:?]
	at com.liferay.portal.file.install.internal.DirectoryWatcher._startBundle(DirectoryWatcher.java:971) [bundleFile:?]
	at com.liferay.portal.file.install.internal.DirectoryWatcher._startBundles(DirectoryWatcher.java:1004) [bundleFile:?]
	at com.liferay.portal.file.install.internal.DirectoryWatcher._startAllBundles(DirectoryWatcher.java:945) [bundleFile:?]
	at com.liferay.portal.file.install.internal.DirectoryWatcher._process(DirectoryWatcher.java:838) [bundleFile:?]
	at com.liferay.portal.file.install.internal.DirectoryWatcher.run(DirectoryWatcher.java:298) [bundleFile:?]
2025-06-03 22:55:30.427 ERROR [fileinstall-directory-watcher][DirectoryWatcher:988] Unable to start bundle: file:/opt/liferay/osgi/portal/com.liferay.saml.addon.keep.alive.web.jar
com.liferay.portal.kernel.log.LogSanitizerException: org.osgi.framework.BundleException: Could not resolve module: com.liferay.saml.addon.keep.alive.web [1233]_  Unresolved requirement: Import-Package: com.liferay.saml.runtime.configuration; version="6.0.0"_ [Sanitized]
	at org.eclipse.osgi.container.Module.start(Module.java:444) ~[org.eclipse.osgi.jar:?]
	at org.eclipse.osgi.internal.framework.EquinoxBundle.start(EquinoxBundle.java:426) ~[org.eclipse.osgi.jar:?]
	at com.liferay.portal.file.install.internal.DirectoryWatcher._startBundle(DirectoryWatcher.java:971) [bundleFile:?]
	at com.liferay.portal.file.install.internal.DirectoryWatcher._startBundles(DirectoryWatcher.java:1004) [bundleFile:?]
	at com.liferay.portal.file.install.internal.DirectoryWatcher._startAllBundles(DirectoryWatcher.java:945) [bundleFile:?]
	at com.liferay.portal.file.install.internal.DirectoryWatcher._process(DirectoryWatcher.java:838) [bundleFile:?]
	at com.liferay.portal.file.install.internal.DirectoryWatcher.run(DirectoryWatcher.java:298) [bundleFile:?]
2025-06-03 22:57:42.699 WARN  [pipe-tsa:applyPermissions liferay.uat.io][SetRoleResourcePermissionsUpgradeProcess:200] Could not find DDMStructure with key: SALVATION ARMY NEWS
2025-06-03 23:56:29.425 WARN  [pipe-tsa:applyPermissions liferay.uat.io][SetRoleResourcePermissionsUpgradeProcess:200] Could not find DDMStructure with key: SALVATION ARMY NEWS
