2025-05-30 20:27:49.153 INFO  [http-nio-8080-exec-2][BundleSiteInitializer:520] Initializing com.liferay.site.initializer.welcome for group 20117
2025-05-30 20:27:49.162 INFO  [http-nio-8080-exec-2][BundleSiteInitializer:5576] Invoking setPLOEntries took 2 ms
2025-05-30 20:27:49.209 INFO  [http-nio-8080-exec-2][BundleSiteInitializer:5576] Invoking addAccountGroups took 47 ms
2025-05-30 20:27:49.210 INFO  [http-nio-8080-exec-2][BundleSiteInitializer:5576] Invoking addOrUpdateSAPEntries took 0 ms
2025-05-30 20:27:49.210 INFO  [http-nio-8080-exec-2][BundleSiteInitializer:5576] Invoking addStyleBookEntries took 0 ms
2025-05-30 20:27:49.210 INFO  [http-nio-8080-exec-2][BundleSiteInitializer:5576] Invoking addOrUpdateUserGroups took 0 ms
2025-05-30 20:27:49.212 INFO  [http-nio-8080-exec-2][BundleSiteInitializer:5576] Invoking addOrUpdateListTypeDefinitions took 1 ms
2025-05-30 20:27:49.212 INFO  [http-nio-8080-exec-2][BundleSiteInitializer:5576] Invoking addSiteSettings took 0 ms
2025-05-30 20:27:49.213 INFO  [http-nio-8080-exec-2][BundleSiteInitializer:5576] Invoking addOrUpdateDepotEntries took 0 ms
2025-05-30 20:27:49.213 INFO  [http-nio-8080-exec-2][BundleSiteInitializer:5576] Invoking addOrUpdateExpandoColumns took 0 ms
2025-05-30 20:27:49.253 INFO  [http-nio-8080-exec-2][BundleSiteInitializer:5576] Invoking addOrUpdateRoles took 40 ms
2025-05-30 20:27:49.254 INFO  [http-nio-8080-exec-2][BundleSiteInitializer:5576] Invoking addOrUpdateOrganizations took 1 ms
2025-05-30 20:27:49.254 INFO  [http-nio-8080-exec-2][BundleSiteInitializer:5576] Invoking addOrUpdateKnowledgeBaseArticles took 0 ms
2025-05-30 20:27:49.254 INFO  [http-nio-8080-exec-2][BundleSiteInitializer:5576] Invoking addKeywords took 0 ms
2025-05-30 20:27:49.255 INFO  [http-nio-8080-exec-2][BundleSiteInitializer:5576] Invoking addOrUpdateObjectFolders took 0 ms
2025-05-30 20:27:49.255 INFO  [http-nio-8080-exec-2][BundleSiteInitializer:5576] Invoking addOrUpdateDDMStructures took 0 ms
2025-05-30 20:27:49.648 INFO  [http-nio-8080-exec-2][BundleSiteInitializer:5576] Invoking addOrUpdateLayouts took 393 ms
2025-05-30 20:27:49.649 INFO  [http-nio-8080-exec-2][BundleSiteInitializer:5576] Invoking addSiteConfiguration took 0 ms
2025-05-30 20:27:49.650 INFO  [http-nio-8080-exec-2][BundleSiteInitializer:5576] Invoking addOrUpdateDataDefinitions took 1 ms
2025-05-30 20:27:49.651 INFO  [http-nio-8080-exec-2][BundleSiteInitializer:5576] Invoking addWorkflowDefinitions took 0 ms
2025-05-30 20:27:49.651 INFO  [http-nio-8080-exec-2][BundleSiteInitializer:5576] Invoking addAccounts took 0 ms
2025-05-30 20:27:49.676 INFO  [http-nio-8080-exec-2][BundleSiteInitializer:5576] Invoking updateLayoutSets took 25 ms
2025-05-30 20:27:49.677 INFO  [http-nio-8080-exec-2][BundleSiteInitializer:5576] Invoking addOrUpdateTaxonomyVocabularies took 0 ms
2025-05-30 20:27:49.677 INFO  [http-nio-8080-exec-2][BundleSiteInitializer:5576] Invoking addAccountGroupAssignments took 0 ms
2025-05-30 20:27:51.201 INFO  [http-nio-8080-exec-2][BundleSiteInitializer:5576] Invoking addOrUpdateDocuments took 1524 ms
2025-05-30 20:27:51.202 INFO  [http-nio-8080-exec-2][BundleSiteInitializer:5576] Invoking addAccountsOrganizations took 0 ms
2025-05-30 20:27:51.203 INFO  [http-nio-8080-exec-2][BundleSiteInitializer:5576] Invoking addOrUpdateBlogPostings took 0 ms
2025-05-30 20:27:51.204 INFO  [http-nio-8080-exec-2][BundleSiteInitializer:5576] Invoking addPortletSettings took 0 ms
2025-05-30 20:27:51.204 INFO  [http-nio-8080-exec-2][BundleSiteInitializer:5576] Invoking addFragmentEntries took 0 ms
2025-05-30 20:27:51.205 INFO  [http-nio-8080-exec-2][BundleSiteInitializer:5576] Invoking addUserAccounts took 0 ms
2025-05-30 20:27:51.208 INFO  [http-nio-8080-exec-2][BundleSiteInitializer:5576] Invoking addOrUpdateClientExtensionEntries took 3 ms
2025-05-30 20:27:51.209 INFO  [http-nio-8080-exec-2][BundleSiteInitializer:5576] Invoking addOrUpdateSXPBlueprint took 0 ms
2025-05-30 20:27:51.209 INFO  [http-nio-8080-exec-2][BundleSiteInitializer:5576] Invoking addOrUpdateSegmentsEntries took 0 ms
2025-05-30 20:27:51.210 INFO  [http-nio-8080-exec-2][BundleSiteInitializer:5576] Invoking addOrUpdateAssetLinkEntries took 0 ms
2025-05-30 20:27:51.210 INFO  [http-nio-8080-exec-2][BundleSiteInitializer:5576] Invoking addRolesAssignments took 0 ms
2025-05-30 20:27:51.216 INFO  [http-nio-8080-exec-2][BundleSiteInitializer:5576] Invoking addObjectDefinitions took 5 ms
2025-05-30 20:27:51.216 INFO  [http-nio-8080-exec-2][BundleSiteInitializer:5576] Invoking addUserRoles took 0 ms
2025-05-30 20:27:51.217 INFO  [http-nio-8080-exec-2][BundleSiteInitializer:5576] Invoking addOrUpdateObjectRelationships took 0 ms
2025-05-30 20:27:51.217 INFO  [http-nio-8080-exec-2][BundleSiteInitializer:5576] Invoking addOrUpdateObjectFields took 0 ms
2025-05-30 20:27:51.218 INFO  [http-nio-8080-exec-2][BundleSiteInitializer:5576] Invoking publishObjectDefinitions took 1 ms
2025-05-30 20:27:51.218 INFO  [http-nio-8080-exec-2][BundleSiteInitializer:5576] Invoking addOrUpdateAccountEntryRestrictions took 0 ms
2025-05-30 20:27:51.218 INFO  [http-nio-8080-exec-2][BundleSiteInitializer:5576] Invoking addAssetListEntries took 0 ms
2025-05-30 20:27:51.219 INFO  [http-nio-8080-exec-2][BundleSiteInitializer:5576] Invoking addOrUpdateNotificationTemplates took 1 ms
2025-05-30 20:27:51.326 INFO  [http-nio-8080-exec-2][BundleSiteInitializer:5576] Invoking addOrUpdateDDMTemplates took 107 ms
2025-05-30 20:27:51.326 INFO  [http-nio-8080-exec-2][BundleSiteInitializer:5576] Invoking addOrUpdateObjectActions took 0 ms
2025-05-30 20:27:51.327 INFO  [http-nio-8080-exec-2][BundleSiteInitializer:5576] Invoking addOrUpdateJournalArticles took 0 ms
2025-05-30 20:27:51.327 INFO  [http-nio-8080-exec-2][BundleSiteInitializer:5576] Invoking addOrUpdateObjectEntries took 0 ms
2025-05-30 20:27:51.328 INFO  [http-nio-8080-exec-2][BundleSiteInitializer:5576] Invoking addCPDefinitions took 0 ms
2025-05-30 20:27:51.328 INFO  [http-nio-8080-exec-2][BundleSiteInitializer:5576] Invoking addLayoutPageTemplates took 0 ms
2025-05-30 20:27:53.688 INFO  [http-nio-8080-exec-2][BundleSiteInitializer:5576] Invoking addLayoutUtilityPageEntries took 2360 ms
2025-05-30 20:27:54.980 INFO  [http-nio-8080-exec-2][BundleSiteInitializer:5576] Invoking addOrUpdateLayoutsContent took 1291 ms
2025-05-30 20:27:54.981 INFO  [http-nio-8080-exec-2][BundleSiteInitializer:5576] Invoking addExpandoValues took 1 ms
2025-05-30 20:27:54.981 INFO  [http-nio-8080-exec-2][BundleSiteInitializer:5576] Invoking addSegmentsExperiences took 0 ms
2025-05-30 20:27:54.981 INFO  [http-nio-8080-exec-2][BundleSiteInitializer:5576] Invoking addOrUpdateResourcePermissions took 0 ms
2025-05-30 20:27:54.982 INFO  [http-nio-8080-exec-2][BundleSiteInitializer:538] Initialized com.liferay.site.initializer.welcome for group 20117 in 5829 ms
2025-05-30 20:27:56.619 INFO  [http-nio-8080-exec-4][IPGeocoderImpl:137] Use temp file /opt/liferay/tomcat/temp/20250530202756589WQVLRHFK
