2025-06-10 21:02:27.008 INFO  [http-nio-8080-exec-1][BundleSiteInitializer:520] Initializing com.liferay.site.initializer.welcome for group 20117
2025-06-10 21:02:27.033 INFO  [http-nio-8080-exec-1][BundleSiteInitializer:5576] Invoking addOrUpdateRoles took 7 ms
2025-06-10 21:02:27.034 INFO  [http-nio-8080-exec-1][BundleSiteInitializer:5576] Invoking addWorkflowDefinitions took 1 ms
2025-06-10 21:02:27.035 INFO  [http-nio-8080-exec-1][BundleSiteInitializer:5576] Invoking addSiteSettings took 0 ms
2025-06-10 21:02:27.035 INFO  [http-nio-8080-exec-1][BundleSiteInitializer:5576] Invoking addOrUpdateUserGroups took 0 ms
2025-06-10 21:02:27.036 INFO  [http-nio-8080-exec-1][BundleSiteInitializer:5576] Invoking addOrUpdateExpandoColumns took 0 ms
2025-06-10 21:02:27.039 INFO  [http-nio-8080-exec-1][BundleSiteInitializer:5576] Invoking addOrUpdateDataDefinitions took 3 ms
2025-06-10 21:02:27.103 INFO  [http-nio-8080-exec-1][BundleSiteInitializer:5576] Invoking addAccountGroups took 63 ms
2025-06-10 21:02:27.103 INFO  [http-nio-8080-exec-1][BundleSiteInitializer:5576] Invoking addSiteConfiguration took 0 ms
2025-06-10 21:02:27.103 INFO  [http-nio-8080-exec-1][BundleSiteInitializer:5576] Invoking addStyleBookEntries took 0 ms
2025-06-10 21:02:27.104 INFO  [http-nio-8080-exec-1][BundleSiteInitializer:5576] Invoking addOrUpdateSAPEntries took 0 ms
2025-06-10 21:02:27.104 INFO  [http-nio-8080-exec-1][BundleSiteInitializer:5576] Invoking setPLOEntries took 0 ms
2025-06-10 21:02:27.104 INFO  [http-nio-8080-exec-1][BundleSiteInitializer:5576] Invoking addOrUpdateDepotEntries took 0 ms
2025-06-10 21:02:27.105 INFO  [http-nio-8080-exec-1][BundleSiteInitializer:5576] Invoking addOrUpdateKnowledgeBaseArticles took 0 ms
2025-06-10 21:02:27.105 INFO  [http-nio-8080-exec-1][BundleSiteInitializer:5576] Invoking addOrUpdateObjectFolders took 0 ms
2025-06-10 21:02:27.106 INFO  [http-nio-8080-exec-1][BundleSiteInitializer:5576] Invoking addOrUpdateOrganizations took 0 ms
2025-06-10 21:02:27.106 INFO  [http-nio-8080-exec-1][BundleSiteInitializer:5576] Invoking addKeywords took 0 ms
2025-06-10 21:02:27.106 INFO  [http-nio-8080-exec-1][BundleSiteInitializer:5576] Invoking addOrUpdateListTypeDefinitions took 0 ms
2025-06-10 21:02:27.405 INFO  [http-nio-8080-exec-1][BundleSiteInitializer:5576] Invoking addOrUpdateLayouts took 299 ms
2025-06-10 21:02:27.405 INFO  [http-nio-8080-exec-1][BundleSiteInitializer:5576] Invoking addOrUpdateDDMStructures took 0 ms
2025-06-10 21:02:27.406 INFO  [http-nio-8080-exec-1][BundleSiteInitializer:5576] Invoking addOrUpdateTaxonomyVocabularies took 1 ms
2025-06-10 21:02:27.406 INFO  [http-nio-8080-exec-1][BundleSiteInitializer:5576] Invoking addAccounts took 0 ms
2025-06-10 21:02:27.406 INFO  [http-nio-8080-exec-1][BundleSiteInitializer:5576] Invoking addOrUpdateSXPBlueprint took 0 ms
2025-06-10 21:02:27.417 INFO  [http-nio-8080-exec-1][BundleSiteInitializer:5576] Invoking updateLayoutSets took 9 ms
2025-06-10 21:02:27.417 INFO  [http-nio-8080-exec-1][BundleSiteInitializer:5576] Invoking addAccountsOrganizations took 0 ms
2025-06-10 21:02:27.418 INFO  [http-nio-8080-exec-1][BundleSiteInitializer:5576] Invoking addAccountGroupAssignments took 0 ms
2025-06-10 21:02:27.418 INFO  [http-nio-8080-exec-1][BundleSiteInitializer:5576] Invoking addPortletSettings took 0 ms
2025-06-10 21:02:28.730 INFO  [http-nio-8080-exec-1][BundleSiteInitializer:5576] Invoking addOrUpdateDocuments took 1312 ms
2025-06-10 21:02:28.731 INFO  [http-nio-8080-exec-1][BundleSiteInitializer:5576] Invoking addUserAccounts took 0 ms
2025-06-10 21:02:28.732 INFO  [http-nio-8080-exec-1][BundleSiteInitializer:5576] Invoking addOrUpdateBlogPostings took 0 ms
2025-06-10 21:02:28.732 INFO  [http-nio-8080-exec-1][BundleSiteInitializer:5576] Invoking addUserRoles took 0 ms
2025-06-10 21:02:28.732 INFO  [http-nio-8080-exec-1][BundleSiteInitializer:5576] Invoking addFragmentEntries took 0 ms
2025-06-10 21:02:28.733 INFO  [http-nio-8080-exec-1][BundleSiteInitializer:5576] Invoking addRolesAssignments took 0 ms
2025-06-10 21:02:28.735 INFO  [http-nio-8080-exec-1][BundleSiteInitializer:5576] Invoking addOrUpdateClientExtensionEntries took 1 ms
2025-06-10 21:02:28.735 INFO  [http-nio-8080-exec-1][BundleSiteInitializer:5576] Invoking addOrUpdateAssetLinkEntries took 0 ms
2025-06-10 21:02:28.736 INFO  [http-nio-8080-exec-1][BundleSiteInitializer:5576] Invoking addOrUpdateSegmentsEntries took 0 ms
2025-06-10 21:02:28.740 INFO  [http-nio-8080-exec-1][BundleSiteInitializer:5576] Invoking addObjectDefinitions took 4 ms
2025-06-10 21:02:28.741 INFO  [http-nio-8080-exec-1][BundleSiteInitializer:5576] Invoking addOrUpdateObjectRelationships took 0 ms
2025-06-10 21:02:28.742 INFO  [http-nio-8080-exec-1][BundleSiteInitializer:5576] Invoking addOrUpdateObjectFields took 1 ms
2025-06-10 21:02:28.742 INFO  [http-nio-8080-exec-1][BundleSiteInitializer:5576] Invoking publishObjectDefinitions took 0 ms
2025-06-10 21:02:28.743 INFO  [http-nio-8080-exec-1][BundleSiteInitializer:5576] Invoking addAssetListEntries took 0 ms
2025-06-10 21:02:28.743 INFO  [http-nio-8080-exec-1][BundleSiteInitializer:5576] Invoking addOrUpdateNotificationTemplates took 0 ms
2025-06-10 21:02:28.743 INFO  [http-nio-8080-exec-1][BundleSiteInitializer:5576] Invoking addOrUpdateAccountEntryRestrictions took 0 ms
2025-06-10 21:02:28.850 INFO  [http-nio-8080-exec-1][BundleSiteInitializer:5576] Invoking addOrUpdateDDMTemplates took 106 ms
2025-06-10 21:02:28.851 INFO  [http-nio-8080-exec-1][BundleSiteInitializer:5576] Invoking addOrUpdateObjectActions took 1 ms
2025-06-10 21:02:28.851 INFO  [http-nio-8080-exec-1][BundleSiteInitializer:5576] Invoking addOrUpdateJournalArticles took 0 ms
2025-06-10 21:02:28.851 INFO  [http-nio-8080-exec-1][BundleSiteInitializer:5576] Invoking addOrUpdateObjectEntries took 0 ms
2025-06-10 21:02:28.852 INFO  [http-nio-8080-exec-1][BundleSiteInitializer:5576] Invoking addCPDefinitions took 0 ms
2025-06-10 21:02:28.852 INFO  [http-nio-8080-exec-1][BundleSiteInitializer:5576] Invoking addLayoutPageTemplates took 0 ms
2025-06-10 21:02:30.754 INFO  [http-nio-8080-exec-1][BundleSiteInitializer:5576] Invoking addLayoutUtilityPageEntries took 1902 ms
2025-06-10 21:02:32.197 INFO  [http-nio-8080-exec-1][BundleSiteInitializer:5576] Invoking addOrUpdateLayoutsContent took 1443 ms
2025-06-10 21:02:32.198 INFO  [http-nio-8080-exec-1][BundleSiteInitializer:5576] Invoking addExpandoValues took 0 ms
2025-06-10 21:02:32.198 INFO  [http-nio-8080-exec-1][BundleSiteInitializer:5576] Invoking addSegmentsExperiences took 0 ms
2025-06-10 21:02:32.199 INFO  [http-nio-8080-exec-1][BundleSiteInitializer:5576] Invoking addOrUpdateResourcePermissions took 0 ms
2025-06-10 21:02:32.199 INFO  [http-nio-8080-exec-1][BundleSiteInitializer:538] Initialized com.liferay.site.initializer.welcome for group 20117 in 5192 ms
2025-06-10 21:03:02.783 INFO  [http-nio-8080-exec-3][IPGeocoderImpl:137] Use temp file /opt/liferay/tomcat/temp/20250610210302752AYATRKGL
2025-06-10 21:38:16.088 WARN  [http-nio-8080-exec-1][extend_session_jsp:598] Unable to extend the HTTP session
