2025-06-10 21:11:32.950 INFO  [http-nio-8080-exec-3][BundleSiteInitializer:520] Initializing com.liferay.site.initializer.welcome for group 44862
2025-06-10 21:11:32.952 INFO  [http-nio-8080-exec-3][BundleSiteInitializer:5576] Invoking addSiteConfiguration took 0 ms
2025-06-10 21:11:32.956 INFO  [http-nio-8080-exec-3][BundleSiteInitializer:5576] Invoking addOrUpdateRoles took 3 ms
2025-06-10 21:11:33.029 INFO  [http-nio-8080-exec-3][BundleSiteInitializer:5576] Invoking addOrUpdateLayouts took 73 ms
2025-06-10 21:11:33.029 INFO  [http-nio-8080-exec-3][BundleSiteInitializer:5576] Invoking setPLOEntries took 0 ms
2025-06-10 21:11:33.030 INFO  [http-nio-8080-exec-3][BundleSiteInitializer:5576] Invoking addStyleBookEntries took 0 ms
2025-06-10 21:11:33.030 INFO  [http-nio-8080-exec-3][BundleSiteInitializer:5576] Invoking addOrUpdateUserGroups took 0 ms
2025-06-10 21:11:33.030 INFO  [http-nio-8080-exec-3][BundleSiteInitializer:5576] Invoking addWorkflowDefinitions took 0 ms
2025-06-10 21:11:33.031 INFO  [http-nio-8080-exec-3][BundleSiteInitializer:5576] Invoking addSiteSettings took 1 ms
2025-06-10 21:11:33.031 INFO  [http-nio-8080-exec-3][BundleSiteInitializer:5576] Invoking addOrUpdateListTypeDefinitions took 0 ms
2025-06-10 21:11:33.031 INFO  [http-nio-8080-exec-3][BundleSiteInitializer:5576] Invoking addOrUpdateDDMStructures took 0 ms
2025-06-10 21:11:33.032 INFO  [http-nio-8080-exec-3][BundleSiteInitializer:5576] Invoking addOrUpdateDepotEntries took 1 ms
2025-06-10 21:11:33.032 INFO  [http-nio-8080-exec-3][BundleSiteInitializer:5576] Invoking addOrUpdateExpandoColumns took 0 ms
2025-06-10 21:11:33.033 INFO  [http-nio-8080-exec-3][BundleSiteInitializer:5576] Invoking addOrUpdateTaxonomyVocabularies took 0 ms
2025-06-10 21:11:33.033 INFO  [http-nio-8080-exec-3][BundleSiteInitializer:5576] Invoking addAccountGroups took 0 ms
2025-06-10 21:11:33.034 INFO  [http-nio-8080-exec-3][BundleSiteInitializer:5576] Invoking addOrUpdateObjectFolders took 0 ms
2025-06-10 21:11:33.034 INFO  [http-nio-8080-exec-3][BundleSiteInitializer:5576] Invoking addKeywords took 0 ms
2025-06-10 21:11:33.034 INFO  [http-nio-8080-exec-3][BundleSiteInitializer:5576] Invoking addOrUpdateDataDefinitions took 0 ms
2025-06-10 21:11:33.034 INFO  [http-nio-8080-exec-3][BundleSiteInitializer:5576] Invoking addOrUpdateOrganizations took 0 ms
2025-06-10 21:11:33.035 INFO  [http-nio-8080-exec-3][BundleSiteInitializer:5576] Invoking addOrUpdateSAPEntries took 0 ms
2025-06-10 21:11:33.036 INFO  [http-nio-8080-exec-3][BundleSiteInitializer:5576] Invoking updateLayoutSets took 1 ms
2025-06-10 21:11:33.036 INFO  [http-nio-8080-exec-3][BundleSiteInitializer:5576] Invoking addOrUpdateKnowledgeBaseArticles took 0 ms
2025-06-10 21:11:33.037 INFO  [http-nio-8080-exec-3][BundleSiteInitializer:5576] Invoking addAccounts took 0 ms
2025-06-10 21:11:33.037 INFO  [http-nio-8080-exec-3][BundleSiteInitializer:5576] Invoking addPortletSettings took 0 ms
2025-06-10 21:11:33.037 INFO  [http-nio-8080-exec-3][BundleSiteInitializer:5576] Invoking addAccountGroupAssignments took 0 ms
2025-06-10 21:11:33.038 INFO  [http-nio-8080-exec-3][BundleSiteInitializer:5576] Invoking addOrUpdateSXPBlueprint took 0 ms
2025-06-10 21:11:33.508 INFO  [http-nio-8080-exec-3][BundleSiteInitializer:5576] Invoking addOrUpdateDocuments took 470 ms
2025-06-10 21:11:33.509 INFO  [http-nio-8080-exec-3][BundleSiteInitializer:5576] Invoking addUserAccounts took 0 ms
2025-06-10 21:11:33.509 INFO  [http-nio-8080-exec-3][BundleSiteInitializer:5576] Invoking addUserRoles took 0 ms
2025-06-10 21:11:33.510 INFO  [http-nio-8080-exec-3][BundleSiteInitializer:5576] Invoking addOrUpdateSegmentsEntries took 1 ms
2025-06-10 21:11:33.510 INFO  [http-nio-8080-exec-3][BundleSiteInitializer:5576] Invoking addAccountsOrganizations took 0 ms
2025-06-10 21:11:33.511 INFO  [http-nio-8080-exec-3][BundleSiteInitializer:5576] Invoking addOrUpdateBlogPostings took 0 ms
2025-06-10 21:11:33.512 INFO  [http-nio-8080-exec-3][BundleSiteInitializer:5576] Invoking addObjectDefinitions took 1 ms
2025-06-10 21:11:33.514 INFO  [http-nio-8080-exec-3][BundleSiteInitializer:5576] Invoking addOrUpdateClientExtensionEntries took 0 ms
2025-06-10 21:11:33.514 INFO  [http-nio-8080-exec-3][BundleSiteInitializer:5576] Invoking addRolesAssignments took 0 ms
2025-06-10 21:11:33.514 INFO  [http-nio-8080-exec-3][BundleSiteInitializer:5576] Invoking addFragmentEntries took 0 ms
2025-06-10 21:11:33.515 INFO  [http-nio-8080-exec-3][BundleSiteInitializer:5576] Invoking addOrUpdateObjectRelationships took 1 ms
2025-06-10 21:11:33.515 INFO  [http-nio-8080-exec-3][BundleSiteInitializer:5576] Invoking addOrUpdateAssetLinkEntries took 0 ms
2025-06-10 21:11:33.515 INFO  [http-nio-8080-exec-3][BundleSiteInitializer:5576] Invoking addOrUpdateObjectFields took 0 ms
2025-06-10 21:11:33.516 INFO  [http-nio-8080-exec-3][BundleSiteInitializer:5576] Invoking publishObjectDefinitions took 0 ms
2025-06-10 21:11:33.516 INFO  [http-nio-8080-exec-3][BundleSiteInitializer:5576] Invoking addOrUpdateNotificationTemplates took 0 ms
2025-06-10 21:11:33.528 INFO  [http-nio-8080-exec-3][BundleSiteInitializer:5576] Invoking addOrUpdateDDMTemplates took 11 ms
2025-06-10 21:11:33.528 INFO  [http-nio-8080-exec-3][BundleSiteInitializer:5576] Invoking addAssetListEntries took 0 ms
2025-06-10 21:11:33.528 INFO  [http-nio-8080-exec-3][BundleSiteInitializer:5576] Invoking addOrUpdateJournalArticles took 0 ms
2025-06-10 21:11:33.529 INFO  [http-nio-8080-exec-3][BundleSiteInitializer:5576] Invoking addOrUpdateAccountEntryRestrictions took 0 ms
2025-06-10 21:11:33.529 INFO  [http-nio-8080-exec-3][BundleSiteInitializer:5576] Invoking addOrUpdateObjectActions took 0 ms
2025-06-10 21:11:33.529 INFO  [http-nio-8080-exec-3][BundleSiteInitializer:5576] Invoking addOrUpdateObjectEntries took 0 ms
2025-06-10 21:11:33.529 INFO  [http-nio-8080-exec-3][BundleSiteInitializer:5576] Invoking addCPDefinitions took 0 ms
2025-06-10 21:11:33.821 INFO  [http-nio-8080-exec-3][BundleSiteInitializer:5576] Invoking addLayoutUtilityPageEntries took 292 ms
2025-06-10 21:11:33.822 INFO  [http-nio-8080-exec-3][BundleSiteInitializer:5576] Invoking addLayoutPageTemplates took 0 ms
2025-06-10 21:11:33.845 INFO  [http-nio-8080-exec-3][BundleSiteInitializer:5576] Invoking addOrUpdateLayoutsContent took 22 ms
2025-06-10 21:11:33.845 INFO  [http-nio-8080-exec-3][BundleSiteInitializer:5576] Invoking addExpandoValues took 0 ms
2025-06-10 21:11:33.846 INFO  [http-nio-8080-exec-3][BundleSiteInitializer:5576] Invoking addSegmentsExperiences took 0 ms
2025-06-10 21:11:33.846 INFO  [http-nio-8080-exec-3][BundleSiteInitializer:5576] Invoking addOrUpdateResourcePermissions took 0 ms
2025-06-10 21:11:33.846 INFO  [http-nio-8080-exec-3][BundleSiteInitializer:538] Initialized com.liferay.site.initializer.welcome for group 44862 in 897 ms
2025-06-10 21:26:47.786 WARN  [liferay/mail-2][MailMessageListener:116] Email test@domain.invalid will be ignored because it is included in mail.send.blacklist
2025-06-10 21:26:47.788 WARN  [liferay/mail-2][MailMessageListener:42] Skipping email because the sender is not specified
2025-06-10 21:26:54.855 WARN  [liferay/mail-3][MailMessageListener:116] Email test@domain.invalid will be ignored because it is included in mail.send.blacklist
2025-06-10 21:26:54.856 WARN  [liferay/mail-3][MailMessageListener:42] Skipping email because the sender is not specified
