2023-05-15 23:50:33.656 INFO  [main][PortalContextLoaderListener:123] JVM arguments: --add-opens=jdk.zipfs/jdk.nio.zipfs=ALL-UNNAMED --add-opens=java.base/java.lang=ALL-UNNAMED --add-opens=java.base/java.io=ALL-UNNAMED --add-opens=java.base/java.util=ALL-UNNAMED --add-opens=java.base/java.util.concurrent=ALL-UNNAMED --add-opens=java.rmi/sun.rmi.transport=ALL-UNNAMED -Djava.util.logging.config.file=/opt/liferay/tomcat/conf/logging.properties -Djava.util.logging.manager=org.apache.juli.ClassLoaderLogManager -Djdk.tls.ephemeralDHKeySize=2048 -Djava.protocol.handler.pkgs=org.apache.catalina.webresources -Dorg.apache.catalina.security.SecurityListener.UMASK=0027 -Dfile.encoding=UTF-8 -Djava.locale.providers=JRE,COMPAT,CLDR -Djava.net.preferIPv4Stack=true -Duser.timezone=GMT -Xms2560m -Xmx2560m -XX:MaxNewSize=1536m -XX:MaxMetaspaceSize=768m -XX:MetaspaceSize=768m -XX:NewSize=1536m -XX:SurvivorRatio=7 -Xms3g -Xmx3g -Dignore.endorsed.dirs= -Dcatalina.base=/opt/liferay/tomcat -Dcatalina.home=/opt/liferay/tomcat -Djava.io.tmpdir=/opt/liferay/tomcat/temp
2023-05-15 23:50:37.768 INFO  [main][JarUtil:46] Downloading https://repo1.maven.org/maven2/mysql/mysql-connector-java/8.0.29/mysql-connector-java-8.0.29.jar to /opt/liferay/tomcat/webapps/ROOT/WEB-INF/shielded-container-lib/mysql.jar
2023-05-15 23:50:40.625 INFO  [main][JarUtil:65] Downloaded https://repo1.maven.org/maven2/mysql/mysql-connector-java/8.0.29/mysql-connector-java-8.0.29.jar to /opt/liferay/tomcat/webapps/ROOT/WEB-INF/shielded-container-lib/mysql.jar
2023-05-15 23:50:40.626 INFO  [main][JarUtil:78] Installing /opt/liferay/tomcat/webapps/ROOT/WEB-INF/shielded-container-lib/mysql.jar to com.liferay.shielded.container.internal.ShieldedContainerClassLoader@44e3760b
2023-05-15 23:50:40.627 INFO  [main][JarUtil:86] Installed /opt/liferay/tomcat/webapps/ROOT/WEB-INF/shielded-container-lib/mysql.jar to com.liferay.shielded.container.internal.ShieldedContainerClassLoader@44e3760b
2023-05-15 23:50:40.630 WARN  [main][DataSourceFactoryImpl:411] At attempt 1 of 10 in acquiring a JDBC connection after a 20 second 20
2023-05-15 23:51:00.631 WARN  [main][DataSourceFactoryImpl:411] At attempt 2 of 10 in acquiring a JDBC connection after a 20 second 20
2023-05-15 23:51:20.632 WARN  [main][DataSourceFactoryImpl:411] At attempt 3 of 10 in acquiring a JDBC connection after a 20 second 20
2023-05-15 23:51:40.635 WARN  [main][DataSourceFactoryImpl:411] At attempt 4 of 10 in acquiring a JDBC connection after a 20 second 20
2023-05-15 23:52:03.832 INFO  [main][PortalContextLoaderListener:123] JVM arguments: --add-opens=jdk.zipfs/jdk.nio.zipfs=ALL-UNNAMED --add-opens=java.base/java.lang=ALL-UNNAMED --add-opens=java.base/java.io=ALL-UNNAMED --add-opens=java.base/java.util=ALL-UNNAMED --add-opens=java.base/java.util.concurrent=ALL-UNNAMED --add-opens=java.rmi/sun.rmi.transport=ALL-UNNAMED -Djava.util.logging.config.file=/opt/liferay/tomcat/conf/logging.properties -Djava.util.logging.manager=org.apache.juli.ClassLoaderLogManager -Djdk.tls.ephemeralDHKeySize=2048 -Djava.protocol.handler.pkgs=org.apache.catalina.webresources -Dorg.apache.catalina.security.SecurityListener.UMASK=0027 -Dfile.encoding=UTF-8 -Djava.locale.providers=JRE,COMPAT,CLDR -Djava.net.preferIPv4Stack=true -Duser.timezone=GMT -Xms2560m -Xmx2560m -XX:MaxNewSize=1536m -XX:MaxMetaspaceSize=768m -XX:MetaspaceSize=768m -XX:NewSize=1536m -XX:SurvivorRatio=7 -Xms3g -Xmx3g -Dignore.endorsed.dirs= -Dcatalina.base=/opt/liferay/tomcat -Dcatalina.home=/opt/liferay/tomcat -Djava.io.tmpdir=/opt/liferay/tomcat/temp
2023-05-15 23:52:04.910 INFO  [main][DataSourceFactoryImpl:397] Successfully acquired JDBC connection
2023-05-15 23:52:05.198 INFO  [main][DialectDetector:153] Using dialect org.hibernate.dialect.MySQL8Dialect for MySQL 8.0
2023-05-15 23:52:05.234 INFO  [main][DBInitUtil:142] Create tables and populate with default data
2023-05-15 23:52:14.749 INFO  [main][ModuleFrameworkImpl:1287] Starting initial bundles
2023-05-15 23:52:15.696 INFO  [ModuleFramework-Static-Bundles-14][InterpolationConfigurationPlugin:109] Configured directory for secrets: /opt/liferay/osgi/configs
2023-05-15 23:52:17.130 INFO  [main][ModuleFrameworkImpl:1586] Started initial bundles
2023-05-15 23:52:17.131 INFO  [main][ModuleFrameworkImpl:1630] Starting dynamic bundles
2023-05-15 23:52:22.291 INFO  [main][ModuleFrameworkImpl:1653] Started dynamic bundles
2023-05-15 23:52:22.291 INFO  [main][ModuleFrameworkImpl:1660] Starting web bundles
2023-05-15 23:52:23.229 INFO  [main][ModuleFrameworkImpl:1714] Started web bundles
2023-05-15 23:52:23.229 INFO  [main][ModuleFrameworkImpl:281] Navigate to Control Panel > System > Gogo Shell and enter "lb" to see all bundles
2023-05-15 23:52:26.836 ERROR [main][StartupAction:87] Files [/opt/liferay/tomcat/lib/ext/mysql-connector-java-8.0.21.jar] in /opt/liferay/tomcat/lib/ext are no longer read. Move them to /opt/liferay/tomcat/lib or /opt/liferay/tomcat/webapps/ROOT/WEB-INF/shielded-container-lib/.
2023-05-15 23:52:26.837 INFO  [main][StartupHelperUtil:85] There are no patches installed
2023-05-15 23:52:26.890 INFO  [main][LoggingTimer:83] Starting com.liferay.portal.events.StartupHelperUtil#initResourceActions
2023-05-15 23:52:27.082 INFO  [main][LoggingTimer:44] Completed com.liferay.portal.events.StartupHelperUtil#initResourceActions in 193 ms
2023-05-15 23:52:27.155 INFO  [main][LicenseManager:-1] Failed to find directory /opt/liferay/data/license
2023-05-15 23:52:27.155 INFO  [main][LicenseManager:-1] No binary licenses found
2023-05-15 23:52:27.620 INFO  [main][AutoDeployDir:161] Auto deploy scanner started for /opt/liferay/deploy
2023-05-15 23:52:32.694 INFO  [com.liferay.portal.osgi.web.wab.extender.internal.WabFactory-BundleTrackerOpener][ThemeHotDeployListener:108] 1 theme for speedwell-theme is available for use
2023-05-15 23:52:32.818 INFO  [com.liferay.portal.osgi.web.wab.extender.internal.WabFactory-BundleTrackerOpener][ThemeHotDeployListener:108] 1 theme for classic-theme is available for use
2023-05-15 23:52:32.851 INFO  [com.liferay.portal.osgi.web.wab.extender.internal.WabFactory-BundleTrackerOpener][ThemeHotDeployListener:108] 1 theme for minium-theme is available for use
2023-05-15 23:52:32.887 INFO  [com.liferay.portal.osgi.web.wab.extender.internal.WabFactory-BundleTrackerOpener][ThemeHotDeployListener:108] 1 theme for admin-theme is available for use
2023-05-15 23:52:32.923 INFO  [com.liferay.portal.osgi.web.wab.extender.internal.WabFactory-BundleTrackerOpener][ThemeHotDeployListener:108] 1 theme for dialect-theme is available for use
2023-05-15 23:52:40.621 INFO  [com.liferay.portal.kernel.deploy.auto.AutoDeployScanner][AutoDeployDir:221] Processing activation-key-dxpdevelopment-7.3-developeractivationkeys.xml
2023-05-15 23:52:40.623 INFO  [com.liferay.portal.kernel.deploy.auto.AutoDeployScanner][AutoDeployDir:221] Processing trial-dxp-license-1681688174000.xml
2023-05-15 23:52:41.749 INFO  [main][UpgradeProcess:127] Upgrading com.liferay.content.dashboard.document.library.internal.upgrade.registry.v_1_17.AssetVocabularyUpgradeProcess
2023-05-15 23:52:41.779 INFO  [main][UpgradeProcess:145] Completed upgrade process com.liferay.content.dashboard.document.library.internal.upgrade.registry.v_1_17.AssetVocabularyUpgradeProcess in 31 ms
2023-05-15 23:53:05.888 INFO  [main][SystemCheckOSGiCommands:65] System check is enabled. You can run a system check with the command "system:check" in Gogo shell.
2023-05-15 23:53:06.613 INFO  [Portal Dependency Manager Component Executor--1][VerifyProcess:77] Verifying com.liferay.commerce.account.internal.verify.CommerceAccountServiceVerifyProcess
2023-05-15 23:53:06.613 INFO  [Portal Dependency Manager Component Executor--1][LoggingTimer:83] Starting com.liferay.commerce.account.internal.verify.CommerceAccountServiceVerifyProcess#verifyAccountRoles
2023-05-15 23:53:06.805 INFO  [Portal Dependency Manager Component Executor--1][LoggingTimer:44] Completed com.liferay.commerce.account.internal.verify.CommerceAccountServiceVerifyProcess#verifyAccountRoles in 192 ms
2023-05-15 23:53:06.806 INFO  [Portal Dependency Manager Component Executor--1][LoggingTimer:83] Starting com.liferay.commerce.account.internal.verify.CommerceAccountServiceVerifyProcess#verifyAccountGroup
2023-05-15 23:53:06.808 INFO  [Portal Dependency Manager Component Executor--1][LoggingTimer:44] Completed com.liferay.commerce.account.internal.verify.CommerceAccountServiceVerifyProcess#verifyAccountGroup in 2 ms
2023-05-15 23:53:06.808 INFO  [Portal Dependency Manager Component Executor--1][VerifyProcess:90] Completed verification process com.liferay.commerce.account.internal.verify.CommerceAccountServiceVerifyProcess in 196 ms
2023-05-15 23:53:08.115 INFO  [Portal Dependency Manager Component Executor--1][UpgradeProcess:127] Upgrading com.liferay.portal.search.tuning.rankings.web.internal.upgrade.v1_0_0.RankingsDatabaseImporterUpgradeProcess
2023-05-15 23:53:08.135 INFO  [Portal Dependency Manager Component Executor--1][UpgradeProcess:145] Completed upgrade process com.liferay.portal.search.tuning.rankings.web.internal.upgrade.v1_0_0.RankingsDatabaseImporterUpgradeProcess in 20 ms
2023-05-15 23:53:08.156 INFO  [Portal Dependency Manager Component Executor--1][UpgradeProcess:127] Upgrading com.liferay.portal.search.tuning.synonyms.web.internal.upgrade.v1_0_0.SynonymSetsDatabaseImporterUpgradeProcess
2023-05-15 23:53:08.169 INFO  [Portal Dependency Manager Component Executor--1][UpgradeProcess:145] Completed upgrade process com.liferay.portal.search.tuning.synonyms.web.internal.upgrade.v1_0_0.SynonymSetsDatabaseImporterUpgradeProcess in 13 ms
2023-05-15 23:53:08.302 INFO  [fileinstall-directory-watcher][LicenseManager:-1] DXP Development license validation passed
2023-05-15 23:53:08.303 INFO  [fileinstall-directory-watcher][LicenseManager:-1] License registered for DXP Development
2023-05-15 23:53:08.308 INFO  [fileinstall-directory-watcher][LicenseManager:-1] DXP Development license validation passed
2023-05-15 23:53:08.309 INFO  [fileinstall-directory-watcher][LicenseManager:-1] DXP Development license validation passed
2023-05-15 23:53:08.309 INFO  [fileinstall-directory-watcher][LicenseManager:-1] License registered for DXP Development
2023-05-15 23:53:08.866 INFO  [Portal Dependency Manager Component Executor--1][VerifyProcess:77] Verifying com.liferay.portal.security.service.access.policy.internal.verify.SAPServiceVerifyProcess
2023-05-15 23:53:08.867 INFO  [Portal Dependency Manager Component Executor--1][LoggingTimer:83] Starting com.liferay.portal.security.service.access.policy.internal.verify.SAPServiceVerifyProcess#verifyDefaultSAPEntry
2023-05-15 23:53:08.879 INFO  [Portal Dependency Manager Component Executor--1][LoggingTimer:44] Completed com.liferay.portal.security.service.access.policy.internal.verify.SAPServiceVerifyProcess#verifyDefaultSAPEntry in 13 ms
2023-05-15 23:53:08.880 INFO  [Portal Dependency Manager Component Executor--1][VerifyProcess:90] Completed verification process com.liferay.portal.security.service.access.policy.internal.verify.SAPServiceVerifyProcess in 13 ms
2023-05-15 23:53:09.743 INFO  [Portal Dependency Manager Component Executor--1][VerifyProcess:77] Verifying com.liferay.commerce.product.internal.verify.CommerceProductServiceVerifyProcess
2023-05-15 23:53:09.743 INFO  [Portal Dependency Manager Component Executor--1][LoggingTimer:83] Starting com.liferay.commerce.product.internal.verify.CommerceProductServiceVerifyProcess#verifyCPMeasurementUnits
2023-05-15 23:53:09.787 INFO  [Portal Dependency Manager Component Executor--1][LoggingTimer:44] Completed com.liferay.commerce.product.internal.verify.CommerceProductServiceVerifyProcess#verifyCPMeasurementUnits in 44 ms
2023-05-15 23:53:09.787 INFO  [Portal Dependency Manager Component Executor--1][VerifyProcess:90] Completed verification process com.liferay.commerce.product.internal.verify.CommerceProductServiceVerifyProcess in 44 ms
2023-05-15 23:53:21.816 INFO  [Portal Dependency Manager Component Executor--1][VerifyProcess:77] Verifying com.liferay.commerce.price.list.internal.verify.CommercePriceListServiceVerifyProcess
2023-05-15 23:53:21.817 INFO  [Portal Dependency Manager Component Executor--1][LoggingTimer:83] Starting com.liferay.commerce.price.list.internal.verify.CommercePriceListServiceVerifyProcess#verifyBasePriceLists
2023-05-15 23:53:21.845 INFO  [Portal Dependency Manager Component Executor--1][LoggingTimer:44] Completed com.liferay.commerce.price.list.internal.verify.CommercePriceListServiceVerifyProcess#verifyBasePriceLists in 27 ms
2023-05-15 23:53:21.845 INFO  [Portal Dependency Manager Component Executor--1][VerifyProcess:90] Completed verification process com.liferay.commerce.price.list.internal.verify.CommercePriceListServiceVerifyProcess in 29 ms
2023-05-15 23:53:26.676 INFO  [Portal Dependency Manager Component Executor--1][UpgradeProcess:127] Upgrading com.liferay.adaptive.media.document.library.thumbnails.internal.upgrade.v1_0_0.DocumentLibraryThumbnailsConfigurationUpgradeProcess
2023-05-15 23:53:26.676 INFO  [Portal Dependency Manager Component Executor--1][LoggingTimer:83] Starting com.liferay.adaptive.media.document.library.thumbnails.internal.upgrade.v1_0_0.DocumentLibraryThumbnailsConfigurationUpgradeProcess#doUpgrade
2023-05-15 23:53:26.694 INFO  [Portal Dependency Manager Component Executor--1][LoggingTimer:44] Completed com.liferay.adaptive.media.document.library.thumbnails.internal.upgrade.v1_0_0.DocumentLibraryThumbnailsConfigurationUpgradeProcess#doUpgrade in 18 ms
2023-05-15 23:53:26.694 INFO  [Portal Dependency Manager Component Executor--1][UpgradeProcess:145] Completed upgrade process com.liferay.adaptive.media.document.library.thumbnails.internal.upgrade.v1_0_0.DocumentLibraryThumbnailsConfigurationUpgradeProcess in 18 ms
2023-05-15 23:53:32.557 INFO  [Portal Dependency Manager Component Executor--1][VerifyProcess:77] Verifying com.liferay.search.experiences.internal.verify.SXPServiceVerifyProcess
2023-05-15 23:53:34.496 INFO  [Portal Dependency Manager Component Executor--1][VerifyProcess:90] Completed verification process com.liferay.search.experiences.internal.verify.SXPServiceVerifyProcess in 1939 ms
