2023-04-17 19:54:07.536 INFO  [main][PortalContextLoaderListener:123] JVM arguments: --add-opens=jdk.zipfs/jdk.nio.zipfs=ALL-UNNAMED --add-opens=java.base/java.lang=ALL-UNNAMED --add-opens=java.base/java.io=ALL-UNNAMED --add-opens=java.base/java.util=ALL-UNNAMED --add-opens=java.base/java.util.concurrent=ALL-UNNAMED --add-opens=java.rmi/sun.rmi.transport=ALL-UNNAMED -Djava.util.logging.config.file=/opt/liferay/tomcat/conf/logging.properties -Djava.util.logging.manager=org.apache.juli.ClassLoaderLogManager -Djdk.tls.ephemeralDHKeySize=2048 -Djava.protocol.handler.pkgs=org.apache.catalina.webresources -Dorg.apache.catalina.security.SecurityListener.UMASK=0027 -Dfile.encoding=UTF-8 -Djava.locale.providers=JRE,COMPAT,CLDR -Djava.net.preferIPv4Stack=true -Duser.timezone=GMT -Xms2560m -Xmx2560m -XX:MaxNewSize=1536m -XX:MaxMetaspaceSize=768m -XX:MetaspaceSize=768m -XX:NewSize=1536m -XX:SurvivorRatio=7 -Xms3g -Xmx3g -Dignore.endorsed.dirs= -Dcatalina.base=/opt/liferay/tomcat -Dcatalina.home=/opt/liferay/tomcat -Djava.io.tmpdir=/opt/liferay/tomcat/temp
2023-04-17 19:54:11.616 INFO  [main][JarUtil:46] Downloading https://repo1.maven.org/maven2/mysql/mysql-connector-java/8.0.29/mysql-connector-java-8.0.29.jar to /opt/liferay/tomcat/webapps/ROOT/WEB-INF/shielded-container-lib/mysql.jar
2023-04-17 19:54:13.511 INFO  [main][JarUtil:65] Downloaded https://repo1.maven.org/maven2/mysql/mysql-connector-java/8.0.29/mysql-connector-java-8.0.29.jar to /opt/liferay/tomcat/webapps/ROOT/WEB-INF/shielded-container-lib/mysql.jar
2023-04-17 19:54:13.511 INFO  [main][JarUtil:78] Installing /opt/liferay/tomcat/webapps/ROOT/WEB-INF/shielded-container-lib/mysql.jar to com.liferay.shielded.container.internal.ShieldedContainerClassLoader@42f3156d
2023-04-17 19:54:13.512 INFO  [main][JarUtil:86] Installed /opt/liferay/tomcat/webapps/ROOT/WEB-INF/shielded-container-lib/mysql.jar to com.liferay.shielded.container.internal.ShieldedContainerClassLoader@42f3156d
2023-04-17 19:54:13.514 WARN  [main][DataSourceFactoryImpl:411] At attempt 1 of 10 in acquiring a JDBC connection after a 20 second 20
2023-04-17 19:54:33.515 WARN  [main][DataSourceFactoryImpl:411] At attempt 2 of 10 in acquiring a JDBC connection after a 20 second 20
2023-04-17 19:54:53.518 WARN  [main][DataSourceFactoryImpl:411] At attempt 3 of 10 in acquiring a JDBC connection after a 20 second 20
2023-04-17 19:55:13.521 WARN  [main][DataSourceFactoryImpl:411] At attempt 4 of 10 in acquiring a JDBC connection after a 20 second 20
2023-04-17 19:55:33.523 WARN  [main][DataSourceFactoryImpl:411] At attempt 5 of 10 in acquiring a JDBC connection after a 20 second 20
2023-04-17 19:55:53.526 WARN  [main][DataSourceFactoryImpl:411] At attempt 6 of 10 in acquiring a JDBC connection after a 20 second 20
2023-04-17 19:56:13.528 WARN  [main][DataSourceFactoryImpl:411] At attempt 7 of 10 in acquiring a JDBC connection after a 20 second 20
2023-04-17 19:56:38.825 INFO  [main][PortalContextLoaderListener:123] JVM arguments: --add-opens=jdk.zipfs/jdk.nio.zipfs=ALL-UNNAMED --add-opens=java.base/java.lang=ALL-UNNAMED --add-opens=java.base/java.io=ALL-UNNAMED --add-opens=java.base/java.util=ALL-UNNAMED --add-opens=java.base/java.util.concurrent=ALL-UNNAMED --add-opens=java.rmi/sun.rmi.transport=ALL-UNNAMED -Djava.util.logging.config.file=/opt/liferay/tomcat/conf/logging.properties -Djava.util.logging.manager=org.apache.juli.ClassLoaderLogManager -Djdk.tls.ephemeralDHKeySize=2048 -Djava.protocol.handler.pkgs=org.apache.catalina.webresources -Dorg.apache.catalina.security.SecurityListener.UMASK=0027 -Dfile.encoding=UTF-8 -Djava.locale.providers=JRE,COMPAT,CLDR -Djava.net.preferIPv4Stack=true -Duser.timezone=GMT -Xms2560m -Xmx2560m -XX:MaxNewSize=1536m -XX:MaxMetaspaceSize=768m -XX:MetaspaceSize=768m -XX:NewSize=1536m -XX:SurvivorRatio=7 -Xms3g -Xmx3g -Dignore.endorsed.dirs= -Dcatalina.base=/opt/liferay/tomcat -Dcatalina.home=/opt/liferay/tomcat -Djava.io.tmpdir=/opt/liferay/tomcat/temp
2023-04-17 19:56:39.936 INFO  [main][DataSourceFactoryImpl:397] Successfully acquired JDBC connection
2023-04-17 19:56:40.161 INFO  [main][DialectDetector:153] Using dialect org.hibernate.dialect.MySQL8Dialect for MySQL 8.0
2023-04-17 19:56:40.186 INFO  [main][DBInitUtil:142] Create tables and populate with default data
2023-04-17 19:56:48.949 INFO  [main][ModuleFrameworkImpl:1287] Starting initial bundles
2023-04-17 19:56:49.680 INFO  [ModuleFramework-Static-Bundles-7][InterpolationConfigurationPlugin:109] Configured directory for secrets: /opt/liferay/osgi/configs
2023-04-17 19:56:51.083 INFO  [main][ModuleFrameworkImpl:1586] Started initial bundles
2023-04-17 19:56:51.083 INFO  [main][ModuleFrameworkImpl:1630] Starting dynamic bundles
2023-04-17 19:56:55.840 INFO  [main][ModuleFrameworkImpl:1653] Started dynamic bundles
2023-04-17 19:56:55.841 INFO  [main][ModuleFrameworkImpl:1660] Starting web bundles
2023-04-17 19:56:56.707 INFO  [main][ModuleFrameworkImpl:1714] Started web bundles
2023-04-17 19:56:56.707 INFO  [main][ModuleFrameworkImpl:281] Navigate to Control Panel > System > Gogo Shell and enter "lb" to see all bundles
2023-04-17 19:56:58.696 ERROR [main][ElasticsearchSearchEngine:285] Elasticsearch node es-node1 does not meet the minimum version requirement of 7.16
2023-04-17 20:00:05.742 INFO  [main][PortalContextLoaderListener:123] JVM arguments: --add-opens=jdk.zipfs/jdk.nio.zipfs=ALL-UNNAMED --add-opens=java.base/java.lang=ALL-UNNAMED --add-opens=java.base/java.io=ALL-UNNAMED --add-opens=java.base/java.util=ALL-UNNAMED --add-opens=java.base/java.util.concurrent=ALL-UNNAMED --add-opens=java.rmi/sun.rmi.transport=ALL-UNNAMED -Djava.util.logging.config.file=/opt/liferay/tomcat/conf/logging.properties -Djava.util.logging.manager=org.apache.juli.ClassLoaderLogManager -Djdk.tls.ephemeralDHKeySize=2048 -Djava.protocol.handler.pkgs=org.apache.catalina.webresources -Dorg.apache.catalina.security.SecurityListener.UMASK=0027 -Dfile.encoding=UTF-8 -Djava.locale.providers=JRE,COMPAT,CLDR -Djava.net.preferIPv4Stack=true -Duser.timezone=GMT -Xms2560m -Xmx2560m -XX:MaxNewSize=1536m -XX:MaxMetaspaceSize=768m -XX:MetaspaceSize=768m -XX:NewSize=1536m -XX:SurvivorRatio=7 -Xms3g -Xmx3g -Dignore.endorsed.dirs= -Dcatalina.base=/opt/liferay/tomcat -Dcatalina.home=/opt/liferay/tomcat -Djava.io.tmpdir=/opt/liferay/tomcat/temp
2023-04-17 20:00:09.853 INFO  [main][JarUtil:46] Downloading https://repo1.maven.org/maven2/mysql/mysql-connector-java/8.0.29/mysql-connector-java-8.0.29.jar to /opt/liferay/tomcat/webapps/ROOT/WEB-INF/shielded-container-lib/mysql.jar
2023-04-17 20:00:11.541 INFO  [main][JarUtil:65] Downloaded https://repo1.maven.org/maven2/mysql/mysql-connector-java/8.0.29/mysql-connector-java-8.0.29.jar to /opt/liferay/tomcat/webapps/ROOT/WEB-INF/shielded-container-lib/mysql.jar
2023-04-17 20:00:11.542 INFO  [main][JarUtil:78] Installing /opt/liferay/tomcat/webapps/ROOT/WEB-INF/shielded-container-lib/mysql.jar to com.liferay.shielded.container.internal.ShieldedContainerClassLoader@58670130
2023-04-17 20:00:11.543 INFO  [main][JarUtil:86] Installed /opt/liferay/tomcat/webapps/ROOT/WEB-INF/shielded-container-lib/mysql.jar to com.liferay.shielded.container.internal.ShieldedContainerClassLoader@58670130
2023-04-17 20:00:11.546 WARN  [main][DataSourceFactoryImpl:411] At attempt 1 of 10 in acquiring a JDBC connection after a 20 second 20
2023-04-17 20:00:31.548 WARN  [main][DataSourceFactoryImpl:411] At attempt 2 of 10 in acquiring a JDBC connection after a 20 second 20
2023-04-17 20:00:51.552 WARN  [main][DataSourceFactoryImpl:411] At attempt 3 of 10 in acquiring a JDBC connection after a 20 second 20
2023-04-17 20:01:11.555 WARN  [main][DataSourceFactoryImpl:411] At attempt 4 of 10 in acquiring a JDBC connection after a 20 second 20
2023-04-17 20:01:31.557 WARN  [main][DataSourceFactoryImpl:411] At attempt 5 of 10 in acquiring a JDBC connection after a 20 second 20
2023-04-17 20:01:51.561 WARN  [main][DataSourceFactoryImpl:411] At attempt 6 of 10 in acquiring a JDBC connection after a 20 second 20
2023-04-17 20:02:11.563 WARN  [main][DataSourceFactoryImpl:411] At attempt 7 of 10 in acquiring a JDBC connection after a 20 second 20
2023-04-17 20:02:31.565 WARN  [main][DataSourceFactoryImpl:411] At attempt 8 of 10 in acquiring a JDBC connection after a 20 second 20
2023-04-17 20:02:51.566 WARN  [main][DataSourceFactoryImpl:411] At attempt 9 of 10 in acquiring a JDBC connection after a 20 second 20
2023-04-17 20:03:11.568 WARN  [main][DataSourceFactoryImpl:411] At attempt 10 of 10 in acquiring a JDBC connection after a 20 second 20
2023-04-17 20:03:31.570 WARN  [main][DataSourceFactoryImpl:433] Unable to acquire a direct JDBC connection, proceeding to use a data source instead
2023-04-17 20:03:31.816 INFO  [main][DialectDetector:153] Using dialect org.hibernate.dialect.MySQL8Dialect for MySQL 8.0
2023-04-17 20:03:31.845 INFO  [main][DBInitUtil:142] Create tables and populate with default data
2023-04-17 20:03:40.843 INFO  [main][ModuleFrameworkImpl:1287] Starting initial bundles
2023-04-17 20:03:41.602 INFO  [ModuleFramework-Static-Bundles-11][InterpolationConfigurationPlugin:109] Configured directory for secrets: /opt/liferay/osgi/configs
2023-04-17 20:03:43.007 INFO  [main][ModuleFrameworkImpl:1586] Started initial bundles
2023-04-17 20:03:43.007 INFO  [main][ModuleFrameworkImpl:1630] Starting dynamic bundles
2023-04-17 20:03:47.845 INFO  [main][ModuleFrameworkImpl:1653] Started dynamic bundles
2023-04-17 20:03:47.845 INFO  [main][ModuleFrameworkImpl:1660] Starting web bundles
2023-04-17 20:03:48.827 INFO  [main][ModuleFrameworkImpl:1714] Started web bundles
2023-04-17 20:03:48.828 INFO  [main][ModuleFrameworkImpl:281] Navigate to Control Panel > System > Gogo Shell and enter "lb" to see all bundles
2023-04-17 20:03:53.453 ERROR [main][StartupAction:87] Files [/opt/liferay/tomcat/lib/ext/mysql-connector-java-8.0.21.jar] in /opt/liferay/tomcat/lib/ext are no longer read. Move them to /opt/liferay/tomcat/lib or /opt/liferay/tomcat/webapps/ROOT/WEB-INF/shielded-container-lib/.
2023-04-17 20:03:53.454 INFO  [main][StartupHelperUtil:85] There are no patches installed
2023-04-17 20:03:53.494 INFO  [main][LoggingTimer:83] Starting com.liferay.portal.events.StartupHelperUtil#initResourceActions
2023-04-17 20:03:53.689 INFO  [main][LoggingTimer:44] Completed com.liferay.portal.events.StartupHelperUtil#initResourceActions in 196 ms
2023-04-17 20:03:53.764 INFO  [main][LicenseManager:-1] Failed to find directory /opt/liferay/data/license
2023-04-17 20:03:53.764 INFO  [main][LicenseManager:-1] No binary licenses found
2023-04-17 20:03:54.196 INFO  [main][AutoDeployDir:161] Auto deploy scanner started for /opt/liferay/deploy
2023-04-17 20:03:58.714 INFO  [com.liferay.portal.osgi.web.wab.extender.internal.WabFactory-BundleTrackerOpener][ThemeHotDeployListener:108] 1 theme for speedwell-theme is available for use
2023-04-17 20:03:58.752 INFO  [com.liferay.portal.osgi.web.wab.extender.internal.WabFactory-BundleTrackerOpener][ThemeHotDeployListener:108] 1 theme for classic-theme is available for use
2023-04-17 20:03:58.783 INFO  [com.liferay.portal.osgi.web.wab.extender.internal.WabFactory-BundleTrackerOpener][ThemeHotDeployListener:108] 1 theme for minium-theme is available for use
2023-04-17 20:03:58.814 INFO  [com.liferay.portal.osgi.web.wab.extender.internal.WabFactory-BundleTrackerOpener][ThemeHotDeployListener:108] 1 theme for admin-theme is available for use
2023-04-17 20:03:58.843 INFO  [com.liferay.portal.osgi.web.wab.extender.internal.WabFactory-BundleTrackerOpener][ThemeHotDeployListener:108] 1 theme for dialect-theme is available for use
2023-04-17 20:04:07.197 INFO  [com.liferay.portal.kernel.deploy.auto.AutoDeployScanner][AutoDeployDir:221] Processing activation-key-dxpdevelopment-7.3-developeractivationkeys.xml
2023-04-17 20:04:07.199 INFO  [com.liferay.portal.kernel.deploy.auto.AutoDeployScanner][AutoDeployDir:221] Processing trial-dxp-license-1681688174000.xml
2023-04-17 20:04:08.438 INFO  [main][UpgradeProcess:127] Upgrading com.liferay.content.dashboard.document.library.internal.upgrade.registry.v_1_17.AssetVocabularyUpgradeProcess
2023-04-17 20:04:08.472 INFO  [main][UpgradeProcess:145] Completed upgrade process com.liferay.content.dashboard.document.library.internal.upgrade.registry.v_1_17.AssetVocabularyUpgradeProcess in 36 ms
2023-04-17 20:04:30.787 INFO  [main][SystemCheckOSGiCommands:65] System check is enabled. You can run a system check with the command "system:check" in Gogo shell.
2023-04-17 20:04:32.149 INFO  [Portal Dependency Manager Component Executor--1][VerifyProcess:77] Verifying com.liferay.commerce.account.internal.verify.CommerceAccountServiceVerifyProcess
2023-04-17 20:04:32.150 INFO  [Portal Dependency Manager Component Executor--1][LoggingTimer:83] Starting com.liferay.commerce.account.internal.verify.CommerceAccountServiceVerifyProcess#verifyAccountRoles
2023-04-17 20:04:32.716 INFO  [Portal Dependency Manager Component Executor--1][LoggingTimer:44] Completed com.liferay.commerce.account.internal.verify.CommerceAccountServiceVerifyProcess#verifyAccountRoles in 565 ms
2023-04-17 20:04:32.716 INFO  [Portal Dependency Manager Component Executor--1][LoggingTimer:83] Starting com.liferay.commerce.account.internal.verify.CommerceAccountServiceVerifyProcess#verifyAccountGroup
2023-04-17 20:04:32.720 INFO  [Portal Dependency Manager Component Executor--1][LoggingTimer:44] Completed com.liferay.commerce.account.internal.verify.CommerceAccountServiceVerifyProcess#verifyAccountGroup in 3 ms
2023-04-17 20:04:32.720 INFO  [Portal Dependency Manager Component Executor--1][VerifyProcess:90] Completed verification process com.liferay.commerce.account.internal.verify.CommerceAccountServiceVerifyProcess in 571 ms
2023-04-17 20:04:33.912 INFO  [fileinstall-directory-watcher][LicenseManager:-1] DXP Development license validation passed
2023-04-17 20:04:33.913 INFO  [fileinstall-directory-watcher][LicenseManager:-1] License registered for DXP Development
2023-04-17 20:04:33.921 INFO  [fileinstall-directory-watcher][LicenseManager:-1] DXP Development license validation passed
2023-04-17 20:04:33.921 INFO  [fileinstall-directory-watcher][LicenseManager:-1] DXP Development license validation passed
2023-04-17 20:04:33.922 INFO  [fileinstall-directory-watcher][LicenseManager:-1] License registered for DXP Development
2023-04-17 20:04:34.920 INFO  [Portal Dependency Manager Component Executor--1][UpgradeProcess:127] Upgrading com.liferay.portal.search.tuning.rankings.web.internal.upgrade.v1_0_0.RankingsDatabaseImporterUpgradeProcess
2023-04-17 20:04:34.939 INFO  [Portal Dependency Manager Component Executor--1][UpgradeProcess:145] Completed upgrade process com.liferay.portal.search.tuning.rankings.web.internal.upgrade.v1_0_0.RankingsDatabaseImporterUpgradeProcess in 20 ms
2023-04-17 20:04:34.982 INFO  [Portal Dependency Manager Component Executor--1][UpgradeProcess:127] Upgrading com.liferay.portal.search.tuning.synonyms.web.internal.upgrade.v1_0_0.SynonymSetsDatabaseImporterUpgradeProcess
2023-04-17 20:04:34.997 INFO  [Portal Dependency Manager Component Executor--1][UpgradeProcess:145] Completed upgrade process com.liferay.portal.search.tuning.synonyms.web.internal.upgrade.v1_0_0.SynonymSetsDatabaseImporterUpgradeProcess in 15 ms
2023-04-17 20:04:36.279 INFO  [Portal Dependency Manager Component Executor--1][VerifyProcess:77] Verifying com.liferay.portal.security.service.access.policy.internal.verify.SAPServiceVerifyProcess
2023-04-17 20:04:36.279 INFO  [Portal Dependency Manager Component Executor--1][LoggingTimer:83] Starting com.liferay.portal.security.service.access.policy.internal.verify.SAPServiceVerifyProcess#verifyDefaultSAPEntry
2023-04-17 20:04:36.301 INFO  [Portal Dependency Manager Component Executor--1][LoggingTimer:44] Completed com.liferay.portal.security.service.access.policy.internal.verify.SAPServiceVerifyProcess#verifyDefaultSAPEntry in 22 ms
2023-04-17 20:04:36.301 INFO  [Portal Dependency Manager Component Executor--1][VerifyProcess:90] Completed verification process com.liferay.portal.security.service.access.policy.internal.verify.SAPServiceVerifyProcess in 22 ms
2023-04-17 20:04:37.388 INFO  [Portal Dependency Manager Component Executor--1][VerifyProcess:77] Verifying com.liferay.commerce.product.internal.verify.CommerceProductServiceVerifyProcess
2023-04-17 20:04:37.388 INFO  [Portal Dependency Manager Component Executor--1][LoggingTimer:83] Starting com.liferay.commerce.product.internal.verify.CommerceProductServiceVerifyProcess#verifyCPMeasurementUnits
2023-04-17 20:04:37.434 INFO  [Portal Dependency Manager Component Executor--1][LoggingTimer:44] Completed com.liferay.commerce.product.internal.verify.CommerceProductServiceVerifyProcess#verifyCPMeasurementUnits in 46 ms
2023-04-17 20:04:37.434 INFO  [Portal Dependency Manager Component Executor--1][VerifyProcess:90] Completed verification process com.liferay.commerce.product.internal.verify.CommerceProductServiceVerifyProcess in 46 ms
2023-04-17 20:05:28.992 INFO  [main][PortalContextLoaderListener:123] JVM arguments: --add-opens=jdk.zipfs/jdk.nio.zipfs=ALL-UNNAMED --add-opens=java.base/java.lang=ALL-UNNAMED --add-opens=java.base/java.io=ALL-UNNAMED --add-opens=java.base/java.util=ALL-UNNAMED --add-opens=java.base/java.util.concurrent=ALL-UNNAMED --add-opens=java.rmi/sun.rmi.transport=ALL-UNNAMED -Djava.util.logging.config.file=/opt/liferay/tomcat/conf/logging.properties -Djava.util.logging.manager=org.apache.juli.ClassLoaderLogManager -Djdk.tls.ephemeralDHKeySize=2048 -Djava.protocol.handler.pkgs=org.apache.catalina.webresources -Dorg.apache.catalina.security.SecurityListener.UMASK=0027 -Dfile.encoding=UTF-8 -Djava.locale.providers=JRE,COMPAT,CLDR -Djava.net.preferIPv4Stack=true -Duser.timezone=GMT -Xms2560m -Xmx2560m -XX:MaxNewSize=1536m -XX:MaxMetaspaceSize=768m -XX:MetaspaceSize=768m -XX:NewSize=1536m -XX:SurvivorRatio=7 -Xms3g -Xmx3g -Dignore.endorsed.dirs= -Dcatalina.base=/opt/liferay/tomcat -Dcatalina.home=/opt/liferay/tomcat -Djava.io.tmpdir=/opt/liferay/tomcat/temp
2023-04-17 20:05:30.003 INFO  [main][DataSourceFactoryImpl:397] Successfully acquired JDBC connection
2023-04-17 20:05:30.216 INFO  [main][DialectDetector:153] Using dialect org.hibernate.dialect.MySQL8Dialect for MySQL 8.0
2023-04-17 20:05:31.347 INFO  [main][ModuleFrameworkImpl:1287] Starting initial bundles
2023-04-17 20:05:31.562 INFO  [ModuleFramework-Static-Bundles-12][InterpolationConfigurationPlugin:109] Configured directory for secrets: /opt/liferay/osgi/configs
2023-04-17 20:05:32.286 INFO  [main][ModuleFrameworkImpl:1586] Started initial bundles
2023-04-17 20:05:32.286 INFO  [main][ModuleFrameworkImpl:1630] Starting dynamic bundles
2023-04-17 20:05:36.731 INFO  [main][ModuleFrameworkImpl:1653] Started dynamic bundles
2023-04-17 20:05:36.732 INFO  [main][ModuleFrameworkImpl:1660] Starting web bundles
2023-04-17 20:05:37.619 INFO  [main][ModuleFrameworkImpl:1714] Started web bundles
2023-04-17 20:05:37.619 INFO  [main][ModuleFrameworkImpl:281] Navigate to Control Panel > System > Gogo Shell and enter "lb" to see all bundles
2023-04-17 20:05:40.487 ERROR [main][StartupAction:87] Files [/opt/liferay/tomcat/lib/ext/mysql-connector-java-8.0.21.jar] in /opt/liferay/tomcat/lib/ext are no longer read. Move them to /opt/liferay/tomcat/lib or /opt/liferay/tomcat/webapps/ROOT/WEB-INF/shielded-container-lib/.
2023-04-17 20:05:40.489 INFO  [main][StartupHelperUtil:85] There are no patches installed
2023-04-17 20:05:40.630 INFO  [main][LoggingTimer:83] Starting com.liferay.portal.events.StartupHelperUtil#initResourceActions
2023-04-17 20:05:40.660 INFO  [main][LoggingTimer:44] Completed com.liferay.portal.events.StartupHelperUtil#initResourceActions in 29 ms
2023-04-17 20:05:40.688 INFO  [main][LicenseManager:-1] DXP Development license validation passed
2023-04-17 20:05:41.211 INFO  [main][AutoDeployDir:161] Auto deploy scanner started for /opt/liferay/deploy
2023-04-17 20:05:42.521 INFO  [main][SystemCheckOSGiCommands:65] System check is enabled. You can run a system check with the command "system:check" in Gogo shell.
2023-04-17 20:05:44.594 INFO  [com.liferay.portal.osgi.web.wab.extender.internal.WabFactory-BundleTrackerOpener][ThemeHotDeployListener:108] 1 theme for speedwell-theme is available for use
2023-04-17 20:05:44.627 INFO  [com.liferay.portal.osgi.web.wab.extender.internal.WabFactory-BundleTrackerOpener][ThemeHotDeployListener:108] 1 theme for classic-theme is available for use
2023-04-17 20:05:44.654 INFO  [com.liferay.portal.osgi.web.wab.extender.internal.WabFactory-BundleTrackerOpener][ThemeHotDeployListener:108] 1 theme for minium-theme is available for use
2023-04-17 20:05:44.683 INFO  [com.liferay.portal.osgi.web.wab.extender.internal.WabFactory-BundleTrackerOpener][ThemeHotDeployListener:108] 1 theme for admin-theme is available for use
2023-04-17 20:05:44.714 INFO  [com.liferay.portal.osgi.web.wab.extender.internal.WabFactory-BundleTrackerOpener][ThemeHotDeployListener:108] 1 theme for dialect-theme is available for use
2023-04-17 20:05:56.533 INFO  [Portal Dependency Manager Component Executor--1][UpgradeProcess:127] Upgrading com.liferay.adaptive.media.document.library.thumbnails.internal.upgrade.v1_0_0.DocumentLibraryThumbnailsConfigurationUpgradeProcess
2023-04-17 20:05:56.533 INFO  [Portal Dependency Manager Component Executor--1][LoggingTimer:83] Starting com.liferay.adaptive.media.document.library.thumbnails.internal.upgrade.v1_0_0.DocumentLibraryThumbnailsConfigurationUpgradeProcess#doUpgrade
2023-04-17 20:05:56.570 INFO  [Portal Dependency Manager Component Executor--1][LoggingTimer:44] Completed com.liferay.adaptive.media.document.library.thumbnails.internal.upgrade.v1_0_0.DocumentLibraryThumbnailsConfigurationUpgradeProcess#doUpgrade in 37 ms
2023-04-17 20:05:56.571 INFO  [Portal Dependency Manager Component Executor--1][UpgradeProcess:145] Completed upgrade process com.liferay.adaptive.media.document.library.thumbnails.internal.upgrade.v1_0_0.DocumentLibraryThumbnailsConfigurationUpgradeProcess in 39 ms
