2025-06-11 19:33:48.425 INFO  [SystemExecutorServiceUtil-13-com.liferay.portal.spring.extender.internal.configuration.ServiceConfigurationInitializer-com.liferay.change.tracking.service][VerifyProcess:65] Verifying com.liferay.commerce.product.internal.verify.CommerceProductServiceVerifyProcess
2025-06-11 19:33:48.430 INFO  [SystemExecutorServiceUtil-13-com.liferay.portal.spring.extender.internal.configuration.ServiceConfigurationInitializer-com.liferay.change.tracking.service][LoggingTimer:74] Starting com.liferay.commerce.product.internal.verify.CommerceProductServiceVerifyProcess#verifyCPMeasurementUnits
2025-06-11 19:33:48.872 INFO  [SystemExecutorServiceUtil-13-com.liferay.portal.spring.extender.internal.configuration.ServiceConfigurationInitializer-com.liferay.change.tracking.service][LoggingTimer:35] Completed com.liferay.commerce.product.internal.verify.CommerceProductServiceVerifyProcess#verifyCPMeasurementUnits in 443 ms
2025-06-11 19:33:48.873 INFO  [SystemExecutorServiceUtil-13-com.liferay.portal.spring.extender.internal.configuration.ServiceConfigurationInitializer-com.liferay.change.tracking.service][VerifyProcess:78] Completed verification process com.liferay.commerce.product.internal.verify.CommerceProductServiceVerifyProcess in 448 ms
2025-06-11 19:33:53.204 INFO  [SystemExecutorServiceUtil-13-com.liferay.portal.spring.extender.internal.configuration.ServiceConfigurationInitializer-com.liferay.change.tracking.service][VerifyProcess:65] Verifying com.liferay.portal.search.tuning.rankings.web.internal.verify.RankingsDatabaseImporterVerifyProcess
2025-06-11 19:33:53.321 INFO  [SystemExecutorServiceUtil-13-com.liferay.portal.spring.extender.internal.configuration.ServiceConfigurationInitializer-com.liferay.change.tracking.service][VerifyProcess:78] Completed verification process com.liferay.portal.search.tuning.rankings.web.internal.verify.RankingsDatabaseImporterVerifyProcess in 118 ms
2025-06-11 19:33:53.390 INFO  [SystemExecutorServiceUtil-13-com.liferay.portal.spring.extender.internal.configuration.ServiceConfigurationInitializer-com.liferay.change.tracking.service][VerifyProcess:65] Verifying com.liferay.adaptive.media.document.library.thumbnails.internal.verify.DocumentLibraryThumbnailsConfigurationVerifyProcess
2025-06-11 19:33:53.410 INFO  [SystemExecutorServiceUtil-13-com.liferay.portal.spring.extender.internal.configuration.ServiceConfigurationInitializer-com.liferay.change.tracking.service][VerifyProcess:78] Completed verification process com.liferay.adaptive.media.document.library.thumbnails.internal.verify.DocumentLibraryThumbnailsConfigurationVerifyProcess in 20 ms
2025-06-11 19:33:54.734 INFO  [SystemExecutorServiceUtil-13-com.liferay.portal.spring.extender.internal.configuration.ServiceConfigurationInitializer-com.liferay.change.tracking.service][VerifyProcess:65] Verifying com.liferay.commerce.price.list.internal.verify.CommercePriceListServiceVerifyProcess
2025-06-11 19:33:54.734 INFO  [SystemExecutorServiceUtil-13-com.liferay.portal.spring.extender.internal.configuration.ServiceConfigurationInitializer-com.liferay.change.tracking.service][LoggingTimer:74] Starting com.liferay.commerce.price.list.internal.verify.CommercePriceListServiceVerifyProcess#verifyBasePriceLists
2025-06-11 19:33:54.741 INFO  [SystemExecutorServiceUtil-13-com.liferay.portal.spring.extender.internal.configuration.ServiceConfigurationInitializer-com.liferay.change.tracking.service][LoggingTimer:35] Completed com.liferay.commerce.price.list.internal.verify.CommercePriceListServiceVerifyProcess#verifyBasePriceLists in 7 ms
2025-06-11 19:33:54.742 INFO  [SystemExecutorServiceUtil-13-com.liferay.portal.spring.extender.internal.configuration.ServiceConfigurationInitializer-com.liferay.change.tracking.service][VerifyProcess:78] Completed verification process com.liferay.commerce.price.list.internal.verify.CommercePriceListServiceVerifyProcess in 8 ms
2025-06-11 19:33:56.406 INFO  [SystemExecutorServiceUtil-13-com.liferay.portal.spring.extender.internal.configuration.ServiceConfigurationInitializer-com.liferay.change.tracking.service][VerifyProcess:65] Verifying com.liferay.commerce.internal.verify.CommerceAccountServiceVerifyProcess
2025-06-11 19:33:56.407 INFO  [SystemExecutorServiceUtil-13-com.liferay.portal.spring.extender.internal.configuration.ServiceConfigurationInitializer-com.liferay.change.tracking.service][LoggingTimer:74] Starting com.liferay.commerce.internal.verify.CommerceAccountServiceVerifyProcess#verifyAccountRoles
2025-06-11 19:33:56.413 INFO  [SystemExecutorServiceUtil-13-com.liferay.portal.spring.extender.internal.configuration.ServiceConfigurationInitializer-com.liferay.change.tracking.service][LoggingTimer:35] Completed com.liferay.commerce.internal.verify.CommerceAccountServiceVerifyProcess#verifyAccountRoles in 6 ms
2025-06-11 19:33:56.414 INFO  [SystemExecutorServiceUtil-13-com.liferay.portal.spring.extender.internal.configuration.ServiceConfigurationInitializer-com.liferay.change.tracking.service][LoggingTimer:74] Starting com.liferay.commerce.internal.verify.CommerceAccountServiceVerifyProcess#verifyAccountGroup
2025-06-11 19:33:56.415 INFO  [SystemExecutorServiceUtil-13-com.liferay.portal.spring.extender.internal.configuration.ServiceConfigurationInitializer-com.liferay.change.tracking.service][LoggingTimer:35] Completed com.liferay.commerce.internal.verify.CommerceAccountServiceVerifyProcess#verifyAccountGroup in 2 ms
2025-06-11 19:33:56.416 INFO  [SystemExecutorServiceUtil-13-com.liferay.portal.spring.extender.internal.configuration.ServiceConfigurationInitializer-com.liferay.change.tracking.service][VerifyProcess:78] Completed verification process com.liferay.commerce.internal.verify.CommerceAccountServiceVerifyProcess in 9 ms
2025-06-11 19:33:57.265 INFO  [SystemExecutorServiceUtil-13-com.liferay.portal.spring.extender.internal.configuration.ServiceConfigurationInitializer-com.liferay.change.tracking.service][BatchEngineImportTaskExecutorImpl:95] Started batch engine import task 1
2025-06-11 19:33:58.157 INFO  [SystemExecutorServiceUtil-13-com.liferay.portal.spring.extender.internal.configuration.ServiceConfigurationInitializer-com.liferay.change.tracking.service][BatchEngineImportTaskExecutorImpl:176] Finished batch engine import task 1 in 892ms
2025-06-11 19:34:08.827 INFO  [http-nio-8080-exec-1][BundleSiteInitializer:532] Initializing com.liferay.site.initializer.welcome for group 20117
2025-06-11 19:34:08.833 INFO  [http-nio-8080-exec-1][BundleSiteInitializer:5675] Invoking addOrUpdateDepotEntries took 1 ms
2025-06-11 19:34:08.833 INFO  [http-nio-8080-exec-1][BundleSiteInitializer:5675] Invoking addOrUpdateObjectFolders took 0 ms
2025-06-11 19:34:08.834 INFO  [http-nio-8080-exec-1][BundleSiteInitializer:5675] Invoking addOrUpdateDDMStructures took 0 ms
2025-06-11 19:34:08.834 INFO  [http-nio-8080-exec-1][BundleSiteInitializer:5675] Invoking addOrUpdateSAPEntries took 0 ms
2025-06-11 19:34:08.834 INFO  [http-nio-8080-exec-1][BundleSiteInitializer:5675] Invoking addOrUpdateListTypeDefinitions took 0 ms
2025-06-11 19:34:08.834 INFO  [http-nio-8080-exec-1][BundleSiteInitializer:5675] Invoking setPLOEntries took 0 ms
2025-06-11 19:34:08.853 INFO  [http-nio-8080-exec-1][BundleSiteInitializer:5675] Invoking addAccountGroups took 18 ms
2025-06-11 19:34:08.856 INFO  [http-nio-8080-exec-1][BundleSiteInitializer:5675] Invoking addOrUpdateRoles took 3 ms
2025-06-11 19:34:08.856 INFO  [http-nio-8080-exec-1][BundleSiteInitializer:5675] Invoking addOrUpdateUserGroups took 0 ms
2025-06-11 19:34:08.857 INFO  [http-nio-8080-exec-1][BundleSiteInitializer:5675] Invoking addOrUpdateTaxonomyVocabularies took 0 ms
2025-06-11 19:34:08.857 INFO  [http-nio-8080-exec-1][BundleSiteInitializer:5675] Invoking addOrUpdateExpandoColumns took 0 ms
2025-06-11 19:34:08.857 INFO  [http-nio-8080-exec-1][BundleSiteInitializer:5675] Invoking addSiteSettings took 0 ms
2025-06-11 19:34:08.857 INFO  [http-nio-8080-exec-1][BundleSiteInitializer:5675] Invoking addOrUpdateOrganizations took 0 ms
2025-06-11 19:34:08.857 INFO  [http-nio-8080-exec-1][BundleSiteInitializer:5675] Invoking addOrUpdateKnowledgeBaseArticles took 0 ms
2025-06-11 19:34:08.857 INFO  [http-nio-8080-exec-1][BundleSiteInitializer:5675] Invoking addKeywords took 0 ms
2025-06-11 19:34:08.858 INFO  [http-nio-8080-exec-1][BundleSiteInitializer:5675] Invoking addPortletSettings took 0 ms
2025-06-11 19:34:08.862 INFO  [http-nio-8080-exec-1][BundleSiteInitializer:5675] Invoking addOrUpdateDataDefinitions took 3 ms
2025-06-11 19:34:09.074 INFO  [http-nio-8080-exec-1][BundleSiteInitializer:5675] Invoking addOrUpdateLayouts took 212 ms
2025-06-11 19:34:09.074 INFO  [http-nio-8080-exec-1][BundleSiteInitializer:5675] Invoking addAccounts took 0 ms
2025-06-11 19:34:09.074 INFO  [http-nio-8080-exec-1][BundleSiteInitializer:5675] Invoking addStyleBookEntries took 0 ms
2025-06-11 19:34:09.074 INFO  [http-nio-8080-exec-1][BundleSiteInitializer:5675] Invoking addWorkflowDefinitions took 0 ms
2025-06-11 19:34:09.075 INFO  [http-nio-8080-exec-1][BundleSiteInitializer:5675] Invoking addOrUpdateSXPBlueprint took 0 ms
2025-06-11 19:34:09.083 INFO  [http-nio-8080-exec-1][BundleSiteInitializer:5675] Invoking updateLayoutSets took 7 ms
2025-06-11 19:34:09.083 INFO  [http-nio-8080-exec-1][BundleSiteInitializer:5675] Invoking addSiteConfiguration took 0 ms
2025-06-11 19:34:10.669 INFO  [http-nio-8080-exec-1][BundleSiteInitializer:5675] Invoking addOrUpdateDocuments took 1586 ms
2025-06-11 19:34:10.672 INFO  [http-nio-8080-exec-1][BundleSiteInitializer:5675] Invoking addAccountsOrganizations took 0 ms
2025-06-11 19:34:10.673 INFO  [http-nio-8080-exec-1][BundleSiteInitializer:5675] Invoking addOrUpdateClientExtensionEntries took 1 ms
2025-06-11 19:34:10.674 INFO  [http-nio-8080-exec-1][BundleSiteInitializer:5675] Invoking addUserAccounts took 0 ms
2025-06-11 19:34:10.675 INFO  [http-nio-8080-exec-1][BundleSiteInitializer:5675] Invoking addAccountGroupAssignments took 0 ms
2025-06-11 19:34:10.675 INFO  [http-nio-8080-exec-1][BundleSiteInitializer:5675] Invoking addOrUpdateBlogPostings took 0 ms
2025-06-11 19:34:10.675 INFO  [http-nio-8080-exec-1][BundleSiteInitializer:5675] Invoking addOrUpdateSegmentsEntries took 0 ms
2025-06-11 19:34:10.675 INFO  [http-nio-8080-exec-1][BundleSiteInitializer:5675] Invoking addFragmentEntries took 0 ms
2025-06-11 19:34:10.676 INFO  [http-nio-8080-exec-1][BundleSiteInitializer:5675] Invoking addUserRoles took 0 ms
2025-06-11 19:34:10.676 INFO  [http-nio-8080-exec-1][BundleSiteInitializer:5675] Invoking addRolesAssignments took 0 ms
2025-06-11 19:34:10.679 INFO  [http-nio-8080-exec-1][BundleSiteInitializer:5675] Invoking addObjectDefinitions took 3 ms
2025-06-11 19:34:10.680 INFO  [http-nio-8080-exec-1][BundleSiteInitializer:5675] Invoking addOrUpdateAssetLinkEntries took 0 ms
2025-06-11 19:34:10.681 INFO  [http-nio-8080-exec-1][BundleSiteInitializer:5675] Invoking addOrUpdateObjectRelationships took 1 ms
2025-06-11 19:34:10.681 INFO  [http-nio-8080-exec-1][BundleSiteInitializer:5675] Invoking addOrUpdateObjectFields took 0 ms
2025-06-11 19:34:10.681 INFO  [http-nio-8080-exec-1][BundleSiteInitializer:5675] Invoking publishObjectDefinitions took 0 ms
2025-06-11 19:34:10.735 INFO  [http-nio-8080-exec-1][BundleSiteInitializer:5675] Invoking addOrUpdateDDMTemplates took 53 ms
2025-06-11 19:34:10.735 INFO  [http-nio-8080-exec-1][BundleSiteInitializer:5675] Invoking addOrUpdateAccountEntryRestrictions took 0 ms
2025-06-11 19:34:10.736 INFO  [http-nio-8080-exec-1][BundleSiteInitializer:5675] Invoking addOrUpdateJournalArticles took 1 ms
2025-06-11 19:34:10.736 INFO  [http-nio-8080-exec-1][BundleSiteInitializer:5675] Invoking addAssetListEntries took 0 ms
2025-06-11 19:34:10.736 INFO  [http-nio-8080-exec-1][BundleSiteInitializer:5675] Invoking addOrUpdateObjectActions took 0 ms
2025-06-11 19:34:10.736 INFO  [http-nio-8080-exec-1][BundleSiteInitializer:5675] Invoking addOrUpdateNotificationTemplates took 0 ms
2025-06-11 19:34:10.737 INFO  [http-nio-8080-exec-1][BundleSiteInitializer:5675] Invoking addOrUpdateObjectEntries took 0 ms
2025-06-11 19:34:10.737 INFO  [http-nio-8080-exec-1][BundleSiteInitializer:5675] Invoking addCPDefinitions took 0 ms
2025-06-11 19:34:13.769 INFO  [http-nio-8080-exec-1][BundleSiteInitializer:5675] Invoking addLayoutUtilityPageEntries took 3031 ms
2025-06-11 19:34:13.769 INFO  [http-nio-8080-exec-1][BundleSiteInitializer:5675] Invoking addLayoutPageTemplates took 0 ms
2025-06-11 19:34:14.341 INFO  [http-nio-8080-exec-1][BundleSiteInitializer:5675] Invoking addOrUpdateLayoutsContent took 571 ms
2025-06-11 19:34:14.342 INFO  [http-nio-8080-exec-1][BundleSiteInitializer:5675] Invoking addExpandoValues took 0 ms
2025-06-11 19:34:14.342 INFO  [http-nio-8080-exec-1][BundleSiteInitializer:5675] Invoking addSegmentsExperiences took 0 ms
2025-06-11 19:34:14.342 INFO  [http-nio-8080-exec-1][BundleSiteInitializer:5675] Invoking addOrUpdateResourcePermissions took 0 ms
2025-06-11 19:34:14.342 INFO  [http-nio-8080-exec-1][BundleSiteInitializer:550] Initialized com.liferay.site.initializer.welcome for group 20117 in 5515 ms
