2025-06-17 21:45:00.032 INFO  [SystemExecutorServiceUtil-1-com.liferay.portal.spring.extender.internal.configuration.ServiceConfigurationInitializer-com.liferay.change.tracking.service][VerifyProcess:65] Verifying com.liferay.commerce.product.internal.verify.CommerceProductServiceVerifyProcess
2025-06-17 21:45:00.034 INFO  [SystemExecutorServiceUtil-1-com.liferay.portal.spring.extender.internal.configuration.ServiceConfigurationInitializer-com.liferay.change.tracking.service][LoggingTimer:74] Starting com.liferay.commerce.product.internal.verify.CommerceProductServiceVerifyProcess#verifyCPMeasurementUnits
2025-06-17 21:45:00.303 INFO  [SystemExecutorServiceUtil-1-com.liferay.portal.spring.extender.internal.configuration.ServiceConfigurationInitializer-com.liferay.change.tracking.service][LoggingTimer:35] Completed com.liferay.commerce.product.internal.verify.CommerceProductServiceVerifyProcess#verifyCPMeasurementUnits in 269 ms
2025-06-17 21:45:00.303 INFO  [SystemExecutorServiceUtil-1-com.liferay.portal.spring.extender.internal.configuration.ServiceConfigurationInitializer-com.liferay.change.tracking.service][VerifyProcess:78] Completed verification process com.liferay.commerce.product.internal.verify.CommerceProductServiceVerifyProcess in 271 ms
2025-06-17 21:45:05.866 INFO  [SystemExecutorServiceUtil-1-com.liferay.portal.spring.extender.internal.configuration.ServiceConfigurationInitializer-com.liferay.change.tracking.service][VerifyProcess:65] Verifying com.liferay.portal.search.tuning.rankings.web.internal.verify.RankingsDatabaseImporterVerifyProcess
2025-06-17 21:45:06.018 INFO  [SystemExecutorServiceUtil-1-com.liferay.portal.spring.extender.internal.configuration.ServiceConfigurationInitializer-com.liferay.change.tracking.service][VerifyProcess:78] Completed verification process com.liferay.portal.search.tuning.rankings.web.internal.verify.RankingsDatabaseImporterVerifyProcess in 152 ms
2025-06-17 21:45:06.084 INFO  [SystemExecutorServiceUtil-1-com.liferay.portal.spring.extender.internal.configuration.ServiceConfigurationInitializer-com.liferay.change.tracking.service][VerifyProcess:65] Verifying com.liferay.adaptive.media.document.library.thumbnails.internal.verify.DocumentLibraryThumbnailsConfigurationVerifyProcess
2025-06-17 21:45:06.108 INFO  [SystemExecutorServiceUtil-1-com.liferay.portal.spring.extender.internal.configuration.ServiceConfigurationInitializer-com.liferay.change.tracking.service][VerifyProcess:78] Completed verification process com.liferay.adaptive.media.document.library.thumbnails.internal.verify.DocumentLibraryThumbnailsConfigurationVerifyProcess in 24 ms
2025-06-17 21:45:07.084 INFO  [SystemExecutorServiceUtil-1-com.liferay.portal.spring.extender.internal.configuration.ServiceConfigurationInitializer-com.liferay.change.tracking.service][VerifyProcess:65] Verifying com.liferay.commerce.price.list.internal.verify.CommercePriceListServiceVerifyProcess
2025-06-17 21:45:07.085 INFO  [SystemExecutorServiceUtil-1-com.liferay.portal.spring.extender.internal.configuration.ServiceConfigurationInitializer-com.liferay.change.tracking.service][LoggingTimer:74] Starting com.liferay.commerce.price.list.internal.verify.CommercePriceListServiceVerifyProcess#verifyBasePriceLists
2025-06-17 21:45:07.090 INFO  [SystemExecutorServiceUtil-1-com.liferay.portal.spring.extender.internal.configuration.ServiceConfigurationInitializer-com.liferay.change.tracking.service][LoggingTimer:35] Completed com.liferay.commerce.price.list.internal.verify.CommercePriceListServiceVerifyProcess#verifyBasePriceLists in 6 ms
2025-06-17 21:45:07.091 INFO  [SystemExecutorServiceUtil-1-com.liferay.portal.spring.extender.internal.configuration.ServiceConfigurationInitializer-com.liferay.change.tracking.service][VerifyProcess:78] Completed verification process com.liferay.commerce.price.list.internal.verify.CommercePriceListServiceVerifyProcess in 7 ms
2025-06-17 21:45:09.171 INFO  [SystemExecutorServiceUtil-1-com.liferay.portal.spring.extender.internal.configuration.ServiceConfigurationInitializer-com.liferay.change.tracking.service][VerifyProcess:65] Verifying com.liferay.commerce.internal.verify.CommerceAccountServiceVerifyProcess
2025-06-17 21:45:09.172 INFO  [SystemExecutorServiceUtil-1-com.liferay.portal.spring.extender.internal.configuration.ServiceConfigurationInitializer-com.liferay.change.tracking.service][LoggingTimer:74] Starting com.liferay.commerce.internal.verify.CommerceAccountServiceVerifyProcess#verifyAccountRoles
2025-06-17 21:45:09.181 INFO  [SystemExecutorServiceUtil-1-com.liferay.portal.spring.extender.internal.configuration.ServiceConfigurationInitializer-com.liferay.change.tracking.service][LoggingTimer:35] Completed com.liferay.commerce.internal.verify.CommerceAccountServiceVerifyProcess#verifyAccountRoles in 10 ms
2025-06-17 21:45:09.182 INFO  [SystemExecutorServiceUtil-1-com.liferay.portal.spring.extender.internal.configuration.ServiceConfigurationInitializer-com.liferay.change.tracking.service][LoggingTimer:74] Starting com.liferay.commerce.internal.verify.CommerceAccountServiceVerifyProcess#verifyAccountGroup
2025-06-17 21:45:09.185 INFO  [SystemExecutorServiceUtil-1-com.liferay.portal.spring.extender.internal.configuration.ServiceConfigurationInitializer-com.liferay.change.tracking.service][LoggingTimer:35] Completed com.liferay.commerce.internal.verify.CommerceAccountServiceVerifyProcess#verifyAccountGroup in 2 ms
2025-06-17 21:45:09.185 INFO  [SystemExecutorServiceUtil-1-com.liferay.portal.spring.extender.internal.configuration.ServiceConfigurationInitializer-com.liferay.change.tracking.service][VerifyProcess:78] Completed verification process com.liferay.commerce.internal.verify.CommerceAccountServiceVerifyProcess in 15 ms
2025-06-17 21:45:10.197 INFO  [SystemExecutorServiceUtil-1-com.liferay.portal.spring.extender.internal.configuration.ServiceConfigurationInitializer-com.liferay.change.tracking.service][BatchEngineImportTaskExecutorImpl:95] Started batch engine import task 1
2025-06-17 21:45:11.511 INFO  [SystemExecutorServiceUtil-1-com.liferay.portal.spring.extender.internal.configuration.ServiceConfigurationInitializer-com.liferay.change.tracking.service][BatchEngineImportTaskExecutorImpl:176] Finished batch engine import task 1 in 1312ms
2025-06-17 21:45:24.159 INFO  [http-nio-8080-exec-2][BundleSiteInitializer:532] Initializing com.liferay.site.initializer.welcome for group 20118
2025-06-17 21:45:24.178 INFO  [http-nio-8080-exec-2][BundleSiteInitializer:5678] Invoking addOrUpdateExpandoColumns took 1 ms
2025-06-17 21:45:24.178 INFO  [http-nio-8080-exec-2][BundleSiteInitializer:5678] Invoking addAccounts took 0 ms
2025-06-17 21:45:24.180 INFO  [http-nio-8080-exec-2][BundleSiteInitializer:5678] Invoking addOrUpdateObjectFolders took 0 ms
2025-06-17 21:45:24.181 INFO  [http-nio-8080-exec-2][BundleSiteInitializer:5678] Invoking addOrUpdateUserGroups took 0 ms
2025-06-17 21:45:24.279 INFO  [http-nio-8080-exec-2][BundleSiteInitializer:5678] Invoking addAccountGroups took 98 ms
2025-06-17 21:45:24.280 INFO  [http-nio-8080-exec-2][BundleSiteInitializer:5678] Invoking addOrUpdateDDMStructures took 0 ms
2025-06-17 21:45:24.292 INFO  [http-nio-8080-exec-2][BundleSiteInitializer:5678] Invoking addOrUpdateDataDefinitions took 11 ms
2025-06-17 21:45:24.293 INFO  [http-nio-8080-exec-2][BundleSiteInitializer:5678] Invoking setPLOEntries took 0 ms
2025-06-17 21:45:24.294 INFO  [http-nio-8080-exec-2][BundleSiteInitializer:5678] Invoking addOrUpdateDepotEntries took 0 ms
2025-06-17 21:45:24.295 INFO  [http-nio-8080-exec-2][BundleSiteInitializer:5678] Invoking addOrUpdateOrganizations took 0 ms
2025-06-17 21:45:24.295 INFO  [http-nio-8080-exec-2][BundleSiteInitializer:5678] Invoking addAccountsOrganizations took 0 ms
2025-06-17 21:45:24.296 INFO  [http-nio-8080-exec-2][BundleSiteInitializer:5678] Invoking addSiteSettings took 0 ms
2025-06-17 21:45:24.297 INFO  [http-nio-8080-exec-2][BundleSiteInitializer:5678] Invoking addOrUpdateKnowledgeBaseArticles took 0 ms
2025-06-17 21:45:24.297 INFO  [http-nio-8080-exec-2][BundleSiteInitializer:5678] Invoking addStyleBookEntries took 0 ms
2025-06-17 21:45:24.298 INFO  [http-nio-8080-exec-2][BundleSiteInitializer:5678] Invoking addOrUpdateTaxonomyVocabularies took 0 ms
2025-06-17 21:45:24.298 INFO  [http-nio-8080-exec-2][BundleSiteInitializer:5678] Invoking addOrUpdateSAPEntries took 0 ms
2025-06-17 21:45:24.299 INFO  [http-nio-8080-exec-2][BundleSiteInitializer:5678] Invoking addAccountGroupAssignments took 0 ms
2025-06-17 21:45:24.299 INFO  [http-nio-8080-exec-2][BundleSiteInitializer:5678] Invoking addPortletSettings took 0 ms
2025-06-17 21:45:24.305 INFO  [http-nio-8080-exec-2][BundleSiteInitializer:5678] Invoking addOrUpdateRoles took 6 ms
2025-06-17 21:45:24.306 INFO  [http-nio-8080-exec-2][BundleSiteInitializer:5678] Invoking addOrUpdateListTypeDefinitions took 0 ms
2025-06-17 21:45:24.307 INFO  [http-nio-8080-exec-2][BundleSiteInitializer:5678] Invoking addSiteConfiguration took 0 ms
2025-06-17 21:45:24.308 INFO  [http-nio-8080-exec-2][BundleSiteInitializer:5678] Invoking addKeywords took 0 ms
2025-06-17 21:45:24.309 INFO  [http-nio-8080-exec-2][BundleSiteInitializer:5678] Invoking addOrUpdateSXPBlueprint took 0 ms
2025-06-17 21:45:26.783 INFO  [http-nio-8080-exec-2][BundleSiteInitializer:5678] Invoking addOrUpdateDocuments took 2474 ms
2025-06-17 21:45:27.120 INFO  [http-nio-8080-exec-2][BundleSiteInitializer:5678] Invoking addOrUpdateLayouts took 335 ms
2025-06-17 21:45:27.120 INFO  [http-nio-8080-exec-2][BundleSiteInitializer:5678] Invoking addWorkflowDefinitions took 0 ms
2025-06-17 21:45:27.121 INFO  [http-nio-8080-exec-2][BundleSiteInitializer:5678] Invoking addOrUpdateClientExtensionEntries took 0 ms
2025-06-17 21:45:27.130 INFO  [http-nio-8080-exec-2][BundleSiteInitializer:5678] Invoking updateLayoutSets took 8 ms
2025-06-17 21:45:27.131 INFO  [http-nio-8080-exec-2][BundleSiteInitializer:5678] Invoking addOrUpdateBlogPostings took 0 ms
2025-06-17 21:45:27.131 INFO  [http-nio-8080-exec-2][BundleSiteInitializer:5678] Invoking addUserAccounts took 0 ms
2025-06-17 21:45:27.131 INFO  [http-nio-8080-exec-2][BundleSiteInitializer:5678] Invoking addRolesAssignments took 0 ms
2025-06-17 21:45:27.134 INFO  [http-nio-8080-exec-2][BundleSiteInitializer:5678] Invoking addObjectDefinitions took 3 ms
2025-06-17 21:45:27.134 INFO  [http-nio-8080-exec-2][BundleSiteInitializer:5678] Invoking addOrUpdateObjectRelationships took 0 ms
2025-06-17 21:45:27.135 INFO  [http-nio-8080-exec-2][BundleSiteInitializer:5678] Invoking addFragmentEntries took 0 ms
2025-06-17 21:45:27.135 INFO  [http-nio-8080-exec-2][BundleSiteInitializer:5678] Invoking addOrUpdateAssetLinkEntries took 0 ms
2025-06-17 21:45:27.135 INFO  [http-nio-8080-exec-2][BundleSiteInitializer:5678] Invoking addUserRoles took 0 ms
2025-06-17 21:45:27.135 INFO  [http-nio-8080-exec-2][BundleSiteInitializer:5678] Invoking addOrUpdateObjectFields took 0 ms
2025-06-17 21:45:27.136 INFO  [http-nio-8080-exec-2][BundleSiteInitializer:5678] Invoking publishObjectDefinitions took 0 ms
2025-06-17 21:45:27.178 INFO  [http-nio-8080-exec-2][BundleSiteInitializer:5678] Invoking addOrUpdateDDMTemplates took 42 ms
2025-06-17 21:45:27.179 INFO  [http-nio-8080-exec-2][BundleSiteInitializer:5678] Invoking addOrUpdateSegmentsEntries took 1 ms
2025-06-17 21:45:27.179 INFO  [http-nio-8080-exec-2][BundleSiteInitializer:5678] Invoking addOrUpdateNotificationTemplates took 0 ms
2025-06-17 21:45:27.180 INFO  [http-nio-8080-exec-2][BundleSiteInitializer:5678] Invoking addAssetListEntries took 0 ms
2025-06-17 21:45:27.180 INFO  [http-nio-8080-exec-2][BundleSiteInitializer:5678] Invoking addOrUpdateJournalArticles took 0 ms
2025-06-17 21:45:27.181 INFO  [http-nio-8080-exec-2][BundleSiteInitializer:5678] Invoking addOrUpdateAccountEntryRestrictions took 0 ms
2025-06-17 21:45:27.181 INFO  [http-nio-8080-exec-2][BundleSiteInitializer:5678] Invoking addOrUpdateObjectActions took 0 ms
2025-06-17 21:45:27.181 INFO  [http-nio-8080-exec-2][BundleSiteInitializer:5678] Invoking addOrUpdateObjectEntries took 0 ms
2025-06-17 21:45:27.182 INFO  [http-nio-8080-exec-2][BundleSiteInitializer:5678] Invoking addCPDefinitions took 0 ms
2025-06-17 21:45:27.182 INFO  [http-nio-8080-exec-2][BundleSiteInitializer:5678] Invoking addLayoutPageTemplates took 0 ms
2025-06-17 21:45:31.185 INFO  [http-nio-8080-exec-2][BundleSiteInitializer:5678] Invoking addLayoutUtilityPageEntries took 4003 ms
2025-06-17 21:45:31.905 INFO  [http-nio-8080-exec-2][BundleSiteInitializer:5678] Invoking addOrUpdateLayoutsContent took 719 ms
2025-06-17 21:45:31.906 INFO  [http-nio-8080-exec-2][BundleSiteInitializer:5678] Invoking addSegmentsExperiences took 0 ms
2025-06-17 21:45:31.906 INFO  [http-nio-8080-exec-2][BundleSiteInitializer:5678] Invoking addOrUpdateResourcePermissions took 0 ms
2025-06-17 21:45:31.906 INFO  [http-nio-8080-exec-2][BundleSiteInitializer:5678] Invoking addExpandoValues took 0 ms
2025-06-17 21:45:31.906 INFO  [http-nio-8080-exec-2][BundleSiteInitializer:550] Initialized com.liferay.site.initializer.welcome for group 20118 in 7747 ms
