2025-05-30 18:24:32.558 ERROR [main][IndexConfigurationDynamicUpdatesExecutorImpl:51] Unable to put mapping {_	"properties": {_		"timestamp": {_			"store": true,_			"type": "date"_		}_	}_} [Sanitized]
com.liferay.portal.kernel.log.LogSanitizerException: java.lang.RuntimeException: org.elasticsearch.ElasticsearchStatusException: ElasticsearchStatusException[Elasticsearch exception [type=illegal_argument_exception, reason=Mapper for [timestamp] conflicts with existing mapper:_	Cannot update parameter [store] from [false] to [true]]] [Sanitized]
	at org.elasticsearch.rest.BytesRestResponse.errorFromXContent(BytesRestResponse.java:178) ~[elasticsearch-7.17.18.jar:7.17.18]
	at org.elasticsearch.client.RestHighLevelClient.parseEntity(RestHighLevelClient.java:2484) ~[elasticsearch-rest-high-level-client-7.17.18.jar:7.17.18]
	at org.elasticsearch.client.RestHighLevelClient.parseResponseException(RestHighLevelClient.java:2461) ~[elasticsearch-rest-high-level-client-7.17.18.jar:7.17.18]
	at org.elasticsearch.client.RestHighLevelClient.internalPerformRequest(RestHighLevelClient.java:2184) ~[elasticsearch-rest-high-level-client-7.17.18.jar:7.17.18]
	at org.elasticsearch.client.RestHighLevelClient.performRequest(RestHighLevelClient.java:2154) ~[elasticsearch-rest-high-level-client-7.17.18.jar:7.17.18]
	at org.elasticsearch.client.RestHighLevelClient.performRequestAndParseEntity(RestHighLevelClient.java:2118) ~[elasticsearch-rest-high-level-client-7.17.18.jar:7.17.18]
	at org.elasticsearch.client.IndicesClient.putMapping(IndicesClient.java:440) ~[elasticsearch-rest-high-level-client-7.17.18.jar:7.17.18]
	at com.liferay.portal.search.elasticsearch7.internal.search.engine.adapter.index.PutMappingIndexRequestExecutorImpl.getAcknowledgedResponse(PutMappingIndexRequestExecutorImpl.java:69) ~[bundleFile:?]
	at com.liferay.portal.search.elasticsearch7.internal.search.engine.adapter.index.PutMappingIndexRequestExecutorImpl.execute(PutMappingIndexRequestExecutorImpl.java:38) ~[bundleFile:?]
	at com.liferay.portal.search.elasticsearch7.internal.search.engine.adapter.index.ElasticsearchIndexRequestExecutor.executeIndexRequest(ElasticsearchIndexRequestExecutor.java:126) ~[bundleFile:?]
	at com.liferay.portal.search.engine.adapter.index.PutMappingIndexRequest.accept(PutMappingIndexRequest.java:40) ~[bundleFile:?]
	at com.liferay.portal.search.engine.adapter.index.PutMappingIndexRequest.accept(PutMappingIndexRequest.java:13) ~[bundleFile:?]
	at com.liferay.portal.search.elasticsearch7.internal.search.engine.adapter.ElasticsearchSearchEngineAdapterImpl.execute(ElasticsearchSearchEngineAdapterImpl.java:82) ~[bundleFile:?]
	at com.liferay.portal.search.elasticsearch7.internal.index.IndexConfigurationDynamicUpdatesExecutorImpl.executePutMappings(IndexConfigurationDynamicUpdatesExecutorImpl.java:48) ~[bundleFile:?]
	at com.liferay.portal.search.elasticsearch7.internal.index.IndexConfigurationDynamicUpdatesExecutorImpl._executePutMappings(IndexConfigurationDynamicUpdatesExecutorImpl.java:84) ~[bundleFile:?]
	at com.liferay.portal.search.elasticsearch7.internal.index.IndexConfigurationDynamicUpdatesExecutorImpl.execute(IndexConfigurationDynamicUpdatesExecutorImpl.java:35) ~[bundleFile:?]
	at com.liferay.portal.search.elasticsearch7.internal.ElasticsearchSearchEngine.initialize(ElasticsearchSearchEngine.java:180) ~[bundleFile:?]
	at com.liferay.portal.search.elasticsearch7.internal.ElasticsearchSearchEngine.activate(ElasticsearchSearchEngine.java:327) ~[bundleFile:?]
	at jdk.internal.reflect.NativeMethodAccessorImpl.invoke0(Native Method) ~[?:?]
	at jdk.internal.reflect.NativeMethodAccessorImpl.invoke(NativeMethodAccessorImpl.java:62) ~[?:?]
	at jdk.internal.reflect.DelegatingMethodAccessorImpl.invoke(DelegatingMethodAccessorImpl.java:43) ~[?:?]
	at java.lang.reflect.Method.invoke(Method.java:566) ~[?:?]
	at org.apache.felix.scr.impl.inject.methods.BaseMethod.invokeMethod(BaseMethod.java:228) ~[?:?]
	at org.apache.felix.scr.impl.inject.methods.BaseMethod.access$500(BaseMethod.java:41) ~[?:?]
	at org.apache.felix.scr.impl.inject.methods.BaseMethod$Resolved.invoke(BaseMethod.java:664) ~[?:?]
	at org.apache.felix.scr.impl.inject.methods.BaseMethod.invoke(BaseMethod.java:510) ~[?:?]
	at org.apache.felix.scr.impl.inject.methods.ActivateMethod.invoke(ActivateMethod.java:310) ~[?:?]
	at org.apache.felix.scr.impl.inject.methods.ActivateMethod.invoke(ActivateMethod.java:300) ~[?:?]
	at org.apache.felix.scr.impl.manager.SingleComponentManager.createImplementationObject(SingleComponentManager.java:341) ~[?:?]
	at org.apache.felix.scr.impl.manager.SingleComponentManager.createComponent(SingleComponentManager.java:114) ~[?:?]
	at org.apache.felix.scr.impl.manager.SingleComponentManager.getService(SingleComponentManager.java:983) ~[?:?]
	at org.apache.felix.scr.impl.manager.SingleComponentManager.getServiceInternal(SingleComponentManager.java:956) ~[?:?]
	at org.apache.felix.scr.impl.manager.SingleComponentManager.getService(SingleComponentManager.java:901) ~[?:?]
	at org.eclipse.osgi.internal.serviceregistry.ServiceFactoryUse.factoryGetService(ServiceFactoryUse.java:210) ~[org.eclipse.osgi.jar:?]
	at org.eclipse.osgi.internal.serviceregistry.ServiceFactoryUse.getService(ServiceFactoryUse.java:111) ~[org.eclipse.osgi.jar:?]
	at org.eclipse.osgi.internal.serviceregistry.ServiceConsumer$2.getService(ServiceConsumer.java:45) ~[org.eclipse.osgi.jar:?]
	at org.eclipse.osgi.internal.serviceregistry.ServiceRegistrationImpl.getService(ServiceRegistrationImpl.java:520) ~[org.eclipse.osgi.jar:?]
	at org.eclipse.osgi.internal.serviceregistry.ServiceRegistry.getService(ServiceRegistry.java:463) ~[org.eclipse.osgi.jar:?]
	at org.eclipse.osgi.internal.framework.BundleContextImpl.getService(BundleContextImpl.java:616) ~[org.eclipse.osgi.jar:?]
	at org.apache.felix.scr.impl.manager.SingleRefPair.getServiceObject(SingleRefPair.java:73) ~[?:?]
	at org.apache.felix.scr.impl.inject.BindParameters.getServiceObject(BindParameters.java:47) ~[?:?]
	at org.apache.felix.scr.impl.inject.field.FieldHandler$ReferenceMethodImpl.getServiceObject(FieldHandler.java:519) ~[?:?]
	at org.apache.felix.scr.impl.manager.DependencyManager.getServiceObject(DependencyManager.java:2308) ~[?:?]
	at org.apache.felix.scr.impl.manager.DependencyManager$SingleDynamicCustomizer.prebind(DependencyManager.java:962) ~[?:?]
	at org.apache.felix.scr.impl.manager.DependencyManager.prebind(DependencyManager.java:1576) ~[?:?]
	at org.apache.felix.scr.impl.manager.AbstractComponentManager.collectDependencies(AbstractComponentManager.java:1037) ~[?:?]
	at org.apache.felix.scr.impl.manager.SingleComponentManager.getServiceInternal(SingleComponentManager.java:936) ~[?:?]
	at org.apache.felix.scr.impl.manager.SingleComponentManager.getService(SingleComponentManager.java:901) ~[?:?]
	at org.eclipse.osgi.internal.serviceregistry.ServiceFactoryUse.factoryGetService(ServiceFactoryUse.java:210) ~[org.eclipse.osgi.jar:?]
	at org.eclipse.osgi.internal.serviceregistry.ServiceFactoryUse.getService(ServiceFactoryUse.java:111) ~[org.eclipse.osgi.jar:?]
	at org.eclipse.osgi.internal.serviceregistry.ServiceConsumer$2.getService(ServiceConsumer.java:45) ~[org.eclipse.osgi.jar:?]
	at org.eclipse.osgi.internal.serviceregistry.ServiceRegistrationImpl.getService(ServiceRegistrationImpl.java:520) ~[org.eclipse.osgi.jar:?]
	at org.eclipse.osgi.internal.serviceregistry.ServiceRegistry.getService(ServiceRegistry.java:463) ~[org.eclipse.osgi.jar:?]
	at org.eclipse.osgi.internal.framework.BundleContextImpl.getService(BundleContextImpl.java:616) ~[org.eclipse.osgi.jar:?]
	at org.apache.felix.scr.impl.manager.SingleRefPair.getServiceObject(SingleRefPair.java:73) ~[?:?]
	at org.apache.felix.scr.impl.inject.BindParameters.getServiceObject(BindParameters.java:47) ~[?:?]
	at org.apache.felix.scr.impl.inject.field.FieldHandler$ReferenceMethodImpl.getServiceObject(FieldHandler.java:519) ~[?:?]
	at org.apache.felix.scr.impl.manager.DependencyManager.getServiceObject(DependencyManager.java:2308) ~[?:?]
	at org.apache.felix.scr.impl.manager.DependencyManager$SingleStaticCustomizer.prebind(DependencyManager.java:1162) ~[?:?]
	at org.apache.felix.scr.impl.manager.DependencyManager.prebind(DependencyManager.java:1576) ~[?:?]
	at org.apache.felix.scr.impl.manager.AbstractComponentManager.collectDependencies(AbstractComponentManager.java:1037) ~[?:?]
	at org.apache.felix.scr.impl.manager.SingleComponentManager.getServiceInternal(SingleComponentManager.java:936) ~[?:?]
	at org.apache.felix.scr.impl.manager.SingleComponentManager.getService(SingleComponentManager.java:901) ~[?:?]
	at org.eclipse.osgi.internal.serviceregistry.ServiceFactoryUse.factoryGetService(ServiceFactoryUse.java:210) ~[org.eclipse.osgi.jar:?]
	at org.eclipse.osgi.internal.serviceregistry.ServiceFactoryUse.getService(ServiceFactoryUse.java:111) ~[org.eclipse.osgi.jar:?]
	at org.eclipse.osgi.internal.serviceregistry.ServiceConsumer$2.getService(ServiceConsumer.java:45) ~[org.eclipse.osgi.jar:?]
	at org.eclipse.osgi.internal.serviceregistry.ServiceRegistrationImpl.getService(ServiceRegistrationImpl.java:520) ~[org.eclipse.osgi.jar:?]
	at org.eclipse.osgi.internal.serviceregistry.ServiceRegistry.getService(ServiceRegistry.java:463) ~[org.eclipse.osgi.jar:?]
	at org.eclipse.osgi.internal.framework.BundleContextImpl.getService(BundleContextImpl.java:616) ~[org.eclipse.osgi.jar:?]
	at com.liferay.portal.instance.lifecycle.internal.PortalInstanceLifecycleListenerManagerImpl$PortalInstanceLifecycleListenerServiceTrackerCustomizer.addingService(PortalInstanceLifecycleListenerManagerImpl.java:378) ~[?:?]
	at com.liferay.portal.instance.lifecycle.internal.PortalInstanceLifecycleListenerManagerImpl$PortalInstanceLifecycleListenerServiceTrackerCustomizer.addingService(PortalInstanceLifecycleListenerManagerImpl.java:368) ~[?:?]
	at com.liferay.osgi.service.tracker.collections.internal.list.ServiceTrackerListImpl$ServiceReferenceServiceTrackerCustomizer.addingService(ServiceTrackerListImpl.java:155) ~[com.liferay.osgi.service.tracker.collections.jar:?]
	at org.osgi.util.tracker.ServiceTracker$Tracked.customizerAdding(ServiceTracker.java:943) ~[org.eclipse.osgi.jar:?]
	at org.osgi.util.tracker.ServiceTracker$Tracked.customizerAdding(ServiceTracker.java:1) ~[org.eclipse.osgi.jar:?]
	at org.osgi.util.tracker.AbstractTracked.trackAdding(AbstractTracked.java:256) ~[org.eclipse.osgi.jar:?]
	at org.osgi.util.tracker.AbstractTracked.trackInitial(AbstractTracked.java:183) ~[org.eclipse.osgi.jar:?]
	at org.osgi.util.tracker.ServiceTracker.open(ServiceTracker.java:321) ~[org.eclipse.osgi.jar:?]
	at com.liferay.osgi.service.tracker.collections.internal.ServiceTrackerManager.open(ServiceTrackerManager.java:58) ~[com.liferay.osgi.service.tracker.collections.jar:?]
	at com.liferay.osgi.service.tracker.collections.internal.list.ServiceTrackerListImpl.iterator(ServiceTrackerListImpl.java:79) ~[com.liferay.osgi.service.tracker.collections.jar:?]
	at com.liferay.portal.instance.lifecycle.internal.PortalInstanceLifecycleListenerManagerImpl.preregisterCompany(PortalInstanceLifecycleListenerManagerImpl.java:74) ~[?:?]
	at jdk.internal.reflect.NativeMethodAccessorImpl.invoke0(Native Method) ~[?:?]
	at jdk.internal.reflect.NativeMethodAccessorImpl.invoke(NativeMethodAccessorImpl.java:62) ~[?:?]
	at jdk.internal.reflect.DelegatingMethodAccessorImpl.invoke(DelegatingMethodAccessorImpl.java:43) ~[?:?]
	at java.lang.reflect.Method.invoke(Method.java:566) ~[?:?]
	at com.liferay.portal.spring.aop.AopMethodInvocationImpl.proceed(AopMethodInvocationImpl.java:41) ~[portal-impl.jar:?]
	at com.liferay.portal.spring.transaction.TransactionInterceptor.invoke(TransactionInterceptor.java:60) ~[portal-impl.jar:?]
	at com.liferay.portal.spring.aop.AopMethodInvocationImpl.proceed(AopMethodInvocationImpl.java:48) ~[portal-impl.jar:?]
	at com.liferay.change.tracking.internal.aop.CTTransactionAdvice.invoke(CTTransactionAdvice.java:70) ~[?:?]
	at com.liferay.portal.spring.aop.AopMethodInvocationImpl.proceed(AopMethodInvocationImpl.java:48) ~[portal-impl.jar:?]
	at com.liferay.portal.spring.aop.AopInvocationHandler.invoke(AopInvocationHandler.java:40) ~[portal-impl.jar:?]
	at com.sun.proxy.$Proxy321.preregisterCompany(Unknown Source) ~[?:?]
	at com.liferay.portal.service.impl.CompanyLocalServiceImpl.preregisterCompany(CompanyLocalServiceImpl.java:1607) ~[portal-impl.jar:?]
	at com.liferay.portal.service.impl.CompanyLocalServiceImpl._checkCompany(CompanyLocalServiceImpl.java:2140) ~[portal-impl.jar:?]
	at com.liferay.portal.service.impl.CompanyLocalServiceImpl.lambda$addCompany$0(CompanyLocalServiceImpl.java:283) ~[portal-impl.jar:?]
	at com.liferay.portal.service.impl.CompanyLocalServiceImpl._transactionAwareInvoke(CompanyLocalServiceImpl.java:2305) [portal-impl.jar:?]
	at com.liferay.portal.service.impl.CompanyLocalServiceImpl.addCompany(CompanyLocalServiceImpl.java:233) [portal-impl.jar:?]
	at jdk.internal.reflect.NativeMethodAccessorImpl.invoke0(Native Method) ~[?:?]
	at jdk.internal.reflect.NativeMethodAccessorImpl.invoke(NativeMethodAccessorImpl.java:62) ~[?:?]
	at jdk.internal.reflect.DelegatingMethodAccessorImpl.invoke(DelegatingMethodAccessorImpl.java:43) ~[?:?]
	at java.lang.reflect.Method.invoke(Method.java:566) ~[?:?]
	at com.liferay.portal.spring.aop.AopMethodInvocationImpl.proceed(AopMethodInvocationImpl.java:41) [portal-impl.jar:?]
	at com.liferay.portal.spring.transaction.TransactionInterceptor.invoke(TransactionInterceptor.java:60) [portal-impl.jar:?]
	at com.liferay.portal.spring.aop.AopMethodInvocationImpl.proceed(AopMethodInvocationImpl.java:48) [portal-impl.jar:?]
	at com.liferay.change.tracking.internal.aop.CTTransactionAdvice.invoke(CTTransactionAdvice.java:70) [bundleFile:?]
	at com.liferay.portal.spring.aop.AopMethodInvocationImpl.proceed(AopMethodInvocationImpl.java:48) [portal-impl.jar:?]
	at com.liferay.portal.spring.aop.AopInvocationHandler.invoke(AopInvocationHandler.java:40) [portal-impl.jar:?]
	at com.sun.proxy.$Proxy105.addCompany(Unknown Source) [?:?]
	at com.liferay.portal.kernel.service.CompanyLocalServiceUtil.addCompany(CompanyLocalServiceUtil.java:75) [portal-kernel.jar:?]
	at com.liferay.portal.internal.servlet.MainServlet._initCompanies(MainServlet.java:773) [portal-impl.jar:?]
	at com.liferay.portal.internal.servlet.MainServlet.init(MainServlet.java:369) [portal-impl.jar:?]
	at javax.servlet.GenericServlet.init(GenericServlet.java:143) [servlet-api.jar:4.0.FR]
	at com.liferay.shielded.container.internal.proxy.ServletWrapper.init(ServletWrapper.java:82) [com.liferay.shielded.container.impl.jar:?]
	at org.apache.catalina.core.StandardWrapper.initServlet(StandardWrapper.java:984) [catalina.jar:9.0.90]
	at org.apache.catalina.core.StandardWrapper.load(StandardWrapper.java:841) [catalina.jar:9.0.90]
	at org.apache.catalina.core.StandardContext.loadOnStartup(StandardContext.java:4182) [catalina.jar:9.0.90]
	at org.apache.catalina.core.StandardContext.startInternal(StandardContext.java:4482) [catalina.jar:9.0.90]
	at org.apache.catalina.util.LifecycleBase.start(LifecycleBase.java:164) [catalina.jar:9.0.90]
	at org.apache.catalina.core.ContainerBase.addChildInternal(ContainerBase.java:599) [catalina.jar:9.0.90]
	at org.apache.catalina.core.ContainerBase.addChild(ContainerBase.java:571) [catalina.jar:9.0.90]
	at org.apache.catalina.core.StandardHost.addChild(StandardHost.java:603) [catalina.jar:9.0.90]
	at org.apache.catalina.startup.HostConfig.deployDescriptor(HostConfig.java:680) [catalina.jar:9.0.90]
	at org.apache.catalina.startup.HostConfig$DeployDescriptor.run(HostConfig.java:1844) [catalina.jar:9.0.90]
	at java.util.concurrent.Executors$RunnableAdapter.call(Executors.java:515) [?:?]
	at java.util.concurrent.FutureTask.run(FutureTask.java:264) [?:?]
	at org.apache.tomcat.util.threads.InlineExecutorService.execute(InlineExecutorService.java:75) [tomcat-util.jar:9.0.90]
	at java.util.concurrent.AbstractExecutorService.submit(AbstractExecutorService.java:118) [?:?]
	at org.apache.catalina.startup.HostConfig.deployDescriptors(HostConfig.java:575) [catalina.jar:9.0.90]
	at org.apache.catalina.startup.HostConfig.deployApps(HostConfig.java:466) [catalina.jar:9.0.90]
	at org.apache.catalina.startup.HostConfig.start(HostConfig.java:1584) [catalina.jar:9.0.90]
	at org.apache.catalina.startup.HostConfig.lifecycleEvent(HostConfig.java:312) [catalina.jar:9.0.90]
	at org.apache.catalina.util.LifecycleBase.fireLifecycleEvent(LifecycleBase.java:109) [catalina.jar:9.0.90]
	at org.apache.catalina.util.LifecycleBase.setStateInternal(LifecycleBase.java:385) [catalina.jar:9.0.90]
	at org.apache.catalina.util.LifecycleBase.setState(LifecycleBase.java:332) [catalina.jar:9.0.90]
	at org.apache.catalina.core.ContainerBase.startInternal(ContainerBase.java:776) [catalina.jar:9.0.90]
	at org.apache.catalina.core.StandardHost.startInternal(StandardHost.java:721) [catalina.jar:9.0.90]
	at org.apache.catalina.util.LifecycleBase.start(LifecycleBase.java:164) [catalina.jar:9.0.90]
	at org.apache.catalina.core.ContainerBase$StartChild.call(ContainerBase.java:1203) [catalina.jar:9.0.90]
	at org.apache.catalina.core.ContainerBase$StartChild.call(ContainerBase.java:1193) [catalina.jar:9.0.90]
	at java.util.concurrent.FutureTask.run(FutureTask.java:264) [?:?]
	at org.apache.tomcat.util.threads.InlineExecutorService.execute(InlineExecutorService.java:75) [tomcat-util.jar:9.0.90]
	at java.util.concurrent.AbstractExecutorService.submit(AbstractExecutorService.java:140) [?:?]
	at org.apache.catalina.core.ContainerBase.startInternal(ContainerBase.java:749) [catalina.jar:9.0.90]
	at org.apache.catalina.core.StandardEngine.startInternal(StandardEngine.java:211) [catalina.jar:9.0.90]
	at org.apache.catalina.util.LifecycleBase.start(LifecycleBase.java:164) [catalina.jar:9.0.90]
	at org.apache.catalina.core.StandardService.startInternal(StandardService.java:415) [catalina.jar:9.0.90]
	at org.apache.catalina.util.LifecycleBase.start(LifecycleBase.java:164) [catalina.jar:9.0.90]
	at org.apache.catalina.core.StandardServer.startInternal(StandardServer.java:878) [catalina.jar:9.0.90]
	at org.apache.catalina.util.LifecycleBase.start(LifecycleBase.java:164) [catalina.jar:9.0.90]
	at org.apache.catalina.startup.Catalina.start(Catalina.java:735) [catalina.jar:9.0.90]
	at jdk.internal.reflect.NativeMethodAccessorImpl.invoke0(Native Method) ~[?:?]
	at jdk.internal.reflect.NativeMethodAccessorImpl.invoke(NativeMethodAccessorImpl.java:62) ~[?:?]
	at jdk.internal.reflect.DelegatingMethodAccessorImpl.invoke(DelegatingMethodAccessorImpl.java:43) ~[?:?]
	at java.lang.reflect.Method.invoke(Method.java:566) ~[?:?]
	at org.apache.catalina.startup.Bootstrap.start(Bootstrap.java:345) [bootstrap.jar:9.0.90]
	at org.apache.catalina.startup.Bootstrap.main(Bootstrap.java:473) [bootstrap.jar:9.0.90]
2025-05-30 18:26:48.785 INFO  [http-nio-8080-exec-3][BundleSiteInitializer:520] Initializing com.liferay.site.initializer.welcome for group 20117
2025-05-30 18:26:48.797 INFO  [http-nio-8080-exec-3][BundleSiteInitializer:5576] Invoking addOrUpdateExpandoColumns took 2 ms
2025-05-30 18:26:48.797 INFO  [http-nio-8080-exec-3][BundleSiteInitializer:5576] Invoking addAccounts took 0 ms
2025-05-30 18:26:48.798 INFO  [http-nio-8080-exec-3][BundleSiteInitializer:5576] Invoking addOrUpdateSAPEntries took 0 ms
2025-05-30 18:26:48.799 INFO  [http-nio-8080-exec-3][BundleSiteInitializer:5576] Invoking addOrUpdateKnowledgeBaseArticles took 1 ms
2025-05-30 18:26:48.800 INFO  [http-nio-8080-exec-3][BundleSiteInitializer:5576] Invoking addOrUpdateListTypeDefinitions took 0 ms
2025-05-30 18:26:48.801 INFO  [http-nio-8080-exec-3][BundleSiteInitializer:5576] Invoking addOrUpdateDDMStructures took 0 ms
2025-05-30 18:26:48.801 INFO  [http-nio-8080-exec-3][BundleSiteInitializer:5576] Invoking addStyleBookEntries took 0 ms
2025-05-30 18:26:48.802 INFO  [http-nio-8080-exec-3][BundleSiteInitializer:5576] Invoking setPLOEntries took 1 ms
2025-05-30 18:26:48.804 INFO  [http-nio-8080-exec-3][BundleSiteInitializer:5576] Invoking addOrUpdateDataDefinitions took 2 ms
2025-05-30 18:26:48.805 INFO  [http-nio-8080-exec-3][BundleSiteInitializer:5576] Invoking addOrUpdateObjectFolders took 1 ms
2025-05-30 18:26:48.805 INFO  [http-nio-8080-exec-3][BundleSiteInitializer:5576] Invoking addOrUpdateDepotEntries took 0 ms
2025-05-30 18:26:48.805 INFO  [http-nio-8080-exec-3][BundleSiteInitializer:5576] Invoking addSiteConfiguration took 0 ms
2025-05-30 18:26:48.805 INFO  [http-nio-8080-exec-3][BundleSiteInitializer:5576] Invoking addOrUpdateOrganizations took 0 ms
2025-05-30 18:26:48.805 INFO  [http-nio-8080-exec-3][BundleSiteInitializer:5576] Invoking addOrUpdateUserGroups took 0 ms
2025-05-30 18:26:48.806 INFO  [http-nio-8080-exec-3][BundleSiteInitializer:5576] Invoking addSiteSettings took 1 ms
2025-05-30 18:26:48.860 INFO  [http-nio-8080-exec-3][BundleSiteInitializer:5576] Invoking addAccountGroups took 53 ms
2025-05-30 18:26:48.864 INFO  [http-nio-8080-exec-3][BundleSiteInitializer:5576] Invoking addOrUpdateRoles took 4 ms
2025-05-30 18:26:48.865 INFO  [http-nio-8080-exec-3][BundleSiteInitializer:5576] Invoking addWorkflowDefinitions took 0 ms
2025-05-30 18:26:48.865 INFO  [http-nio-8080-exec-3][BundleSiteInitializer:5576] Invoking addOrUpdateTaxonomyVocabularies took 0 ms
2025-05-30 18:26:50.528 INFO  [http-nio-8080-exec-3][BundleSiteInitializer:5576] Invoking addOrUpdateDocuments took 1661 ms
2025-05-30 18:26:50.528 INFO  [http-nio-8080-exec-3][BundleSiteInitializer:5576] Invoking addFragmentEntries took 0 ms
2025-05-30 18:26:50.884 INFO  [http-nio-8080-exec-3][BundleSiteInitializer:5576] Invoking addOrUpdateLayouts took 356 ms
2025-05-30 18:26:50.885 INFO  [http-nio-8080-exec-3][BundleSiteInitializer:5576] Invoking addPortletSettings took 0 ms
2025-05-30 18:26:50.885 INFO  [http-nio-8080-exec-3][BundleSiteInitializer:5576] Invoking addAccountGroupAssignments took 0 ms
2025-05-30 18:26:50.885 INFO  [http-nio-8080-exec-3][BundleSiteInitializer:5576] Invoking addAccountsOrganizations took 0 ms
2025-05-30 18:26:50.886 INFO  [http-nio-8080-exec-3][BundleSiteInitializer:5576] Invoking addKeywords took 0 ms
2025-05-30 18:26:50.888 INFO  [http-nio-8080-exec-3][BundleSiteInitializer:5576] Invoking addOrUpdateClientExtensionEntries took 2 ms
2025-05-30 18:26:50.889 INFO  [http-nio-8080-exec-3][BundleSiteInitializer:5576] Invoking addOrUpdateSXPBlueprint took 0 ms
2025-05-30 18:26:50.903 INFO  [http-nio-8080-exec-3][BundleSiteInitializer:5576] Invoking updateLayoutSets took 13 ms
2025-05-30 18:26:50.903 INFO  [http-nio-8080-exec-3][BundleSiteInitializer:5576] Invoking addUserAccounts took 0 ms
2025-05-30 18:26:50.904 INFO  [http-nio-8080-exec-3][BundleSiteInitializer:5576] Invoking addOrUpdateSegmentsEntries took 0 ms
2025-05-30 18:26:50.905 INFO  [http-nio-8080-exec-3][BundleSiteInitializer:5576] Invoking addRolesAssignments took 1 ms
2025-05-30 18:26:50.905 INFO  [http-nio-8080-exec-3][BundleSiteInitializer:5576] Invoking addOrUpdateBlogPostings took 0 ms
2025-05-30 18:26:50.911 INFO  [http-nio-8080-exec-3][BundleSiteInitializer:5576] Invoking addObjectDefinitions took 6 ms
2025-05-30 18:26:50.912 INFO  [http-nio-8080-exec-3][BundleSiteInitializer:5576] Invoking addOrUpdateAssetLinkEntries took 0 ms
2025-05-30 18:26:50.912 INFO  [http-nio-8080-exec-3][BundleSiteInitializer:5576] Invoking addUserRoles took 0 ms
2025-05-30 18:26:50.912 INFO  [http-nio-8080-exec-3][BundleSiteInitializer:5576] Invoking addOrUpdateObjectRelationships took 0 ms
2025-05-30 18:26:50.913 INFO  [http-nio-8080-exec-3][BundleSiteInitializer:5576] Invoking addOrUpdateObjectFields took 0 ms
2025-05-30 18:26:50.914 INFO  [http-nio-8080-exec-3][BundleSiteInitializer:5576] Invoking publishObjectDefinitions took 0 ms
2025-05-30 18:26:50.986 INFO  [http-nio-8080-exec-3][BundleSiteInitializer:5576] Invoking addOrUpdateDDMTemplates took 72 ms
2025-05-30 18:26:50.986 INFO  [http-nio-8080-exec-3][BundleSiteInitializer:5576] Invoking addOrUpdateAccountEntryRestrictions took 0 ms
2025-05-30 18:26:50.987 INFO  [http-nio-8080-exec-3][BundleSiteInitializer:5576] Invoking addAssetListEntries took 0 ms
2025-05-30 18:26:50.987 INFO  [http-nio-8080-exec-3][BundleSiteInitializer:5576] Invoking addOrUpdateObjectActions took 0 ms
2025-05-30 18:26:50.987 INFO  [http-nio-8080-exec-3][BundleSiteInitializer:5576] Invoking addOrUpdateNotificationTemplates took 0 ms
2025-05-30 18:26:50.987 INFO  [http-nio-8080-exec-3][BundleSiteInitializer:5576] Invoking addOrUpdateJournalArticles took 0 ms
2025-05-30 18:26:50.987 INFO  [http-nio-8080-exec-3][BundleSiteInitializer:5576] Invoking addOrUpdateObjectEntries took 0 ms
2025-05-30 18:26:50.987 INFO  [http-nio-8080-exec-3][BundleSiteInitializer:5576] Invoking addCPDefinitions took 0 ms
2025-05-30 18:26:50.987 INFO  [http-nio-8080-exec-3][BundleSiteInitializer:5576] Invoking addLayoutPageTemplates took 0 ms
2025-05-30 18:26:53.430 INFO  [http-nio-8080-exec-3][BundleSiteInitializer:5576] Invoking addOrUpdateLayoutsContent took 2443 ms
2025-05-30 18:26:54.225 INFO  [http-nio-8080-exec-3][BundleSiteInitializer:5576] Invoking addLayoutUtilityPageEntries took 795 ms
2025-05-30 18:26:54.226 INFO  [http-nio-8080-exec-3][BundleSiteInitializer:5576] Invoking addExpandoValues took 0 ms
2025-05-30 18:26:54.226 INFO  [http-nio-8080-exec-3][BundleSiteInitializer:5576] Invoking addSegmentsExperiences took 0 ms
2025-05-30 18:26:54.226 INFO  [http-nio-8080-exec-3][BundleSiteInitializer:5576] Invoking addOrUpdateResourcePermissions took 0 ms
2025-05-30 18:26:54.227 INFO  [http-nio-8080-exec-3][BundleSiteInitializer:538] Initialized com.liferay.site.initializer.welcome for group 20117 in 5442 ms
2025-05-30 18:35:02.829 ERROR [main][IndexConfigurationDynamicUpdatesExecutorImpl:51] Unable to put mapping {_	"properties": {_		"timestamp": {_			"store": true,_			"type": "date"_		}_	}_} [Sanitized]
com.liferay.portal.kernel.log.LogSanitizerException: java.lang.RuntimeException: org.elasticsearch.ElasticsearchStatusException: ElasticsearchStatusException[Elasticsearch exception [type=illegal_argument_exception, reason=Mapper for [timestamp] conflicts with existing mapper:_	Cannot update parameter [store] from [false] to [true]]] [Sanitized]
	at org.elasticsearch.rest.BytesRestResponse.errorFromXContent(BytesRestResponse.java:178) ~[elasticsearch-7.17.18.jar:7.17.18]
	at org.elasticsearch.client.RestHighLevelClient.parseEntity(RestHighLevelClient.java:2484) ~[elasticsearch-rest-high-level-client-7.17.18.jar:7.17.18]
	at org.elasticsearch.client.RestHighLevelClient.parseResponseException(RestHighLevelClient.java:2461) ~[elasticsearch-rest-high-level-client-7.17.18.jar:7.17.18]
	at org.elasticsearch.client.RestHighLevelClient.internalPerformRequest(RestHighLevelClient.java:2184) ~[elasticsearch-rest-high-level-client-7.17.18.jar:7.17.18]
	at org.elasticsearch.client.RestHighLevelClient.performRequest(RestHighLevelClient.java:2154) ~[elasticsearch-rest-high-level-client-7.17.18.jar:7.17.18]
	at org.elasticsearch.client.RestHighLevelClient.performRequestAndParseEntity(RestHighLevelClient.java:2118) ~[elasticsearch-rest-high-level-client-7.17.18.jar:7.17.18]
	at org.elasticsearch.client.IndicesClient.putMapping(IndicesClient.java:440) ~[elasticsearch-rest-high-level-client-7.17.18.jar:7.17.18]
	at com.liferay.portal.search.elasticsearch7.internal.search.engine.adapter.index.PutMappingIndexRequestExecutorImpl.getAcknowledgedResponse(PutMappingIndexRequestExecutorImpl.java:69) ~[bundleFile:?]
	at com.liferay.portal.search.elasticsearch7.internal.search.engine.adapter.index.PutMappingIndexRequestExecutorImpl.execute(PutMappingIndexRequestExecutorImpl.java:38) ~[bundleFile:?]
	at com.liferay.portal.search.elasticsearch7.internal.search.engine.adapter.index.ElasticsearchIndexRequestExecutor.executeIndexRequest(ElasticsearchIndexRequestExecutor.java:126) ~[bundleFile:?]
	at com.liferay.portal.search.engine.adapter.index.PutMappingIndexRequest.accept(PutMappingIndexRequest.java:40) ~[bundleFile:?]
	at com.liferay.portal.search.engine.adapter.index.PutMappingIndexRequest.accept(PutMappingIndexRequest.java:13) ~[bundleFile:?]
	at com.liferay.portal.search.elasticsearch7.internal.search.engine.adapter.ElasticsearchSearchEngineAdapterImpl.execute(ElasticsearchSearchEngineAdapterImpl.java:82) ~[bundleFile:?]
	at com.liferay.portal.search.elasticsearch7.internal.index.IndexConfigurationDynamicUpdatesExecutorImpl.executePutMappings(IndexConfigurationDynamicUpdatesExecutorImpl.java:48) ~[bundleFile:?]
	at com.liferay.portal.search.elasticsearch7.internal.index.IndexConfigurationDynamicUpdatesExecutorImpl._executePutMappings(IndexConfigurationDynamicUpdatesExecutorImpl.java:84) ~[bundleFile:?]
	at com.liferay.portal.search.elasticsearch7.internal.index.IndexConfigurationDynamicUpdatesExecutorImpl.execute(IndexConfigurationDynamicUpdatesExecutorImpl.java:35) ~[bundleFile:?]
	at com.liferay.portal.search.elasticsearch7.internal.ElasticsearchSearchEngine.initialize(ElasticsearchSearchEngine.java:180) ~[bundleFile:?]
	at com.liferay.portal.search.elasticsearch7.internal.ElasticsearchSearchEngine.activate(ElasticsearchSearchEngine.java:327) ~[bundleFile:?]
	at jdk.internal.reflect.NativeMethodAccessorImpl.invoke0(Native Method) ~[?:?]
	at jdk.internal.reflect.NativeMethodAccessorImpl.invoke(NativeMethodAccessorImpl.java:62) ~[?:?]
	at jdk.internal.reflect.DelegatingMethodAccessorImpl.invoke(DelegatingMethodAccessorImpl.java:43) ~[?:?]
	at java.lang.reflect.Method.invoke(Method.java:566) ~[?:?]
	at org.apache.felix.scr.impl.inject.methods.BaseMethod.invokeMethod(BaseMethod.java:228) ~[?:?]
	at org.apache.felix.scr.impl.inject.methods.BaseMethod.access$500(BaseMethod.java:41) ~[?:?]
	at org.apache.felix.scr.impl.inject.methods.BaseMethod$Resolved.invoke(BaseMethod.java:664) ~[?:?]
	at org.apache.felix.scr.impl.inject.methods.BaseMethod.invoke(BaseMethod.java:510) ~[?:?]
	at org.apache.felix.scr.impl.inject.methods.ActivateMethod.invoke(ActivateMethod.java:310) ~[?:?]
	at org.apache.felix.scr.impl.inject.methods.ActivateMethod.invoke(ActivateMethod.java:300) ~[?:?]
	at org.apache.felix.scr.impl.manager.SingleComponentManager.createImplementationObject(SingleComponentManager.java:341) ~[?:?]
	at org.apache.felix.scr.impl.manager.SingleComponentManager.createComponent(SingleComponentManager.java:114) ~[?:?]
	at org.apache.felix.scr.impl.manager.SingleComponentManager.getService(SingleComponentManager.java:983) ~[?:?]
	at org.apache.felix.scr.impl.manager.SingleComponentManager.getServiceInternal(SingleComponentManager.java:956) ~[?:?]
	at org.apache.felix.scr.impl.manager.SingleComponentManager.getService(SingleComponentManager.java:901) ~[?:?]
	at org.eclipse.osgi.internal.serviceregistry.ServiceFactoryUse.factoryGetService(ServiceFactoryUse.java:210) ~[org.eclipse.osgi.jar:?]
	at org.eclipse.osgi.internal.serviceregistry.ServiceFactoryUse.getService(ServiceFactoryUse.java:111) ~[org.eclipse.osgi.jar:?]
	at org.eclipse.osgi.internal.serviceregistry.ServiceConsumer$2.getService(ServiceConsumer.java:45) ~[org.eclipse.osgi.jar:?]
	at org.eclipse.osgi.internal.serviceregistry.ServiceRegistrationImpl.getService(ServiceRegistrationImpl.java:520) ~[org.eclipse.osgi.jar:?]
	at org.eclipse.osgi.internal.serviceregistry.ServiceRegistry.getService(ServiceRegistry.java:463) ~[org.eclipse.osgi.jar:?]
	at org.eclipse.osgi.internal.framework.BundleContextImpl.getService(BundleContextImpl.java:616) ~[org.eclipse.osgi.jar:?]
	at org.apache.felix.scr.impl.manager.SingleRefPair.getServiceObject(SingleRefPair.java:73) ~[?:?]
	at org.apache.felix.scr.impl.inject.BindParameters.getServiceObject(BindParameters.java:47) ~[?:?]
	at org.apache.felix.scr.impl.inject.field.FieldHandler$ReferenceMethodImpl.getServiceObject(FieldHandler.java:519) ~[?:?]
	at org.apache.felix.scr.impl.manager.DependencyManager.getServiceObject(DependencyManager.java:2308) ~[?:?]
	at org.apache.felix.scr.impl.manager.DependencyManager$SingleDynamicCustomizer.prebind(DependencyManager.java:962) ~[?:?]
	at org.apache.felix.scr.impl.manager.DependencyManager.prebind(DependencyManager.java:1576) ~[?:?]
	at org.apache.felix.scr.impl.manager.AbstractComponentManager.collectDependencies(AbstractComponentManager.java:1037) ~[?:?]
	at org.apache.felix.scr.impl.manager.SingleComponentManager.getServiceInternal(SingleComponentManager.java:936) ~[?:?]
	at org.apache.felix.scr.impl.manager.SingleComponentManager.getService(SingleComponentManager.java:901) ~[?:?]
	at org.eclipse.osgi.internal.serviceregistry.ServiceFactoryUse.factoryGetService(ServiceFactoryUse.java:210) ~[org.eclipse.osgi.jar:?]
	at org.eclipse.osgi.internal.serviceregistry.ServiceFactoryUse.getService(ServiceFactoryUse.java:111) ~[org.eclipse.osgi.jar:?]
	at org.eclipse.osgi.internal.serviceregistry.ServiceConsumer$2.getService(ServiceConsumer.java:45) ~[org.eclipse.osgi.jar:?]
	at org.eclipse.osgi.internal.serviceregistry.ServiceRegistrationImpl.getService(ServiceRegistrationImpl.java:520) ~[org.eclipse.osgi.jar:?]
	at org.eclipse.osgi.internal.serviceregistry.ServiceRegistry.getService(ServiceRegistry.java:463) ~[org.eclipse.osgi.jar:?]
	at org.eclipse.osgi.internal.framework.BundleContextImpl.getService(BundleContextImpl.java:616) ~[org.eclipse.osgi.jar:?]
	at org.apache.felix.scr.impl.manager.SingleRefPair.getServiceObject(SingleRefPair.java:73) ~[?:?]
	at org.apache.felix.scr.impl.inject.BindParameters.getServiceObject(BindParameters.java:47) ~[?:?]
	at org.apache.felix.scr.impl.inject.field.FieldHandler$ReferenceMethodImpl.getServiceObject(FieldHandler.java:519) ~[?:?]
	at org.apache.felix.scr.impl.manager.DependencyManager.getServiceObject(DependencyManager.java:2308) ~[?:?]
	at org.apache.felix.scr.impl.manager.DependencyManager$SingleStaticCustomizer.prebind(DependencyManager.java:1162) ~[?:?]
	at org.apache.felix.scr.impl.manager.DependencyManager.prebind(DependencyManager.java:1576) ~[?:?]
	at org.apache.felix.scr.impl.manager.AbstractComponentManager.collectDependencies(AbstractComponentManager.java:1037) ~[?:?]
	at org.apache.felix.scr.impl.manager.SingleComponentManager.getServiceInternal(SingleComponentManager.java:936) ~[?:?]
	at org.apache.felix.scr.impl.manager.SingleComponentManager.getService(SingleComponentManager.java:901) ~[?:?]
	at org.eclipse.osgi.internal.serviceregistry.ServiceFactoryUse.factoryGetService(ServiceFactoryUse.java:210) ~[org.eclipse.osgi.jar:?]
	at org.eclipse.osgi.internal.serviceregistry.ServiceFactoryUse.getService(ServiceFactoryUse.java:111) ~[org.eclipse.osgi.jar:?]
	at org.eclipse.osgi.internal.serviceregistry.ServiceConsumer$2.getService(ServiceConsumer.java:45) ~[org.eclipse.osgi.jar:?]
	at org.eclipse.osgi.internal.serviceregistry.ServiceRegistrationImpl.getService(ServiceRegistrationImpl.java:520) ~[org.eclipse.osgi.jar:?]
	at org.eclipse.osgi.internal.serviceregistry.ServiceRegistry.getService(ServiceRegistry.java:463) ~[org.eclipse.osgi.jar:?]
	at org.eclipse.osgi.internal.framework.BundleContextImpl.getService(BundleContextImpl.java:616) ~[org.eclipse.osgi.jar:?]
	at com.liferay.portal.instance.lifecycle.internal.PortalInstanceLifecycleListenerManagerImpl$PortalInstanceLifecycleListenerServiceTrackerCustomizer.addingService(PortalInstanceLifecycleListenerManagerImpl.java:378) ~[?:?]
	at com.liferay.portal.instance.lifecycle.internal.PortalInstanceLifecycleListenerManagerImpl$PortalInstanceLifecycleListenerServiceTrackerCustomizer.addingService(PortalInstanceLifecycleListenerManagerImpl.java:368) ~[?:?]
	at com.liferay.osgi.service.tracker.collections.internal.list.ServiceTrackerListImpl$ServiceReferenceServiceTrackerCustomizer.addingService(ServiceTrackerListImpl.java:155) ~[com.liferay.osgi.service.tracker.collections.jar:?]
	at org.osgi.util.tracker.ServiceTracker$Tracked.customizerAdding(ServiceTracker.java:943) ~[org.eclipse.osgi.jar:?]
	at org.osgi.util.tracker.ServiceTracker$Tracked.customizerAdding(ServiceTracker.java:1) ~[org.eclipse.osgi.jar:?]
	at org.osgi.util.tracker.AbstractTracked.trackAdding(AbstractTracked.java:256) ~[org.eclipse.osgi.jar:?]
	at org.osgi.util.tracker.AbstractTracked.trackInitial(AbstractTracked.java:183) ~[org.eclipse.osgi.jar:?]
	at org.osgi.util.tracker.ServiceTracker.open(ServiceTracker.java:321) ~[org.eclipse.osgi.jar:?]
	at com.liferay.osgi.service.tracker.collections.internal.ServiceTrackerManager.open(ServiceTrackerManager.java:58) ~[com.liferay.osgi.service.tracker.collections.jar:?]
	at com.liferay.osgi.service.tracker.collections.internal.list.ServiceTrackerListImpl.iterator(ServiceTrackerListImpl.java:79) ~[com.liferay.osgi.service.tracker.collections.jar:?]
	at com.liferay.portal.instance.lifecycle.internal.PortalInstanceLifecycleListenerManagerImpl.preregisterCompany(PortalInstanceLifecycleListenerManagerImpl.java:74) ~[?:?]
	at jdk.internal.reflect.NativeMethodAccessorImpl.invoke0(Native Method) ~[?:?]
	at jdk.internal.reflect.NativeMethodAccessorImpl.invoke(NativeMethodAccessorImpl.java:62) ~[?:?]
	at jdk.internal.reflect.DelegatingMethodAccessorImpl.invoke(DelegatingMethodAccessorImpl.java:43) ~[?:?]
	at java.lang.reflect.Method.invoke(Method.java:566) ~[?:?]
	at com.liferay.portal.spring.aop.AopMethodInvocationImpl.proceed(AopMethodInvocationImpl.java:41) ~[portal-impl.jar:?]
	at com.liferay.portal.spring.transaction.TransactionInterceptor.invoke(TransactionInterceptor.java:60) ~[portal-impl.jar:?]
	at com.liferay.portal.spring.aop.AopMethodInvocationImpl.proceed(AopMethodInvocationImpl.java:48) ~[portal-impl.jar:?]
	at com.liferay.change.tracking.internal.aop.CTTransactionAdvice.invoke(CTTransactionAdvice.java:70) ~[?:?]
	at com.liferay.portal.spring.aop.AopMethodInvocationImpl.proceed(AopMethodInvocationImpl.java:48) ~[portal-impl.jar:?]
	at com.liferay.portal.spring.aop.AopInvocationHandler.invoke(AopInvocationHandler.java:40) ~[portal-impl.jar:?]
	at com.sun.proxy.$Proxy329.preregisterCompany(Unknown Source) ~[?:?]
	at com.liferay.portal.service.impl.CompanyLocalServiceImpl.preregisterCompany(CompanyLocalServiceImpl.java:1607) ~[portal-impl.jar:?]
	at com.liferay.portal.service.impl.CompanyLocalServiceImpl._checkCompany(CompanyLocalServiceImpl.java:2140) ~[portal-impl.jar:?]
	at com.liferay.portal.service.impl.CompanyLocalServiceImpl.checkCompany(CompanyLocalServiceImpl.java:469) ~[portal-impl.jar:?]
	at jdk.internal.reflect.NativeMethodAccessorImpl.invoke0(Native Method) ~[?:?]
	at jdk.internal.reflect.NativeMethodAccessorImpl.invoke(NativeMethodAccessorImpl.java:62) ~[?:?]
	at jdk.internal.reflect.DelegatingMethodAccessorImpl.invoke(DelegatingMethodAccessorImpl.java:43) ~[?:?]
	at java.lang.reflect.Method.invoke(Method.java:566) ~[?:?]
	at com.liferay.portal.spring.aop.AopMethodInvocationImpl.proceed(AopMethodInvocationImpl.java:41) ~[portal-impl.jar:?]
	at com.liferay.portal.spring.transaction.TransactionInterceptor.invoke(TransactionInterceptor.java:60) ~[portal-impl.jar:?]
	at com.liferay.portal.spring.aop.AopMethodInvocationImpl.proceed(AopMethodInvocationImpl.java:48) ~[portal-impl.jar:?]
	at com.liferay.change.tracking.internal.aop.CTTransactionAdvice.invoke(CTTransactionAdvice.java:70) ~[?:?]
	at com.liferay.portal.spring.aop.AopMethodInvocationImpl.proceed(AopMethodInvocationImpl.java:48) ~[portal-impl.jar:?]
	at com.liferay.portal.spring.aop.AopInvocationHandler.invoke(AopInvocationHandler.java:40) ~[portal-impl.jar:?]
	at com.sun.proxy.$Proxy105.checkCompany(Unknown Source) ~[?:?]
	at com.liferay.portal.kernel.service.CompanyLocalServiceUtil.checkCompany(CompanyLocalServiceUtil.java:100) ~[portal-kernel.jar:?]
	at com.liferay.portal.util.PortalInstances.initCompany(PortalInstances.java:240) ~[portal-impl.jar:?]
	at com.liferay.portal.internal.servlet.MainServlet.lambda$_initCompanies$1(MainServlet.java:797) ~[portal-impl.jar:?]
	at com.liferay.portal.service.impl.CompanyLocalServiceImpl.forEachCompany(CompanyLocalServiceImpl.java:668) [portal-impl.jar:?]
	at com.liferay.portal.service.impl.CompanyLocalServiceImpl.forEachCompany(CompanyLocalServiceImpl.java:646) [portal-impl.jar:?]
	at jdk.internal.reflect.NativeMethodAccessorImpl.invoke0(Native Method) ~[?:?]
	at jdk.internal.reflect.NativeMethodAccessorImpl.invoke(NativeMethodAccessorImpl.java:62) ~[?:?]
	at jdk.internal.reflect.DelegatingMethodAccessorImpl.invoke(DelegatingMethodAccessorImpl.java:43) ~[?:?]
	at java.lang.reflect.Method.invoke(Method.java:566) ~[?:?]
	at com.liferay.portal.spring.aop.AopMethodInvocationImpl.proceed(AopMethodInvocationImpl.java:41) [portal-impl.jar:?]
	at com.liferay.portal.spring.aop.AopInvocationHandler.invoke(AopInvocationHandler.java:40) [portal-impl.jar:?]
	at com.sun.proxy.$Proxy105.forEachCompany(Unknown Source) [?:?]
	at com.liferay.portal.kernel.service.CompanyLocalServiceUtil.forEachCompany(CompanyLocalServiceUtil.java:307) [portal-kernel.jar:?]
	at com.liferay.portal.internal.servlet.MainServlet._initCompanies(MainServlet.java:787) [portal-impl.jar:?]
	at com.liferay.portal.internal.servlet.MainServlet.init(MainServlet.java:369) [portal-impl.jar:?]
	at javax.servlet.GenericServlet.init(GenericServlet.java:143) [servlet-api.jar:4.0.FR]
	at com.liferay.shielded.container.internal.proxy.ServletWrapper.init(ServletWrapper.java:82) [com.liferay.shielded.container.impl.jar:?]
	at org.apache.catalina.core.StandardWrapper.initServlet(StandardWrapper.java:984) [catalina.jar:9.0.90]
	at org.apache.catalina.core.StandardWrapper.load(StandardWrapper.java:841) [catalina.jar:9.0.90]
	at org.apache.catalina.core.StandardContext.loadOnStartup(StandardContext.java:4182) [catalina.jar:9.0.90]
	at org.apache.catalina.core.StandardContext.startInternal(StandardContext.java:4482) [catalina.jar:9.0.90]
	at org.apache.catalina.util.LifecycleBase.start(LifecycleBase.java:164) [catalina.jar:9.0.90]
	at org.apache.catalina.core.ContainerBase.addChildInternal(ContainerBase.java:599) [catalina.jar:9.0.90]
	at org.apache.catalina.core.ContainerBase.addChild(ContainerBase.java:571) [catalina.jar:9.0.90]
	at org.apache.catalina.core.StandardHost.addChild(StandardHost.java:603) [catalina.jar:9.0.90]
	at org.apache.catalina.startup.HostConfig.deployDescriptor(HostConfig.java:680) [catalina.jar:9.0.90]
	at org.apache.catalina.startup.HostConfig$DeployDescriptor.run(HostConfig.java:1844) [catalina.jar:9.0.90]
	at java.util.concurrent.Executors$RunnableAdapter.call(Executors.java:515) [?:?]
	at java.util.concurrent.FutureTask.run(FutureTask.java:264) [?:?]
	at org.apache.tomcat.util.threads.InlineExecutorService.execute(InlineExecutorService.java:75) [tomcat-util.jar:9.0.90]
	at java.util.concurrent.AbstractExecutorService.submit(AbstractExecutorService.java:118) [?:?]
	at org.apache.catalina.startup.HostConfig.deployDescriptors(HostConfig.java:575) [catalina.jar:9.0.90]
	at org.apache.catalina.startup.HostConfig.deployApps(HostConfig.java:466) [catalina.jar:9.0.90]
	at org.apache.catalina.startup.HostConfig.start(HostConfig.java:1584) [catalina.jar:9.0.90]
	at org.apache.catalina.startup.HostConfig.lifecycleEvent(HostConfig.java:312) [catalina.jar:9.0.90]
	at org.apache.catalina.util.LifecycleBase.fireLifecycleEvent(LifecycleBase.java:109) [catalina.jar:9.0.90]
	at org.apache.catalina.util.LifecycleBase.setStateInternal(LifecycleBase.java:385) [catalina.jar:9.0.90]
	at org.apache.catalina.util.LifecycleBase.setState(LifecycleBase.java:332) [catalina.jar:9.0.90]
	at org.apache.catalina.core.ContainerBase.startInternal(ContainerBase.java:776) [catalina.jar:9.0.90]
	at org.apache.catalina.core.StandardHost.startInternal(StandardHost.java:721) [catalina.jar:9.0.90]
	at org.apache.catalina.util.LifecycleBase.start(LifecycleBase.java:164) [catalina.jar:9.0.90]
	at org.apache.catalina.core.ContainerBase$StartChild.call(ContainerBase.java:1203) [catalina.jar:9.0.90]
	at org.apache.catalina.core.ContainerBase$StartChild.call(ContainerBase.java:1193) [catalina.jar:9.0.90]
	at java.util.concurrent.FutureTask.run(FutureTask.java:264) [?:?]
	at org.apache.tomcat.util.threads.InlineExecutorService.execute(InlineExecutorService.java:75) [tomcat-util.jar:9.0.90]
	at java.util.concurrent.AbstractExecutorService.submit(AbstractExecutorService.java:140) [?:?]
	at org.apache.catalina.core.ContainerBase.startInternal(ContainerBase.java:749) [catalina.jar:9.0.90]
	at org.apache.catalina.core.StandardEngine.startInternal(StandardEngine.java:211) [catalina.jar:9.0.90]
	at org.apache.catalina.util.LifecycleBase.start(LifecycleBase.java:164) [catalina.jar:9.0.90]
	at org.apache.catalina.core.StandardService.startInternal(StandardService.java:415) [catalina.jar:9.0.90]
	at org.apache.catalina.util.LifecycleBase.start(LifecycleBase.java:164) [catalina.jar:9.0.90]
	at org.apache.catalina.core.StandardServer.startInternal(StandardServer.java:878) [catalina.jar:9.0.90]
	at org.apache.catalina.util.LifecycleBase.start(LifecycleBase.java:164) [catalina.jar:9.0.90]
	at org.apache.catalina.startup.Catalina.start(Catalina.java:735) [catalina.jar:9.0.90]
	at jdk.internal.reflect.NativeMethodAccessorImpl.invoke0(Native Method) ~[?:?]
	at jdk.internal.reflect.NativeMethodAccessorImpl.invoke(NativeMethodAccessorImpl.java:62) ~[?:?]
	at jdk.internal.reflect.DelegatingMethodAccessorImpl.invoke(DelegatingMethodAccessorImpl.java:43) ~[?:?]
	at java.lang.reflect.Method.invoke(Method.java:566) ~[?:?]
	at org.apache.catalina.startup.Bootstrap.start(Bootstrap.java:345) [bootstrap.jar:9.0.90]
	at org.apache.catalina.startup.Bootstrap.main(Bootstrap.java:473) [bootstrap.jar:9.0.90]
2025-05-30 18:45:59.809 ERROR [main][IndexConfigurationDynamicUpdatesExecutorImpl:51] Unable to put mapping {_	"properties": {_		"timestamp": {_			"store": true,_			"type": "date"_		}_	}_} [Sanitized]
com.liferay.portal.kernel.log.LogSanitizerException: java.lang.RuntimeException: org.elasticsearch.ElasticsearchStatusException: ElasticsearchStatusException[Elasticsearch exception [type=illegal_argument_exception, reason=Mapper for [timestamp] conflicts with existing mapper:_	Cannot update parameter [store] from [false] to [true]]] [Sanitized]
	at org.elasticsearch.rest.BytesRestResponse.errorFromXContent(BytesRestResponse.java:178) ~[elasticsearch-7.17.18.jar:7.17.18]
	at org.elasticsearch.client.RestHighLevelClient.parseEntity(RestHighLevelClient.java:2484) ~[elasticsearch-rest-high-level-client-7.17.18.jar:7.17.18]
	at org.elasticsearch.client.RestHighLevelClient.parseResponseException(RestHighLevelClient.java:2461) ~[elasticsearch-rest-high-level-client-7.17.18.jar:7.17.18]
	at org.elasticsearch.client.RestHighLevelClient.internalPerformRequest(RestHighLevelClient.java:2184) ~[elasticsearch-rest-high-level-client-7.17.18.jar:7.17.18]
	at org.elasticsearch.client.RestHighLevelClient.performRequest(RestHighLevelClient.java:2154) ~[elasticsearch-rest-high-level-client-7.17.18.jar:7.17.18]
	at org.elasticsearch.client.RestHighLevelClient.performRequestAndParseEntity(RestHighLevelClient.java:2118) ~[elasticsearch-rest-high-level-client-7.17.18.jar:7.17.18]
	at org.elasticsearch.client.IndicesClient.putMapping(IndicesClient.java:440) ~[elasticsearch-rest-high-level-client-7.17.18.jar:7.17.18]
	at com.liferay.portal.search.elasticsearch7.internal.search.engine.adapter.index.PutMappingIndexRequestExecutorImpl.getAcknowledgedResponse(PutMappingIndexRequestExecutorImpl.java:69) ~[bundleFile:?]
	at com.liferay.portal.search.elasticsearch7.internal.search.engine.adapter.index.PutMappingIndexRequestExecutorImpl.execute(PutMappingIndexRequestExecutorImpl.java:38) ~[bundleFile:?]
	at com.liferay.portal.search.elasticsearch7.internal.search.engine.adapter.index.ElasticsearchIndexRequestExecutor.executeIndexRequest(ElasticsearchIndexRequestExecutor.java:126) ~[bundleFile:?]
	at com.liferay.portal.search.engine.adapter.index.PutMappingIndexRequest.accept(PutMappingIndexRequest.java:40) ~[bundleFile:?]
	at com.liferay.portal.search.engine.adapter.index.PutMappingIndexRequest.accept(PutMappingIndexRequest.java:13) ~[bundleFile:?]
	at com.liferay.portal.search.elasticsearch7.internal.search.engine.adapter.ElasticsearchSearchEngineAdapterImpl.execute(ElasticsearchSearchEngineAdapterImpl.java:82) ~[bundleFile:?]
	at com.liferay.portal.search.elasticsearch7.internal.index.IndexConfigurationDynamicUpdatesExecutorImpl.executePutMappings(IndexConfigurationDynamicUpdatesExecutorImpl.java:48) ~[bundleFile:?]
	at com.liferay.portal.search.elasticsearch7.internal.index.IndexConfigurationDynamicUpdatesExecutorImpl._executePutMappings(IndexConfigurationDynamicUpdatesExecutorImpl.java:84) ~[bundleFile:?]
	at com.liferay.portal.search.elasticsearch7.internal.index.IndexConfigurationDynamicUpdatesExecutorImpl.execute(IndexConfigurationDynamicUpdatesExecutorImpl.java:35) ~[bundleFile:?]
	at com.liferay.portal.search.elasticsearch7.internal.ElasticsearchSearchEngine.initialize(ElasticsearchSearchEngine.java:180) ~[bundleFile:?]
	at com.liferay.portal.search.elasticsearch7.internal.ElasticsearchSearchEngine.activate(ElasticsearchSearchEngine.java:327) ~[bundleFile:?]
	at jdk.internal.reflect.NativeMethodAccessorImpl.invoke0(Native Method) ~[?:?]
	at jdk.internal.reflect.NativeMethodAccessorImpl.invoke(NativeMethodAccessorImpl.java:62) ~[?:?]
	at jdk.internal.reflect.DelegatingMethodAccessorImpl.invoke(DelegatingMethodAccessorImpl.java:43) ~[?:?]
	at java.lang.reflect.Method.invoke(Method.java:566) ~[?:?]
	at org.apache.felix.scr.impl.inject.methods.BaseMethod.invokeMethod(BaseMethod.java:228) ~[?:?]
	at org.apache.felix.scr.impl.inject.methods.BaseMethod.access$500(BaseMethod.java:41) ~[?:?]
	at org.apache.felix.scr.impl.inject.methods.BaseMethod$Resolved.invoke(BaseMethod.java:664) ~[?:?]
	at org.apache.felix.scr.impl.inject.methods.BaseMethod.invoke(BaseMethod.java:510) ~[?:?]
	at org.apache.felix.scr.impl.inject.methods.ActivateMethod.invoke(ActivateMethod.java:310) ~[?:?]
	at org.apache.felix.scr.impl.inject.methods.ActivateMethod.invoke(ActivateMethod.java:300) ~[?:?]
	at org.apache.felix.scr.impl.manager.SingleComponentManager.createImplementationObject(SingleComponentManager.java:341) ~[?:?]
	at org.apache.felix.scr.impl.manager.SingleComponentManager.createComponent(SingleComponentManager.java:114) ~[?:?]
	at org.apache.felix.scr.impl.manager.SingleComponentManager.getService(SingleComponentManager.java:983) ~[?:?]
	at org.apache.felix.scr.impl.manager.SingleComponentManager.getServiceInternal(SingleComponentManager.java:956) ~[?:?]
	at org.apache.felix.scr.impl.manager.SingleComponentManager.getService(SingleComponentManager.java:901) ~[?:?]
	at org.eclipse.osgi.internal.serviceregistry.ServiceFactoryUse.factoryGetService(ServiceFactoryUse.java:210) ~[org.eclipse.osgi.jar:?]
	at org.eclipse.osgi.internal.serviceregistry.ServiceFactoryUse.getService(ServiceFactoryUse.java:111) ~[org.eclipse.osgi.jar:?]
	at org.eclipse.osgi.internal.serviceregistry.ServiceConsumer$2.getService(ServiceConsumer.java:45) ~[org.eclipse.osgi.jar:?]
	at org.eclipse.osgi.internal.serviceregistry.ServiceRegistrationImpl.getService(ServiceRegistrationImpl.java:520) ~[org.eclipse.osgi.jar:?]
	at org.eclipse.osgi.internal.serviceregistry.ServiceRegistry.getService(ServiceRegistry.java:463) ~[org.eclipse.osgi.jar:?]
	at org.eclipse.osgi.internal.framework.BundleContextImpl.getService(BundleContextImpl.java:616) ~[org.eclipse.osgi.jar:?]
	at org.apache.felix.scr.impl.manager.SingleRefPair.getServiceObject(SingleRefPair.java:73) ~[?:?]
	at org.apache.felix.scr.impl.inject.BindParameters.getServiceObject(BindParameters.java:47) ~[?:?]
	at org.apache.felix.scr.impl.inject.field.FieldHandler$ReferenceMethodImpl.getServiceObject(FieldHandler.java:519) ~[?:?]
	at org.apache.felix.scr.impl.manager.DependencyManager.getServiceObject(DependencyManager.java:2308) ~[?:?]
	at org.apache.felix.scr.impl.manager.DependencyManager$SingleDynamicCustomizer.prebind(DependencyManager.java:962) ~[?:?]
	at org.apache.felix.scr.impl.manager.DependencyManager.prebind(DependencyManager.java:1576) ~[?:?]
	at org.apache.felix.scr.impl.manager.AbstractComponentManager.collectDependencies(AbstractComponentManager.java:1037) ~[?:?]
	at org.apache.felix.scr.impl.manager.SingleComponentManager.getServiceInternal(SingleComponentManager.java:936) ~[?:?]
	at org.apache.felix.scr.impl.manager.SingleComponentManager.getService(SingleComponentManager.java:901) ~[?:?]
	at org.eclipse.osgi.internal.serviceregistry.ServiceFactoryUse.factoryGetService(ServiceFactoryUse.java:210) ~[org.eclipse.osgi.jar:?]
	at org.eclipse.osgi.internal.serviceregistry.ServiceFactoryUse.getService(ServiceFactoryUse.java:111) ~[org.eclipse.osgi.jar:?]
	at org.eclipse.osgi.internal.serviceregistry.ServiceConsumer$2.getService(ServiceConsumer.java:45) ~[org.eclipse.osgi.jar:?]
	at org.eclipse.osgi.internal.serviceregistry.ServiceRegistrationImpl.getService(ServiceRegistrationImpl.java:520) ~[org.eclipse.osgi.jar:?]
	at org.eclipse.osgi.internal.serviceregistry.ServiceRegistry.getService(ServiceRegistry.java:463) ~[org.eclipse.osgi.jar:?]
	at org.eclipse.osgi.internal.framework.BundleContextImpl.getService(BundleContextImpl.java:616) ~[org.eclipse.osgi.jar:?]
	at org.apache.felix.scr.impl.manager.SingleRefPair.getServiceObject(SingleRefPair.java:73) ~[?:?]
	at org.apache.felix.scr.impl.inject.BindParameters.getServiceObject(BindParameters.java:47) ~[?:?]
	at org.apache.felix.scr.impl.inject.field.FieldHandler$ReferenceMethodImpl.getServiceObject(FieldHandler.java:519) ~[?:?]
	at org.apache.felix.scr.impl.manager.DependencyManager.getServiceObject(DependencyManager.java:2308) ~[?:?]
	at org.apache.felix.scr.impl.manager.DependencyManager$SingleStaticCustomizer.prebind(DependencyManager.java:1162) ~[?:?]
	at org.apache.felix.scr.impl.manager.DependencyManager.prebind(DependencyManager.java:1576) ~[?:?]
	at org.apache.felix.scr.impl.manager.AbstractComponentManager.collectDependencies(AbstractComponentManager.java:1037) ~[?:?]
	at org.apache.felix.scr.impl.manager.SingleComponentManager.getServiceInternal(SingleComponentManager.java:936) ~[?:?]
	at org.apache.felix.scr.impl.manager.SingleComponentManager.getService(SingleComponentManager.java:901) ~[?:?]
	at org.eclipse.osgi.internal.serviceregistry.ServiceFactoryUse.factoryGetService(ServiceFactoryUse.java:210) ~[org.eclipse.osgi.jar:?]
	at org.eclipse.osgi.internal.serviceregistry.ServiceFactoryUse.getService(ServiceFactoryUse.java:111) ~[org.eclipse.osgi.jar:?]
	at org.eclipse.osgi.internal.serviceregistry.ServiceConsumer$2.getService(ServiceConsumer.java:45) ~[org.eclipse.osgi.jar:?]
	at org.eclipse.osgi.internal.serviceregistry.ServiceRegistrationImpl.getService(ServiceRegistrationImpl.java:520) ~[org.eclipse.osgi.jar:?]
	at org.eclipse.osgi.internal.serviceregistry.ServiceRegistry.getService(ServiceRegistry.java:463) ~[org.eclipse.osgi.jar:?]
	at org.eclipse.osgi.internal.framework.BundleContextImpl.getService(BundleContextImpl.java:616) ~[org.eclipse.osgi.jar:?]
	at com.liferay.portal.instance.lifecycle.internal.PortalInstanceLifecycleListenerManagerImpl$PortalInstanceLifecycleListenerServiceTrackerCustomizer.addingService(PortalInstanceLifecycleListenerManagerImpl.java:378) ~[?:?]
	at com.liferay.portal.instance.lifecycle.internal.PortalInstanceLifecycleListenerManagerImpl$PortalInstanceLifecycleListenerServiceTrackerCustomizer.addingService(PortalInstanceLifecycleListenerManagerImpl.java:368) ~[?:?]
	at com.liferay.osgi.service.tracker.collections.internal.list.ServiceTrackerListImpl$ServiceReferenceServiceTrackerCustomizer.addingService(ServiceTrackerListImpl.java:155) ~[com.liferay.osgi.service.tracker.collections.jar:?]
	at org.osgi.util.tracker.ServiceTracker$Tracked.customizerAdding(ServiceTracker.java:943) ~[org.eclipse.osgi.jar:?]
	at org.osgi.util.tracker.ServiceTracker$Tracked.customizerAdding(ServiceTracker.java:1) ~[org.eclipse.osgi.jar:?]
	at org.osgi.util.tracker.AbstractTracked.trackAdding(AbstractTracked.java:256) ~[org.eclipse.osgi.jar:?]
	at org.osgi.util.tracker.AbstractTracked.trackInitial(AbstractTracked.java:183) ~[org.eclipse.osgi.jar:?]
	at org.osgi.util.tracker.ServiceTracker.open(ServiceTracker.java:321) ~[org.eclipse.osgi.jar:?]
	at com.liferay.osgi.service.tracker.collections.internal.ServiceTrackerManager.open(ServiceTrackerManager.java:58) ~[com.liferay.osgi.service.tracker.collections.jar:?]
	at com.liferay.osgi.service.tracker.collections.internal.list.ServiceTrackerListImpl.iterator(ServiceTrackerListImpl.java:79) ~[com.liferay.osgi.service.tracker.collections.jar:?]
	at com.liferay.portal.instance.lifecycle.internal.PortalInstanceLifecycleListenerManagerImpl.preregisterCompany(PortalInstanceLifecycleListenerManagerImpl.java:74) ~[?:?]
	at jdk.internal.reflect.NativeMethodAccessorImpl.invoke0(Native Method) ~[?:?]
	at jdk.internal.reflect.NativeMethodAccessorImpl.invoke(NativeMethodAccessorImpl.java:62) ~[?:?]
	at jdk.internal.reflect.DelegatingMethodAccessorImpl.invoke(DelegatingMethodAccessorImpl.java:43) ~[?:?]
	at java.lang.reflect.Method.invoke(Method.java:566) ~[?:?]
	at com.liferay.portal.spring.aop.AopMethodInvocationImpl.proceed(AopMethodInvocationImpl.java:41) ~[portal-impl.jar:?]
	at com.liferay.portal.spring.transaction.TransactionInterceptor.invoke(TransactionInterceptor.java:60) ~[portal-impl.jar:?]
	at com.liferay.portal.spring.aop.AopMethodInvocationImpl.proceed(AopMethodInvocationImpl.java:48) ~[portal-impl.jar:?]
	at com.liferay.change.tracking.internal.aop.CTTransactionAdvice.invoke(CTTransactionAdvice.java:70) ~[?:?]
	at com.liferay.portal.spring.aop.AopMethodInvocationImpl.proceed(AopMethodInvocationImpl.java:48) ~[portal-impl.jar:?]
	at com.liferay.portal.spring.aop.AopInvocationHandler.invoke(AopInvocationHandler.java:40) ~[portal-impl.jar:?]
	at com.sun.proxy.$Proxy320.preregisterCompany(Unknown Source) ~[?:?]
	at com.liferay.portal.service.impl.CompanyLocalServiceImpl.preregisterCompany(CompanyLocalServiceImpl.java:1607) ~[portal-impl.jar:?]
	at com.liferay.portal.service.impl.CompanyLocalServiceImpl._checkCompany(CompanyLocalServiceImpl.java:2140) ~[portal-impl.jar:?]
	at com.liferay.portal.service.impl.CompanyLocalServiceImpl.checkCompany(CompanyLocalServiceImpl.java:469) ~[portal-impl.jar:?]
	at jdk.internal.reflect.NativeMethodAccessorImpl.invoke0(Native Method) ~[?:?]
	at jdk.internal.reflect.NativeMethodAccessorImpl.invoke(NativeMethodAccessorImpl.java:62) ~[?:?]
	at jdk.internal.reflect.DelegatingMethodAccessorImpl.invoke(DelegatingMethodAccessorImpl.java:43) ~[?:?]
	at java.lang.reflect.Method.invoke(Method.java:566) ~[?:?]
	at com.liferay.portal.spring.aop.AopMethodInvocationImpl.proceed(AopMethodInvocationImpl.java:41) ~[portal-impl.jar:?]
	at com.liferay.portal.spring.transaction.TransactionInterceptor.invoke(TransactionInterceptor.java:60) ~[portal-impl.jar:?]
	at com.liferay.portal.spring.aop.AopMethodInvocationImpl.proceed(AopMethodInvocationImpl.java:48) ~[portal-impl.jar:?]
	at com.liferay.change.tracking.internal.aop.CTTransactionAdvice.invoke(CTTransactionAdvice.java:70) ~[?:?]
	at com.liferay.portal.spring.aop.AopMethodInvocationImpl.proceed(AopMethodInvocationImpl.java:48) ~[portal-impl.jar:?]
	at com.liferay.portal.spring.aop.AopInvocationHandler.invoke(AopInvocationHandler.java:40) ~[portal-impl.jar:?]
	at com.sun.proxy.$Proxy105.checkCompany(Unknown Source) ~[?:?]
	at com.liferay.portal.kernel.service.CompanyLocalServiceUtil.checkCompany(CompanyLocalServiceUtil.java:100) ~[portal-kernel.jar:?]
	at com.liferay.portal.util.PortalInstances.initCompany(PortalInstances.java:240) ~[portal-impl.jar:?]
	at com.liferay.portal.internal.servlet.MainServlet.lambda$_initCompanies$1(MainServlet.java:797) ~[portal-impl.jar:?]
	at com.liferay.portal.service.impl.CompanyLocalServiceImpl.forEachCompany(CompanyLocalServiceImpl.java:668) [portal-impl.jar:?]
	at com.liferay.portal.service.impl.CompanyLocalServiceImpl.forEachCompany(CompanyLocalServiceImpl.java:646) [portal-impl.jar:?]
	at jdk.internal.reflect.NativeMethodAccessorImpl.invoke0(Native Method) ~[?:?]
	at jdk.internal.reflect.NativeMethodAccessorImpl.invoke(NativeMethodAccessorImpl.java:62) ~[?:?]
	at jdk.internal.reflect.DelegatingMethodAccessorImpl.invoke(DelegatingMethodAccessorImpl.java:43) ~[?:?]
	at java.lang.reflect.Method.invoke(Method.java:566) ~[?:?]
	at com.liferay.portal.spring.aop.AopMethodInvocationImpl.proceed(AopMethodInvocationImpl.java:41) [portal-impl.jar:?]
	at com.liferay.portal.spring.aop.AopInvocationHandler.invoke(AopInvocationHandler.java:40) [portal-impl.jar:?]
	at com.sun.proxy.$Proxy105.forEachCompany(Unknown Source) [?:?]
	at com.liferay.portal.kernel.service.CompanyLocalServiceUtil.forEachCompany(CompanyLocalServiceUtil.java:307) [portal-kernel.jar:?]
	at com.liferay.portal.internal.servlet.MainServlet._initCompanies(MainServlet.java:787) [portal-impl.jar:?]
	at com.liferay.portal.internal.servlet.MainServlet.init(MainServlet.java:369) [portal-impl.jar:?]
	at javax.servlet.GenericServlet.init(GenericServlet.java:143) [servlet-api.jar:4.0.FR]
	at com.liferay.shielded.container.internal.proxy.ServletWrapper.init(ServletWrapper.java:82) [com.liferay.shielded.container.impl.jar:?]
	at org.apache.catalina.core.StandardWrapper.initServlet(StandardWrapper.java:984) [catalina.jar:9.0.90]
	at org.apache.catalina.core.StandardWrapper.load(StandardWrapper.java:841) [catalina.jar:9.0.90]
	at org.apache.catalina.core.StandardContext.loadOnStartup(StandardContext.java:4182) [catalina.jar:9.0.90]
	at org.apache.catalina.core.StandardContext.startInternal(StandardContext.java:4482) [catalina.jar:9.0.90]
	at org.apache.catalina.util.LifecycleBase.start(LifecycleBase.java:164) [catalina.jar:9.0.90]
	at org.apache.catalina.core.ContainerBase.addChildInternal(ContainerBase.java:599) [catalina.jar:9.0.90]
	at org.apache.catalina.core.ContainerBase.addChild(ContainerBase.java:571) [catalina.jar:9.0.90]
	at org.apache.catalina.core.StandardHost.addChild(StandardHost.java:603) [catalina.jar:9.0.90]
	at org.apache.catalina.startup.HostConfig.deployDescriptor(HostConfig.java:680) [catalina.jar:9.0.90]
	at org.apache.catalina.startup.HostConfig$DeployDescriptor.run(HostConfig.java:1844) [catalina.jar:9.0.90]
	at java.util.concurrent.Executors$RunnableAdapter.call(Executors.java:515) [?:?]
	at java.util.concurrent.FutureTask.run(FutureTask.java:264) [?:?]
	at org.apache.tomcat.util.threads.InlineExecutorService.execute(InlineExecutorService.java:75) [tomcat-util.jar:9.0.90]
	at java.util.concurrent.AbstractExecutorService.submit(AbstractExecutorService.java:118) [?:?]
	at org.apache.catalina.startup.HostConfig.deployDescriptors(HostConfig.java:575) [catalina.jar:9.0.90]
	at org.apache.catalina.startup.HostConfig.deployApps(HostConfig.java:466) [catalina.jar:9.0.90]
	at org.apache.catalina.startup.HostConfig.start(HostConfig.java:1584) [catalina.jar:9.0.90]
	at org.apache.catalina.startup.HostConfig.lifecycleEvent(HostConfig.java:312) [catalina.jar:9.0.90]
	at org.apache.catalina.util.LifecycleBase.fireLifecycleEvent(LifecycleBase.java:109) [catalina.jar:9.0.90]
	at org.apache.catalina.util.LifecycleBase.setStateInternal(LifecycleBase.java:385) [catalina.jar:9.0.90]
	at org.apache.catalina.util.LifecycleBase.setState(LifecycleBase.java:332) [catalina.jar:9.0.90]
	at org.apache.catalina.core.ContainerBase.startInternal(ContainerBase.java:776) [catalina.jar:9.0.90]
	at org.apache.catalina.core.StandardHost.startInternal(StandardHost.java:721) [catalina.jar:9.0.90]
	at org.apache.catalina.util.LifecycleBase.start(LifecycleBase.java:164) [catalina.jar:9.0.90]
	at org.apache.catalina.core.ContainerBase$StartChild.call(ContainerBase.java:1203) [catalina.jar:9.0.90]
	at org.apache.catalina.core.ContainerBase$StartChild.call(ContainerBase.java:1193) [catalina.jar:9.0.90]
	at java.util.concurrent.FutureTask.run(FutureTask.java:264) [?:?]
	at org.apache.tomcat.util.threads.InlineExecutorService.execute(InlineExecutorService.java:75) [tomcat-util.jar:9.0.90]
	at java.util.concurrent.AbstractExecutorService.submit(AbstractExecutorService.java:140) [?:?]
	at org.apache.catalina.core.ContainerBase.startInternal(ContainerBase.java:749) [catalina.jar:9.0.90]
	at org.apache.catalina.core.StandardEngine.startInternal(StandardEngine.java:211) [catalina.jar:9.0.90]
	at org.apache.catalina.util.LifecycleBase.start(LifecycleBase.java:164) [catalina.jar:9.0.90]
	at org.apache.catalina.core.StandardService.startInternal(StandardService.java:415) [catalina.jar:9.0.90]
	at org.apache.catalina.util.LifecycleBase.start(LifecycleBase.java:164) [catalina.jar:9.0.90]
	at org.apache.catalina.core.StandardServer.startInternal(StandardServer.java:878) [catalina.jar:9.0.90]
	at org.apache.catalina.util.LifecycleBase.start(LifecycleBase.java:164) [catalina.jar:9.0.90]
	at org.apache.catalina.startup.Catalina.start(Catalina.java:735) [catalina.jar:9.0.90]
	at jdk.internal.reflect.NativeMethodAccessorImpl.invoke0(Native Method) ~[?:?]
	at jdk.internal.reflect.NativeMethodAccessorImpl.invoke(NativeMethodAccessorImpl.java:62) ~[?:?]
	at jdk.internal.reflect.DelegatingMethodAccessorImpl.invoke(DelegatingMethodAccessorImpl.java:43) ~[?:?]
	at java.lang.reflect.Method.invoke(Method.java:566) ~[?:?]
	at org.apache.catalina.startup.Bootstrap.start(Bootstrap.java:345) [bootstrap.jar:9.0.90]
	at org.apache.catalina.startup.Bootstrap.main(Bootstrap.java:473) [bootstrap.jar:9.0.90]
2025-05-30 18:47:59.294 INFO  [http-nio-8080-exec-2][IPGeocoderImpl:137] Use temp file /opt/liferay/tomcat/temp/20250530184759262FIHQYVED
2025-05-30 18:55:16.105 ERROR [http-nio-8080-exec-3][BatchingBatch:134] HHH000315: Exception executing batch [java.sql.BatchUpdateException: Duplicate entry '33021-com.liferay.enterprise.product.notification.web-confirmedK' for key 'PortalPreferenceValue.IX_D5E35599'], SQL: insert into PortalPreferenceValue (mvccVersion, companyId, portalPreferencesId, index_, key_, largeValue, namespace, smallValue, portalPreferenceValueId) values (?, ?, ?, ?, ?, ?, ?, ?, ?)
2025-05-30 18:55:16.106 ERROR [http-nio-8080-exec-3][SqlExceptionHelper:142] Duplicate entry '33021-com.liferay.enterprise.product.notification.web-confirmedK' for key 'PortalPreferenceValue.IX_D5E35599'
2025-05-30 18:55:16.133 ERROR [http-nio-8080-exec-3][AuthVerifierFilter:55] java.util.ConcurrentModificationException
java.util.ConcurrentModificationException: null
	at com.liferay.portlet.PortalPreferencesImpl._retryableStore(PortalPreferencesImpl.java:518) ~[portal-impl.jar:?]
	at com.liferay.portlet.PortalPreferencesImpl.setValue(PortalPreferencesImpl.java:304) ~[portal-impl.jar:?]
	at com.liferay.portlet.PortalPreferencesImpl.setValues(PortalPreferencesImpl.java:334) ~[portal-impl.jar:?]
	at com.liferay.enterprise.product.notification.web.internal.EPNManager.confirm(EPNManager.java:41) ~[?:?]
	at com.liferay.enterprise.product.notification.web.internal.jaxrs.application.EPNApplication.confirm(EPNApplication.java:54) ~[?:?]
	at jdk.internal.reflect.NativeMethodAccessorImpl.invoke0(Native Method) ~[?:?]
	at jdk.internal.reflect.NativeMethodAccessorImpl.invoke(NativeMethodAccessorImpl.java:62) ~[?:?]
	at jdk.internal.reflect.DelegatingMethodAccessorImpl.invoke(DelegatingMethodAccessorImpl.java:43) ~[?:?]
	at java.lang.reflect.Method.invoke(Method.java:566) ~[?:?]
	at org.apache.cxf.service.invoker.AbstractInvoker.performInvocation(AbstractInvoker.java:179) ~[?:?]
	at org.apache.cxf.service.invoker.AbstractInvoker.invoke(AbstractInvoker.java:96) ~[?:?]
	at org.apache.cxf.jaxrs.JAXRSInvoker.invoke(JAXRSInvoker.java:201) ~[?:?]
	at org.apache.cxf.jaxrs.JAXRSInvoker.invoke(JAXRSInvoker.java:104) ~[?:?]
	at org.apache.cxf.interceptor.ServiceInvokerInterceptor$1.run(ServiceInvokerInterceptor.java:59) ~[?:?]
	at org.apache.cxf.interceptor.ServiceInvokerInterceptor.handleMessage(ServiceInvokerInterceptor.java:96) ~[?:?]
	at org.apache.cxf.phase.PhaseInterceptorChain.doIntercept(PhaseInterceptorChain.java:308) ~[?:?]
	at org.apache.cxf.transport.ChainInitiationObserver.onMessage(ChainInitiationObserver.java:121) ~[?:?]
	at org.apache.cxf.transport.http.AbstractHTTPDestination.invoke(AbstractHTTPDestination.java:265) ~[?:?]
	at org.apache.cxf.transport.servlet.ServletController.invokeDestination(ServletController.java:234) ~[?:?]
	at org.apache.cxf.transport.servlet.ServletController.invoke(ServletController.java:208) ~[?:?]
	at org.apache.cxf.transport.servlet.ServletController.invoke(ServletController.java:160) ~[?:?]
	at org.apache.cxf.transport.servlet.CXFNonSpringServlet.invoke(CXFNonSpringServlet.java:225) ~[?:?]
	at org.apache.cxf.transport.servlet.AbstractHTTPServlet.handleRequest(AbstractHTTPServlet.java:304) ~[?:?]
	at org.apache.cxf.transport.servlet.AbstractHTTPServlet.doPost(AbstractHTTPServlet.java:217) ~[?:?]
	at javax.servlet.http.HttpServlet.service(HttpServlet.java:555) ~[servlet-api.jar:4.0.FR]
	at org.apache.cxf.transport.servlet.AbstractHTTPServlet.service(AbstractHTTPServlet.java:279) ~[?:?]
	at org.eclipse.equinox.http.servlet.internal.registration.EndpointRegistration.service(EndpointRegistration.java:147) ~[?:?]
	at org.eclipse.equinox.http.servlet.internal.servlet.FilterChainImpl.doFilter(FilterChainImpl.java:50) ~[?:?]
	at com.liferay.portal.security.auth.verifier.internal.tracker.AuthVerifierFilterTracker$RemoteAccessFilter.doFilter(AuthVerifierFilterTracker.java:213) ~[bundleFile:?]
	at org.eclipse.equinox.http.servlet.internal.registration.FilterRegistration.doFilter(FilterRegistration.java:120) ~[?:?]
	at org.eclipse.equinox.http.servlet.internal.servlet.FilterChainImpl.doFilter(FilterChainImpl.java:45) ~[?:?]
	at com.liferay.portal.security.auth.verifier.internal.tracker.AuthVerifierFilterTracker$AuditFilter.doFilter(AuthVerifierFilterTracker.java:182) ~[bundleFile:?]
	at org.eclipse.equinox.http.servlet.internal.registration.FilterRegistration.doFilter(FilterRegistration.java:120) ~[?:?]
	at org.eclipse.equinox.http.servlet.internal.servlet.FilterChainImpl.doFilter(FilterChainImpl.java:45) ~[?:?]
	at com.liferay.portal.kernel.servlet.BaseFilter.processFilter(BaseFilter.java:152) ~[portal-kernel.jar:?]
	at com.liferay.portal.servlet.filters.authverifier.AuthVerifierFilter.processFilter(AuthVerifierFilter.java:203) ~[portal-impl.jar:?]
	at com.liferay.portal.kernel.servlet.BaseFilter.doFilter(BaseFilter.java:42) [portal-kernel.jar:?]
	at org.eclipse.equinox.http.servlet.internal.registration.FilterRegistration.doFilter(FilterRegistration.java:120) [org.eclipse.equinox.http.servlet-1.2.2.v20211118-0920.LIFERAY-PATCHED-4.jar:?]
	at org.eclipse.equinox.http.servlet.internal.servlet.FilterChainImpl.doFilter(FilterChainImpl.java:45) [org.eclipse.equinox.http.servlet-1.2.2.v20211118-0920.LIFERAY-PATCHED-4.jar:?]
	at org.eclipse.equinox.http.servlet.internal.servlet.ResponseStateHandler.processRequest(ResponseStateHandler.java:71) [org.eclipse.equinox.http.servlet-1.2.2.v20211118-0920.LIFERAY-PATCHED-4.jar:?]
	at org.eclipse.equinox.http.servlet.internal.context.DispatchTargets.doDispatch(DispatchTargets.java:120) [org.eclipse.equinox.http.servlet-1.2.2.v20211118-0920.LIFERAY-PATCHED-4.jar:?]
	at com.liferay.portal.osgi.web.http.servlet.internal.servlet.HttpServletEndpointServlet.service(HttpServletEndpointServlet.java:64) [bundleFile:?]
	at javax.servlet.http.HttpServlet.service(HttpServlet.java:623) [servlet-api.jar:4.0.FR]
	at com.liferay.portal.module.framework.ModuleFrameworkServletAdapter.service(ModuleFrameworkServletAdapter.java:45) [portal-impl.jar:?]
	at javax.servlet.http.HttpServlet.service(HttpServlet.java:623) [servlet-api.jar:4.0.FR]
	at com.liferay.shielded.container.internal.proxy.ServletWrapper.service(ServletWrapper.java:103) [com.liferay.shielded.container.impl.jar:?]
	at org.apache.catalina.core.ApplicationFilterChain.internalDoFilter(ApplicationFilterChain.java:199) [catalina.jar:9.0.90]
	at org.apache.catalina.core.ApplicationFilterChain.doFilter(ApplicationFilterChain.java:144) [catalina.jar:9.0.90]
	at org.apache.tomcat.websocket.server.WsFilter.doFilter(WsFilter.java:51) [tomcat-websocket.jar:9.0.90]
	at org.apache.catalina.core.ApplicationFilterChain.internalDoFilter(ApplicationFilterChain.java:168) [catalina.jar:9.0.90]
	at org.apache.catalina.core.ApplicationFilterChain.doFilter(ApplicationFilterChain.java:144) [catalina.jar:9.0.90]
	at com.liferay.portal.kernel.servlet.filters.invoker.InvokerFilterChain.doFilter(InvokerFilterChain.java:117) [portal-kernel.jar:?]
	at com.liferay.portal.kernel.servlet.BaseFilter.processFilter(BaseFilter.java:152) [portal-kernel.jar:?]
	at com.liferay.change.tracking.internal.servlet.filter.CTCollectionPreviewFilter.processFilter(CTCollectionPreviewFilter.java:57) [bundleFile:?]
	at com.liferay.portal.kernel.servlet.BaseFilter.doFilter(BaseFilter.java:42) [portal-kernel.jar:?]
	at com.liferay.portal.kernel.servlet.filters.invoker.InvokerFilterChain.processDoFilter(InvokerFilterChain.java:204) [portal-kernel.jar:?]
	at com.liferay.portal.kernel.servlet.filters.invoker.InvokerFilterChain.doFilter(InvokerFilterChain.java:109) [portal-kernel.jar:?]
	at com.liferay.portal.remote.cors.internal.servlet.filter.PortalCORSServletFilter.processFilter(PortalCORSServletFilter.java:159) [bundleFile:?]
	at com.liferay.portal.kernel.servlet.BaseFilter.doFilter(BaseFilter.java:42) [portal-kernel.jar:?]
	at com.liferay.portal.kernel.servlet.filters.invoker.InvokerFilterChain.processDoFilter(InvokerFilterChain.java:204) [portal-kernel.jar:?]
	at com.liferay.portal.kernel.servlet.filters.invoker.InvokerFilterChain.doFilter(InvokerFilterChain.java:109) [portal-kernel.jar:?]
	at com.liferay.portal.remote.jaxrs.whiteboard.internal.servlet.filter.JAXRSActivationFilter.doFilter(JAXRSActivationFilter.java:73) [bundleFile:?]
	at com.liferay.portal.kernel.servlet.filters.invoker.InvokerFilterChain.processDoFilter(InvokerFilterChain.java:204) [portal-kernel.jar:?]
	at com.liferay.portal.kernel.servlet.filters.invoker.InvokerFilterChain.doFilter(InvokerFilterChain.java:109) [portal-kernel.jar:?]
	at com.liferay.portal.servlet.filters.password.modified.PasswordModifiedFilter.processFilter(PasswordModifiedFilter.java:47) [portal-impl.jar:?]
	at com.liferay.portal.kernel.servlet.BaseFilter.doFilter(BaseFilter.java:42) [portal-kernel.jar:?]
	at com.liferay.portal.kernel.servlet.filters.invoker.InvokerFilterChain.processDoFilter(InvokerFilterChain.java:204) [portal-kernel.jar:?]
	at com.liferay.portal.kernel.servlet.filters.invoker.InvokerFilterChain.doFilter(InvokerFilterChain.java:109) [portal-kernel.jar:?]
	at com.liferay.portal.servlet.filters.lockout.LockoutFilter.processFilter(LockoutFilter.java:49) [portal-impl.jar:?]
	at com.liferay.portal.kernel.servlet.BaseFilter.doFilter(BaseFilter.java:42) [portal-kernel.jar:?]
	at com.liferay.portal.kernel.servlet.filters.invoker.InvokerFilterChain.processDoFilter(InvokerFilterChain.java:204) [portal-kernel.jar:?]
	at com.liferay.portal.kernel.servlet.filters.invoker.InvokerFilterChain.doFilter(InvokerFilterChain.java:109) [portal-kernel.jar:?]
	at com.liferay.portal.kernel.servlet.BaseFilter.processFilter(BaseFilter.java:152) [portal-kernel.jar:?]
	at com.liferay.portal.servlet.filters.virtualhost.VirtualHostFilter.processFilter(VirtualHostFilter.java:243) [portal-impl.jar:?]
	at com.liferay.portal.kernel.servlet.BaseFilter.doFilter(BaseFilter.java:42) [portal-kernel.jar:?]
	at com.liferay.portal.kernel.servlet.filters.invoker.InvokerFilterChain.processDoFilter(InvokerFilterChain.java:204) [portal-kernel.jar:?]
	at com.liferay.portal.kernel.servlet.filters.invoker.InvokerFilterChain.doFilter(InvokerFilterChain.java:109) [portal-kernel.jar:?]
	at com.liferay.portal.kernel.servlet.filters.invoker.InvokerFilterChain.processDirectCallFilter(InvokerFilterChain.java:189) [portal-kernel.jar:?]
	at com.liferay.portal.kernel.servlet.filters.invoker.InvokerFilterChain.doFilter(InvokerFilterChain.java:92) [portal-kernel.jar:?]
	at com.liferay.portal.kernel.servlet.filters.invoker.InvokerFilterChain.processDirectCallFilter(InvokerFilterChain.java:189) [portal-kernel.jar:?]
	at com.liferay.portal.kernel.servlet.filters.invoker.InvokerFilterChain.doFilter(InvokerFilterChain.java:92) [portal-kernel.jar:?]
	at org.tuckey.web.filters.urlrewrite.RuleChain.handleRewrite(RuleChain.java:176) [urlrewritefilter-4.0.4.jar:4.0.4]
	at org.tuckey.web.filters.urlrewrite.RuleChain.doRules(RuleChain.java:145) [urlrewritefilter-4.0.4.jar:4.0.4]
	at org.tuckey.web.filters.urlrewrite.UrlRewriter.processRequest(UrlRewriter.java:92) [urlrewritefilter-4.0.4.jar:4.0.4]
	at org.tuckey.web.filters.urlrewrite.UrlRewriteFilter.doFilter(UrlRewriteFilter.java:389) [urlrewritefilter-4.0.4.jar:4.0.4]
	at com.liferay.portal.url.rewrite.filter.internal.URLRewriteFilter.processFilter(URLRewriteFilter.java:86) [bundleFile:?]
	at com.liferay.portal.kernel.servlet.BaseFilter.doFilter(BaseFilter.java:42) [portal-kernel.jar:?]
	at com.liferay.portal.kernel.servlet.filters.invoker.InvokerFilterChain.processDoFilter(InvokerFilterChain.java:204) [portal-kernel.jar:?]
	at com.liferay.portal.kernel.servlet.filters.invoker.InvokerFilterChain.doFilter(InvokerFilterChain.java:109) [portal-kernel.jar:?]
	at com.liferay.portal.kernel.servlet.filters.invoker.InvokerFilterChain.processDirectCallFilter(InvokerFilterChain.java:168) [portal-kernel.jar:?]
	at com.liferay.portal.kernel.servlet.filters.invoker.InvokerFilterChain.doFilter(InvokerFilterChain.java:92) [portal-kernel.jar:?]
	at com.liferay.portal.kernel.servlet.filters.invoker.InvokerFilterChain.processDirectCallFilter(InvokerFilterChain.java:189) [portal-kernel.jar:?]
	at com.liferay.portal.kernel.servlet.filters.invoker.InvokerFilterChain.doFilter(InvokerFilterChain.java:92) [portal-kernel.jar:?]
	at com.liferay.portal.kernel.servlet.filters.invoker.InvokerFilter.doFilter(InvokerFilter.java:109) [portal-kernel.jar:?]
	at com.liferay.shielded.container.internal.proxy.FilterWrapper.doFilter(FilterWrapper.java:69) [com.liferay.shielded.container.impl.jar:?]
	at org.apache.catalina.core.ApplicationFilterChain.internalDoFilter(ApplicationFilterChain.java:168) [catalina.jar:9.0.90]
	at org.apache.catalina.core.ApplicationFilterChain.doFilter(ApplicationFilterChain.java:144) [catalina.jar:9.0.90]
	at org.apache.catalina.core.StandardWrapperValve.invoke(StandardWrapperValve.java:168) [catalina.jar:9.0.90]
	at org.apache.catalina.core.StandardContextValve.invoke(StandardContextValve.java:90) [catalina.jar:9.0.90]
	at org.apache.catalina.authenticator.AuthenticatorBase.invoke(AuthenticatorBase.java:481) [catalina.jar:9.0.90]
	at org.apache.catalina.core.StandardHostValve.invoke(StandardHostValve.java:130) [catalina.jar:9.0.90]
	at org.apache.catalina.valves.ErrorReportValve.invoke(ErrorReportValve.java:93) [catalina.jar:9.0.90]
	at org.apache.catalina.core.StandardEngineValve.invoke(StandardEngineValve.java:74) [catalina.jar:9.0.90]
	at org.apache.catalina.connector.CoyoteAdapter.service(CoyoteAdapter.java:346) [catalina.jar:9.0.90]
	at org.apache.coyote.http11.Http11Processor.service(Http11Processor.java:388) [tomcat-coyote.jar:9.0.90]
	at org.apache.coyote.AbstractProcessorLight.process(AbstractProcessorLight.java:63) [tomcat-coyote.jar:9.0.90]
	at org.apache.coyote.AbstractProtocol$ConnectionHandler.process(AbstractProtocol.java:936) [tomcat-coyote.jar:9.0.90]
	at org.apache.tomcat.util.net.NioEndpoint$SocketProcessor.doRun(NioEndpoint.java:1791) [tomcat-coyote.jar:9.0.90]
	at org.apache.tomcat.util.net.SocketProcessorBase.run(SocketProcessorBase.java:52) [tomcat-coyote.jar:9.0.90]
	at org.apache.tomcat.util.threads.ThreadPoolExecutor.runWorker(ThreadPoolExecutor.java:1190) [tomcat-util.jar:9.0.90]
	at org.apache.tomcat.util.threads.ThreadPoolExecutor$Worker.run(ThreadPoolExecutor.java:659) [tomcat-util.jar:9.0.90]
	at org.apache.tomcat.util.threads.TaskThread$WrappingRunnable.run(TaskThread.java:63) [tomcat-util.jar:9.0.90]
	at java.lang.Thread.run(Thread.java:829) [?:?]
